[0.364s] DEBUG:colcon:Command line arguments: ['/usr/bin/colcon', 'build']
[0.365s] DEBUG:colcon:Parsed command line arguments: Namespace(log_base=None, log_level=None, verb_name='build', build_base='build', install_base='install', merge_install=False, symlink_install=False, test_result_base=None, continue_on_error=False, executor='parallel', parallel_workers=4, event_handlers=None, ignore_user_meta=False, metas=['./colcon.meta'], base_paths=['.'], packages_ignore=None, packages_ignore_regex=None, paths=None, packages_up_to=None, packages_up_to_regex=None, packages_above=None, packages_above_and_dependencies=None, packages_above_depth=None, packages_select_by_dep=None, packages_skip_by_dep=None, packages_skip_up_to=None, packages_select_build_failed=False, packages_skip_build_finished=False, packages_select_test_failures=False, packages_skip_test_passed=False, packages_select=None, packages_skip=None, packages_select_regex=None, packages_skip_regex=None, packages_start=None, packages_end=None, allow_overriding=[], cmake_args=None, cmake_target=None, cmake_target_skip_unavailable=False, cmake_clean_cache=False, cmake_clean_first=False, cmake_force_configure=False, ament_cmake_args=None, catkin_cmake_args=None, catkin_skip_building_tests=False, verb_parser=<colcon_defaults.argument_parser.defaults.DefaultArgumentsDecorator object at 0x7fd5e57d84f0>, verb_extension=<colcon_core.verb.build.BuildVerb object at 0x7fd5e579bfd0>, main=<bound method BuildVerb.main of <colcon_core.verb.build.BuildVerb object at 0x7fd5e579bfd0>>)
[0.390s] Level 1:colcon.colcon_core.package_discovery:discover_packages(colcon_meta) check parameters
[0.390s] Level 1:colcon.colcon_core.package_discovery:discover_packages(recursive) check parameters
[0.390s] Level 1:colcon.colcon_core.package_discovery:discover_packages(ignore) check parameters
[0.390s] Level 1:colcon.colcon_core.package_discovery:discover_packages(path) check parameters
[0.390s] Level 1:colcon.colcon_core.package_discovery:discover_packages(colcon_meta) discover
[0.390s] Level 1:colcon.colcon_core.package_discovery:discover_packages(recursive) discover
[0.390s] INFO:colcon.colcon_core.package_discovery:Crawling recursively for packages in '/home/hubot/Documents/Github/RobotArmV1'
[0.390s] Level 1:colcon.colcon_core.package_identification:_identify(.) by extensions ['ignore', 'ignore_ament_install']
[0.390s] Level 1:colcon.colcon_core.package_identification:_identify(.) by extension 'ignore'
[0.390s] Level 1:colcon.colcon_core.package_identification:_identify(.) by extension 'ignore_ament_install'
[0.390s] Level 1:colcon.colcon_core.package_identification:_identify(.) by extensions ['colcon_pkg']
[0.390s] Level 1:colcon.colcon_core.package_identification:_identify(.) by extension 'colcon_pkg'
[0.390s] Level 1:colcon.colcon_core.package_identification:_identify(.) by extensions ['colcon_meta']
[0.390s] Level 1:colcon.colcon_core.package_identification:_identify(.) by extension 'colcon_meta'
[0.391s] Level 1:colcon.colcon_core.package_identification:_identify(.) by extensions ['ros']
[0.391s] Level 1:colcon.colcon_core.package_identification:_identify(.) by extension 'ros'
[0.402s] Level 1:colcon.colcon_core.package_identification:_identify(.) by extensions ['cmake', 'python']
[0.402s] Level 1:colcon.colcon_core.package_identification:_identify(.) by extension 'cmake'
[0.402s] Level 1:colcon.colcon_core.package_identification:_identify(.) by extension 'python'
[0.402s] Level 1:colcon.colcon_core.package_identification:_identify(.) by extensions ['python_setup_py']
[0.402s] Level 1:colcon.colcon_core.package_identification:_identify(.) by extension 'python_setup_py'
[0.402s] Level 1:colcon.colcon_core.package_identification:_identify(build) by extensions ['ignore', 'ignore_ament_install']
[0.403s] Level 1:colcon.colcon_core.package_identification:_identify(build) by extension 'ignore'
[0.403s] Level 1:colcon.colcon_core.package_identification:_identify(build) ignored
[0.403s] Level 1:colcon.colcon_core.package_identification:_identify(install) by extensions ['ignore', 'ignore_ament_install']
[0.403s] Level 1:colcon.colcon_core.package_identification:_identify(install) by extension 'ignore'
[0.403s] Level 1:colcon.colcon_core.package_identification:_identify(install) ignored
[0.403s] Level 1:colcon.colcon_core.package_identification:_identify(log) by extensions ['ignore', 'ignore_ament_install']
[0.403s] Level 1:colcon.colcon_core.package_identification:_identify(log) by extension 'ignore'
[0.403s] Level 1:colcon.colcon_core.package_identification:_identify(log) ignored
[0.403s] Level 1:colcon.colcon_core.package_identification:_identify(src) by extensions ['ignore', 'ignore_ament_install']
[0.403s] Level 1:colcon.colcon_core.package_identification:_identify(src) by extension 'ignore'
[0.404s] Level 1:colcon.colcon_core.package_identification:_identify(src) by extension 'ignore_ament_install'
[0.404s] Level 1:colcon.colcon_core.package_identification:_identify(src) by extensions ['colcon_pkg']
[0.404s] Level 1:colcon.colcon_core.package_identification:_identify(src) by extension 'colcon_pkg'
[0.404s] Level 1:colcon.colcon_core.package_identification:_identify(src) by extensions ['colcon_meta']
[0.404s] Level 1:colcon.colcon_core.package_identification:_identify(src) by extension 'colcon_meta'
[0.404s] Level 1:colcon.colcon_core.package_identification:_identify(src) by extensions ['ros']
[0.404s] Level 1:colcon.colcon_core.package_identification:_identify(src) by extension 'ros'
[0.404s] Level 1:colcon.colcon_core.package_identification:_identify(src) by extensions ['cmake', 'python']
[0.404s] Level 1:colcon.colcon_core.package_identification:_identify(src) by extension 'cmake'
[0.404s] Level 1:colcon.colcon_core.package_identification:_identify(src) by extension 'python'
[0.404s] Level 1:colcon.colcon_core.package_identification:_identify(src) by extensions ['python_setup_py']
[0.404s] Level 1:colcon.colcon_core.package_identification:_identify(src) by extension 'python_setup_py'
[0.404s] Level 1:colcon.colcon_core.package_identification:_identify(src/build) by extensions ['ignore', 'ignore_ament_install']
[0.404s] Level 1:colcon.colcon_core.package_identification:_identify(src/build) by extension 'ignore'
[0.404s] Level 1:colcon.colcon_core.package_identification:_identify(src/build) ignored
[0.404s] Level 1:colcon.colcon_core.package_identification:_identify(src/install) by extensions ['ignore', 'ignore_ament_install']
[0.405s] Level 1:colcon.colcon_core.package_identification:_identify(src/install) by extension 'ignore'
[0.405s] Level 1:colcon.colcon_core.package_identification:_identify(src/install) ignored
[0.405s] Level 1:colcon.colcon_core.package_identification:_identify(src/log) by extensions ['ignore', 'ignore_ament_install']
[0.405s] Level 1:colcon.colcon_core.package_identification:_identify(src/log) by extension 'ignore'
[0.405s] Level 1:colcon.colcon_core.package_identification:_identify(src/log) ignored
[0.405s] Level 1:colcon.colcon_core.package_identification:_identify(src/robot_controller) by extensions ['ignore', 'ignore_ament_install']
[0.405s] Level 1:colcon.colcon_core.package_identification:_identify(src/robot_controller) by extension 'ignore'
[0.405s] Level 1:colcon.colcon_core.package_identification:_identify(src/robot_controller) by extension 'ignore_ament_install'
[0.405s] Level 1:colcon.colcon_core.package_identification:_identify(src/robot_controller) by extensions ['colcon_pkg']
[0.405s] Level 1:colcon.colcon_core.package_identification:_identify(src/robot_controller) by extension 'colcon_pkg'
[0.405s] Level 1:colcon.colcon_core.package_identification:_identify(src/robot_controller) by extensions ['colcon_meta']
[0.405s] Level 1:colcon.colcon_core.package_identification:_identify(src/robot_controller) by extension 'colcon_meta'
[0.405s] Level 1:colcon.colcon_core.package_identification:_identify(src/robot_controller) by extensions ['ros']
[0.405s] Level 1:colcon.colcon_core.package_identification:_identify(src/robot_controller) by extension 'ros'
[0.408s] DEBUG:colcon.colcon_core.package_identification:Package 'src/robot_controller' with type 'ros.ament_python' and name 'robot_controller'
[0.408s] Level 1:colcon.colcon_core.package_identification:_identify(src/robot_messages) by extensions ['ignore', 'ignore_ament_install']
[0.408s] Level 1:colcon.colcon_core.package_identification:_identify(src/robot_messages) by extension 'ignore'
[0.408s] Level 1:colcon.colcon_core.package_identification:_identify(src/robot_messages) by extension 'ignore_ament_install'
[0.408s] Level 1:colcon.colcon_core.package_identification:_identify(src/robot_messages) by extensions ['colcon_pkg']
[0.408s] Level 1:colcon.colcon_core.package_identification:_identify(src/robot_messages) by extension 'colcon_pkg'
[0.409s] Level 1:colcon.colcon_core.package_identification:_identify(src/robot_messages) by extensions ['colcon_meta']
[0.409s] Level 1:colcon.colcon_core.package_identification:_identify(src/robot_messages) by extension 'colcon_meta'
[0.409s] Level 1:colcon.colcon_core.package_identification:_identify(src/robot_messages) by extensions ['ros']
[0.409s] Level 1:colcon.colcon_core.package_identification:_identify(src/robot_messages) by extension 'ros'
[0.410s] DEBUG:colcon.colcon_core.package_identification:Package 'src/robot_messages' with type 'ros.ament_cmake' and name 'robot_messages'
[0.410s] Level 1:colcon.colcon_core.package_discovery:discover_packages(recursive) using defaults
[0.410s] Level 1:colcon.colcon_core.package_discovery:discover_packages(ignore) discover
[0.410s] Level 1:colcon.colcon_core.package_discovery:discover_packages(ignore) using defaults
[0.411s] Level 1:colcon.colcon_core.package_discovery:discover_packages(path) discover
[0.411s] Level 1:colcon.colcon_core.package_discovery:discover_packages(path) using defaults
[0.435s] Level 1:colcon.colcon_core.package_discovery:discover_packages(prefix_path) check parameters
[0.436s] Level 1:colcon.colcon_core.package_discovery:discover_packages(prefix_path) discover
[0.438s] DEBUG:colcon.colcon_installed_package_information.package_discovery:Found 2 installed packages in /home/hubot/Documents/Github/RobotArmV1/install
[0.439s] DEBUG:colcon.colcon_installed_package_information.package_discovery:Found 2 installed packages in /home/hubot/Documents/Github/RobotArmV1/src/install
[0.442s] DEBUG:colcon.colcon_installed_package_information.package_discovery:Found 284 installed packages in /opt/ros/humble
[0.444s] Level 1:colcon.colcon_core.package_discovery:discover_packages(prefix_path) using defaults
[0.519s] Level 5:colcon.colcon_core.verb:set package 'robot_controller' build argument 'cmake_args' from command line to 'None'
[0.519s] Level 5:colcon.colcon_core.verb:set package 'robot_controller' build argument 'cmake_target' from command line to 'None'
[0.519s] Level 5:colcon.colcon_core.verb:set package 'robot_controller' build argument 'cmake_target_skip_unavailable' from command line to 'False'
[0.520s] Level 5:colcon.colcon_core.verb:set package 'robot_controller' build argument 'cmake_clean_cache' from command line to 'False'
[0.520s] Level 5:colcon.colcon_core.verb:set package 'robot_controller' build argument 'cmake_clean_first' from command line to 'False'
[0.520s] Level 5:colcon.colcon_core.verb:set package 'robot_controller' build argument 'cmake_force_configure' from command line to 'False'
[0.520s] Level 5:colcon.colcon_core.verb:set package 'robot_controller' build argument 'ament_cmake_args' from command line to 'None'
[0.520s] Level 5:colcon.colcon_core.verb:set package 'robot_controller' build argument 'catkin_cmake_args' from command line to 'None'
[0.520s] Level 5:colcon.colcon_core.verb:set package 'robot_controller' build argument 'catkin_skip_building_tests' from command line to 'False'
[0.520s] DEBUG:colcon.colcon_core.verb:Building package 'robot_controller' with the following arguments: {'ament_cmake_args': None, 'build_base': '/home/hubot/Documents/Github/RobotArmV1/build/robot_controller', 'catkin_cmake_args': None, 'catkin_skip_building_tests': False, 'cmake_args': None, 'cmake_clean_cache': False, 'cmake_clean_first': False, 'cmake_force_configure': False, 'cmake_target': None, 'cmake_target_skip_unavailable': False, 'install_base': '/home/hubot/Documents/Github/RobotArmV1/install/robot_controller', 'merge_install': False, 'path': '/home/hubot/Documents/Github/RobotArmV1/src/robot_controller', 'symlink_install': False, 'test_result_base': None}
[0.521s] Level 5:colcon.colcon_core.verb:set package 'robot_messages' build argument 'cmake_args' from command line to 'None'
[0.521s] Level 5:colcon.colcon_core.verb:set package 'robot_messages' build argument 'cmake_target' from command line to 'None'
[0.521s] Level 5:colcon.colcon_core.verb:set package 'robot_messages' build argument 'cmake_target_skip_unavailable' from command line to 'False'
[0.521s] Level 5:colcon.colcon_core.verb:set package 'robot_messages' build argument 'cmake_clean_cache' from command line to 'False'
[0.521s] Level 5:colcon.colcon_core.verb:set package 'robot_messages' build argument 'cmake_clean_first' from command line to 'False'
[0.521s] Level 5:colcon.colcon_core.verb:set package 'robot_messages' build argument 'cmake_force_configure' from command line to 'False'
[0.521s] Level 5:colcon.colcon_core.verb:set package 'robot_messages' build argument 'ament_cmake_args' from command line to 'None'
[0.521s] Level 5:colcon.colcon_core.verb:set package 'robot_messages' build argument 'catkin_cmake_args' from command line to 'None'
[0.521s] Level 5:colcon.colcon_core.verb:set package 'robot_messages' build argument 'catkin_skip_building_tests' from command line to 'False'
[0.521s] DEBUG:colcon.colcon_core.verb:Building package 'robot_messages' with the following arguments: {'ament_cmake_args': None, 'build_base': '/home/hubot/Documents/Github/RobotArmV1/build/robot_messages', 'catkin_cmake_args': None, 'catkin_skip_building_tests': False, 'cmake_args': None, 'cmake_clean_cache': False, 'cmake_clean_first': False, 'cmake_force_configure': False, 'cmake_target': None, 'cmake_target_skip_unavailable': False, 'install_base': '/home/hubot/Documents/Github/RobotArmV1/install/robot_messages', 'merge_install': False, 'path': '/home/hubot/Documents/Github/RobotArmV1/src/robot_messages', 'symlink_install': False, 'test_result_base': None}
[0.522s] INFO:colcon.colcon_core.executor:Executing jobs using 'parallel' executor
[0.525s] DEBUG:colcon.colcon_parallel_executor.executor.parallel:run_until_complete
[0.526s] INFO:colcon.colcon_ros.task.ament_python.build:Building ROS package in '/home/hubot/Documents/Github/RobotArmV1/src/robot_controller' with build type 'ament_python'
[0.526s] Level 1:colcon.colcon_core.shell:create_environment_hook('robot_controller', 'ament_prefix_path')
[0.531s] INFO:colcon.colcon_core.plugin_system:Skipping extension 'colcon_core.shell.bat': Not used on non-Windows systems
[0.531s] INFO:colcon.colcon_core.shell:Creating environment hook '/home/hubot/Documents/Github/RobotArmV1/install/robot_controller/share/robot_controller/hook/ament_prefix_path.ps1'
[0.532s] INFO:colcon.colcon_core.shell:Creating environment descriptor '/home/hubot/Documents/Github/RobotArmV1/install/robot_controller/share/robot_controller/hook/ament_prefix_path.dsv'
[0.532s] INFO:colcon.colcon_core.shell:Creating environment hook '/home/hubot/Documents/Github/RobotArmV1/install/robot_controller/share/robot_controller/hook/ament_prefix_path.sh'
[0.535s] INFO:colcon.colcon_core.shell:Skip shell extension 'powershell' for command environment: Not usable outside of PowerShell
[0.535s] DEBUG:colcon.colcon_core.shell:Skip shell extension 'dsv' for command environment
[0.541s] INFO:colcon.colcon_ros.task.ament_cmake.build:Building ROS package in '/home/hubot/Documents/Github/RobotArmV1/src/robot_messages' with build type 'ament_cmake'
[0.541s] INFO:colcon.colcon_cmake.task.cmake.build:Building CMake package in '/home/hubot/Documents/Github/RobotArmV1/src/robot_messages'
[0.542s] INFO:colcon.colcon_core.shell:Skip shell extension 'powershell' for command environment: Not usable outside of PowerShell
[0.543s] DEBUG:colcon.colcon_core.shell:Skip shell extension 'dsv' for command environment
[0.884s] INFO:colcon.colcon_core.task.python.build:Building Python package in '/home/hubot/Documents/Github/RobotArmV1/src/robot_controller'
[0.885s] INFO:colcon.colcon_core.shell:Skip shell extension 'powershell' for command environment: Not usable outside of PowerShell
[0.886s] DEBUG:colcon.colcon_core.shell:Skip shell extension 'dsv' for command environment
[0.897s] DEBUG:colcon.colcon_core.event_handler.log_command:Invoking command in '/home/hubot/Documents/Github/RobotArmV1/build/robot_messages': CMAKE_PREFIX_PATH=${CMAKE_PREFIX_PATH}:/home/hubot/Documents/Github/RobotArmV1/install/robot_controller:/home/hubot/Documents/Github/RobotArmV1/src/install/robot_controller:/opt/ros/humble /usr/bin/cmake --build /home/hubot/Documents/Github/RobotArmV1/build/robot_messages -- -j4 -l4
[1.618s] DEBUG:colcon.colcon_core.event_handler.log_command:Invoking command in '/home/hubot/Documents/Github/RobotArmV1/build/robot_controller': PYTHONPATH=/home/hubot/Documents/Github/RobotArmV1/build/robot_controller/prefix_override:/home/hubot/Documents/Github/RobotArmV1/install/robot_controller/lib/python3.10/site-packages:${PYTHONPATH} /usr/bin/python3 setup.py develop --uninstall --editable --build-directory /home/hubot/Documents/Github/RobotArmV1/build/robot_controller/build
[1.658s] DEBUG:colcon.colcon_core.event_handler.log_command:Invoked command in '/home/hubot/Documents/Github/RobotArmV1/build/robot_messages' returned '0': CMAKE_PREFIX_PATH=${CMAKE_PREFIX_PATH}:/home/hubot/Documents/Github/RobotArmV1/install/robot_controller:/home/hubot/Documents/Github/RobotArmV1/src/install/robot_controller:/opt/ros/humble /usr/bin/cmake --build /home/hubot/Documents/Github/RobotArmV1/build/robot_messages -- -j4 -l4
[1.769s] DEBUG:colcon.colcon_core.event_handler.log_command:Invoking command in '/home/hubot/Documents/Github/RobotArmV1/build/robot_messages': CMAKE_PREFIX_PATH=${CMAKE_PREFIX_PATH}:/home/hubot/Documents/Github/RobotArmV1/install/robot_controller:/home/hubot/Documents/Github/RobotArmV1/src/install/robot_controller:/opt/ros/humble /usr/bin/cmake --install /home/hubot/Documents/Github/RobotArmV1/build/robot_messages
[1.866s] Level 1:colcon.colcon_core.environment:create_environment_scripts_only(robot_messages)
[1.878s] DEBUG:colcon.colcon_core.event_handler.log_command:Invoked command in '/home/hubot/Documents/Github/RobotArmV1/build/robot_messages' returned '0': CMAKE_PREFIX_PATH=${CMAKE_PREFIX_PATH}:/home/hubot/Documents/Github/RobotArmV1/install/robot_controller:/home/hubot/Documents/Github/RobotArmV1/src/install/robot_controller:/opt/ros/humble /usr/bin/cmake --install /home/hubot/Documents/Github/RobotArmV1/build/robot_messages
[1.881s] Level 1:colcon.colcon_core.environment:checking '/home/hubot/Documents/Github/RobotArmV1/install/robot_messages' for CMake module files
[1.883s] Level 1:colcon.colcon_core.environment:checking '/home/hubot/Documents/Github/RobotArmV1/install/robot_messages' for CMake config files
[1.884s] Level 1:colcon.colcon_core.shell:create_environment_hook('robot_messages', 'cmake_prefix_path')
[1.886s] INFO:colcon.colcon_core.shell:Creating environment hook '/home/hubot/Documents/Github/RobotArmV1/install/robot_messages/share/robot_messages/hook/cmake_prefix_path.ps1'
[1.887s] INFO:colcon.colcon_core.shell:Creating environment descriptor '/home/hubot/Documents/Github/RobotArmV1/install/robot_messages/share/robot_messages/hook/cmake_prefix_path.dsv'
[1.888s] INFO:colcon.colcon_core.shell:Creating environment hook '/home/hubot/Documents/Github/RobotArmV1/install/robot_messages/share/robot_messages/hook/cmake_prefix_path.sh'
[1.889s] Level 1:colcon.colcon_core.environment:checking '/home/hubot/Documents/Github/RobotArmV1/install/robot_messages/lib'
[1.889s] Level 1:colcon.colcon_core.shell:create_environment_hook('robot_messages', 'ld_library_path_lib')
[1.891s] INFO:colcon.colcon_core.shell:Creating environment hook '/home/hubot/Documents/Github/RobotArmV1/install/robot_messages/share/robot_messages/hook/ld_library_path_lib.ps1'
[1.892s] INFO:colcon.colcon_core.shell:Creating environment descriptor '/home/hubot/Documents/Github/RobotArmV1/install/robot_messages/share/robot_messages/hook/ld_library_path_lib.dsv'
[1.893s] INFO:colcon.colcon_core.shell:Creating environment hook '/home/hubot/Documents/Github/RobotArmV1/install/robot_messages/share/robot_messages/hook/ld_library_path_lib.sh'
[1.893s] Level 1:colcon.colcon_core.environment:checking '/home/hubot/Documents/Github/RobotArmV1/install/robot_messages/bin'
[1.893s] Level 1:colcon.colcon_core.environment:checking '/home/hubot/Documents/Github/RobotArmV1/install/robot_messages/lib/pkgconfig/robot_messages.pc'
[1.894s] Level 1:colcon.colcon_core.environment:checking '/home/hubot/Documents/Github/RobotArmV1/install/robot_messages/lib/python3.10/site-packages'
[1.894s] Level 1:colcon.colcon_core.environment:checking '/home/hubot/Documents/Github/RobotArmV1/install/robot_messages/bin'
[1.897s] INFO:colcon.colcon_core.shell:Creating package script '/home/hubot/Documents/Github/RobotArmV1/install/robot_messages/share/robot_messages/package.ps1'
[1.899s] INFO:colcon.colcon_core.shell:Creating package descriptor '/home/hubot/Documents/Github/RobotArmV1/install/robot_messages/share/robot_messages/package.dsv'
[1.900s] INFO:colcon.colcon_core.shell:Creating package script '/home/hubot/Documents/Github/RobotArmV1/install/robot_messages/share/robot_messages/package.sh'
[1.901s] INFO:colcon.colcon_core.shell:Creating package script '/home/hubot/Documents/Github/RobotArmV1/install/robot_messages/share/robot_messages/package.bash'
[1.902s] INFO:colcon.colcon_core.shell:Creating package script '/home/hubot/Documents/Github/RobotArmV1/install/robot_messages/share/robot_messages/package.zsh'
[1.904s] Level 1:colcon.colcon_core.environment:create_file_with_runtime_dependencies(/home/hubot/Documents/Github/RobotArmV1/install/robot_messages/share/colcon-core/packages/robot_messages)
[2.001s] Level 1:colcon.colcon_core.environment:create_environment_scripts_only(robot_messages)
[2.005s] Level 1:colcon.colcon_core.environment:checking '/home/hubot/Documents/Github/RobotArmV1/install/robot_messages' for CMake module files
[2.006s] Level 1:colcon.colcon_core.environment:checking '/home/hubot/Documents/Github/RobotArmV1/install/robot_messages' for CMake config files
[2.007s] Level 1:colcon.colcon_core.shell:create_environment_hook('robot_messages', 'cmake_prefix_path')
[2.010s] INFO:colcon.colcon_core.shell:Creating environment hook '/home/hubot/Documents/Github/RobotArmV1/install/robot_messages/share/robot_messages/hook/cmake_prefix_path.ps1'
[2.010s] INFO:colcon.colcon_core.shell:Creating environment descriptor '/home/hubot/Documents/Github/RobotArmV1/install/robot_messages/share/robot_messages/hook/cmake_prefix_path.dsv'
[2.011s] INFO:colcon.colcon_core.shell:Creating environment hook '/home/hubot/Documents/Github/RobotArmV1/install/robot_messages/share/robot_messages/hook/cmake_prefix_path.sh'
[2.012s] Level 1:colcon.colcon_core.environment:checking '/home/hubot/Documents/Github/RobotArmV1/install/robot_messages/lib'
[2.012s] Level 1:colcon.colcon_core.shell:create_environment_hook('robot_messages', 'ld_library_path_lib')
[2.015s] INFO:colcon.colcon_core.shell:Creating environment hook '/home/hubot/Documents/Github/RobotArmV1/install/robot_messages/share/robot_messages/hook/ld_library_path_lib.ps1'
[2.015s] INFO:colcon.colcon_core.shell:Creating environment descriptor '/home/hubot/Documents/Github/RobotArmV1/install/robot_messages/share/robot_messages/hook/ld_library_path_lib.dsv'
[2.016s] INFO:colcon.colcon_core.shell:Creating environment hook '/home/hubot/Documents/Github/RobotArmV1/install/robot_messages/share/robot_messages/hook/ld_library_path_lib.sh'
[2.016s] Level 1:colcon.colcon_core.environment:checking '/home/hubot/Documents/Github/RobotArmV1/install/robot_messages/bin'
[2.017s] Level 1:colcon.colcon_core.environment:checking '/home/hubot/Documents/Github/RobotArmV1/install/robot_messages/lib/pkgconfig/robot_messages.pc'
[2.017s] Level 1:colcon.colcon_core.environment:checking '/home/hubot/Documents/Github/RobotArmV1/install/robot_messages/lib/python3.10/site-packages'
[2.018s] Level 1:colcon.colcon_core.environment:checking '/home/hubot/Documents/Github/RobotArmV1/install/robot_messages/bin'
[2.020s] INFO:colcon.colcon_core.shell:Creating package script '/home/hubot/Documents/Github/RobotArmV1/install/robot_messages/share/robot_messages/package.ps1'
[2.021s] INFO:colcon.colcon_core.shell:Creating package descriptor '/home/hubot/Documents/Github/RobotArmV1/install/robot_messages/share/robot_messages/package.dsv'
[2.022s] INFO:colcon.colcon_core.shell:Creating package script '/home/hubot/Documents/Github/RobotArmV1/install/robot_messages/share/robot_messages/package.sh'
[2.023s] INFO:colcon.colcon_core.shell:Creating package script '/home/hubot/Documents/Github/RobotArmV1/install/robot_messages/share/robot_messages/package.bash'
[2.024s] INFO:colcon.colcon_core.shell:Creating package script '/home/hubot/Documents/Github/RobotArmV1/install/robot_messages/share/robot_messages/package.zsh'
[2.024s] Level 1:colcon.colcon_core.environment:create_file_with_runtime_dependencies(/home/hubot/Documents/Github/RobotArmV1/install/robot_messages/share/colcon-core/packages/robot_messages)
[2.289s] DEBUG:colcon.colcon_core.event_handler.log_command:Invoked command in '/home/hubot/Documents/Github/RobotArmV1/build/robot_controller' returned '0': PYTHONPATH=/home/hubot/Documents/Github/RobotArmV1/build/robot_controller/prefix_override:/home/hubot/Documents/Github/RobotArmV1/install/robot_controller/lib/python3.10/site-packages:${PYTHONPATH} /usr/bin/python3 setup.py develop --uninstall --editable --build-directory /home/hubot/Documents/Github/RobotArmV1/build/robot_controller/build
[2.290s] DEBUG:colcon.colcon_core.event_handler.log_command:Invoking command in '/home/hubot/Documents/Github/RobotArmV1/src/robot_controller': PYTHONPATH=/home/hubot/Documents/Github/RobotArmV1/build/robot_controller/prefix_override:/home/hubot/Documents/Github/RobotArmV1/install/robot_controller/lib/python3.10/site-packages:${PYTHONPATH} /usr/bin/python3 setup.py egg_info --egg-base ../../build/robot_controller build --build-base /home/hubot/Documents/Github/RobotArmV1/build/robot_controller/build install --record /home/hubot/Documents/Github/RobotArmV1/build/robot_controller/install.log --single-version-externally-managed
[2.648s] Level 1:colcon.colcon_core.environment:checking '/home/hubot/Documents/Github/RobotArmV1/install/robot_controller' for CMake module files
[2.649s] DEBUG:colcon.colcon_core.event_handler.log_command:Invoked command in '/home/hubot/Documents/Github/RobotArmV1/src/robot_controller' returned '0': PYTHONPATH=/home/hubot/Documents/Github/RobotArmV1/build/robot_controller/prefix_override:/home/hubot/Documents/Github/RobotArmV1/install/robot_controller/lib/python3.10/site-packages:${PYTHONPATH} /usr/bin/python3 setup.py egg_info --egg-base ../../build/robot_controller build --build-base /home/hubot/Documents/Github/RobotArmV1/build/robot_controller/build install --record /home/hubot/Documents/Github/RobotArmV1/build/robot_controller/install.log --single-version-externally-managed
[2.649s] Level 1:colcon.colcon_core.environment:checking '/home/hubot/Documents/Github/RobotArmV1/install/robot_controller' for CMake config files
[2.649s] Level 1:colcon.colcon_core.environment:checking '/home/hubot/Documents/Github/RobotArmV1/install/robot_controller/lib'
[2.650s] Level 1:colcon.colcon_core.environment:checking '/home/hubot/Documents/Github/RobotArmV1/install/robot_controller/bin'
[2.650s] Level 1:colcon.colcon_core.environment:checking '/home/hubot/Documents/Github/RobotArmV1/install/robot_controller/lib/pkgconfig/robot_controller.pc'
[2.650s] Level 1:colcon.colcon_core.environment:checking '/home/hubot/Documents/Github/RobotArmV1/install/robot_controller/lib/python3.10/site-packages'
[2.650s] Level 1:colcon.colcon_core.shell:create_environment_hook('robot_controller', 'pythonpath')
[2.651s] INFO:colcon.colcon_core.shell:Creating environment hook '/home/hubot/Documents/Github/RobotArmV1/install/robot_controller/share/robot_controller/hook/pythonpath.ps1'
[2.652s] INFO:colcon.colcon_core.shell:Creating environment descriptor '/home/hubot/Documents/Github/RobotArmV1/install/robot_controller/share/robot_controller/hook/pythonpath.dsv'
[2.652s] INFO:colcon.colcon_core.shell:Creating environment hook '/home/hubot/Documents/Github/RobotArmV1/install/robot_controller/share/robot_controller/hook/pythonpath.sh'
[2.653s] Level 1:colcon.colcon_core.environment:checking '/home/hubot/Documents/Github/RobotArmV1/install/robot_controller/bin'
[2.653s] Level 1:colcon.colcon_core.environment:create_environment_scripts_only(robot_controller)
[2.654s] INFO:colcon.colcon_core.shell:Creating package script '/home/hubot/Documents/Github/RobotArmV1/install/robot_controller/share/robot_controller/package.ps1'
[2.655s] INFO:colcon.colcon_core.shell:Creating package descriptor '/home/hubot/Documents/Github/RobotArmV1/install/robot_controller/share/robot_controller/package.dsv'
[2.655s] INFO:colcon.colcon_core.shell:Creating package script '/home/hubot/Documents/Github/RobotArmV1/install/robot_controller/share/robot_controller/package.sh'
[2.656s] INFO:colcon.colcon_core.shell:Creating package script '/home/hubot/Documents/Github/RobotArmV1/install/robot_controller/share/robot_controller/package.bash'
[2.656s] INFO:colcon.colcon_core.shell:Creating package script '/home/hubot/Documents/Github/RobotArmV1/install/robot_controller/share/robot_controller/package.zsh'
[2.656s] Level 1:colcon.colcon_core.environment:create_file_with_runtime_dependencies(/home/hubot/Documents/Github/RobotArmV1/install/robot_controller/share/colcon-core/packages/robot_controller)
[2.657s] DEBUG:colcon.colcon_parallel_executor.executor.parallel:closing loop
[2.657s] DEBUG:colcon.colcon_parallel_executor.executor.parallel:loop closed
[2.657s] DEBUG:colcon.colcon_parallel_executor.executor.parallel:run_until_complete finished with '0'
[2.658s] DEBUG:colcon.colcon_core.event_reactor:joining thread
[2.667s] INFO:colcon.colcon_core.plugin_system:Skipping extension 'colcon_notification.desktop_notification.terminal_notifier': Not used on non-Darwin systems
[2.667s] INFO:colcon.colcon_core.plugin_system:Skipping extension 'colcon_notification.desktop_notification.win32': Not used on non-Windows systems
[2.667s] INFO:colcon.colcon_notification.desktop_notification:Sending desktop notification using 'notify2'
[2.681s] DEBUG:colcon.colcon_core.event_reactor:joined thread
[2.683s] INFO:colcon.colcon_core.shell:Creating prefix script '/home/hubot/Documents/Github/RobotArmV1/install/local_setup.ps1'
[2.685s] INFO:colcon.colcon_core.shell:Creating prefix util module '/home/hubot/Documents/Github/RobotArmV1/install/_local_setup_util_ps1.py'
[2.688s] INFO:colcon.colcon_core.shell:Creating prefix chain script '/home/hubot/Documents/Github/RobotArmV1/install/setup.ps1'
[2.690s] INFO:colcon.colcon_core.shell:Creating prefix script '/home/hubot/Documents/Github/RobotArmV1/install/local_setup.sh'
[2.691s] INFO:colcon.colcon_core.shell:Creating prefix util module '/home/hubot/Documents/Github/RobotArmV1/install/_local_setup_util_sh.py'
[2.692s] INFO:colcon.colcon_core.shell:Creating prefix chain script '/home/hubot/Documents/Github/RobotArmV1/install/setup.sh'
[2.695s] INFO:colcon.colcon_core.shell:Creating prefix script '/home/hubot/Documents/Github/RobotArmV1/install/local_setup.bash'
[2.696s] INFO:colcon.colcon_core.shell:Creating prefix chain script '/home/hubot/Documents/Github/RobotArmV1/install/setup.bash'
[2.700s] INFO:colcon.colcon_core.shell:Creating prefix script '/home/hubot/Documents/Github/RobotArmV1/install/local_setup.zsh'
[2.701s] INFO:colcon.colcon_core.shell:Creating prefix chain script '/home/hubot/Documents/Github/RobotArmV1/install/setup.zsh'
