[0.786s] Invoking command in '/home/hubot/Documents/Github/RobotArmV1/src/robot_controller': PYTHONPATH=/home/hubot/Documents/Github/RobotArmV1/build/robot_controller/prefix_override:/home/hubot/Documents/Github/RobotArmV1/install/robot_controller/lib/python3.10/site-packages:${PYTHONPATH} /usr/bin/python3 setup.py egg_info --egg-base ../../build/robot_controller build --build-base /home/hubot/Documents/Github/RobotArmV1/build/robot_controller/build install --record /home/hubot/Documents/Github/RobotArmV1/build/robot_controller/install.log --single-version-externally-managed
[1.068s] running egg_info
[1.069s] creating ../../build/robot_controller/robot_controller.egg-info
[1.069s] writing ../../build/robot_controller/robot_controller.egg-info/PKG-INFO
[1.069s] writing dependency_links to ../../build/robot_controller/robot_controller.egg-info/dependency_links.txt
[1.070s] writing entry points to ../../build/robot_controller/robot_controller.egg-info/entry_points.txt
[1.070s] writing requirements to ../../build/robot_controller/robot_controller.egg-info/requires.txt
[1.070s] writing top-level names to ../../build/robot_controller/robot_controller.egg-info/top_level.txt
[1.070s] writing manifest file '../../build/robot_controller/robot_controller.egg-info/SOURCES.txt'
[1.072s] reading manifest file '../../build/robot_controller/robot_controller.egg-info/SOURCES.txt'
[1.073s] writing manifest file '../../build/robot_controller/robot_controller.egg-info/SOURCES.txt'
[1.073s] running build
[1.074s] running build_py
[1.074s] creating /home/hubot/Documents/Github/RobotArmV1/build/robot_controller/build
[1.074s] creating /home/hubot/Documents/Github/RobotArmV1/build/robot_controller/build/lib
[1.074s] creating /home/hubot/Documents/Github/RobotArmV1/build/robot_controller/build/lib/robot_controller
[1.074s] copying robot_controller/__init__.py -> /home/hubot/Documents/Github/RobotArmV1/build/robot_controller/build/lib/robot_controller
[1.074s] running install
[1.079s] /usr/lib/python3/dist-packages/setuptools/command/install.py:34: SetuptoolsDeprecationWarning: setup.py install is deprecated. Use build and pip and other standards-based tools.
[1.079s]   warnings.warn(
[1.080s] running install_lib
[1.081s] creating /home/hubot/Documents/Github/RobotArmV1/install/robot_controller/lib/python3.10/site-packages/robot_controller
[1.081s] copying /home/hubot/Documents/Github/RobotArmV1/build/robot_controller/build/lib/robot_controller/__init__.py -> /home/hubot/Documents/Github/RobotArmV1/install/robot_controller/lib/python3.10/site-packages/robot_controller
[1.081s] byte-compiling /home/hubot/Documents/Github/RobotArmV1/install/robot_controller/lib/python3.10/site-packages/robot_controller/__init__.py to __init__.cpython-310.pyc
[1.082s] running install_data
[1.082s] creating /home/hubot/Documents/Github/RobotArmV1/install/robot_controller/share/ament_index
[1.083s] creating /home/hubot/Documents/Github/RobotArmV1/install/robot_controller/share/ament_index/resource_index
[1.083s] creating /home/hubot/Documents/Github/RobotArmV1/install/robot_controller/share/ament_index/resource_index/packages
[1.083s] copying resource/robot_controller -> /home/hubot/Documents/Github/RobotArmV1/install/robot_controller/share/ament_index/resource_index/packages
[1.083s] copying package.xml -> /home/hubot/Documents/Github/RobotArmV1/install/robot_controller/share/robot_controller
[1.083s] running install_egg_info
[1.085s] Copying ../../build/robot_controller/robot_controller.egg-info to /home/hubot/Documents/Github/RobotArmV1/install/robot_controller/lib/python3.10/site-packages/robot_controller-0.0.0-py3.10.egg-info
[1.086s] running install_scripts
[1.111s] writing list of installed files to '/home/hubot/Documents/Github/RobotArmV1/build/robot_controller/install.log'
[1.156s] Invoked command in '/home/hubot/Documents/Github/RobotArmV1/src/robot_controller' returned '0': PYTHONPATH=/home/hubot/Documents/Github/RobotArmV1/build/robot_controller/prefix_override:/home/hubot/Documents/Github/RobotArmV1/install/robot_controller/lib/python3.10/site-packages:${PYTHONPATH} /usr/bin/python3 setup.py egg_info --egg-base ../../build/robot_controller build --build-base /home/hubot/Documents/Github/RobotArmV1/build/robot_controller/build install --record /home/hubot/Documents/Github/RobotArmV1/build/robot_controller/install.log --single-version-externally-managed
