[0.922s] Invoking command in '/home/hubot/Documents/Github/RobotArmV1/src/robot_controller': PYTHONPATH=/home/hubot/Documents/Github/RobotArmV1/src/build/robot_controller/prefix_override:/home/hubot/Documents/Github/RobotArmV1/src/install/robot_controller/lib/python3.10/site-packages:${PYTHONPATH} /usr/bin/python3 setup.py egg_info --egg-base ../build/robot_controller build --build-base /home/hubot/Documents/Github/RobotArmV1/src/build/robot_controller/build install --record /home/hubot/Documents/Github/RobotArmV1/src/build/robot_controller/install.log --single-version-externally-managed
[1.299s] running egg_info
[1.300s] creating ../build/robot_controller/robot_controller.egg-info
[1.300s] writing ../build/robot_controller/robot_controller.egg-info/PKG-INFO
[1.301s] writing dependency_links to ../build/robot_controller/robot_controller.egg-info/dependency_links.txt
[1.301s] writing entry points to ../build/robot_controller/robot_controller.egg-info/entry_points.txt
[1.301s] writing requirements to ../build/robot_controller/robot_controller.egg-info/requires.txt
[1.301s] writing top-level names to ../build/robot_controller/robot_controller.egg-info/top_level.txt
[1.302s] writing manifest file '../build/robot_controller/robot_controller.egg-info/SOURCES.txt'
[1.306s] reading manifest file '../build/robot_controller/robot_controller.egg-info/SOURCES.txt'
[1.307s] writing manifest file '../build/robot_controller/robot_controller.egg-info/SOURCES.txt'
[1.307s] running build
[1.308s] running build_py
[1.308s] creating /home/hubot/Documents/Github/RobotArmV1/src/build/robot_controller/build
[1.308s] creating /home/hubot/Documents/Github/RobotArmV1/src/build/robot_controller/build/lib
[1.308s] creating /home/hubot/Documents/Github/RobotArmV1/src/build/robot_controller/build/lib/robot_controller
[1.308s] copying robot_controller/test_node.py -> /home/hubot/Documents/Github/RobotArmV1/src/build/robot_controller/build/lib/robot_controller
[1.308s] copying robot_controller/test_subscriber.py -> /home/hubot/Documents/Github/RobotArmV1/src/build/robot_controller/build/lib/robot_controller
[1.308s] copying robot_controller/__init__.py -> /home/hubot/Documents/Github/RobotArmV1/src/build/robot_controller/build/lib/robot_controller
[1.309s] copying robot_controller/test_publisher.py -> /home/hubot/Documents/Github/RobotArmV1/src/build/robot_controller/build/lib/robot_controller
[1.309s] running install
[1.310s] running install_lib
[1.311s] creating /home/hubot/Documents/Github/RobotArmV1/src/install/robot_controller/lib/python3.10/site-packages/robot_controller
[1.311s] copying /home/hubot/Documents/Github/RobotArmV1/src/build/robot_controller/build/lib/robot_controller/test_node.py -> /home/hubot/Documents/Github/RobotArmV1/src/install/robot_controller/lib/python3.10/site-packages/robot_controller
[1.311s] copying /home/hubot/Documents/Github/RobotArmV1/src/build/robot_controller/build/lib/robot_controller/test_subscriber.py -> /home/hubot/Documents/Github/RobotArmV1/src/install/robot_controller/lib/python3.10/site-packages/robot_controller
[1.312s] copying /home/hubot/Documents/Github/RobotArmV1/src/build/robot_controller/build/lib/robot_controller/__init__.py -> /home/hubot/Documents/Github/RobotArmV1/src/install/robot_controller/lib/python3.10/site-packages/robot_controller
[1.312s] copying /home/hubot/Documents/Github/RobotArmV1/src/build/robot_controller/build/lib/robot_controller/test_publisher.py -> /home/hubot/Documents/Github/RobotArmV1/src/install/robot_controller/lib/python3.10/site-packages/robot_controller
[1.313s] byte-compiling /home/hubot/Documents/Github/RobotArmV1/src/install/robot_controller/lib/python3.10/site-packages/robot_controller/test_node.py to test_node.cpython-310.pyc
[1.313s] byte-compiling /home/hubot/Documents/Github/RobotArmV1/src/install/robot_controller/lib/python3.10/site-packages/robot_controller/test_subscriber.py to test_subscriber.cpython-310.pyc
[1.314s] byte-compiling /home/hubot/Documents/Github/RobotArmV1/src/install/robot_controller/lib/python3.10/site-packages/robot_controller/__init__.py to __init__.cpython-310.pyc
[1.314s] byte-compiling /home/hubot/Documents/Github/RobotArmV1/src/install/robot_controller/lib/python3.10/site-packages/robot_controller/test_publisher.py to test_publisher.cpython-310.pyc
[1.314s] running install_data
[1.316s] creating /home/hubot/Documents/Github/RobotArmV1/src/install/robot_controller/share/ament_index
[1.316s] creating /home/hubot/Documents/Github/RobotArmV1/src/install/robot_controller/share/ament_index/resource_index
[1.316s] creating /home/hubot/Documents/Github/RobotArmV1/src/install/robot_controller/share/ament_index/resource_index/packages
[1.316s] copying resource/robot_controller -> /home/hubot/Documents/Github/RobotArmV1/src/install/robot_controller/share/ament_index/resource_index/packages
[1.316s] copying package.xml -> /home/hubot/Documents/Github/RobotArmV1/src/install/robot_controller/share/robot_controller
[1.316s] running install_egg_info
[1.319s] Copying ../build/robot_controller/robot_controller.egg-info to /home/hubot/Documents/Github/RobotArmV1/src/install/robot_controller/lib/python3.10/site-packages/robot_controller-0.0.0-py3.10.egg-info
[1.321s] running install_scripts
[1.359s] Installing test_node script to /home/hubot/Documents/Github/RobotArmV1/src/install/robot_controller/lib/robot_controller
[1.360s] Installing test_subscriber script to /home/hubot/Documents/Github/RobotArmV1/src/install/robot_controller/lib/robot_controller
[1.360s] writing list of installed files to '/home/hubot/Documents/Github/RobotArmV1/src/build/robot_controller/install.log'
[1.403s] Invoked command in '/home/hubot/Documents/Github/RobotArmV1/src/robot_controller' returned '0': PYTHONPATH=/home/hubot/Documents/Github/RobotArmV1/src/build/robot_controller/prefix_override:/home/hubot/Documents/Github/RobotArmV1/src/install/robot_controller/lib/python3.10/site-packages:${PYTHONPATH} /usr/bin/python3 setup.py egg_info --egg-base ../build/robot_controller build --build-base /home/hubot/Documents/Github/RobotArmV1/src/build/robot_controller/build install --record /home/hubot/Documents/Github/RobotArmV1/src/build/robot_controller/install.log --single-version-externally-managed
