[0.015s] Invoking command in '/home/hubot/Documents/Github/RobotArmV1/src/build/robot_messages': CMAKE_PREFIX_PATH=${CMAKE_PREFIX_PATH}:/home/hubot/Documents/Github/RobotArmV1/src/install/robot_controller:/home/hubot/Documents/Github/RobotArmV1/install/robot_controller:/opt/ros/humble /usr/bin/cmake --build /home/hubot/Documents/Github/RobotArmV1/src/build/robot_messages -- -j4 -l4
[0.049s] -- Found ament_cmake: 1.3.5 (/opt/ros/humble/share/ament_cmake/cmake)
[0.222s] -- Found rosidl_default_generators: 1.2.0 (/opt/ros/humble/share/rosidl_default_generators/cmake)
[0.224s] -- Using all available rosidl_typesupport_c: rosidl_typesupport_fastrtps_c;rosidl_typesupport_introspection_c
[0.232s] -- Found rosidl_adapter: 3.1.5 (/opt/ros/humble/share/rosidl_adapter/cmake)
[0.268s] -- Using all available rosidl_typesupport_cpp: rosidl_typesupport_fastrtps_cpp;rosidl_typesupport_introspection_cpp
[0.604s] -- Found ament_cmake_ros: 0.10.0 (/opt/ros/humble/share/ament_cmake_ros/cmake)
[0.814s] -- Using all available rosidl_typesupport_c: rosidl_typesupport_fastrtps_c;rosidl_typesupport_introspection_c
[1.093s] -- Using all available rosidl_typesupport_cpp: rosidl_typesupport_fastrtps_cpp;rosidl_typesupport_introspection_cpp
[1.118s] -- Found python_cmake_module: 0.10.0 (/opt/ros/humble/share/python_cmake_module/cmake)
[1.151s] -- Using PYTHON_EXECUTABLE: /usr/bin/python3
[1.151s] -- Using PYTHON_INCLUDE_DIRS: /usr/include/python3.10
[1.151s] -- Using PYTHON_LIBRARIES: /usr/lib/x86_64-linux-gnu/libpython3.10.so
[1.165s] -- Found ament_lint_auto: 0.12.7 (/opt/ros/humble/share/ament_lint_auto/cmake)
[1.179s] -- Added test 'flake8' to check Python code syntax and style conventions
[1.180s] -- Added test 'lint_cmake' to check CMake code style
[1.181s] -- Added test 'pep257' to check Python code against some of the docstring style conventions in PEP 257
[1.184s] -- Added test 'xmllint' to check XML markup files
[1.187s] -- Configuring done
[1.236s] -- Generating done
[1.243s] -- Build files have been written to: /home/hubot/Documents/Github/RobotArmV1/src/build/robot_messages
[1.274s] [  3%] [34m[1mGenerating C code for ROS interfaces[0m
[1.290s] [  6%] [34m[1mGenerating C++ code for ROS interfaces[0m
[1.306s] [  6%] Built target ament_cmake_python_copy_robot_messages
[1.890s] [  6%] Built target robot_messages__cpp
[1.907s] [  9%] [34m[1mGenerating C++ type support dispatch for ROS interfaces[0m
[1.968s] [ 12%] [34m[1mGenerating C++ type support for eProsima Fast-RTPS[0m
[1.971s] running egg_info
[1.973s] writing robot_messages.egg-info/PKG-INFO
[1.973s] writing dependency_links to robot_messages.egg-info/dependency_links.txt
[1.973s] writing top-level names to robot_messages.egg-info/top_level.txt
[1.977s] reading manifest file 'robot_messages.egg-info/SOURCES.txt'
[1.978s] writing manifest file 'robot_messages.egg-info/SOURCES.txt'
[2.030s] [ 16%] [32mBuilding C object CMakeFiles/robot_messages__rosidl_generator_c.dir/rosidl_generator_c/robot_messages/msg/detail/num__functions.c.o[0m
[2.081s] [ 16%] Built target ament_cmake_python_build_robot_messages_egg
[2.118s] [ 19%] [34m[1mGenerating C++ introspection for ROS interfaces[0m
[2.239s] [ 22%] [32m[1mLinking C shared library librobot_messages__rosidl_generator_c.so[0m
[2.435s] [ 22%] Built target robot_messages__rosidl_generator_c
[2.487s] [ 25%] [34m[1mGenerating C type support for eProsima Fast-RTPS[0m
[2.872s] [ 29%] [32mBuilding CXX object CMakeFiles/robot_messages__rosidl_typesupport_fastrtps_cpp.dir/rosidl_typesupport_fastrtps_cpp/robot_messages/msg/detail/dds_fastrtps/num__type_support.cpp.o[0m
[2.902s] [ 32%] [32mBuilding CXX object CMakeFiles/robot_messages__rosidl_typesupport_cpp.dir/rosidl_typesupport_cpp/robot_messages/msg/num__type_support.cpp.o[0m
[3.511s] [ 35%] [32mBuilding CXX object CMakeFiles/robot_messages__rosidl_typesupport_introspection_cpp.dir/rosidl_typesupport_introspection_cpp/robot_messages/msg/detail/num__type_support.cpp.o[0m
[3.517s] [ 38%] [32mBuilding CXX object CMakeFiles/robot_messages__rosidl_typesupport_fastrtps_c.dir/rosidl_typesupport_fastrtps_c/robot_messages/msg/detail/num__type_support_c.cpp.o[0m
[3.926s] [ 41%] [32m[1mLinking CXX shared library librobot_messages__rosidl_typesupport_cpp.so[0m
[4.197s] [ 41%] Built target robot_messages__rosidl_typesupport_cpp
[4.318s] [ 45%] [34m[1mGenerating C introspection for ROS interfaces[0m
[4.485s] [ 48%] [32m[1mLinking CXX shared library librobot_messages__rosidl_typesupport_fastrtps_c.so[0m
[4.773s] [ 51%] [32m[1mLinking CXX shared library librobot_messages__rosidl_typesupport_fastrtps_cpp.so[0m
[4.838s] [ 51%] Built target robot_messages__rosidl_typesupport_fastrtps_c
[4.868s] [ 54%] [34m[1mGenerating C type support dispatch for ROS interfaces[0m
[5.001s] [ 54%] Built target robot_messages__rosidl_typesupport_fastrtps_cpp
[5.356s] [ 58%] [32mBuilding C object CMakeFiles/robot_messages__rosidl_typesupport_introspection_c.dir/rosidl_typesupport_introspection_c/robot_messages/msg/detail/num__type_support.c.o[0m
[5.477s] [ 61%] [32mBuilding CXX object CMakeFiles/robot_messages__rosidl_typesupport_c.dir/rosidl_typesupport_c/robot_messages/msg/num__type_support.cpp.o[0m
[5.483s] [ 64%] [32m[1mLinking C shared library librobot_messages__rosidl_typesupport_introspection_c.so[0m
[5.494s] [ 67%] [32m[1mLinking CXX shared library librobot_messages__rosidl_typesupport_introspection_cpp.so[0m
[5.557s] [ 67%] Built target robot_messages__rosidl_typesupport_introspection_c
[5.599s] [ 70%] [32m[1mLinking CXX shared library librobot_messages__rosidl_typesupport_c.so[0m
[5.610s] [ 70%] Built target robot_messages__rosidl_typesupport_introspection_cpp
[5.665s] [ 70%] Built target robot_messages__rosidl_typesupport_c
[5.688s] [ 70%] Built target robot_messages
[5.720s] [ 74%] [34m[1mGenerating Python code for ROS interfaces[0m
[6.118s] [ 74%] Built target robot_messages__py
[6.140s] [ 77%] [32mBuilding C object CMakeFiles/robot_messages__rosidl_generator_py.dir/rosidl_generator_py/robot_messages/msg/_num_s.c.o[0m
[6.262s] [ 80%] [32m[1mLinking C shared library rosidl_generator_py/robot_messages/librobot_messages__rosidl_generator_py.so[0m
[6.310s] [ 80%] Built target robot_messages__rosidl_generator_py
[6.327s] [35m[1mConsolidate compiler generated dependencies of target robot_messages__rosidl_typesupport_fastrtps_c__pyext[0m
[6.327s] [35m[1mConsolidate compiler generated dependencies of target robot_messages__rosidl_typesupport_introspection_c__pyext[0m
[6.334s] [35m[1mConsolidate compiler generated dependencies of target robot_messages__rosidl_typesupport_c__pyext[0m
[6.356s] [ 83%] [32mBuilding C object CMakeFiles/robot_messages__rosidl_typesupport_fastrtps_c__pyext.dir/rosidl_generator_py/robot_messages/_robot_messages_s.ep.rosidl_typesupport_fastrtps_c.c.o[0m
[6.359s] [ 87%] [32mBuilding C object CMakeFiles/robot_messages__rosidl_typesupport_introspection_c__pyext.dir/rosidl_generator_py/robot_messages/_robot_messages_s.ep.rosidl_typesupport_introspection_c.c.o[0m
[6.379s] [ 90%] [32mBuilding C object CMakeFiles/robot_messages__rosidl_typesupport_c__pyext.dir/rosidl_generator_py/robot_messages/_robot_messages_s.ep.rosidl_typesupport_c.c.o[0m
[6.563s] [ 93%] [32m[1mLinking C shared library rosidl_generator_py/robot_messages/robot_messages_s__rosidl_typesupport_c.cpython-310-x86_64-linux-gnu.so[0m
[6.602s] [ 96%] [32m[1mLinking C shared library rosidl_generator_py/robot_messages/robot_messages_s__rosidl_typesupport_introspection_c.cpython-310-x86_64-linux-gnu.so[0m
[6.621s] [ 96%] Built target robot_messages__rosidl_typesupport_c__pyext
[6.689s] [100%] [32m[1mLinking C shared library rosidl_generator_py/robot_messages/robot_messages_s__rosidl_typesupport_fastrtps_c.cpython-310-x86_64-linux-gnu.so[0m
[6.693s] [100%] Built target robot_messages__rosidl_typesupport_introspection_c__pyext
[6.737s] [100%] Built target robot_messages__rosidl_typesupport_fastrtps_c__pyext
[6.764s] Invoked command in '/home/hubot/Documents/Github/RobotArmV1/src/build/robot_messages' returned '0': CMAKE_PREFIX_PATH=${CMAKE_PREFIX_PATH}:/home/hubot/Documents/Github/RobotArmV1/src/install/robot_controller:/home/hubot/Documents/Github/RobotArmV1/install/robot_controller:/opt/ros/humble /usr/bin/cmake --build /home/hubot/Documents/Github/RobotArmV1/src/build/robot_messages -- -j4 -l4
[6.900s] Invoking command in '/home/hubot/Documents/Github/RobotArmV1/src/build/robot_messages': CMAKE_PREFIX_PATH=${CMAKE_PREFIX_PATH}:/home/hubot/Documents/Github/RobotArmV1/src/install/robot_controller:/home/hubot/Documents/Github/RobotArmV1/install/robot_controller:/opt/ros/humble /usr/bin/cmake --install /home/hubot/Documents/Github/RobotArmV1/src/build/robot_messages
[6.923s] -- Install configuration: ""
[6.923s] -- Installing: /home/hubot/Documents/Github/RobotArmV1/src/install/robot_messages/share/ament_index/resource_index/rosidl_interfaces/robot_messages
[6.923s] -- Up-to-date: /home/hubot/Documents/Github/RobotArmV1/src/install/robot_messages/include/robot_messages/robot_messages
[6.923s] -- Up-to-date: /home/hubot/Documents/Github/RobotArmV1/src/install/robot_messages/include/robot_messages/robot_messages/msg
[6.923s] -- Up-to-date: /home/hubot/Documents/Github/RobotArmV1/src/install/robot_messages/include/robot_messages/robot_messages/msg/detail
[6.923s] -- Installing: /home/hubot/Documents/Github/RobotArmV1/src/install/robot_messages/include/robot_messages/robot_messages/msg/detail/num__functions.h
[6.924s] -- Installing: /home/hubot/Documents/Github/RobotArmV1/src/install/robot_messages/include/robot_messages/robot_messages/msg/detail/num__functions.c
[6.924s] -- Installing: /home/hubot/Documents/Github/RobotArmV1/src/install/robot_messages/include/robot_messages/robot_messages/msg/detail/num__type_support.h
[6.924s] -- Up-to-date: /home/hubot/Documents/Github/RobotArmV1/src/install/robot_messages/include/robot_messages/robot_messages/msg/detail/target_position__functions.c
[6.924s] -- Up-to-date: /home/hubot/Documents/Github/RobotArmV1/src/install/robot_messages/include/robot_messages/robot_messages/msg/detail/target_position__struct.h
[6.924s] -- Up-to-date: /home/hubot/Documents/Github/RobotArmV1/src/install/robot_messages/include/robot_messages/robot_messages/msg/detail/target_position__functions.h
[6.925s] -- Installing: /home/hubot/Documents/Github/RobotArmV1/src/install/robot_messages/include/robot_messages/robot_messages/msg/detail/num__struct.h
[6.925s] -- Up-to-date: /home/hubot/Documents/Github/RobotArmV1/src/install/robot_messages/include/robot_messages/robot_messages/msg/detail/target_position__type_support.h
[6.925s] -- Installing: /home/hubot/Documents/Github/RobotArmV1/src/install/robot_messages/include/robot_messages/robot_messages/msg/num.h
[6.925s] -- Up-to-date: /home/hubot/Documents/Github/RobotArmV1/src/install/robot_messages/include/robot_messages/robot_messages/msg/rosidl_generator_c__visibility_control.h
[6.925s] -- Up-to-date: /home/hubot/Documents/Github/RobotArmV1/src/install/robot_messages/include/robot_messages/robot_messages/msg/target_position.h
[6.925s] -- Up-to-date: /home/hubot/Documents/Github/RobotArmV1/src/install/robot_messages/share/robot_messages/environment/library_path.sh
[6.926s] -- Installing: /home/hubot/Documents/Github/RobotArmV1/src/install/robot_messages/share/robot_messages/environment/library_path.dsv
[6.926s] -- Installing: /home/hubot/Documents/Github/RobotArmV1/src/install/robot_messages/lib/librobot_messages__rosidl_generator_c.so
[6.926s] -- Set runtime path of "/home/hubot/Documents/Github/RobotArmV1/src/install/robot_messages/lib/librobot_messages__rosidl_generator_c.so" to ""
[6.927s] -- Up-to-date: /home/hubot/Documents/Github/RobotArmV1/src/install/robot_messages/include/robot_messages/robot_messages
[6.930s] -- Up-to-date: /home/hubot/Documents/Github/RobotArmV1/src/install/robot_messages/include/robot_messages/robot_messages/msg
[6.930s] -- Up-to-date: /home/hubot/Documents/Github/RobotArmV1/src/install/robot_messages/include/robot_messages/robot_messages/msg/detail
[6.930s] -- Installing: /home/hubot/Documents/Github/RobotArmV1/src/install/robot_messages/include/robot_messages/robot_messages/msg/detail/num__rosidl_typesupport_fastrtps_c.h
[6.930s] -- Up-to-date: /home/hubot/Documents/Github/RobotArmV1/src/install/robot_messages/include/robot_messages/robot_messages/msg/detail/target_position__rosidl_typesupport_fastrtps_c.h
[6.931s] -- Up-to-date: /home/hubot/Documents/Github/RobotArmV1/src/install/robot_messages/include/robot_messages/robot_messages/msg/rosidl_typesupport_fastrtps_c__visibility_control.h
[6.932s] -- Installing: /home/hubot/Documents/Github/RobotArmV1/src/install/robot_messages/lib/librobot_messages__rosidl_typesupport_fastrtps_c.so
[6.932s] -- Set runtime path of "/home/hubot/Documents/Github/RobotArmV1/src/install/robot_messages/lib/librobot_messages__rosidl_typesupport_fastrtps_c.so" to ""
[6.933s] -- Up-to-date: /home/hubot/Documents/Github/RobotArmV1/src/install/robot_messages/include/robot_messages/robot_messages
[6.933s] -- Up-to-date: /home/hubot/Documents/Github/RobotArmV1/src/install/robot_messages/include/robot_messages/robot_messages/msg
[6.933s] -- Up-to-date: /home/hubot/Documents/Github/RobotArmV1/src/install/robot_messages/include/robot_messages/robot_messages/msg/detail
[6.934s] -- Up-to-date: /home/hubot/Documents/Github/RobotArmV1/src/install/robot_messages/include/robot_messages/robot_messages/msg/detail/target_position__type_support.c
[6.935s] -- Installing: /home/hubot/Documents/Github/RobotArmV1/src/install/robot_messages/include/robot_messages/robot_messages/msg/detail/num__rosidl_typesupport_introspection_c.h
[6.935s] -- Up-to-date: /home/hubot/Documents/Github/RobotArmV1/src/install/robot_messages/include/robot_messages/robot_messages/msg/detail/target_position__rosidl_typesupport_introspection_c.h
[6.935s] -- Installing: /home/hubot/Documents/Github/RobotArmV1/src/install/robot_messages/include/robot_messages/robot_messages/msg/detail/num__type_support.c
[6.936s] -- Up-to-date: /home/hubot/Documents/Github/RobotArmV1/src/install/robot_messages/include/robot_messages/robot_messages/msg/rosidl_typesupport_introspection_c__visibility_control.h
[6.937s] -- Installing: /home/hubot/Documents/Github/RobotArmV1/src/install/robot_messages/lib/librobot_messages__rosidl_typesupport_introspection_c.so
[6.937s] -- Set runtime path of "/home/hubot/Documents/Github/RobotArmV1/src/install/robot_messages/lib/librobot_messages__rosidl_typesupport_introspection_c.so" to ""
[6.938s] -- Installing: /home/hubot/Documents/Github/RobotArmV1/src/install/robot_messages/lib/librobot_messages__rosidl_typesupport_c.so
[6.938s] -- Set runtime path of "/home/hubot/Documents/Github/RobotArmV1/src/install/robot_messages/lib/librobot_messages__rosidl_typesupport_c.so" to ""
[6.939s] -- Up-to-date: /home/hubot/Documents/Github/RobotArmV1/src/install/robot_messages/include/robot_messages/robot_messages
[6.939s] -- Up-to-date: /home/hubot/Documents/Github/RobotArmV1/src/install/robot_messages/include/robot_messages/robot_messages/msg
[6.952s] -- Up-to-date: /home/hubot/Documents/Github/RobotArmV1/src/install/robot_messages/include/robot_messages/robot_messages/msg/detail
[6.953s] -- Up-to-date: /home/hubot/Documents/Github/RobotArmV1/src/install/robot_messages/include/robot_messages/robot_messages/msg/detail/target_position__builder.hpp
[6.953s] -- Installing: /home/hubot/Documents/Github/RobotArmV1/src/install/robot_messages/include/robot_messages/robot_messages/msg/detail/num__traits.hpp
[6.954s] -- Up-to-date: /home/hubot/Documents/Github/RobotArmV1/src/install/robot_messages/include/robot_messages/robot_messages/msg/detail/target_position__struct.hpp
[6.954s] -- Installing: /home/hubot/Documents/Github/RobotArmV1/src/install/robot_messages/include/robot_messages/robot_messages/msg/detail/num__struct.hpp
[6.954s] -- Installing: /home/hubot/Documents/Github/RobotArmV1/src/install/robot_messages/include/robot_messages/robot_messages/msg/detail/num__builder.hpp
[6.955s] -- Up-to-date: /home/hubot/Documents/Github/RobotArmV1/src/install/robot_messages/include/robot_messages/robot_messages/msg/detail/target_position__traits.hpp
[6.955s] -- Up-to-date: /home/hubot/Documents/Github/RobotArmV1/src/install/robot_messages/include/robot_messages/robot_messages/msg/target_position.hpp
[6.955s] -- Installing: /home/hubot/Documents/Github/RobotArmV1/src/install/robot_messages/include/robot_messages/robot_messages/msg/num.hpp
[6.955s] -- Up-to-date: /home/hubot/Documents/Github/RobotArmV1/src/install/robot_messages/include/robot_messages/robot_messages
[6.955s] -- Up-to-date: /home/hubot/Documents/Github/RobotArmV1/src/install/robot_messages/include/robot_messages/robot_messages/msg
[6.955s] -- Up-to-date: /home/hubot/Documents/Github/RobotArmV1/src/install/robot_messages/include/robot_messages/robot_messages/msg/detail
[6.955s] -- Up-to-date: /home/hubot/Documents/Github/RobotArmV1/src/install/robot_messages/include/robot_messages/robot_messages/msg/detail/target_position__rosidl_typesupport_fastrtps_cpp.hpp
[6.956s] -- Up-to-date: /home/hubot/Documents/Github/RobotArmV1/src/install/robot_messages/include/robot_messages/robot_messages/msg/detail/dds_fastrtps
[6.956s] -- Installing: /home/hubot/Documents/Github/RobotArmV1/src/install/robot_messages/include/robot_messages/robot_messages/msg/detail/num__rosidl_typesupport_fastrtps_cpp.hpp
[6.956s] -- Up-to-date: /home/hubot/Documents/Github/RobotArmV1/src/install/robot_messages/include/robot_messages/robot_messages/msg/rosidl_typesupport_fastrtps_cpp__visibility_control.h
[6.956s] -- Installing: /home/hubot/Documents/Github/RobotArmV1/src/install/robot_messages/lib/librobot_messages__rosidl_typesupport_fastrtps_cpp.so
[6.956s] -- Set runtime path of "/home/hubot/Documents/Github/RobotArmV1/src/install/robot_messages/lib/librobot_messages__rosidl_typesupport_fastrtps_cpp.so" to ""
[6.956s] -- Up-to-date: /home/hubot/Documents/Github/RobotArmV1/src/install/robot_messages/include/robot_messages/robot_messages
[6.956s] -- Up-to-date: /home/hubot/Documents/Github/RobotArmV1/src/install/robot_messages/include/robot_messages/robot_messages/msg
[6.957s] -- Up-to-date: /home/hubot/Documents/Github/RobotArmV1/src/install/robot_messages/include/robot_messages/robot_messages/msg/detail
[6.957s] -- Up-to-date: /home/hubot/Documents/Github/RobotArmV1/src/install/robot_messages/include/robot_messages/robot_messages/msg/detail/target_position__type_support.cpp
[6.957s] -- Up-to-date: /home/hubot/Documents/Github/RobotArmV1/src/install/robot_messages/include/robot_messages/robot_messages/msg/detail/target_position__rosidl_typesupport_introspection_cpp.hpp
[6.957s] -- Installing: /home/hubot/Documents/Github/RobotArmV1/src/install/robot_messages/include/robot_messages/robot_messages/msg/detail/num__rosidl_typesupport_introspection_cpp.hpp
[6.965s] -- Installing: /home/hubot/Documents/Github/RobotArmV1/src/install/robot_messages/include/robot_messages/robot_messages/msg/detail/num__type_support.cpp
[6.965s] -- Installing: /home/hubot/Documents/Github/RobotArmV1/src/install/robot_messages/lib/librobot_messages__rosidl_typesupport_introspection_cpp.so
[6.965s] -- Set runtime path of "/home/hubot/Documents/Github/RobotArmV1/src/install/robot_messages/lib/librobot_messages__rosidl_typesupport_introspection_cpp.so" to ""
[6.965s] -- Installing: /home/hubot/Documents/Github/RobotArmV1/src/install/robot_messages/lib/librobot_messages__rosidl_typesupport_cpp.so
[6.965s] -- Set runtime path of "/home/hubot/Documents/Github/RobotArmV1/src/install/robot_messages/lib/librobot_messages__rosidl_typesupport_cpp.so" to ""
[6.966s] -- Up-to-date: /home/hubot/Documents/Github/RobotArmV1/src/install/robot_messages/share/robot_messages/environment/pythonpath.sh
[6.966s] -- Installing: /home/hubot/Documents/Github/RobotArmV1/src/install/robot_messages/share/robot_messages/environment/pythonpath.dsv
[6.966s] -- Up-to-date: /home/hubot/Documents/Github/RobotArmV1/src/install/robot_messages/local/lib/python3.10/dist-packages/robot_messages-0.0.0-py3.10.egg-info
[6.966s] -- Installing: /home/hubot/Documents/Github/RobotArmV1/src/install/robot_messages/local/lib/python3.10/dist-packages/robot_messages-0.0.0-py3.10.egg-info/SOURCES.txt
[6.966s] -- Installing: /home/hubot/Documents/Github/RobotArmV1/src/install/robot_messages/local/lib/python3.10/dist-packages/robot_messages-0.0.0-py3.10.egg-info/top_level.txt
[6.966s] -- Installing: /home/hubot/Documents/Github/RobotArmV1/src/install/robot_messages/local/lib/python3.10/dist-packages/robot_messages-0.0.0-py3.10.egg-info/dependency_links.txt
[6.966s] -- Installing: /home/hubot/Documents/Github/RobotArmV1/src/install/robot_messages/local/lib/python3.10/dist-packages/robot_messages-0.0.0-py3.10.egg-info/PKG-INFO
[6.966s] -- Up-to-date: /home/hubot/Documents/Github/RobotArmV1/src/install/robot_messages/local/lib/python3.10/dist-packages/robot_messages
[6.967s] -- Installing: /home/hubot/Documents/Github/RobotArmV1/src/install/robot_messages/local/lib/python3.10/dist-packages/robot_messages/robot_messages_s__rosidl_typesupport_introspection_c.cpython-310-x86_64-linux-gnu.so
[6.967s] -- Installing: /home/hubot/Documents/Github/RobotArmV1/src/install/robot_messages/local/lib/python3.10/dist-packages/robot_messages/_robot_messages_s.ep.rosidl_typesupport_c.c
[6.967s] -- Installing: /home/hubot/Documents/Github/RobotArmV1/src/install/robot_messages/local/lib/python3.10/dist-packages/robot_messages/_robot_messages_s.ep.rosidl_typesupport_introspection_c.c
[6.967s] -- Installing: /home/hubot/Documents/Github/RobotArmV1/src/install/robot_messages/local/lib/python3.10/dist-packages/robot_messages/_robot_messages_s.ep.rosidl_typesupport_fastrtps_c.c
[6.967s] -- Installing: /home/hubot/Documents/Github/RobotArmV1/src/install/robot_messages/local/lib/python3.10/dist-packages/robot_messages/librobot_messages__rosidl_generator_py.so
[6.967s] -- Installing: /home/hubot/Documents/Github/RobotArmV1/src/install/robot_messages/local/lib/python3.10/dist-packages/robot_messages/__init__.py
[6.967s] -- Installing: /home/hubot/Documents/Github/RobotArmV1/src/install/robot_messages/local/lib/python3.10/dist-packages/robot_messages/robot_messages_s__rosidl_typesupport_c.cpython-310-x86_64-linux-gnu.so
[6.967s] -- Installing: /home/hubot/Documents/Github/RobotArmV1/src/install/robot_messages/local/lib/python3.10/dist-packages/robot_messages/robot_messages_s__rosidl_typesupport_fastrtps_c.cpython-310-x86_64-linux-gnu.so
[6.968s] -- Up-to-date: /home/hubot/Documents/Github/RobotArmV1/src/install/robot_messages/local/lib/python3.10/dist-packages/robot_messages/msg
[6.968s] -- Installing: /home/hubot/Documents/Github/RobotArmV1/src/install/robot_messages/local/lib/python3.10/dist-packages/robot_messages/msg/_num_s.c
[6.968s] -- Installing: /home/hubot/Documents/Github/RobotArmV1/src/install/robot_messages/local/lib/python3.10/dist-packages/robot_messages/msg/_num.py
[6.968s] -- Up-to-date: /home/hubot/Documents/Github/RobotArmV1/src/install/robot_messages/local/lib/python3.10/dist-packages/robot_messages/msg/_target_position.py
[6.968s] -- Installing: /home/hubot/Documents/Github/RobotArmV1/src/install/robot_messages/local/lib/python3.10/dist-packages/robot_messages/msg/__init__.py
[6.968s] -- Up-to-date: /home/hubot/Documents/Github/RobotArmV1/src/install/robot_messages/local/lib/python3.10/dist-packages/robot_messages/msg/_target_position_s.c
[7.009s] Listing '/home/hubot/Documents/Github/RobotArmV1/src/install/robot_messages/local/lib/python3.10/dist-packages/robot_messages'...
[7.009s] Compiling '/home/hubot/Documents/Github/RobotArmV1/src/install/robot_messages/local/lib/python3.10/dist-packages/robot_messages/__init__.py'...
[7.009s] Listing '/home/hubot/Documents/Github/RobotArmV1/src/install/robot_messages/local/lib/python3.10/dist-packages/robot_messages/msg'...
[7.010s] Compiling '/home/hubot/Documents/Github/RobotArmV1/src/install/robot_messages/local/lib/python3.10/dist-packages/robot_messages/msg/__init__.py'...
[7.010s] Compiling '/home/hubot/Documents/Github/RobotArmV1/src/install/robot_messages/local/lib/python3.10/dist-packages/robot_messages/msg/_num.py'...
[7.019s] -- Installing: /home/hubot/Documents/Github/RobotArmV1/src/install/robot_messages/local/lib/python3.10/dist-packages/robot_messages/robot_messages_s__rosidl_typesupport_fastrtps_c.cpython-310-x86_64-linux-gnu.so
[7.019s] -- Set runtime path of "/home/hubot/Documents/Github/RobotArmV1/src/install/robot_messages/local/lib/python3.10/dist-packages/robot_messages/robot_messages_s__rosidl_typesupport_fastrtps_c.cpython-310-x86_64-linux-gnu.so" to ""
[7.020s] -- Installing: /home/hubot/Documents/Github/RobotArmV1/src/install/robot_messages/local/lib/python3.10/dist-packages/robot_messages/robot_messages_s__rosidl_typesupport_introspection_c.cpython-310-x86_64-linux-gnu.so
[7.020s] -- Set runtime path of "/home/hubot/Documents/Github/RobotArmV1/src/install/robot_messages/local/lib/python3.10/dist-packages/robot_messages/robot_messages_s__rosidl_typesupport_introspection_c.cpython-310-x86_64-linux-gnu.so" to ""
[7.021s] -- Installing: /home/hubot/Documents/Github/RobotArmV1/src/install/robot_messages/local/lib/python3.10/dist-packages/robot_messages/robot_messages_s__rosidl_typesupport_c.cpython-310-x86_64-linux-gnu.so
[7.029s] -- Set runtime path of "/home/hubot/Documents/Github/RobotArmV1/src/install/robot_messages/local/lib/python3.10/dist-packages/robot_messages/robot_messages_s__rosidl_typesupport_c.cpython-310-x86_64-linux-gnu.so" to ""
[7.029s] -- Installing: /home/hubot/Documents/Github/RobotArmV1/src/install/robot_messages/lib/librobot_messages__rosidl_generator_py.so
[7.029s] -- Set runtime path of "/home/hubot/Documents/Github/RobotArmV1/src/install/robot_messages/lib/librobot_messages__rosidl_generator_py.so" to ""
[7.030s] -- Installing: /home/hubot/Documents/Github/RobotArmV1/src/install/robot_messages/share/robot_messages/msg/Num.idl
[7.030s] -- Installing: /home/hubot/Documents/Github/RobotArmV1/src/install/robot_messages/share/robot_messages/msg/Num.msg
[7.031s] -- Up-to-date: /home/hubot/Documents/Github/RobotArmV1/src/install/robot_messages/share/ament_index/resource_index/package_run_dependencies/robot_messages
[7.031s] -- Up-to-date: /home/hubot/Documents/Github/RobotArmV1/src/install/robot_messages/share/ament_index/resource_index/parent_prefix_path/robot_messages
[7.031s] -- Up-to-date: /home/hubot/Documents/Github/RobotArmV1/src/install/robot_messages/share/robot_messages/environment/ament_prefix_path.sh
[7.031s] -- Installing: /home/hubot/Documents/Github/RobotArmV1/src/install/robot_messages/share/robot_messages/environment/ament_prefix_path.dsv
[7.031s] -- Up-to-date: /home/hubot/Documents/Github/RobotArmV1/src/install/robot_messages/share/robot_messages/environment/path.sh
[7.031s] -- Installing: /home/hubot/Documents/Github/RobotArmV1/src/install/robot_messages/share/robot_messages/environment/path.dsv
[7.031s] -- Up-to-date: /home/hubot/Documents/Github/RobotArmV1/src/install/robot_messages/share/robot_messages/local_setup.bash
[7.032s] -- Up-to-date: /home/hubot/Documents/Github/RobotArmV1/src/install/robot_messages/share/robot_messages/local_setup.sh
[7.032s] -- Up-to-date: /home/hubot/Documents/Github/RobotArmV1/src/install/robot_messages/share/robot_messages/local_setup.zsh
[7.032s] -- Installing: /home/hubot/Documents/Github/RobotArmV1/src/install/robot_messages/share/robot_messages/local_setup.dsv
[7.032s] -- Installing: /home/hubot/Documents/Github/RobotArmV1/src/install/robot_messages/share/robot_messages/package.dsv
[7.032s] -- Up-to-date: /home/hubot/Documents/Github/RobotArmV1/src/install/robot_messages/share/ament_index/resource_index/packages/robot_messages
[7.032s] -- Up-to-date: /home/hubot/Documents/Github/RobotArmV1/src/install/robot_messages/share/robot_messages/cmake/export_robot_messages__rosidl_generator_cExport.cmake
[7.032s] -- Up-to-date: /home/hubot/Documents/Github/RobotArmV1/src/install/robot_messages/share/robot_messages/cmake/export_robot_messages__rosidl_generator_cExport-noconfig.cmake
[7.033s] -- Up-to-date: /home/hubot/Documents/Github/RobotArmV1/src/install/robot_messages/share/robot_messages/cmake/export_robot_messages__rosidl_typesupport_fastrtps_cExport.cmake
[7.033s] -- Up-to-date: /home/hubot/Documents/Github/RobotArmV1/src/install/robot_messages/share/robot_messages/cmake/export_robot_messages__rosidl_typesupport_fastrtps_cExport-noconfig.cmake
[7.033s] -- Up-to-date: /home/hubot/Documents/Github/RobotArmV1/src/install/robot_messages/share/robot_messages/cmake/robot_messages__rosidl_typesupport_introspection_cExport.cmake
[7.033s] -- Up-to-date: /home/hubot/Documents/Github/RobotArmV1/src/install/robot_messages/share/robot_messages/cmake/robot_messages__rosidl_typesupport_introspection_cExport-noconfig.cmake
[7.033s] -- Up-to-date: /home/hubot/Documents/Github/RobotArmV1/src/install/robot_messages/share/robot_messages/cmake/robot_messages__rosidl_typesupport_cExport.cmake
[7.033s] -- Up-to-date: /home/hubot/Documents/Github/RobotArmV1/src/install/robot_messages/share/robot_messages/cmake/robot_messages__rosidl_typesupport_cExport-noconfig.cmake
[7.033s] -- Up-to-date: /home/hubot/Documents/Github/RobotArmV1/src/install/robot_messages/share/robot_messages/cmake/export_robot_messages__rosidl_generator_cppExport.cmake
[7.034s] -- Up-to-date: /home/hubot/Documents/Github/RobotArmV1/src/install/robot_messages/share/robot_messages/cmake/export_robot_messages__rosidl_typesupport_fastrtps_cppExport.cmake
[7.034s] -- Up-to-date: /home/hubot/Documents/Github/RobotArmV1/src/install/robot_messages/share/robot_messages/cmake/export_robot_messages__rosidl_typesupport_fastrtps_cppExport-noconfig.cmake
[7.034s] -- Up-to-date: /home/hubot/Documents/Github/RobotArmV1/src/install/robot_messages/share/robot_messages/cmake/robot_messages__rosidl_typesupport_introspection_cppExport.cmake
[7.034s] -- Up-to-date: /home/hubot/Documents/Github/RobotArmV1/src/install/robot_messages/share/robot_messages/cmake/robot_messages__rosidl_typesupport_introspection_cppExport-noconfig.cmake
[7.034s] -- Up-to-date: /home/hubot/Documents/Github/RobotArmV1/src/install/robot_messages/share/robot_messages/cmake/robot_messages__rosidl_typesupport_cppExport.cmake
[7.034s] -- Up-to-date: /home/hubot/Documents/Github/RobotArmV1/src/install/robot_messages/share/robot_messages/cmake/robot_messages__rosidl_typesupport_cppExport-noconfig.cmake
[7.034s] -- Up-to-date: /home/hubot/Documents/Github/RobotArmV1/src/install/robot_messages/share/robot_messages/cmake/export_robot_messages__rosidl_generator_pyExport.cmake
[7.035s] -- Up-to-date: /home/hubot/Documents/Github/RobotArmV1/src/install/robot_messages/share/robot_messages/cmake/export_robot_messages__rosidl_generator_pyExport-noconfig.cmake
[7.047s] -- Installing: /home/hubot/Documents/Github/RobotArmV1/src/install/robot_messages/share/robot_messages/cmake/rosidl_cmake-extras.cmake
[7.047s] -- Up-to-date: /home/hubot/Documents/Github/RobotArmV1/src/install/robot_messages/share/robot_messages/cmake/ament_cmake_export_include_directories-extras.cmake
[7.047s] -- Up-to-date: /home/hubot/Documents/Github/RobotArmV1/src/install/robot_messages/share/robot_messages/cmake/ament_cmake_export_libraries-extras.cmake
[7.047s] -- Up-to-date: /home/hubot/Documents/Github/RobotArmV1/src/install/robot_messages/share/robot_messages/cmake/ament_cmake_export_targets-extras.cmake
[7.048s] -- Up-to-date: /home/hubot/Documents/Github/RobotArmV1/src/install/robot_messages/share/robot_messages/cmake/rosidl_cmake_export_typesupport_targets-extras.cmake
[7.048s] -- Up-to-date: /home/hubot/Documents/Github/RobotArmV1/src/install/robot_messages/share/robot_messages/cmake/ament_cmake_export_dependencies-extras.cmake
[7.048s] -- Up-to-date: /home/hubot/Documents/Github/RobotArmV1/src/install/robot_messages/share/robot_messages/cmake/rosidl_cmake_export_typesupport_libraries-extras.cmake
[7.048s] -- Up-to-date: /home/hubot/Documents/Github/RobotArmV1/src/install/robot_messages/share/robot_messages/cmake/robot_messagesConfig.cmake
[7.048s] -- Up-to-date: /home/hubot/Documents/Github/RobotArmV1/src/install/robot_messages/share/robot_messages/cmake/robot_messagesConfig-version.cmake
[7.049s] -- Installing: /home/hubot/Documents/Github/RobotArmV1/src/install/robot_messages/share/robot_messages/package.xml
[7.049s] Invoked command in '/home/hubot/Documents/Github/RobotArmV1/src/build/robot_messages' returned '0': CMAKE_PREFIX_PATH=${CMAKE_PREFIX_PATH}:/home/hubot/Documents/Github/RobotArmV1/src/install/robot_controller:/home/hubot/Documents/Github/RobotArmV1/install/robot_controller:/opt/ros/humble /usr/bin/cmake --install /home/hubot/Documents/Github/RobotArmV1/src/build/robot_messages
