[0.340s] Invoking command in '/home/hubot/Documents/Github/RobotArmV1/build/robot_messages': CMAKE_PREFIX_PATH=${CMAKE_PREFIX_PATH}:/home/hubot/Documents/Github/RobotArmV1/install/robot_controller:/home/hubot/Documents/Github/RobotArmV1/src/install/robot_controller:/opt/ros/humble /usr/bin/cmake --build /home/hubot/Documents/Github/RobotArmV1/build/robot_messages -- -j4 -l4
[0.414s] [  2%] Built target robot_messages__cpp
[0.425s] [ 12%] Built target robot_messages__rosidl_generator_c
[0.447s] [ 12%] Built target ament_cmake_python_copy_robot_messages
[0.458s] [ 23%] Built target robot_messages__rosidl_typesupport_cpp
[0.533s] [ 33%] Built target robot_messages__rosidl_typesupport_fastrtps_c
[0.565s] [ 43%] Built target robot_messages__rosidl_typesupport_fastrtps_cpp
[0.624s] [ 53%] Built target robot_messages__rosidl_typesupport_introspection_c
[0.625s] [ 64%] Built target robot_messages__rosidl_typesupport_introspection_cpp
[0.643s] [ 74%] Built target robot_messages__rosidl_typesupport_c
[0.682s] [ 74%] Built target robot_messages
[0.721s] [ 76%] Built target robot_messages__py
[0.763s] [ 84%] Built target robot_messages__rosidl_generator_py
[0.804s] [ 89%] Built target robot_messages__rosidl_typesupport_introspection_c__pyext
[0.818s] [ 94%] Built target robot_messages__rosidl_typesupport_c__pyext
[0.822s] [100%] Built target robot_messages__rosidl_typesupport_fastrtps_c__pyext
[1.147s] running egg_info
[1.148s] writing robot_messages.egg-info/PKG-INFO
[1.149s] writing dependency_links to robot_messages.egg-info/dependency_links.txt
[1.150s] writing top-level names to robot_messages.egg-info/top_level.txt
[1.152s] reading manifest file 'robot_messages.egg-info/SOURCES.txt'
[1.153s] writing manifest file 'robot_messages.egg-info/SOURCES.txt'
[1.193s] [100%] Built target ament_cmake_python_build_robot_messages_egg
[1.209s] Invoked command in '/home/hubot/Documents/Github/RobotArmV1/build/robot_messages' returned '0': CMAKE_PREFIX_PATH=${CMAKE_PREFIX_PATH}:/home/hubot/Documents/Github/RobotArmV1/install/robot_controller:/home/hubot/Documents/Github/RobotArmV1/src/install/robot_controller:/opt/ros/humble /usr/bin/cmake --build /home/hubot/Documents/Github/RobotArmV1/build/robot_messages -- -j4 -l4
[1.308s] Invoking command in '/home/hubot/Documents/Github/RobotArmV1/build/robot_messages': CMAKE_PREFIX_PATH=${CMAKE_PREFIX_PATH}:/home/hubot/Documents/Github/RobotArmV1/install/robot_controller:/home/hubot/Documents/Github/RobotArmV1/src/install/robot_controller:/opt/ros/humble /usr/bin/cmake --install /home/hubot/Documents/Github/RobotArmV1/build/robot_messages
[1.320s] -- Install configuration: ""
[1.322s] -- Up-to-date: /home/hubot/Documents/Github/RobotArmV1/install/robot_messages/share/ament_index/resource_index/rosidl_interfaces/robot_messages
[1.323s] -- Up-to-date: /home/hubot/Documents/Github/RobotArmV1/install/robot_messages/include/robot_messages/robot_messages
[1.324s] -- Up-to-date: /home/hubot/Documents/Github/RobotArmV1/install/robot_messages/include/robot_messages/robot_messages/msg
[1.324s] -- Up-to-date: /home/hubot/Documents/Github/RobotArmV1/install/robot_messages/include/robot_messages/robot_messages/msg/trajectory_plan.h
[1.324s] -- Up-to-date: /home/hubot/Documents/Github/RobotArmV1/install/robot_messages/include/robot_messages/robot_messages/msg/detail
[1.324s] -- Up-to-date: /home/hubot/Documents/Github/RobotArmV1/install/robot_messages/include/robot_messages/robot_messages/msg/detail/trajectory_plan__type_support.h
[1.324s] -- Up-to-date: /home/hubot/Documents/Github/RobotArmV1/install/robot_messages/include/robot_messages/robot_messages/msg/detail/targetposition__functions.h
[1.325s] -- Up-to-date: /home/hubot/Documents/Github/RobotArmV1/install/robot_messages/include/robot_messages/robot_messages/msg/detail/num__functions.h
[1.325s] -- Up-to-date: /home/hubot/Documents/Github/RobotArmV1/install/robot_messages/include/robot_messages/robot_messages/msg/detail/trajectory_plan__functions.h
[1.325s] -- Up-to-date: /home/hubot/Documents/Github/RobotArmV1/install/robot_messages/include/robot_messages/robot_messages/msg/detail/num__functions.c
[1.325s] -- Up-to-date: /home/hubot/Documents/Github/RobotArmV1/install/robot_messages/include/robot_messages/robot_messages/msg/detail/trajectory_plan__struct.h
[1.325s] -- Up-to-date: /home/hubot/Documents/Github/RobotArmV1/install/robot_messages/include/robot_messages/robot_messages/msg/detail/num__type_support.h
[1.325s] -- Up-to-date: /home/hubot/Documents/Github/RobotArmV1/install/robot_messages/include/robot_messages/robot_messages/msg/detail/target_position__functions.c
[1.326s] -- Up-to-date: /home/hubot/Documents/Github/RobotArmV1/install/robot_messages/include/robot_messages/robot_messages/msg/detail/target_position__struct.h
[1.326s] -- Up-to-date: /home/hubot/Documents/Github/RobotArmV1/install/robot_messages/include/robot_messages/robot_messages/msg/detail/targetposition__struct.h
[1.326s] -- Up-to-date: /home/hubot/Documents/Github/RobotArmV1/install/robot_messages/include/robot_messages/robot_messages/msg/detail/targetposition__type_support.h
[1.326s] -- Up-to-date: /home/hubot/Documents/Github/RobotArmV1/install/robot_messages/include/robot_messages/robot_messages/msg/detail/trajectory_plan__functions.c
[1.326s] -- Up-to-date: /home/hubot/Documents/Github/RobotArmV1/install/robot_messages/include/robot_messages/robot_messages/msg/detail/target_position__functions.h
[1.326s] -- Up-to-date: /home/hubot/Documents/Github/RobotArmV1/install/robot_messages/include/robot_messages/robot_messages/msg/detail/num__struct.h
[1.327s] -- Up-to-date: /home/hubot/Documents/Github/RobotArmV1/install/robot_messages/include/robot_messages/robot_messages/msg/detail/targetposition__functions.c
[1.327s] -- Up-to-date: /home/hubot/Documents/Github/RobotArmV1/install/robot_messages/include/robot_messages/robot_messages/msg/detail/target_position__type_support.h
[1.327s] -- Up-to-date: /home/hubot/Documents/Github/RobotArmV1/install/robot_messages/include/robot_messages/robot_messages/msg/num.h
[1.327s] -- Up-to-date: /home/hubot/Documents/Github/RobotArmV1/install/robot_messages/include/robot_messages/robot_messages/msg/rosidl_generator_c__visibility_control.h
[1.327s] -- Up-to-date: /home/hubot/Documents/Github/RobotArmV1/install/robot_messages/include/robot_messages/robot_messages/msg/target_position.h
[1.327s] -- Up-to-date: /home/hubot/Documents/Github/RobotArmV1/install/robot_messages/include/robot_messages/robot_messages/msg/targetposition.h
[1.327s] -- Up-to-date: /home/hubot/Documents/Github/RobotArmV1/install/robot_messages/share/robot_messages/environment/library_path.sh
[1.328s] -- Up-to-date: /home/hubot/Documents/Github/RobotArmV1/install/robot_messages/share/robot_messages/environment/library_path.dsv
[1.328s] -- Up-to-date: /home/hubot/Documents/Github/RobotArmV1/install/robot_messages/lib/librobot_messages__rosidl_generator_c.so
[1.328s] -- Up-to-date: /home/hubot/Documents/Github/RobotArmV1/install/robot_messages/include/robot_messages/robot_messages
[1.328s] -- Up-to-date: /home/hubot/Documents/Github/RobotArmV1/install/robot_messages/include/robot_messages/robot_messages/msg
[1.328s] -- Up-to-date: /home/hubot/Documents/Github/RobotArmV1/install/robot_messages/include/robot_messages/robot_messages/msg/detail
[1.328s] -- Up-to-date: /home/hubot/Documents/Github/RobotArmV1/install/robot_messages/include/robot_messages/robot_messages/msg/detail/num__rosidl_typesupport_fastrtps_c.h
[1.329s] -- Up-to-date: /home/hubot/Documents/Github/RobotArmV1/install/robot_messages/include/robot_messages/robot_messages/msg/detail/targetposition__rosidl_typesupport_fastrtps_c.h
[1.329s] -- Up-to-date: /home/hubot/Documents/Github/RobotArmV1/install/robot_messages/include/robot_messages/robot_messages/msg/detail/trajectory_plan__rosidl_typesupport_fastrtps_c.h
[1.329s] -- Up-to-date: /home/hubot/Documents/Github/RobotArmV1/install/robot_messages/include/robot_messages/robot_messages/msg/detail/target_position__rosidl_typesupport_fastrtps_c.h
[1.329s] -- Up-to-date: /home/hubot/Documents/Github/RobotArmV1/install/robot_messages/include/robot_messages/robot_messages/msg/rosidl_typesupport_fastrtps_c__visibility_control.h
[1.330s] -- Up-to-date: /home/hubot/Documents/Github/RobotArmV1/install/robot_messages/lib/librobot_messages__rosidl_typesupport_fastrtps_c.so
[1.330s] -- Up-to-date: /home/hubot/Documents/Github/RobotArmV1/install/robot_messages/include/robot_messages/robot_messages
[1.330s] -- Up-to-date: /home/hubot/Documents/Github/RobotArmV1/install/robot_messages/include/robot_messages/robot_messages/msg
[1.330s] -- Up-to-date: /home/hubot/Documents/Github/RobotArmV1/install/robot_messages/include/robot_messages/robot_messages/msg/detail
[1.330s] -- Up-to-date: /home/hubot/Documents/Github/RobotArmV1/install/robot_messages/include/robot_messages/robot_messages/msg/detail/trajectory_plan__rosidl_typesupport_introspection_c.h
[1.330s] -- Up-to-date: /home/hubot/Documents/Github/RobotArmV1/install/robot_messages/include/robot_messages/robot_messages/msg/detail/target_position__type_support.c
[1.331s] -- Up-to-date: /home/hubot/Documents/Github/RobotArmV1/install/robot_messages/include/robot_messages/robot_messages/msg/detail/num__rosidl_typesupport_introspection_c.h
[1.331s] -- Up-to-date: /home/hubot/Documents/Github/RobotArmV1/install/robot_messages/include/robot_messages/robot_messages/msg/detail/trajectory_plan__type_support.c
[1.331s] -- Up-to-date: /home/hubot/Documents/Github/RobotArmV1/install/robot_messages/include/robot_messages/robot_messages/msg/detail/target_position__rosidl_typesupport_introspection_c.h
[1.331s] -- Up-to-date: /home/hubot/Documents/Github/RobotArmV1/install/robot_messages/include/robot_messages/robot_messages/msg/detail/targetposition__rosidl_typesupport_introspection_c.h
[1.331s] -- Up-to-date: /home/hubot/Documents/Github/RobotArmV1/install/robot_messages/include/robot_messages/robot_messages/msg/detail/targetposition__type_support.c
[1.331s] -- Up-to-date: /home/hubot/Documents/Github/RobotArmV1/install/robot_messages/include/robot_messages/robot_messages/msg/detail/num__type_support.c
[1.331s] -- Up-to-date: /home/hubot/Documents/Github/RobotArmV1/install/robot_messages/include/robot_messages/robot_messages/msg/rosidl_typesupport_introspection_c__visibility_control.h
[1.332s] -- Up-to-date: /home/hubot/Documents/Github/RobotArmV1/install/robot_messages/lib/librobot_messages__rosidl_typesupport_introspection_c.so
[1.332s] -- Up-to-date: /home/hubot/Documents/Github/RobotArmV1/install/robot_messages/lib/librobot_messages__rosidl_typesupport_c.so
[1.332s] -- Up-to-date: /home/hubot/Documents/Github/RobotArmV1/install/robot_messages/include/robot_messages/robot_messages
[1.332s] -- Up-to-date: /home/hubot/Documents/Github/RobotArmV1/install/robot_messages/include/robot_messages/robot_messages/msg
[1.332s] -- Up-to-date: /home/hubot/Documents/Github/RobotArmV1/install/robot_messages/include/robot_messages/robot_messages/msg/detail
[1.332s] -- Up-to-date: /home/hubot/Documents/Github/RobotArmV1/install/robot_messages/include/robot_messages/robot_messages/msg/detail/target_position__builder.hpp
[1.332s] -- Up-to-date: /home/hubot/Documents/Github/RobotArmV1/install/robot_messages/include/robot_messages/robot_messages/msg/detail/num__traits.hpp
[1.332s] -- Up-to-date: /home/hubot/Documents/Github/RobotArmV1/install/robot_messages/include/robot_messages/robot_messages/msg/detail/trajectory_plan__traits.hpp
[1.333s] -- Up-to-date: /home/hubot/Documents/Github/RobotArmV1/install/robot_messages/include/robot_messages/robot_messages/msg/detail/target_position__struct.hpp
[1.333s] -- Up-to-date: /home/hubot/Documents/Github/RobotArmV1/install/robot_messages/include/robot_messages/robot_messages/msg/detail/num__struct.hpp
[1.333s] -- Up-to-date: /home/hubot/Documents/Github/RobotArmV1/install/robot_messages/include/robot_messages/robot_messages/msg/detail/targetposition__builder.hpp
[1.333s] -- Up-to-date: /home/hubot/Documents/Github/RobotArmV1/install/robot_messages/include/robot_messages/robot_messages/msg/detail/num__builder.hpp
[1.333s] -- Up-to-date: /home/hubot/Documents/Github/RobotArmV1/install/robot_messages/include/robot_messages/robot_messages/msg/detail/trajectory_plan__struct.hpp
[1.333s] -- Up-to-date: /home/hubot/Documents/Github/RobotArmV1/install/robot_messages/include/robot_messages/robot_messages/msg/detail/trajectory_plan__builder.hpp
[1.333s] -- Up-to-date: /home/hubot/Documents/Github/RobotArmV1/install/robot_messages/include/robot_messages/robot_messages/msg/detail/target_position__traits.hpp
[1.334s] -- Up-to-date: /home/hubot/Documents/Github/RobotArmV1/install/robot_messages/include/robot_messages/robot_messages/msg/detail/targetposition__traits.hpp
[1.334s] -- Up-to-date: /home/hubot/Documents/Github/RobotArmV1/install/robot_messages/include/robot_messages/robot_messages/msg/detail/targetposition__struct.hpp
[1.334s] -- Up-to-date: /home/hubot/Documents/Github/RobotArmV1/install/robot_messages/include/robot_messages/robot_messages/msg/targetposition.hpp
[1.334s] -- Up-to-date: /home/hubot/Documents/Github/RobotArmV1/install/robot_messages/include/robot_messages/robot_messages/msg/target_position.hpp
[1.334s] -- Up-to-date: /home/hubot/Documents/Github/RobotArmV1/install/robot_messages/include/robot_messages/robot_messages/msg/trajectory_plan.hpp
[1.334s] -- Up-to-date: /home/hubot/Documents/Github/RobotArmV1/install/robot_messages/include/robot_messages/robot_messages/msg/num.hpp
[1.334s] -- Up-to-date: /home/hubot/Documents/Github/RobotArmV1/install/robot_messages/include/robot_messages/robot_messages
[1.335s] -- Up-to-date: /home/hubot/Documents/Github/RobotArmV1/install/robot_messages/include/robot_messages/robot_messages/msg
[1.335s] -- Up-to-date: /home/hubot/Documents/Github/RobotArmV1/install/robot_messages/include/robot_messages/robot_messages/msg/detail
[1.335s] -- Up-to-date: /home/hubot/Documents/Github/RobotArmV1/install/robot_messages/include/robot_messages/robot_messages/msg/detail/targetposition__rosidl_typesupport_fastrtps_cpp.hpp
[1.335s] -- Up-to-date: /home/hubot/Documents/Github/RobotArmV1/install/robot_messages/include/robot_messages/robot_messages/msg/detail/target_position__rosidl_typesupport_fastrtps_cpp.hpp
[1.335s] -- Up-to-date: /home/hubot/Documents/Github/RobotArmV1/install/robot_messages/include/robot_messages/robot_messages/msg/detail/dds_fastrtps
[1.343s] -- Up-to-date: /home/hubot/Documents/Github/RobotArmV1/install/robot_messages/include/robot_messages/robot_messages/msg/detail/trajectory_plan__rosidl_typesupport_fastrtps_cpp.hpp
[1.343s] -- Up-to-date: /home/hubot/Documents/Github/RobotArmV1/install/robot_messages/include/robot_messages/robot_messages/msg/detail/num__rosidl_typesupport_fastrtps_cpp.hpp
[1.358s] -- Up-to-date: /home/hubot/Documents/Github/RobotArmV1/install/robot_messages/include/robot_messages/robot_messages/msg/rosidl_typesupport_fastrtps_cpp__visibility_control.h
[1.358s] -- Up-to-date: /home/hubot/Documents/Github/RobotArmV1/install/robot_messages/lib/librobot_messages__rosidl_typesupport_fastrtps_cpp.so
[1.359s] -- Up-to-date: /home/hubot/Documents/Github/RobotArmV1/install/robot_messages/include/robot_messages/robot_messages
[1.359s] -- Up-to-date: /home/hubot/Documents/Github/RobotArmV1/install/robot_messages/include/robot_messages/robot_messages/msg
[1.359s] -- Up-to-date: /home/hubot/Documents/Github/RobotArmV1/install/robot_messages/include/robot_messages/robot_messages/msg/detail
[1.359s] -- Up-to-date: /home/hubot/Documents/Github/RobotArmV1/install/robot_messages/include/robot_messages/robot_messages/msg/detail/targetposition__type_support.cpp
[1.359s] -- Up-to-date: /home/hubot/Documents/Github/RobotArmV1/install/robot_messages/include/robot_messages/robot_messages/msg/detail/trajectory_plan__type_support.cpp
[1.360s] -- Up-to-date: /home/hubot/Documents/Github/RobotArmV1/install/robot_messages/include/robot_messages/robot_messages/msg/detail/target_position__type_support.cpp
[1.360s] -- Up-to-date: /home/hubot/Documents/Github/RobotArmV1/install/robot_messages/include/robot_messages/robot_messages/msg/detail/target_position__rosidl_typesupport_introspection_cpp.hpp
[1.360s] -- Up-to-date: /home/hubot/Documents/Github/RobotArmV1/install/robot_messages/include/robot_messages/robot_messages/msg/detail/num__rosidl_typesupport_introspection_cpp.hpp
[1.360s] -- Up-to-date: /home/hubot/Documents/Github/RobotArmV1/install/robot_messages/include/robot_messages/robot_messages/msg/detail/targetposition__rosidl_typesupport_introspection_cpp.hpp
[1.360s] -- Up-to-date: /home/hubot/Documents/Github/RobotArmV1/install/robot_messages/include/robot_messages/robot_messages/msg/detail/num__type_support.cpp
[1.360s] -- Up-to-date: /home/hubot/Documents/Github/RobotArmV1/install/robot_messages/include/robot_messages/robot_messages/msg/detail/trajectory_plan__rosidl_typesupport_introspection_cpp.hpp
[1.360s] -- Up-to-date: /home/hubot/Documents/Github/RobotArmV1/install/robot_messages/lib/librobot_messages__rosidl_typesupport_introspection_cpp.so
[1.361s] -- Up-to-date: /home/hubot/Documents/Github/RobotArmV1/install/robot_messages/lib/librobot_messages__rosidl_typesupport_cpp.so
[1.361s] -- Up-to-date: /home/hubot/Documents/Github/RobotArmV1/install/robot_messages/share/robot_messages/environment/pythonpath.sh
[1.361s] -- Up-to-date: /home/hubot/Documents/Github/RobotArmV1/install/robot_messages/share/robot_messages/environment/pythonpath.dsv
[1.361s] -- Up-to-date: /home/hubot/Documents/Github/RobotArmV1/install/robot_messages/local/lib/python3.10/dist-packages/robot_messages-0.0.0-py3.10.egg-info
[1.361s] -- Installing: /home/hubot/Documents/Github/RobotArmV1/install/robot_messages/local/lib/python3.10/dist-packages/robot_messages-0.0.0-py3.10.egg-info/SOURCES.txt
[1.361s] -- Installing: /home/hubot/Documents/Github/RobotArmV1/install/robot_messages/local/lib/python3.10/dist-packages/robot_messages-0.0.0-py3.10.egg-info/top_level.txt
[1.361s] -- Installing: /home/hubot/Documents/Github/RobotArmV1/install/robot_messages/local/lib/python3.10/dist-packages/robot_messages-0.0.0-py3.10.egg-info/dependency_links.txt
[1.362s] -- Installing: /home/hubot/Documents/Github/RobotArmV1/install/robot_messages/local/lib/python3.10/dist-packages/robot_messages-0.0.0-py3.10.egg-info/PKG-INFO
[1.362s] -- Up-to-date: /home/hubot/Documents/Github/RobotArmV1/install/robot_messages/local/lib/python3.10/dist-packages/robot_messages
[1.362s] -- Up-to-date: /home/hubot/Documents/Github/RobotArmV1/install/robot_messages/local/lib/python3.10/dist-packages/robot_messages/robot_messages_s__rosidl_typesupport_introspection_c.cpython-310-x86_64-linux-gnu.so
[1.362s] -- Up-to-date: /home/hubot/Documents/Github/RobotArmV1/install/robot_messages/local/lib/python3.10/dist-packages/robot_messages/_robot_messages_s.ep.rosidl_typesupport_c.c
[1.362s] -- Up-to-date: /home/hubot/Documents/Github/RobotArmV1/install/robot_messages/local/lib/python3.10/dist-packages/robot_messages/_robot_messages_s.ep.rosidl_typesupport_introspection_c.c
[1.362s] -- Up-to-date: /home/hubot/Documents/Github/RobotArmV1/install/robot_messages/local/lib/python3.10/dist-packages/robot_messages/_robot_messages_s.ep.rosidl_typesupport_fastrtps_c.c
[1.363s] -- Up-to-date: /home/hubot/Documents/Github/RobotArmV1/install/robot_messages/local/lib/python3.10/dist-packages/robot_messages/librobot_messages__rosidl_generator_py.so
[1.363s] -- Up-to-date: /home/hubot/Documents/Github/RobotArmV1/install/robot_messages/local/lib/python3.10/dist-packages/robot_messages/__init__.py
[1.363s] -- Up-to-date: /home/hubot/Documents/Github/RobotArmV1/install/robot_messages/local/lib/python3.10/dist-packages/robot_messages/robot_messages_s__rosidl_typesupport_c.cpython-310-x86_64-linux-gnu.so
[1.363s] -- Up-to-date: /home/hubot/Documents/Github/RobotArmV1/install/robot_messages/local/lib/python3.10/dist-packages/robot_messages/robot_messages_s__rosidl_typesupport_fastrtps_c.cpython-310-x86_64-linux-gnu.so
[1.363s] -- Up-to-date: /home/hubot/Documents/Github/RobotArmV1/install/robot_messages/local/lib/python3.10/dist-packages/robot_messages/msg
[1.363s] -- Up-to-date: /home/hubot/Documents/Github/RobotArmV1/install/robot_messages/local/lib/python3.10/dist-packages/robot_messages/msg/_num_s.c
[1.363s] -- Up-to-date: /home/hubot/Documents/Github/RobotArmV1/install/robot_messages/local/lib/python3.10/dist-packages/robot_messages/msg/_trajectory_plan.py
[1.364s] -- Up-to-date: /home/hubot/Documents/Github/RobotArmV1/install/robot_messages/local/lib/python3.10/dist-packages/robot_messages/msg/_trajectory_plan_s.c
[1.364s] -- Up-to-date: /home/hubot/Documents/Github/RobotArmV1/install/robot_messages/local/lib/python3.10/dist-packages/robot_messages/msg/_num.py
[1.364s] -- Up-to-date: /home/hubot/Documents/Github/RobotArmV1/install/robot_messages/local/lib/python3.10/dist-packages/robot_messages/msg/_targetposition.py
[1.364s] -- Up-to-date: /home/hubot/Documents/Github/RobotArmV1/install/robot_messages/local/lib/python3.10/dist-packages/robot_messages/msg/_target_position.py
[1.364s] -- Up-to-date: /home/hubot/Documents/Github/RobotArmV1/install/robot_messages/local/lib/python3.10/dist-packages/robot_messages/msg/_targetposition_s.c
[1.364s] -- Up-to-date: /home/hubot/Documents/Github/RobotArmV1/install/robot_messages/local/lib/python3.10/dist-packages/robot_messages/msg/__init__.py
[1.364s] -- Up-to-date: /home/hubot/Documents/Github/RobotArmV1/install/robot_messages/local/lib/python3.10/dist-packages/robot_messages/msg/_target_position_s.c
[1.405s] Listing '/home/hubot/Documents/Github/RobotArmV1/install/robot_messages/local/lib/python3.10/dist-packages/robot_messages'...
[1.405s] Listing '/home/hubot/Documents/Github/RobotArmV1/install/robot_messages/local/lib/python3.10/dist-packages/robot_messages/msg'...
[1.408s] -- Up-to-date: /home/hubot/Documents/Github/RobotArmV1/install/robot_messages/local/lib/python3.10/dist-packages/robot_messages/robot_messages_s__rosidl_typesupport_fastrtps_c.cpython-310-x86_64-linux-gnu.so
[1.409s] -- Up-to-date: /home/hubot/Documents/Github/RobotArmV1/install/robot_messages/local/lib/python3.10/dist-packages/robot_messages/robot_messages_s__rosidl_typesupport_introspection_c.cpython-310-x86_64-linux-gnu.so
[1.409s] -- Up-to-date: /home/hubot/Documents/Github/RobotArmV1/install/robot_messages/local/lib/python3.10/dist-packages/robot_messages/robot_messages_s__rosidl_typesupport_c.cpython-310-x86_64-linux-gnu.so
[1.409s] -- Up-to-date: /home/hubot/Documents/Github/RobotArmV1/install/robot_messages/lib/librobot_messages__rosidl_generator_py.so
[1.411s] -- Up-to-date: /home/hubot/Documents/Github/RobotArmV1/install/robot_messages/share/robot_messages/msg/TrajectoryPlan.idl
[1.411s] -- Up-to-date: /home/hubot/Documents/Github/RobotArmV1/install/robot_messages/share/robot_messages/msg/TargetPosition.idl
[1.411s] -- Up-to-date: /home/hubot/Documents/Github/RobotArmV1/install/robot_messages/share/robot_messages/msg/TrajectoryPlan.msg
[1.411s] -- Up-to-date: /home/hubot/Documents/Github/RobotArmV1/install/robot_messages/share/robot_messages/msg/TargetPosition.msg
[1.412s] -- Up-to-date: /home/hubot/Documents/Github/RobotArmV1/install/robot_messages/share/ament_index/resource_index/package_run_dependencies/robot_messages
[1.412s] -- Up-to-date: /home/hubot/Documents/Github/RobotArmV1/install/robot_messages/share/ament_index/resource_index/parent_prefix_path/robot_messages
[1.412s] -- Up-to-date: /home/hubot/Documents/Github/RobotArmV1/install/robot_messages/share/robot_messages/environment/ament_prefix_path.sh
[1.412s] -- Up-to-date: /home/hubot/Documents/Github/RobotArmV1/install/robot_messages/share/robot_messages/environment/ament_prefix_path.dsv
[1.413s] -- Up-to-date: /home/hubot/Documents/Github/RobotArmV1/install/robot_messages/share/robot_messages/environment/path.sh
[1.413s] -- Up-to-date: /home/hubot/Documents/Github/RobotArmV1/install/robot_messages/share/robot_messages/environment/path.dsv
[1.413s] -- Up-to-date: /home/hubot/Documents/Github/RobotArmV1/install/robot_messages/share/robot_messages/local_setup.bash
[1.413s] -- Up-to-date: /home/hubot/Documents/Github/RobotArmV1/install/robot_messages/share/robot_messages/local_setup.sh
[1.413s] -- Up-to-date: /home/hubot/Documents/Github/RobotArmV1/install/robot_messages/share/robot_messages/local_setup.zsh
[1.414s] -- Up-to-date: /home/hubot/Documents/Github/RobotArmV1/install/robot_messages/share/robot_messages/local_setup.dsv
[1.414s] -- Installing: /home/hubot/Documents/Github/RobotArmV1/install/robot_messages/share/robot_messages/package.dsv
[1.414s] -- Up-to-date: /home/hubot/Documents/Github/RobotArmV1/install/robot_messages/share/ament_index/resource_index/packages/robot_messages
[1.414s] -- Up-to-date: /home/hubot/Documents/Github/RobotArmV1/install/robot_messages/share/robot_messages/cmake/export_robot_messages__rosidl_generator_cExport.cmake
[1.415s] -- Up-to-date: /home/hubot/Documents/Github/RobotArmV1/install/robot_messages/share/robot_messages/cmake/export_robot_messages__rosidl_generator_cExport-noconfig.cmake
[1.415s] -- Up-to-date: /home/hubot/Documents/Github/RobotArmV1/install/robot_messages/share/robot_messages/cmake/export_robot_messages__rosidl_typesupport_fastrtps_cExport.cmake
[1.415s] -- Up-to-date: /home/hubot/Documents/Github/RobotArmV1/install/robot_messages/share/robot_messages/cmake/export_robot_messages__rosidl_typesupport_fastrtps_cExport-noconfig.cmake
[1.420s] -- Up-to-date: /home/hubot/Documents/Github/RobotArmV1/install/robot_messages/share/robot_messages/cmake/robot_messages__rosidl_typesupport_introspection_cExport.cmake
[1.425s] -- Up-to-date: /home/hubot/Documents/Github/RobotArmV1/install/robot_messages/share/robot_messages/cmake/robot_messages__rosidl_typesupport_introspection_cExport-noconfig.cmake
[1.425s] -- Up-to-date: /home/hubot/Documents/Github/RobotArmV1/install/robot_messages/share/robot_messages/cmake/robot_messages__rosidl_typesupport_cExport.cmake
[1.426s] -- Up-to-date: /home/hubot/Documents/Github/RobotArmV1/install/robot_messages/share/robot_messages/cmake/robot_messages__rosidl_typesupport_cExport-noconfig.cmake
[1.426s] -- Up-to-date: /home/hubot/Documents/Github/RobotArmV1/install/robot_messages/share/robot_messages/cmake/export_robot_messages__rosidl_generator_cppExport.cmake
[1.427s] -- Up-to-date: /home/hubot/Documents/Github/RobotArmV1/install/robot_messages/share/robot_messages/cmake/export_robot_messages__rosidl_typesupport_fastrtps_cppExport.cmake
[1.427s] -- Up-to-date: /home/hubot/Documents/Github/RobotArmV1/install/robot_messages/share/robot_messages/cmake/export_robot_messages__rosidl_typesupport_fastrtps_cppExport-noconfig.cmake
[1.427s] -- Up-to-date: /home/hubot/Documents/Github/RobotArmV1/install/robot_messages/share/robot_messages/cmake/robot_messages__rosidl_typesupport_introspection_cppExport.cmake
[1.427s] -- Up-to-date: /home/hubot/Documents/Github/RobotArmV1/install/robot_messages/share/robot_messages/cmake/robot_messages__rosidl_typesupport_introspection_cppExport-noconfig.cmake
[1.428s] -- Up-to-date: /home/hubot/Documents/Github/RobotArmV1/install/robot_messages/share/robot_messages/cmake/robot_messages__rosidl_typesupport_cppExport.cmake
[1.428s] -- Up-to-date: /home/hubot/Documents/Github/RobotArmV1/install/robot_messages/share/robot_messages/cmake/robot_messages__rosidl_typesupport_cppExport-noconfig.cmake
[1.428s] -- Up-to-date: /home/hubot/Documents/Github/RobotArmV1/install/robot_messages/share/robot_messages/cmake/export_robot_messages__rosidl_generator_pyExport.cmake
[1.429s] -- Up-to-date: /home/hubot/Documents/Github/RobotArmV1/install/robot_messages/share/robot_messages/cmake/export_robot_messages__rosidl_generator_pyExport-noconfig.cmake
[1.429s] -- Up-to-date: /home/hubot/Documents/Github/RobotArmV1/install/robot_messages/share/robot_messages/cmake/rosidl_cmake-extras.cmake
[1.429s] -- Up-to-date: /home/hubot/Documents/Github/RobotArmV1/install/robot_messages/share/robot_messages/cmake/ament_cmake_export_include_directories-extras.cmake
[1.430s] -- Up-to-date: /home/hubot/Documents/Github/RobotArmV1/install/robot_messages/share/robot_messages/cmake/ament_cmake_export_libraries-extras.cmake
[1.431s] -- Up-to-date: /home/hubot/Documents/Github/RobotArmV1/install/robot_messages/share/robot_messages/cmake/ament_cmake_export_targets-extras.cmake
[1.431s] -- Up-to-date: /home/hubot/Documents/Github/RobotArmV1/install/robot_messages/share/robot_messages/cmake/rosidl_cmake_export_typesupport_targets-extras.cmake
[1.431s] -- Up-to-date: /home/hubot/Documents/Github/RobotArmV1/install/robot_messages/share/robot_messages/cmake/ament_cmake_export_dependencies-extras.cmake
[1.431s] -- Up-to-date: /home/hubot/Documents/Github/RobotArmV1/install/robot_messages/share/robot_messages/cmake/rosidl_cmake_export_typesupport_libraries-extras.cmake
[1.431s] -- Up-to-date: /home/hubot/Documents/Github/RobotArmV1/install/robot_messages/share/robot_messages/cmake/robot_messagesConfig.cmake
[1.432s] -- Up-to-date: /home/hubot/Documents/Github/RobotArmV1/install/robot_messages/share/robot_messages/cmake/robot_messagesConfig-version.cmake
[1.433s] -- Up-to-date: /home/hubot/Documents/Github/RobotArmV1/install/robot_messages/share/robot_messages/package.xml
[1.433s] Invoked command in '/home/hubot/Documents/Github/RobotArmV1/build/robot_messages' returned '0': CMAKE_PREFIX_PATH=${CMAKE_PREFIX_PATH}:/home/hubot/Documents/Github/RobotArmV1/install/robot_controller:/home/hubot/Documents/Github/RobotArmV1/src/install/robot_controller:/opt/ros/humble /usr/bin/cmake --install /home/hubot/Documents/Github/RobotArmV1/build/robot_messages
