[0.697s] Invoking command in '/home/hubot/Documents/Github/RobotArmV1/build/robot_controller': PYTHONPATH=/home/hubot/Documents/Github/RobotArmV1/build/robot_controller/prefix_override:/home/hubot/Documents/Github/RobotArmV1/install/robot_controller/lib/python3.10/site-packages:${PYTHONPATH} /usr/bin/python3 setup.py develop --uninstall --editable --build-directory /home/hubot/Documents/Github/RobotArmV1/build/robot_controller/build
[0.992s] running develop
[1.181s] Removing /home/hubot/Documents/Github/RobotArmV1/install/robot_controller/lib/python3.10/site-packages/robot-controller.egg-link (link to .)
[1.220s] Invoked command in '/home/hubot/Documents/Github/RobotArmV1/build/robot_controller' returned '0': PYTHONPATH=/home/hubot/Documents/Github/RobotArmV1/build/robot_controller/prefix_override:/home/hubot/Documents/Github/RobotArmV1/install/robot_controller/lib/python3.10/site-packages:${PYTHONPATH} /usr/bin/python3 setup.py develop --uninstall --editable --build-directory /home/hubot/Documents/Github/RobotArmV1/build/robot_controller/build
[1.223s] Invoking command in '/home/hubot/Documents/Github/RobotArmV1/src/robot_controller': PYTHONPATH=/home/hubot/Documents/Github/RobotArmV1/build/robot_controller/prefix_override:/home/hubot/Documents/Github/RobotArmV1/install/robot_controller/lib/python3.10/site-packages:${PYTHONPATH} /usr/bin/python3 setup.py egg_info --egg-base ../../build/robot_controller build --build-base /home/hubot/Documents/Github/RobotArmV1/build/robot_controller/build install --record /home/hubot/Documents/Github/RobotArmV1/build/robot_controller/install.log --single-version-externally-managed
[1.508s] running egg_info
[1.509s] writing ../../build/robot_controller/robot_controller.egg-info/PKG-INFO
[1.509s] writing dependency_links to ../../build/robot_controller/robot_controller.egg-info/dependency_links.txt
[1.509s] writing entry points to ../../build/robot_controller/robot_controller.egg-info/entry_points.txt
[1.510s] writing requirements to ../../build/robot_controller/robot_controller.egg-info/requires.txt
[1.510s] writing top-level names to ../../build/robot_controller/robot_controller.egg-info/top_level.txt
[1.512s] reading manifest file '../../build/robot_controller/robot_controller.egg-info/SOURCES.txt'
[1.513s] writing manifest file '../../build/robot_controller/robot_controller.egg-info/SOURCES.txt'
[1.513s] running build
[1.513s] running build_py
[1.513s] copying robot_controller/test_node.py -> /home/hubot/Documents/Github/RobotArmV1/build/robot_controller/build/lib/robot_controller
[1.514s] copying robot_controller/test_subscriber.py -> /home/hubot/Documents/Github/RobotArmV1/build/robot_controller/build/lib/robot_controller
[1.514s] copying robot_controller/test_publisher.py -> /home/hubot/Documents/Github/RobotArmV1/build/robot_controller/build/lib/robot_controller
[1.514s] running install
[1.515s] running install_lib
[1.516s] creating /home/hubot/Documents/Github/RobotArmV1/install/robot_controller/lib/python3.10/site-packages/robot_controller
[1.516s] copying /home/hubot/Documents/Github/RobotArmV1/build/robot_controller/build/lib/robot_controller/test_node.py -> /home/hubot/Documents/Github/RobotArmV1/install/robot_controller/lib/python3.10/site-packages/robot_controller
[1.516s] copying /home/hubot/Documents/Github/RobotArmV1/build/robot_controller/build/lib/robot_controller/test_subscriber.py -> /home/hubot/Documents/Github/RobotArmV1/install/robot_controller/lib/python3.10/site-packages/robot_controller
[1.516s] copying /home/hubot/Documents/Github/RobotArmV1/build/robot_controller/build/lib/robot_controller/__init__.py -> /home/hubot/Documents/Github/RobotArmV1/install/robot_controller/lib/python3.10/site-packages/robot_controller
[1.516s] copying /home/hubot/Documents/Github/RobotArmV1/build/robot_controller/build/lib/robot_controller/test_publisher.py -> /home/hubot/Documents/Github/RobotArmV1/install/robot_controller/lib/python3.10/site-packages/robot_controller
[1.517s] byte-compiling /home/hubot/Documents/Github/RobotArmV1/install/robot_controller/lib/python3.10/site-packages/robot_controller/test_node.py to test_node.cpython-310.pyc
[1.517s] byte-compiling /home/hubot/Documents/Github/RobotArmV1/install/robot_controller/lib/python3.10/site-packages/robot_controller/test_subscriber.py to test_subscriber.cpython-310.pyc
[1.518s] byte-compiling /home/hubot/Documents/Github/RobotArmV1/install/robot_controller/lib/python3.10/site-packages/robot_controller/__init__.py to __init__.cpython-310.pyc
[1.518s] byte-compiling /home/hubot/Documents/Github/RobotArmV1/install/robot_controller/lib/python3.10/site-packages/robot_controller/test_publisher.py to test_publisher.cpython-310.pyc
[1.518s] running install_data
[1.519s] copying package.xml -> /home/hubot/Documents/Github/RobotArmV1/install/robot_controller/share/robot_controller
[1.519s] running install_egg_info
[1.521s] Copying ../../build/robot_controller/robot_controller.egg-info to /home/hubot/Documents/Github/RobotArmV1/install/robot_controller/lib/python3.10/site-packages/robot_controller-0.0.0-py3.10.egg-info
[1.522s] running install_scripts
[1.544s] Installing test_node = robot_controller.test_node:maintest_subscriber script to /home/hubot/Documents/Github/RobotArmV1/install/robot_controller/lib/robot_controller
[1.545s] writing list of installed files to '/home/hubot/Documents/Github/RobotArmV1/build/robot_controller/install.log'
[1.579s] Invoked command in '/home/hubot/Documents/Github/RobotArmV1/src/robot_controller' returned '0': PYTHONPATH=/home/hubot/Documents/Github/RobotArmV1/build/robot_controller/prefix_override:/home/hubot/Documents/Github/RobotArmV1/install/robot_controller/lib/python3.10/site-packages:${PYTHONPATH} /usr/bin/python3 setup.py egg_info --egg-base ../../build/robot_controller build --build-base /home/hubot/Documents/Github/RobotArmV1/build/robot_controller/build install --record /home/hubot/Documents/Github/RobotArmV1/build/robot_controller/install.log --single-version-externally-managed
