[0.347s] Invoking command in '/home/hubot/Documents/Github/RobotArmV1/src/build/robot_messages': CMAKE_PREFIX_PATH=${CMAKE_PREFIX_PATH}:/home/hubot/Documents/Github/RobotArmV1/install/robot_controller:/home/hubot/Documents/Github/RobotArmV1/src/install/robot_controller:/opt/ros/humble /usr/bin/cmake --build /home/hubot/Documents/Github/RobotArmV1/src/build/robot_messages -- -j4 -l4
[0.377s] -- Found ament_cmake: 1.3.5 (/opt/ros/humble/share/ament_cmake/cmake)
[0.684s] -- Found rosidl_default_generators: 1.2.0 (/opt/ros/humble/share/rosidl_default_generators/cmake)
[0.686s] -- Using all available rosidl_typesupport_c: rosidl_typesupport_fastrtps_c;rosidl_typesupport_introspection_c
[0.690s] -- Found rosidl_adapter: 3.1.5 (/opt/ros/humble/share/rosidl_adapter/cmake)
[0.733s] -- Using all available rosidl_typesupport_cpp: rosidl_typesupport_fastrtps_cpp;rosidl_typesupport_introspection_cpp
[1.135s] -- Found ament_cmake_ros: 0.10.0 (/opt/ros/humble/share/ament_cmake_ros/cmake)
[1.369s] -- Using all available rosidl_typesupport_c: rosidl_typesupport_fastrtps_c;rosidl_typesupport_introspection_c
[1.660s] -- Using all available rosidl_typesupport_cpp: rosidl_typesupport_fastrtps_cpp;rosidl_typesupport_introspection_cpp
[1.686s] -- Found python_cmake_module: 0.10.0 (/opt/ros/humble/share/python_cmake_module/cmake)
[1.712s] -- Using PYTHON_EXECUTABLE: /usr/bin/python3
[1.712s] -- Using PYTHON_INCLUDE_DIRS: /usr/include/python3.10
[1.712s] -- Using PYTHON_LIBRARIES: /usr/lib/x86_64-linux-gnu/libpython3.10.so
[1.731s] -- Found ament_lint_auto: 0.12.7 (/opt/ros/humble/share/ament_lint_auto/cmake)
[1.745s] -- Added test 'flake8' to check Python code syntax and style conventions
[1.746s] -- Added test 'lint_cmake' to check CMake code style
[1.747s] -- Added test 'pep257' to check Python code against some of the docstring style conventions in PEP 257
[1.750s] -- Added test 'xmllint' to check XML markup files
[1.752s] -- Configuring done
[1.787s] -- Generating done
[1.791s] -- Build files have been written to: /home/hubot/Documents/Github/RobotArmV1/src/build/robot_messages
[1.825s] [  2%] [34m[1mGenerating C code for ROS interfaces[0m
[1.849s] [  5%] [34m[1mGenerating C++ code for ROS interfaces[0m
[1.860s] [  5%] Built target ament_cmake_python_copy_robot_messages
[2.489s] running egg_info
[2.490s] writing robot_messages.egg-info/PKG-INFO
[2.492s] writing dependency_links to robot_messages.egg-info/dependency_links.txt
[2.494s] writing top-level names to robot_messages.egg-info/top_level.txt
[2.502s] reading manifest file 'robot_messages.egg-info/SOURCES.txt'
[2.504s] writing manifest file 'robot_messages.egg-info/SOURCES.txt'
[2.579s] [  5%] Built target ament_cmake_python_build_robot_messages_egg
[2.596s] [35m[1mConsolidate compiler generated dependencies of target robot_messages__rosidl_generator_c[0m
[2.636s] [  7%] [32mBuilding C object CMakeFiles/robot_messages__rosidl_generator_c.dir/rosidl_generator_c/robot_messages/msg/detail/num__functions.c.o[0m
[2.650s] [ 10%] [32mBuilding C object CMakeFiles/robot_messages__rosidl_generator_c.dir/rosidl_generator_c/robot_messages/msg/detail/targetposition__functions.c.o[0m
[2.652s] [ 10%] Built target robot_messages__cpp
[2.671s] [ 12%] [34m[1mGenerating C++ type support for eProsima Fast-RTPS[0m
[2.687s] [ 15%] [34m[1mGenerating C++ type support dispatch for ROS interfaces[0m
[2.751s] [ 17%] [34m[1mGenerating C++ introspection for ROS interfaces[0m
[2.792s] [ 20%] [32m[1mLinking C shared library librobot_messages__rosidl_generator_c.so[0m
[2.998s] [ 20%] Built target robot_messages__rosidl_generator_c
[3.072s] [ 23%] [34m[1mGenerating C type support for eProsima Fast-RTPS[0m
[3.374s] [35m[1mConsolidate compiler generated dependencies of target robot_messages__rosidl_typesupport_introspection_cpp[0m
[3.393s] [ 25%] [32mBuilding CXX object CMakeFiles/robot_messages__rosidl_typesupport_introspection_cpp.dir/rosidl_typesupport_introspection_cpp/robot_messages/msg/detail/num__type_support.cpp.o[0m
[3.412s] [35m[1mConsolidate compiler generated dependencies of target robot_messages__rosidl_typesupport_cpp[0m
[3.497s] [ 28%] [32mBuilding CXX object CMakeFiles/robot_messages__rosidl_typesupport_cpp.dir/rosidl_typesupport_cpp/robot_messages/msg/num__type_support.cpp.o[0m
[3.722s] [35m[1mConsolidate compiler generated dependencies of target robot_messages__rosidl_typesupport_fastrtps_cpp[0m
[3.784s] [ 30%] [32mBuilding CXX object CMakeFiles/robot_messages__rosidl_typesupport_fastrtps_cpp.dir/rosidl_typesupport_fastrtps_cpp/robot_messages/msg/detail/dds_fastrtps/num__type_support.cpp.o[0m
[3.813s] [35m[1mConsolidate compiler generated dependencies of target robot_messages__rosidl_typesupport_fastrtps_c[0m
[3.888s] [ 33%] [32mBuilding CXX object CMakeFiles/robot_messages__rosidl_typesupport_fastrtps_c.dir/rosidl_typesupport_fastrtps_c/robot_messages/msg/detail/num__type_support_c.cpp.o[0m
[4.246s] [ 35%] [32mBuilding CXX object CMakeFiles/robot_messages__rosidl_typesupport_introspection_cpp.dir/rosidl_typesupport_introspection_cpp/robot_messages/msg/detail/targetposition__type_support.cpp.o[0m
[4.305s] [ 38%] [32mBuilding CXX object CMakeFiles/robot_messages__rosidl_typesupport_cpp.dir/rosidl_typesupport_cpp/robot_messages/msg/targetposition__type_support.cpp.o[0m
[4.903s] [ 41%] [32mBuilding CXX object CMakeFiles/robot_messages__rosidl_typesupport_fastrtps_cpp.dir/rosidl_typesupport_fastrtps_cpp/robot_messages/msg/detail/dds_fastrtps/targetposition__type_support.cpp.o[0m
[4.921s] [ 43%] [32m[1mLinking CXX shared library librobot_messages__rosidl_typesupport_cpp.so[0m
[5.071s] [ 46%] [32mBuilding CXX object CMakeFiles/robot_messages__rosidl_typesupport_fastrtps_c.dir/rosidl_typesupport_fastrtps_c/robot_messages/msg/detail/targetposition__type_support_c.cpp.o[0m
[5.090s] [ 46%] Built target robot_messages__rosidl_typesupport_cpp
[5.156s] [ 48%] [34m[1mGenerating C introspection for ROS interfaces[0m
[5.348s] [ 51%] [32m[1mLinking CXX shared library librobot_messages__rosidl_typesupport_introspection_cpp.so[0m
[5.443s] [ 51%] Built target robot_messages__rosidl_typesupport_introspection_cpp
[5.466s] [ 53%] [34m[1mGenerating C type support dispatch for ROS interfaces[0m
[5.947s] [ 56%] [32m[1mLinking CXX shared library librobot_messages__rosidl_typesupport_fastrtps_cpp.so[0m
[5.983s] [ 58%] [32m[1mLinking CXX shared library librobot_messages__rosidl_typesupport_fastrtps_c.so[0m
[6.166s] [35m[1mConsolidate compiler generated dependencies of target robot_messages__rosidl_typesupport_c[0m
[6.189s] [35m[1mConsolidate compiler generated dependencies of target robot_messages__rosidl_typesupport_introspection_c[0m
[6.208s] [ 61%] [32mBuilding CXX object CMakeFiles/robot_messages__rosidl_typesupport_c.dir/rosidl_typesupport_c/robot_messages/msg/num__type_support.cpp.o[0m
[6.216s] [ 61%] Built target robot_messages__rosidl_typesupport_fastrtps_cpp
[6.218s] [ 61%] Built target robot_messages__rosidl_typesupport_fastrtps_c
[6.225s] [ 64%] [32mBuilding C object CMakeFiles/robot_messages__rosidl_typesupport_introspection_c.dir/rosidl_typesupport_introspection_c/robot_messages/msg/detail/num__type_support.c.o[0m
[6.236s] [ 69%] [32mBuilding CXX object CMakeFiles/robot_messages__rosidl_typesupport_c.dir/rosidl_typesupport_c/robot_messages/msg/targetposition__type_support.cpp.o[0m
[6.238s] [ 69%] [32mBuilding C object CMakeFiles/robot_messages__rosidl_typesupport_introspection_c.dir/rosidl_typesupport_introspection_c/robot_messages/msg/detail/targetposition__type_support.c.o[0m
[6.301s] [ 71%] [32m[1mLinking CXX shared library librobot_messages__rosidl_typesupport_c.so[0m
[6.318s] [ 74%] [32m[1mLinking C shared library librobot_messages__rosidl_typesupport_introspection_c.so[0m
[6.374s] [ 74%] Built target robot_messages__rosidl_typesupport_c
[6.376s] [ 74%] Built target robot_messages__rosidl_typesupport_introspection_c
[6.401s] [ 74%] Built target robot_messages
[6.428s] [ 76%] [34m[1mGenerating Python code for ROS interfaces[0m
[6.914s] [ 76%] Built target robot_messages__py
[6.926s] [35m[1mConsolidate compiler generated dependencies of target robot_messages__rosidl_generator_py[0m
[6.945s] [ 82%] [32mBuilding C object CMakeFiles/robot_messages__rosidl_generator_py.dir/rosidl_generator_py/robot_messages/msg/_targetposition_s.c.o[0m
[6.945s] [ 82%] [32mBuilding C object CMakeFiles/robot_messages__rosidl_generator_py.dir/rosidl_generator_py/robot_messages/msg/_num_s.c.o[0m
[7.134s] [ 84%] [32m[1mLinking C shared library rosidl_generator_py/robot_messages/librobot_messages__rosidl_generator_py.so[0m
[7.187s] [ 84%] Built target robot_messages__rosidl_generator_py
[7.209s] [35m[1mConsolidate compiler generated dependencies of target robot_messages__rosidl_typesupport_fastrtps_c__pyext[0m
[7.210s] [35m[1mConsolidate compiler generated dependencies of target robot_messages__rosidl_typesupport_c__pyext[0m
[7.210s] [35m[1mConsolidate compiler generated dependencies of target robot_messages__rosidl_typesupport_introspection_c__pyext[0m
[7.229s] [ 87%] [32mBuilding C object CMakeFiles/robot_messages__rosidl_typesupport_fastrtps_c__pyext.dir/rosidl_generator_py/robot_messages/_robot_messages_s.ep.rosidl_typesupport_fastrtps_c.c.o[0m
[7.238s] [ 89%] [32mBuilding C object CMakeFiles/robot_messages__rosidl_typesupport_introspection_c__pyext.dir/rosidl_generator_py/robot_messages/_robot_messages_s.ep.rosidl_typesupport_introspection_c.c.o[0m
[7.246s] [ 92%] [32mBuilding C object CMakeFiles/robot_messages__rosidl_typesupport_c__pyext.dir/rosidl_generator_py/robot_messages/_robot_messages_s.ep.rosidl_typesupport_c.c.o[0m
[7.437s] [ 94%] [32m[1mLinking C shared library rosidl_generator_py/robot_messages/robot_messages_s__rosidl_typesupport_c.cpython-310-x86_64-linux-gnu.so[0m
[7.445s] [ 97%] [32m[1mLinking C shared library rosidl_generator_py/robot_messages/robot_messages_s__rosidl_typesupport_introspection_c.cpython-310-x86_64-linux-gnu.so[0m
[7.505s] [ 97%] Built target robot_messages__rosidl_typesupport_c__pyext
[7.510s] [ 97%] Built target robot_messages__rosidl_typesupport_introspection_c__pyext
[7.564s] [100%] [32m[1mLinking C shared library rosidl_generator_py/robot_messages/robot_messages_s__rosidl_typesupport_fastrtps_c.cpython-310-x86_64-linux-gnu.so[0m
[7.615s] [100%] Built target robot_messages__rosidl_typesupport_fastrtps_c__pyext
[7.633s] Invoked command in '/home/hubot/Documents/Github/RobotArmV1/src/build/robot_messages' returned '0': CMAKE_PREFIX_PATH=${CMAKE_PREFIX_PATH}:/home/hubot/Documents/Github/RobotArmV1/install/robot_controller:/home/hubot/Documents/Github/RobotArmV1/src/install/robot_controller:/opt/ros/humble /usr/bin/cmake --build /home/hubot/Documents/Github/RobotArmV1/src/build/robot_messages -- -j4 -l4
[7.759s] Invoking command in '/home/hubot/Documents/Github/RobotArmV1/src/build/robot_messages': CMAKE_PREFIX_PATH=${CMAKE_PREFIX_PATH}:/home/hubot/Documents/Github/RobotArmV1/install/robot_controller:/home/hubot/Documents/Github/RobotArmV1/src/install/robot_controller:/opt/ros/humble /usr/bin/cmake --install /home/hubot/Documents/Github/RobotArmV1/src/build/robot_messages
[7.769s] -- Install configuration: ""
[7.770s] -- Installing: /home/hubot/Documents/Github/RobotArmV1/src/install/robot_messages/share/ament_index/resource_index/rosidl_interfaces/robot_messages
[7.770s] -- Up-to-date: /home/hubot/Documents/Github/RobotArmV1/src/install/robot_messages/include/robot_messages/robot_messages
[7.770s] -- Up-to-date: /home/hubot/Documents/Github/RobotArmV1/src/install/robot_messages/include/robot_messages/robot_messages/msg
[7.771s] -- Up-to-date: /home/hubot/Documents/Github/RobotArmV1/src/install/robot_messages/include/robot_messages/robot_messages/msg/detail
[7.771s] -- Installing: /home/hubot/Documents/Github/RobotArmV1/src/install/robot_messages/include/robot_messages/robot_messages/msg/detail/targetposition__functions.h
[7.771s] -- Installing: /home/hubot/Documents/Github/RobotArmV1/src/install/robot_messages/include/robot_messages/robot_messages/msg/detail/num__functions.h
[7.771s] -- Installing: /home/hubot/Documents/Github/RobotArmV1/src/install/robot_messages/include/robot_messages/robot_messages/msg/detail/num__functions.c
[7.772s] -- Installing: /home/hubot/Documents/Github/RobotArmV1/src/install/robot_messages/include/robot_messages/robot_messages/msg/detail/num__type_support.h
[7.773s] -- Up-to-date: /home/hubot/Documents/Github/RobotArmV1/src/install/robot_messages/include/robot_messages/robot_messages/msg/detail/target_position__functions.c
[7.774s] -- Up-to-date: /home/hubot/Documents/Github/RobotArmV1/src/install/robot_messages/include/robot_messages/robot_messages/msg/detail/target_position__struct.h
[7.774s] -- Installing: /home/hubot/Documents/Github/RobotArmV1/src/install/robot_messages/include/robot_messages/robot_messages/msg/detail/targetposition__struct.h
[7.776s] -- Installing: /home/hubot/Documents/Github/RobotArmV1/src/install/robot_messages/include/robot_messages/robot_messages/msg/detail/targetposition__type_support.h
[7.777s] -- Up-to-date: /home/hubot/Documents/Github/RobotArmV1/src/install/robot_messages/include/robot_messages/robot_messages/msg/detail/target_position__functions.h
[7.777s] -- Installing: /home/hubot/Documents/Github/RobotArmV1/src/install/robot_messages/include/robot_messages/robot_messages/msg/detail/num__struct.h
[7.778s] -- Installing: /home/hubot/Documents/Github/RobotArmV1/src/install/robot_messages/include/robot_messages/robot_messages/msg/detail/targetposition__functions.c
[7.778s] -- Up-to-date: /home/hubot/Documents/Github/RobotArmV1/src/install/robot_messages/include/robot_messages/robot_messages/msg/detail/target_position__type_support.h
[7.778s] -- Installing: /home/hubot/Documents/Github/RobotArmV1/src/install/robot_messages/include/robot_messages/robot_messages/msg/num.h
[7.779s] -- Up-to-date: /home/hubot/Documents/Github/RobotArmV1/src/install/robot_messages/include/robot_messages/robot_messages/msg/rosidl_generator_c__visibility_control.h
[7.779s] -- Up-to-date: /home/hubot/Documents/Github/RobotArmV1/src/install/robot_messages/include/robot_messages/robot_messages/msg/target_position.h
[7.779s] -- Installing: /home/hubot/Documents/Github/RobotArmV1/src/install/robot_messages/include/robot_messages/robot_messages/msg/targetposition.h
[7.780s] -- Up-to-date: /home/hubot/Documents/Github/RobotArmV1/src/install/robot_messages/share/robot_messages/environment/library_path.sh
[7.780s] -- Installing: /home/hubot/Documents/Github/RobotArmV1/src/install/robot_messages/share/robot_messages/environment/library_path.dsv
[7.781s] -- Installing: /home/hubot/Documents/Github/RobotArmV1/src/install/robot_messages/lib/librobot_messages__rosidl_generator_c.so
[7.782s] -- Set runtime path of "/home/hubot/Documents/Github/RobotArmV1/src/install/robot_messages/lib/librobot_messages__rosidl_generator_c.so" to ""
[7.783s] -- Up-to-date: /home/hubot/Documents/Github/RobotArmV1/src/install/robot_messages/include/robot_messages/robot_messages
[7.783s] -- Up-to-date: /home/hubot/Documents/Github/RobotArmV1/src/install/robot_messages/include/robot_messages/robot_messages/msg
[7.783s] -- Up-to-date: /home/hubot/Documents/Github/RobotArmV1/src/install/robot_messages/include/robot_messages/robot_messages/msg/detail
[7.784s] -- Installing: /home/hubot/Documents/Github/RobotArmV1/src/install/robot_messages/include/robot_messages/robot_messages/msg/detail/num__rosidl_typesupport_fastrtps_c.h
[7.784s] -- Installing: /home/hubot/Documents/Github/RobotArmV1/src/install/robot_messages/include/robot_messages/robot_messages/msg/detail/targetposition__rosidl_typesupport_fastrtps_c.h
[7.785s] -- Up-to-date: /home/hubot/Documents/Github/RobotArmV1/src/install/robot_messages/include/robot_messages/robot_messages/msg/detail/target_position__rosidl_typesupport_fastrtps_c.h
[7.786s] -- Up-to-date: /home/hubot/Documents/Github/RobotArmV1/src/install/robot_messages/include/robot_messages/robot_messages/msg/rosidl_typesupport_fastrtps_c__visibility_control.h
[7.786s] -- Installing: /home/hubot/Documents/Github/RobotArmV1/src/install/robot_messages/lib/librobot_messages__rosidl_typesupport_fastrtps_c.so
[7.787s] -- Set runtime path of "/home/hubot/Documents/Github/RobotArmV1/src/install/robot_messages/lib/librobot_messages__rosidl_typesupport_fastrtps_c.so" to ""
[7.788s] -- Up-to-date: /home/hubot/Documents/Github/RobotArmV1/src/install/robot_messages/include/robot_messages/robot_messages
[7.788s] -- Up-to-date: /home/hubot/Documents/Github/RobotArmV1/src/install/robot_messages/include/robot_messages/robot_messages/msg
[7.788s] -- Up-to-date: /home/hubot/Documents/Github/RobotArmV1/src/install/robot_messages/include/robot_messages/robot_messages/msg/detail
[7.789s] -- Up-to-date: /home/hubot/Documents/Github/RobotArmV1/src/install/robot_messages/include/robot_messages/robot_messages/msg/detail/target_position__type_support.c
[7.789s] -- Installing: /home/hubot/Documents/Github/RobotArmV1/src/install/robot_messages/include/robot_messages/robot_messages/msg/detail/num__rosidl_typesupport_introspection_c.h
[7.790s] -- Up-to-date: /home/hubot/Documents/Github/RobotArmV1/src/install/robot_messages/include/robot_messages/robot_messages/msg/detail/target_position__rosidl_typesupport_introspection_c.h
[7.790s] -- Installing: /home/hubot/Documents/Github/RobotArmV1/src/install/robot_messages/include/robot_messages/robot_messages/msg/detail/targetposition__rosidl_typesupport_introspection_c.h
[7.790s] -- Installing: /home/hubot/Documents/Github/RobotArmV1/src/install/robot_messages/include/robot_messages/robot_messages/msg/detail/targetposition__type_support.c
[7.791s] -- Installing: /home/hubot/Documents/Github/RobotArmV1/src/install/robot_messages/include/robot_messages/robot_messages/msg/detail/num__type_support.c
[7.791s] -- Up-to-date: /home/hubot/Documents/Github/RobotArmV1/src/install/robot_messages/include/robot_messages/robot_messages/msg/rosidl_typesupport_introspection_c__visibility_control.h
[7.792s] -- Installing: /home/hubot/Documents/Github/RobotArmV1/src/install/robot_messages/lib/librobot_messages__rosidl_typesupport_introspection_c.so
[7.793s] -- Set runtime path of "/home/hubot/Documents/Github/RobotArmV1/src/install/robot_messages/lib/librobot_messages__rosidl_typesupport_introspection_c.so" to ""
[7.793s] -- Installing: /home/hubot/Documents/Github/RobotArmV1/src/install/robot_messages/lib/librobot_messages__rosidl_typesupport_c.so
[7.794s] -- Set runtime path of "/home/hubot/Documents/Github/RobotArmV1/src/install/robot_messages/lib/librobot_messages__rosidl_typesupport_c.so" to ""
[7.795s] -- Up-to-date: /home/hubot/Documents/Github/RobotArmV1/src/install/robot_messages/include/robot_messages/robot_messages
[7.795s] -- Up-to-date: /home/hubot/Documents/Github/RobotArmV1/src/install/robot_messages/include/robot_messages/robot_messages/msg
[7.795s] -- Up-to-date: /home/hubot/Documents/Github/RobotArmV1/src/install/robot_messages/include/robot_messages/robot_messages/msg/detail
[7.796s] -- Up-to-date: /home/hubot/Documents/Github/RobotArmV1/src/install/robot_messages/include/robot_messages/robot_messages/msg/detail/target_position__builder.hpp
[7.796s] -- Installing: /home/hubot/Documents/Github/RobotArmV1/src/install/robot_messages/include/robot_messages/robot_messages/msg/detail/num__traits.hpp
[7.796s] -- Up-to-date: /home/hubot/Documents/Github/RobotArmV1/src/install/robot_messages/include/robot_messages/robot_messages/msg/detail/target_position__struct.hpp
[7.797s] -- Installing: /home/hubot/Documents/Github/RobotArmV1/src/install/robot_messages/include/robot_messages/robot_messages/msg/detail/num__struct.hpp
[7.797s] -- Installing: /home/hubot/Documents/Github/RobotArmV1/src/install/robot_messages/include/robot_messages/robot_messages/msg/detail/targetposition__builder.hpp
[7.798s] -- Installing: /home/hubot/Documents/Github/RobotArmV1/src/install/robot_messages/include/robot_messages/robot_messages/msg/detail/num__builder.hpp
[7.798s] -- Up-to-date: /home/hubot/Documents/Github/RobotArmV1/src/install/robot_messages/include/robot_messages/robot_messages/msg/detail/target_position__traits.hpp
[7.798s] -- Installing: /home/hubot/Documents/Github/RobotArmV1/src/install/robot_messages/include/robot_messages/robot_messages/msg/detail/targetposition__traits.hpp
[7.799s] -- Installing: /home/hubot/Documents/Github/RobotArmV1/src/install/robot_messages/include/robot_messages/robot_messages/msg/detail/targetposition__struct.hpp
[7.799s] -- Installing: /home/hubot/Documents/Github/RobotArmV1/src/install/robot_messages/include/robot_messages/robot_messages/msg/targetposition.hpp
[7.800s] -- Up-to-date: /home/hubot/Documents/Github/RobotArmV1/src/install/robot_messages/include/robot_messages/robot_messages/msg/target_position.hpp
[7.800s] -- Installing: /home/hubot/Documents/Github/RobotArmV1/src/install/robot_messages/include/robot_messages/robot_messages/msg/num.hpp
[7.801s] -- Up-to-date: /home/hubot/Documents/Github/RobotArmV1/src/install/robot_messages/include/robot_messages/robot_messages
[7.801s] -- Up-to-date: /home/hubot/Documents/Github/RobotArmV1/src/install/robot_messages/include/robot_messages/robot_messages/msg
[7.801s] -- Up-to-date: /home/hubot/Documents/Github/RobotArmV1/src/install/robot_messages/include/robot_messages/robot_messages/msg/detail
[7.801s] -- Installing: /home/hubot/Documents/Github/RobotArmV1/src/install/robot_messages/include/robot_messages/robot_messages/msg/detail/targetposition__rosidl_typesupport_fastrtps_cpp.hpp
[7.802s] -- Up-to-date: /home/hubot/Documents/Github/RobotArmV1/src/install/robot_messages/include/robot_messages/robot_messages/msg/detail/target_position__rosidl_typesupport_fastrtps_cpp.hpp
[7.802s] -- Up-to-date: /home/hubot/Documents/Github/RobotArmV1/src/install/robot_messages/include/robot_messages/robot_messages/msg/detail/dds_fastrtps
[7.803s] -- Installing: /home/hubot/Documents/Github/RobotArmV1/src/install/robot_messages/include/robot_messages/robot_messages/msg/detail/num__rosidl_typesupport_fastrtps_cpp.hpp
[7.803s] -- Up-to-date: /home/hubot/Documents/Github/RobotArmV1/src/install/robot_messages/include/robot_messages/robot_messages/msg/rosidl_typesupport_fastrtps_cpp__visibility_control.h
[7.804s] -- Installing: /home/hubot/Documents/Github/RobotArmV1/src/install/robot_messages/lib/librobot_messages__rosidl_typesupport_fastrtps_cpp.so
[7.805s] -- Set runtime path of "/home/hubot/Documents/Github/RobotArmV1/src/install/robot_messages/lib/librobot_messages__rosidl_typesupport_fastrtps_cpp.so" to ""
[7.805s] -- Up-to-date: /home/hubot/Documents/Github/RobotArmV1/src/install/robot_messages/include/robot_messages/robot_messages
[7.805s] -- Up-to-date: /home/hubot/Documents/Github/RobotArmV1/src/install/robot_messages/include/robot_messages/robot_messages/msg
[7.806s] -- Up-to-date: /home/hubot/Documents/Github/RobotArmV1/src/install/robot_messages/include/robot_messages/robot_messages/msg/detail
[7.806s] -- Installing: /home/hubot/Documents/Github/RobotArmV1/src/install/robot_messages/include/robot_messages/robot_messages/msg/detail/targetposition__type_support.cpp
[7.806s] -- Up-to-date: /home/hubot/Documents/Github/RobotArmV1/src/install/robot_messages/include/robot_messages/robot_messages/msg/detail/target_position__type_support.cpp
[7.807s] -- Up-to-date: /home/hubot/Documents/Github/RobotArmV1/src/install/robot_messages/include/robot_messages/robot_messages/msg/detail/target_position__rosidl_typesupport_introspection_cpp.hpp
[7.807s] -- Installing: /home/hubot/Documents/Github/RobotArmV1/src/install/robot_messages/include/robot_messages/robot_messages/msg/detail/num__rosidl_typesupport_introspection_cpp.hpp
[7.807s] -- Installing: /home/hubot/Documents/Github/RobotArmV1/src/install/robot_messages/include/robot_messages/robot_messages/msg/detail/targetposition__rosidl_typesupport_introspection_cpp.hpp
[7.808s] -- Installing: /home/hubot/Documents/Github/RobotArmV1/src/install/robot_messages/include/robot_messages/robot_messages/msg/detail/num__type_support.cpp
[7.809s] -- Installing: /home/hubot/Documents/Github/RobotArmV1/src/install/robot_messages/lib/librobot_messages__rosidl_typesupport_introspection_cpp.so
[7.809s] -- Set runtime path of "/home/hubot/Documents/Github/RobotArmV1/src/install/robot_messages/lib/librobot_messages__rosidl_typesupport_introspection_cpp.so" to ""
[7.810s] -- Installing: /home/hubot/Documents/Github/RobotArmV1/src/install/robot_messages/lib/librobot_messages__rosidl_typesupport_cpp.so
[7.811s] -- Set runtime path of "/home/hubot/Documents/Github/RobotArmV1/src/install/robot_messages/lib/librobot_messages__rosidl_typesupport_cpp.so" to ""
[7.811s] -- Up-to-date: /home/hubot/Documents/Github/RobotArmV1/src/install/robot_messages/share/robot_messages/environment/pythonpath.sh
[7.812s] -- Installing: /home/hubot/Documents/Github/RobotArmV1/src/install/robot_messages/share/robot_messages/environment/pythonpath.dsv
[7.812s] -- Up-to-date: /home/hubot/Documents/Github/RobotArmV1/src/install/robot_messages/local/lib/python3.10/dist-packages/robot_messages-0.0.0-py3.10.egg-info
[7.812s] -- Installing: /home/hubot/Documents/Github/RobotArmV1/src/install/robot_messages/local/lib/python3.10/dist-packages/robot_messages-0.0.0-py3.10.egg-info/SOURCES.txt
[7.813s] -- Installing: /home/hubot/Documents/Github/RobotArmV1/src/install/robot_messages/local/lib/python3.10/dist-packages/robot_messages-0.0.0-py3.10.egg-info/top_level.txt
[7.813s] -- Installing: /home/hubot/Documents/Github/RobotArmV1/src/install/robot_messages/local/lib/python3.10/dist-packages/robot_messages-0.0.0-py3.10.egg-info/dependency_links.txt
[7.814s] -- Installing: /home/hubot/Documents/Github/RobotArmV1/src/install/robot_messages/local/lib/python3.10/dist-packages/robot_messages-0.0.0-py3.10.egg-info/PKG-INFO
[7.814s] -- Up-to-date: /home/hubot/Documents/Github/RobotArmV1/src/install/robot_messages/local/lib/python3.10/dist-packages/robot_messages
[7.815s] -- Installing: /home/hubot/Documents/Github/RobotArmV1/src/install/robot_messages/local/lib/python3.10/dist-packages/robot_messages/robot_messages_s__rosidl_typesupport_introspection_c.cpython-310-x86_64-linux-gnu.so
[7.815s] -- Installing: /home/hubot/Documents/Github/RobotArmV1/src/install/robot_messages/local/lib/python3.10/dist-packages/robot_messages/_robot_messages_s.ep.rosidl_typesupport_c.c
[7.816s] -- Installing: /home/hubot/Documents/Github/RobotArmV1/src/install/robot_messages/local/lib/python3.10/dist-packages/robot_messages/_robot_messages_s.ep.rosidl_typesupport_introspection_c.c
[7.816s] -- Installing: /home/hubot/Documents/Github/RobotArmV1/src/install/robot_messages/local/lib/python3.10/dist-packages/robot_messages/_robot_messages_s.ep.rosidl_typesupport_fastrtps_c.c
[7.817s] -- Installing: /home/hubot/Documents/Github/RobotArmV1/src/install/robot_messages/local/lib/python3.10/dist-packages/robot_messages/librobot_messages__rosidl_generator_py.so
[7.817s] -- Installing: /home/hubot/Documents/Github/RobotArmV1/src/install/robot_messages/local/lib/python3.10/dist-packages/robot_messages/__init__.py
[7.819s] -- Installing: /home/hubot/Documents/Github/RobotArmV1/src/install/robot_messages/local/lib/python3.10/dist-packages/robot_messages/robot_messages_s__rosidl_typesupport_c.cpython-310-x86_64-linux-gnu.so
[7.819s] -- Installing: /home/hubot/Documents/Github/RobotArmV1/src/install/robot_messages/local/lib/python3.10/dist-packages/robot_messages/robot_messages_s__rosidl_typesupport_fastrtps_c.cpython-310-x86_64-linux-gnu.so
[7.820s] -- Up-to-date: /home/hubot/Documents/Github/RobotArmV1/src/install/robot_messages/local/lib/python3.10/dist-packages/robot_messages/msg
[7.820s] -- Installing: /home/hubot/Documents/Github/RobotArmV1/src/install/robot_messages/local/lib/python3.10/dist-packages/robot_messages/msg/_num_s.c
[7.821s] -- Installing: /home/hubot/Documents/Github/RobotArmV1/src/install/robot_messages/local/lib/python3.10/dist-packages/robot_messages/msg/_num.py
[7.821s] -- Installing: /home/hubot/Documents/Github/RobotArmV1/src/install/robot_messages/local/lib/python3.10/dist-packages/robot_messages/msg/_targetposition.py
[7.822s] -- Up-to-date: /home/hubot/Documents/Github/RobotArmV1/src/install/robot_messages/local/lib/python3.10/dist-packages/robot_messages/msg/_target_position.py
[7.822s] -- Installing: /home/hubot/Documents/Github/RobotArmV1/src/install/robot_messages/local/lib/python3.10/dist-packages/robot_messages/msg/_targetposition_s.c
[7.822s] -- Installing: /home/hubot/Documents/Github/RobotArmV1/src/install/robot_messages/local/lib/python3.10/dist-packages/robot_messages/msg/__init__.py
[7.823s] -- Up-to-date: /home/hubot/Documents/Github/RobotArmV1/src/install/robot_messages/local/lib/python3.10/dist-packages/robot_messages/msg/_target_position_s.c
[7.896s] Listing '/home/hubot/Documents/Github/RobotArmV1/src/install/robot_messages/local/lib/python3.10/dist-packages/robot_messages'...
[7.896s] Compiling '/home/hubot/Documents/Github/RobotArmV1/src/install/robot_messages/local/lib/python3.10/dist-packages/robot_messages/__init__.py'...
[7.896s] Listing '/home/hubot/Documents/Github/RobotArmV1/src/install/robot_messages/local/lib/python3.10/dist-packages/robot_messages/msg'...
[7.897s] Compiling '/home/hubot/Documents/Github/RobotArmV1/src/install/robot_messages/local/lib/python3.10/dist-packages/robot_messages/msg/__init__.py'...
[7.897s] Compiling '/home/hubot/Documents/Github/RobotArmV1/src/install/robot_messages/local/lib/python3.10/dist-packages/robot_messages/msg/_num.py'...
[7.897s] Compiling '/home/hubot/Documents/Github/RobotArmV1/src/install/robot_messages/local/lib/python3.10/dist-packages/robot_messages/msg/_targetposition.py'...
[7.904s] -- Installing: /home/hubot/Documents/Github/RobotArmV1/src/install/robot_messages/local/lib/python3.10/dist-packages/robot_messages/robot_messages_s__rosidl_typesupport_fastrtps_c.cpython-310-x86_64-linux-gnu.so
[7.905s] -- Set runtime path of "/home/hubot/Documents/Github/RobotArmV1/src/install/robot_messages/local/lib/python3.10/dist-packages/robot_messages/robot_messages_s__rosidl_typesupport_fastrtps_c.cpython-310-x86_64-linux-gnu.so" to ""
[7.905s] -- Installing: /home/hubot/Documents/Github/RobotArmV1/src/install/robot_messages/local/lib/python3.10/dist-packages/robot_messages/robot_messages_s__rosidl_typesupport_introspection_c.cpython-310-x86_64-linux-gnu.so
[7.906s] -- Set runtime path of "/home/hubot/Documents/Github/RobotArmV1/src/install/robot_messages/local/lib/python3.10/dist-packages/robot_messages/robot_messages_s__rosidl_typesupport_introspection_c.cpython-310-x86_64-linux-gnu.so" to ""
[7.906s] -- Installing: /home/hubot/Documents/Github/RobotArmV1/src/install/robot_messages/local/lib/python3.10/dist-packages/robot_messages/robot_messages_s__rosidl_typesupport_c.cpython-310-x86_64-linux-gnu.so
[7.907s] -- Set runtime path of "/home/hubot/Documents/Github/RobotArmV1/src/install/robot_messages/local/lib/python3.10/dist-packages/robot_messages/robot_messages_s__rosidl_typesupport_c.cpython-310-x86_64-linux-gnu.so" to ""
[7.908s] -- Installing: /home/hubot/Documents/Github/RobotArmV1/src/install/robot_messages/lib/librobot_messages__rosidl_generator_py.so
[7.909s] -- Set runtime path of "/home/hubot/Documents/Github/RobotArmV1/src/install/robot_messages/lib/librobot_messages__rosidl_generator_py.so" to ""
[7.909s] -- Up-to-date: /home/hubot/Documents/Github/RobotArmV1/src/install/robot_messages/share/robot_messages/msg/Num.idl
[7.909s] -- Installing: /home/hubot/Documents/Github/RobotArmV1/src/install/robot_messages/share/robot_messages/msg/Targetposition.idl
[7.910s] -- Installing: /home/hubot/Documents/Github/RobotArmV1/src/install/robot_messages/share/robot_messages/msg/Num.msg
[7.911s] -- Installing: /home/hubot/Documents/Github/RobotArmV1/src/install/robot_messages/share/robot_messages/msg/Targetposition.msg
[7.911s] -- Up-to-date: /home/hubot/Documents/Github/RobotArmV1/src/install/robot_messages/share/ament_index/resource_index/package_run_dependencies/robot_messages
[7.911s] -- Installing: /home/hubot/Documents/Github/RobotArmV1/src/install/robot_messages/share/ament_index/resource_index/parent_prefix_path/robot_messages
[7.912s] -- Up-to-date: /home/hubot/Documents/Github/RobotArmV1/src/install/robot_messages/share/robot_messages/environment/ament_prefix_path.sh
[7.912s] -- Installing: /home/hubot/Documents/Github/RobotArmV1/src/install/robot_messages/share/robot_messages/environment/ament_prefix_path.dsv
[7.913s] -- Up-to-date: /home/hubot/Documents/Github/RobotArmV1/src/install/robot_messages/share/robot_messages/environment/path.sh
[7.913s] -- Installing: /home/hubot/Documents/Github/RobotArmV1/src/install/robot_messages/share/robot_messages/environment/path.dsv
[7.914s] -- Up-to-date: /home/hubot/Documents/Github/RobotArmV1/src/install/robot_messages/share/robot_messages/local_setup.bash
[7.914s] -- Up-to-date: /home/hubot/Documents/Github/RobotArmV1/src/install/robot_messages/share/robot_messages/local_setup.sh
[7.914s] -- Up-to-date: /home/hubot/Documents/Github/RobotArmV1/src/install/robot_messages/share/robot_messages/local_setup.zsh
[7.915s] -- Installing: /home/hubot/Documents/Github/RobotArmV1/src/install/robot_messages/share/robot_messages/local_setup.dsv
[7.915s] -- Installing: /home/hubot/Documents/Github/RobotArmV1/src/install/robot_messages/share/robot_messages/package.dsv
[7.916s] -- Up-to-date: /home/hubot/Documents/Github/RobotArmV1/src/install/robot_messages/share/ament_index/resource_index/packages/robot_messages
[7.916s] -- Up-to-date: /home/hubot/Documents/Github/RobotArmV1/src/install/robot_messages/share/robot_messages/cmake/export_robot_messages__rosidl_generator_cExport.cmake
[7.916s] -- Up-to-date: /home/hubot/Documents/Github/RobotArmV1/src/install/robot_messages/share/robot_messages/cmake/export_robot_messages__rosidl_generator_cExport-noconfig.cmake
[7.917s] -- Up-to-date: /home/hubot/Documents/Github/RobotArmV1/src/install/robot_messages/share/robot_messages/cmake/export_robot_messages__rosidl_typesupport_fastrtps_cExport.cmake
[7.917s] -- Up-to-date: /home/hubot/Documents/Github/RobotArmV1/src/install/robot_messages/share/robot_messages/cmake/export_robot_messages__rosidl_typesupport_fastrtps_cExport-noconfig.cmake
[7.918s] -- Up-to-date: /home/hubot/Documents/Github/RobotArmV1/src/install/robot_messages/share/robot_messages/cmake/robot_messages__rosidl_typesupport_introspection_cExport.cmake
[7.918s] -- Up-to-date: /home/hubot/Documents/Github/RobotArmV1/src/install/robot_messages/share/robot_messages/cmake/robot_messages__rosidl_typesupport_introspection_cExport-noconfig.cmake
[7.918s] -- Up-to-date: /home/hubot/Documents/Github/RobotArmV1/src/install/robot_messages/share/robot_messages/cmake/robot_messages__rosidl_typesupport_cExport.cmake
[7.919s] -- Up-to-date: /home/hubot/Documents/Github/RobotArmV1/src/install/robot_messages/share/robot_messages/cmake/robot_messages__rosidl_typesupport_cExport-noconfig.cmake
[7.919s] -- Up-to-date: /home/hubot/Documents/Github/RobotArmV1/src/install/robot_messages/share/robot_messages/cmake/export_robot_messages__rosidl_generator_cppExport.cmake
[7.920s] -- Up-to-date: /home/hubot/Documents/Github/RobotArmV1/src/install/robot_messages/share/robot_messages/cmake/export_robot_messages__rosidl_typesupport_fastrtps_cppExport.cmake
[7.920s] -- Up-to-date: /home/hubot/Documents/Github/RobotArmV1/src/install/robot_messages/share/robot_messages/cmake/export_robot_messages__rosidl_typesupport_fastrtps_cppExport-noconfig.cmake
[7.920s] -- Up-to-date: /home/hubot/Documents/Github/RobotArmV1/src/install/robot_messages/share/robot_messages/cmake/robot_messages__rosidl_typesupport_introspection_cppExport.cmake
[7.921s] -- Up-to-date: /home/hubot/Documents/Github/RobotArmV1/src/install/robot_messages/share/robot_messages/cmake/robot_messages__rosidl_typesupport_introspection_cppExport-noconfig.cmake
[7.921s] -- Up-to-date: /home/hubot/Documents/Github/RobotArmV1/src/install/robot_messages/share/robot_messages/cmake/robot_messages__rosidl_typesupport_cppExport.cmake
[7.921s] -- Up-to-date: /home/hubot/Documents/Github/RobotArmV1/src/install/robot_messages/share/robot_messages/cmake/robot_messages__rosidl_typesupport_cppExport-noconfig.cmake
[7.922s] -- Up-to-date: /home/hubot/Documents/Github/RobotArmV1/src/install/robot_messages/share/robot_messages/cmake/export_robot_messages__rosidl_generator_pyExport.cmake
[7.922s] -- Up-to-date: /home/hubot/Documents/Github/RobotArmV1/src/install/robot_messages/share/robot_messages/cmake/export_robot_messages__rosidl_generator_pyExport-noconfig.cmake
[7.923s] -- Installing: /home/hubot/Documents/Github/RobotArmV1/src/install/robot_messages/share/robot_messages/cmake/rosidl_cmake-extras.cmake
[7.923s] -- Up-to-date: /home/hubot/Documents/Github/RobotArmV1/src/install/robot_messages/share/robot_messages/cmake/ament_cmake_export_include_directories-extras.cmake
[7.923s] -- Up-to-date: /home/hubot/Documents/Github/RobotArmV1/src/install/robot_messages/share/robot_messages/cmake/ament_cmake_export_libraries-extras.cmake
[7.924s] -- Up-to-date: /home/hubot/Documents/Github/RobotArmV1/src/install/robot_messages/share/robot_messages/cmake/ament_cmake_export_targets-extras.cmake
[7.924s] -- Up-to-date: /home/hubot/Documents/Github/RobotArmV1/src/install/robot_messages/share/robot_messages/cmake/rosidl_cmake_export_typesupport_targets-extras.cmake
[7.924s] -- Up-to-date: /home/hubot/Documents/Github/RobotArmV1/src/install/robot_messages/share/robot_messages/cmake/ament_cmake_export_dependencies-extras.cmake
[7.925s] -- Up-to-date: /home/hubot/Documents/Github/RobotArmV1/src/install/robot_messages/share/robot_messages/cmake/rosidl_cmake_export_typesupport_libraries-extras.cmake
[7.925s] -- Up-to-date: /home/hubot/Documents/Github/RobotArmV1/src/install/robot_messages/share/robot_messages/cmake/robot_messagesConfig.cmake
[7.925s] -- Up-to-date: /home/hubot/Documents/Github/RobotArmV1/src/install/robot_messages/share/robot_messages/cmake/robot_messagesConfig-version.cmake
[7.926s] -- Up-to-date: /home/hubot/Documents/Github/RobotArmV1/src/install/robot_messages/share/robot_messages/package.xml
[7.938s] Invoked command in '/home/hubot/Documents/Github/RobotArmV1/src/build/robot_messages' returned '0': CMAKE_PREFIX_PATH=${CMAKE_PREFIX_PATH}:/home/hubot/Documents/Github/RobotArmV1/install/robot_controller:/home/hubot/Documents/Github/RobotArmV1/src/install/robot_controller:/opt/ros/humble /usr/bin/cmake --install /home/hubot/Documents/Github/RobotArmV1/src/build/robot_messages
