[0.365s] DEBUG:colcon:Command line arguments: ['/usr/bin/colcon', 'build']
[0.366s] DEBUG:colcon:Parsed command line arguments: Namespace(log_base=None, log_level=None, verb_name='build', build_base='build', install_base='install', merge_install=False, symlink_install=False, test_result_base=None, continue_on_error=False, executor='parallel', parallel_workers=4, event_handlers=None, ignore_user_meta=False, metas=['./colcon.meta'], base_paths=['.'], packages_ignore=None, packages_ignore_regex=None, paths=None, packages_up_to=None, packages_up_to_regex=None, packages_above=None, packages_above_and_dependencies=None, packages_above_depth=None, packages_select_by_dep=None, packages_skip_by_dep=None, packages_skip_up_to=None, packages_select_build_failed=False, packages_skip_build_finished=False, packages_select_test_failures=False, packages_skip_test_passed=False, packages_select=None, packages_skip=None, packages_select_regex=None, packages_skip_regex=None, packages_start=None, packages_end=None, allow_overriding=[], cmake_args=None, cmake_target=None, cmake_target_skip_unavailable=False, cmake_clean_cache=False, cmake_clean_first=False, cmake_force_configure=False, ament_cmake_args=None, catkin_cmake_args=None, catkin_skip_building_tests=False, verb_parser=<colcon_defaults.argument_parser.defaults.DefaultArgumentsDecorator object at 0x7fe3d4ea3cd0>, verb_extension=<colcon_core.verb.build.BuildVerb object at 0x7fe3d4ea3760>, main=<bound method BuildVerb.main of <colcon_core.verb.build.BuildVerb object at 0x7fe3d4ea3760>>)
[0.390s] Level 1:colcon.colcon_core.package_discovery:discover_packages(colcon_meta) check parameters
[0.391s] Level 1:colcon.colcon_core.package_discovery:discover_packages(recursive) check parameters
[0.391s] Level 1:colcon.colcon_core.package_discovery:discover_packages(ignore) check parameters
[0.391s] Level 1:colcon.colcon_core.package_discovery:discover_packages(path) check parameters
[0.391s] Level 1:colcon.colcon_core.package_discovery:discover_packages(colcon_meta) discover
[0.391s] Level 1:colcon.colcon_core.package_discovery:discover_packages(recursive) discover
[0.391s] INFO:colcon.colcon_core.package_discovery:Crawling recursively for packages in '/home/hubot/Documents/Github/RobotArmV1/src'
[0.391s] Level 1:colcon.colcon_core.package_identification:_identify(.) by extensions ['ignore', 'ignore_ament_install']
[0.391s] Level 1:colcon.colcon_core.package_identification:_identify(.) by extension 'ignore'
[0.391s] Level 1:colcon.colcon_core.package_identification:_identify(.) by extension 'ignore_ament_install'
[0.391s] Level 1:colcon.colcon_core.package_identification:_identify(.) by extensions ['colcon_pkg']
[0.391s] Level 1:colcon.colcon_core.package_identification:_identify(.) by extension 'colcon_pkg'
[0.392s] Level 1:colcon.colcon_core.package_identification:_identify(.) by extensions ['colcon_meta']
[0.392s] Level 1:colcon.colcon_core.package_identification:_identify(.) by extension 'colcon_meta'
[0.392s] Level 1:colcon.colcon_core.package_identification:_identify(.) by extensions ['ros']
[0.392s] Level 1:colcon.colcon_core.package_identification:_identify(.) by extension 'ros'
[0.403s] Level 1:colcon.colcon_core.package_identification:_identify(.) by extensions ['cmake', 'python']
[0.403s] Level 1:colcon.colcon_core.package_identification:_identify(.) by extension 'cmake'
[0.403s] Level 1:colcon.colcon_core.package_identification:_identify(.) by extension 'python'
[0.403s] Level 1:colcon.colcon_core.package_identification:_identify(.) by extensions ['python_setup_py']
[0.403s] Level 1:colcon.colcon_core.package_identification:_identify(.) by extension 'python_setup_py'
[0.404s] Level 1:colcon.colcon_core.package_identification:_identify(build) by extensions ['ignore', 'ignore_ament_install']
[0.404s] Level 1:colcon.colcon_core.package_identification:_identify(build) by extension 'ignore'
[0.404s] Level 1:colcon.colcon_core.package_identification:_identify(build) ignored
[0.404s] Level 1:colcon.colcon_core.package_identification:_identify(install) by extensions ['ignore', 'ignore_ament_install']
[0.404s] Level 1:colcon.colcon_core.package_identification:_identify(install) by extension 'ignore'
[0.404s] Level 1:colcon.colcon_core.package_identification:_identify(install) ignored
[0.404s] Level 1:colcon.colcon_core.package_identification:_identify(log) by extensions ['ignore', 'ignore_ament_install']
[0.405s] Level 1:colcon.colcon_core.package_identification:_identify(log) by extension 'ignore'
[0.405s] Level 1:colcon.colcon_core.package_identification:_identify(log) ignored
[0.405s] Level 1:colcon.colcon_core.package_identification:_identify(robot_controller) by extensions ['ignore', 'ignore_ament_install']
[0.405s] Level 1:colcon.colcon_core.package_identification:_identify(robot_controller) by extension 'ignore'
[0.405s] Level 1:colcon.colcon_core.package_identification:_identify(robot_controller) by extension 'ignore_ament_install'
[0.405s] Level 1:colcon.colcon_core.package_identification:_identify(robot_controller) by extensions ['colcon_pkg']
[0.405s] Level 1:colcon.colcon_core.package_identification:_identify(robot_controller) by extension 'colcon_pkg'
[0.405s] Level 1:colcon.colcon_core.package_identification:_identify(robot_controller) by extensions ['colcon_meta']
[0.405s] Level 1:colcon.colcon_core.package_identification:_identify(robot_controller) by extension 'colcon_meta'
[0.405s] Level 1:colcon.colcon_core.package_identification:_identify(robot_controller) by extensions ['ros']
[0.406s] Level 1:colcon.colcon_core.package_identification:_identify(robot_controller) by extension 'ros'
[0.408s] DEBUG:colcon.colcon_core.package_identification:Package 'robot_controller' with type 'ros.ament_python' and name 'robot_controller'
[0.408s] Level 1:colcon.colcon_core.package_identification:_identify(robot_messages) by extensions ['ignore', 'ignore_ament_install']
[0.408s] Level 1:colcon.colcon_core.package_identification:_identify(robot_messages) by extension 'ignore'
[0.408s] Level 1:colcon.colcon_core.package_identification:_identify(robot_messages) by extension 'ignore_ament_install'
[0.409s] Level 1:colcon.colcon_core.package_identification:_identify(robot_messages) by extensions ['colcon_pkg']
[0.409s] Level 1:colcon.colcon_core.package_identification:_identify(robot_messages) by extension 'colcon_pkg'
[0.409s] Level 1:colcon.colcon_core.package_identification:_identify(robot_messages) by extensions ['colcon_meta']
[0.409s] Level 1:colcon.colcon_core.package_identification:_identify(robot_messages) by extension 'colcon_meta'
[0.409s] Level 1:colcon.colcon_core.package_identification:_identify(robot_messages) by extensions ['ros']
[0.409s] Level 1:colcon.colcon_core.package_identification:_identify(robot_messages) by extension 'ros'
[0.410s] DEBUG:colcon.colcon_core.package_identification:Package 'robot_messages' with type 'ros.ament_cmake' and name 'robot_messages'
[0.411s] Level 1:colcon.colcon_core.package_discovery:discover_packages(recursive) using defaults
[0.411s] Level 1:colcon.colcon_core.package_discovery:discover_packages(ignore) discover
[0.411s] Level 1:colcon.colcon_core.package_discovery:discover_packages(ignore) using defaults
[0.411s] Level 1:colcon.colcon_core.package_discovery:discover_packages(path) discover
[0.411s] Level 1:colcon.colcon_core.package_discovery:discover_packages(path) using defaults
[0.435s] Level 1:colcon.colcon_core.package_discovery:discover_packages(prefix_path) check parameters
[0.435s] Level 1:colcon.colcon_core.package_discovery:discover_packages(prefix_path) discover
[0.438s] DEBUG:colcon.colcon_installed_package_information.package_discovery:Found 1 installed packages in /home/hubot/Documents/Github/RobotArmV1/install
[0.440s] DEBUG:colcon.colcon_installed_package_information.package_discovery:Found 284 installed packages in /opt/ros/humble
[0.442s] Level 1:colcon.colcon_core.package_discovery:discover_packages(prefix_path) using defaults
[0.515s] Level 5:colcon.colcon_core.verb:set package 'robot_controller' build argument 'cmake_args' from command line to 'None'
[0.515s] Level 5:colcon.colcon_core.verb:set package 'robot_controller' build argument 'cmake_target' from command line to 'None'
[0.515s] Level 5:colcon.colcon_core.verb:set package 'robot_controller' build argument 'cmake_target_skip_unavailable' from command line to 'False'
[0.515s] Level 5:colcon.colcon_core.verb:set package 'robot_controller' build argument 'cmake_clean_cache' from command line to 'False'
[0.515s] Level 5:colcon.colcon_core.verb:set package 'robot_controller' build argument 'cmake_clean_first' from command line to 'False'
[0.515s] Level 5:colcon.colcon_core.verb:set package 'robot_controller' build argument 'cmake_force_configure' from command line to 'False'
[0.515s] Level 5:colcon.colcon_core.verb:set package 'robot_controller' build argument 'ament_cmake_args' from command line to 'None'
[0.515s] Level 5:colcon.colcon_core.verb:set package 'robot_controller' build argument 'catkin_cmake_args' from command line to 'None'
[0.516s] Level 5:colcon.colcon_core.verb:set package 'robot_controller' build argument 'catkin_skip_building_tests' from command line to 'False'
[0.516s] DEBUG:colcon.colcon_core.verb:Building package 'robot_controller' with the following arguments: {'ament_cmake_args': None, 'build_base': '/home/hubot/Documents/Github/RobotArmV1/src/build/robot_controller', 'catkin_cmake_args': None, 'catkin_skip_building_tests': False, 'cmake_args': None, 'cmake_clean_cache': False, 'cmake_clean_first': False, 'cmake_force_configure': False, 'cmake_target': None, 'cmake_target_skip_unavailable': False, 'install_base': '/home/hubot/Documents/Github/RobotArmV1/src/install/robot_controller', 'merge_install': False, 'path': '/home/hubot/Documents/Github/RobotArmV1/src/robot_controller', 'symlink_install': False, 'test_result_base': None}
[0.517s] Level 5:colcon.colcon_core.verb:set package 'robot_messages' build argument 'cmake_args' from command line to 'None'
[0.517s] Level 5:colcon.colcon_core.verb:set package 'robot_messages' build argument 'cmake_target' from command line to 'None'
[0.517s] Level 5:colcon.colcon_core.verb:set package 'robot_messages' build argument 'cmake_target_skip_unavailable' from command line to 'False'
[0.517s] Level 5:colcon.colcon_core.verb:set package 'robot_messages' build argument 'cmake_clean_cache' from command line to 'False'
[0.517s] Level 5:colcon.colcon_core.verb:set package 'robot_messages' build argument 'cmake_clean_first' from command line to 'False'
[0.517s] Level 5:colcon.colcon_core.verb:set package 'robot_messages' build argument 'cmake_force_configure' from command line to 'False'
[0.517s] Level 5:colcon.colcon_core.verb:set package 'robot_messages' build argument 'ament_cmake_args' from command line to 'None'
[0.517s] Level 5:colcon.colcon_core.verb:set package 'robot_messages' build argument 'catkin_cmake_args' from command line to 'None'
[0.517s] Level 5:colcon.colcon_core.verb:set package 'robot_messages' build argument 'catkin_skip_building_tests' from command line to 'False'
[0.517s] DEBUG:colcon.colcon_core.verb:Building package 'robot_messages' with the following arguments: {'ament_cmake_args': None, 'build_base': '/home/hubot/Documents/Github/RobotArmV1/src/build/robot_messages', 'catkin_cmake_args': None, 'catkin_skip_building_tests': False, 'cmake_args': None, 'cmake_clean_cache': False, 'cmake_clean_first': False, 'cmake_force_configure': False, 'cmake_target': None, 'cmake_target_skip_unavailable': False, 'install_base': '/home/hubot/Documents/Github/RobotArmV1/src/install/robot_messages', 'merge_install': False, 'path': '/home/hubot/Documents/Github/RobotArmV1/src/robot_messages', 'symlink_install': False, 'test_result_base': None}
[0.518s] INFO:colcon.colcon_core.executor:Executing jobs using 'parallel' executor
[0.522s] DEBUG:colcon.colcon_parallel_executor.executor.parallel:run_until_complete
[0.522s] INFO:colcon.colcon_ros.task.ament_python.build:Building ROS package in '/home/hubot/Documents/Github/RobotArmV1/src/robot_controller' with build type 'ament_python'
[0.522s] Level 1:colcon.colcon_core.shell:create_environment_hook('robot_controller', 'ament_prefix_path')
[0.527s] INFO:colcon.colcon_core.plugin_system:Skipping extension 'colcon_core.shell.bat': Not used on non-Windows systems
[0.528s] INFO:colcon.colcon_core.shell:Creating environment hook '/home/hubot/Documents/Github/RobotArmV1/src/install/robot_controller/share/robot_controller/hook/ament_prefix_path.ps1'
[0.528s] INFO:colcon.colcon_core.shell:Creating environment descriptor '/home/hubot/Documents/Github/RobotArmV1/src/install/robot_controller/share/robot_controller/hook/ament_prefix_path.dsv'
[0.529s] INFO:colcon.colcon_core.shell:Creating environment hook '/home/hubot/Documents/Github/RobotArmV1/src/install/robot_controller/share/robot_controller/hook/ament_prefix_path.sh'
[0.531s] INFO:colcon.colcon_core.shell:Skip shell extension 'powershell' for command environment: Not usable outside of PowerShell
[0.531s] DEBUG:colcon.colcon_core.shell:Skip shell extension 'dsv' for command environment
[0.537s] INFO:colcon.colcon_ros.task.ament_cmake.build:Building ROS package in '/home/hubot/Documents/Github/RobotArmV1/src/robot_messages' with build type 'ament_cmake'
[0.537s] INFO:colcon.colcon_cmake.task.cmake.build:Building CMake package in '/home/hubot/Documents/Github/RobotArmV1/src/robot_messages'
[0.539s] INFO:colcon.colcon_core.shell:Skip shell extension 'powershell' for command environment: Not usable outside of PowerShell
[0.539s] DEBUG:colcon.colcon_core.shell:Skip shell extension 'dsv' for command environment
[0.871s] INFO:colcon.colcon_core.task.python.build:Building Python package in '/home/hubot/Documents/Github/RobotArmV1/src/robot_controller'
[0.872s] INFO:colcon.colcon_core.shell:Skip shell extension 'powershell' for command environment: Not usable outside of PowerShell
[0.873s] DEBUG:colcon.colcon_core.shell:Skip shell extension 'dsv' for command environment
[0.881s] DEBUG:colcon.colcon_core.event_handler.log_command:Invoking command in '/home/hubot/Documents/Github/RobotArmV1/src/build/robot_messages': CMAKE_PREFIX_PATH=/home/hubot/Documents/Github/RobotArmV1/install/robot_controller:/opt/ros/humble /usr/bin/cmake --build /home/hubot/Documents/Github/RobotArmV1/src/build/robot_messages -- -j4 -l4
[1.538s] DEBUG:colcon.colcon_core.event_handler.log_command:Invoking command in '/home/hubot/Documents/Github/RobotArmV1/src/robot_controller': PYTHONPATH=/home/hubot/Documents/Github/RobotArmV1/src/build/robot_controller/prefix_override:/home/hubot/Documents/Github/RobotArmV1/src/install/robot_controller/lib/python3.10/site-packages:${PYTHONPATH} /usr/bin/python3 setup.py egg_info --egg-base ../build/robot_controller build --build-base /home/hubot/Documents/Github/RobotArmV1/src/build/robot_controller/build install --record /home/hubot/Documents/Github/RobotArmV1/src/build/robot_controller/install.log --single-version-externally-managed
[1.990s] DEBUG:colcon.colcon_core.event_handler.log_command:Invoked command in '/home/hubot/Documents/Github/RobotArmV1/src/robot_controller' returned '0': PYTHONPATH=/home/hubot/Documents/Github/RobotArmV1/src/build/robot_controller/prefix_override:/home/hubot/Documents/Github/RobotArmV1/src/install/robot_controller/lib/python3.10/site-packages:${PYTHONPATH} /usr/bin/python3 setup.py egg_info --egg-base ../build/robot_controller build --build-base /home/hubot/Documents/Github/RobotArmV1/src/build/robot_controller/build install --record /home/hubot/Documents/Github/RobotArmV1/src/build/robot_controller/install.log --single-version-externally-managed
[1.996s] Level 1:colcon.colcon_core.environment:checking '/home/hubot/Documents/Github/RobotArmV1/src/install/robot_controller' for CMake module files
[1.997s] Level 1:colcon.colcon_core.environment:checking '/home/hubot/Documents/Github/RobotArmV1/src/install/robot_controller' for CMake config files
[1.998s] Level 1:colcon.colcon_core.environment:checking '/home/hubot/Documents/Github/RobotArmV1/src/install/robot_controller/lib'
[1.998s] Level 1:colcon.colcon_core.environment:checking '/home/hubot/Documents/Github/RobotArmV1/src/install/robot_controller/bin'
[1.999s] Level 1:colcon.colcon_core.environment:checking '/home/hubot/Documents/Github/RobotArmV1/src/install/robot_controller/lib/pkgconfig/robot_controller.pc'
[1.999s] Level 1:colcon.colcon_core.environment:checking '/home/hubot/Documents/Github/RobotArmV1/src/install/robot_controller/lib/python3.10/site-packages'
[1.999s] Level 1:colcon.colcon_core.shell:create_environment_hook('robot_controller', 'pythonpath')
[2.002s] INFO:colcon.colcon_core.shell:Creating environment hook '/home/hubot/Documents/Github/RobotArmV1/src/install/robot_controller/share/robot_controller/hook/pythonpath.ps1'
[2.002s] INFO:colcon.colcon_core.shell:Creating environment descriptor '/home/hubot/Documents/Github/RobotArmV1/src/install/robot_controller/share/robot_controller/hook/pythonpath.dsv'
[2.003s] INFO:colcon.colcon_core.shell:Creating environment hook '/home/hubot/Documents/Github/RobotArmV1/src/install/robot_controller/share/robot_controller/hook/pythonpath.sh'
[2.004s] Level 1:colcon.colcon_core.environment:checking '/home/hubot/Documents/Github/RobotArmV1/src/install/robot_controller/bin'
[2.004s] Level 1:colcon.colcon_core.environment:create_environment_scripts_only(robot_controller)
[2.006s] INFO:colcon.colcon_core.shell:Creating package script '/home/hubot/Documents/Github/RobotArmV1/src/install/robot_controller/share/robot_controller/package.ps1'
[2.007s] INFO:colcon.colcon_core.shell:Creating package descriptor '/home/hubot/Documents/Github/RobotArmV1/src/install/robot_controller/share/robot_controller/package.dsv'
[2.008s] INFO:colcon.colcon_core.shell:Creating package script '/home/hubot/Documents/Github/RobotArmV1/src/install/robot_controller/share/robot_controller/package.sh'
[2.009s] INFO:colcon.colcon_core.shell:Creating package script '/home/hubot/Documents/Github/RobotArmV1/src/install/robot_controller/share/robot_controller/package.bash'
[2.010s] INFO:colcon.colcon_core.shell:Creating package script '/home/hubot/Documents/Github/RobotArmV1/src/install/robot_controller/share/robot_controller/package.zsh'
[2.010s] Level 1:colcon.colcon_core.environment:create_file_with_runtime_dependencies(/home/hubot/Documents/Github/RobotArmV1/src/install/robot_controller/share/colcon-core/packages/robot_controller)
[4.638s] DEBUG:colcon.colcon_core.event_handler.log_command:Invoked command in '/home/hubot/Documents/Github/RobotArmV1/src/build/robot_messages' returned '0': CMAKE_PREFIX_PATH=/home/hubot/Documents/Github/RobotArmV1/install/robot_controller:/opt/ros/humble /usr/bin/cmake --build /home/hubot/Documents/Github/RobotArmV1/src/build/robot_messages -- -j4 -l4
[4.760s] DEBUG:colcon.colcon_core.event_handler.log_command:Invoking command in '/home/hubot/Documents/Github/RobotArmV1/src/build/robot_messages': CMAKE_PREFIX_PATH=/home/hubot/Documents/Github/RobotArmV1/install/robot_controller:/opt/ros/humble /usr/bin/cmake --install /home/hubot/Documents/Github/RobotArmV1/src/build/robot_messages
[4.890s] Level 1:colcon.colcon_core.environment:create_environment_scripts_only(robot_messages)
[4.893s] Level 1:colcon.colcon_core.environment:checking '/home/hubot/Documents/Github/RobotArmV1/src/install/robot_messages' for CMake module files
[4.894s] DEBUG:colcon.colcon_core.event_handler.log_command:Invoked command in '/home/hubot/Documents/Github/RobotArmV1/src/build/robot_messages' returned '0': CMAKE_PREFIX_PATH=/home/hubot/Documents/Github/RobotArmV1/install/robot_controller:/opt/ros/humble /usr/bin/cmake --install /home/hubot/Documents/Github/RobotArmV1/src/build/robot_messages
[4.895s] Level 1:colcon.colcon_core.environment:checking '/home/hubot/Documents/Github/RobotArmV1/src/install/robot_messages' for CMake config files
[4.896s] Level 1:colcon.colcon_core.shell:create_environment_hook('robot_messages', 'cmake_prefix_path')
[4.899s] INFO:colcon.colcon_core.shell:Creating environment hook '/home/hubot/Documents/Github/RobotArmV1/src/install/robot_messages/share/robot_messages/hook/cmake_prefix_path.ps1'
[4.899s] INFO:colcon.colcon_core.shell:Creating environment descriptor '/home/hubot/Documents/Github/RobotArmV1/src/install/robot_messages/share/robot_messages/hook/cmake_prefix_path.dsv'
[4.900s] INFO:colcon.colcon_core.shell:Creating environment hook '/home/hubot/Documents/Github/RobotArmV1/src/install/robot_messages/share/robot_messages/hook/cmake_prefix_path.sh'
[4.901s] Level 1:colcon.colcon_core.environment:checking '/home/hubot/Documents/Github/RobotArmV1/src/install/robot_messages/lib'
[4.901s] Level 1:colcon.colcon_core.shell:create_environment_hook('robot_messages', 'ld_library_path_lib')
[4.903s] INFO:colcon.colcon_core.shell:Creating environment hook '/home/hubot/Documents/Github/RobotArmV1/src/install/robot_messages/share/robot_messages/hook/ld_library_path_lib.ps1'
[4.904s] INFO:colcon.colcon_core.shell:Creating environment descriptor '/home/hubot/Documents/Github/RobotArmV1/src/install/robot_messages/share/robot_messages/hook/ld_library_path_lib.dsv'
[4.904s] INFO:colcon.colcon_core.shell:Creating environment hook '/home/hubot/Documents/Github/RobotArmV1/src/install/robot_messages/share/robot_messages/hook/ld_library_path_lib.sh'
[4.905s] Level 1:colcon.colcon_core.environment:checking '/home/hubot/Documents/Github/RobotArmV1/src/install/robot_messages/bin'
[4.905s] Level 1:colcon.colcon_core.environment:checking '/home/hubot/Documents/Github/RobotArmV1/src/install/robot_messages/lib/pkgconfig/robot_messages.pc'
[4.905s] Level 1:colcon.colcon_core.environment:checking '/home/hubot/Documents/Github/RobotArmV1/src/install/robot_messages/lib/python3.10/site-packages'
[4.906s] Level 1:colcon.colcon_core.environment:checking '/home/hubot/Documents/Github/RobotArmV1/src/install/robot_messages/bin'
[4.909s] INFO:colcon.colcon_core.shell:Creating package script '/home/hubot/Documents/Github/RobotArmV1/src/install/robot_messages/share/robot_messages/package.ps1'
[4.909s] INFO:colcon.colcon_core.shell:Creating package descriptor '/home/hubot/Documents/Github/RobotArmV1/src/install/robot_messages/share/robot_messages/package.dsv'
[4.910s] INFO:colcon.colcon_core.shell:Creating package script '/home/hubot/Documents/Github/RobotArmV1/src/install/robot_messages/share/robot_messages/package.sh'
[4.911s] INFO:colcon.colcon_core.shell:Creating package script '/home/hubot/Documents/Github/RobotArmV1/src/install/robot_messages/share/robot_messages/package.bash'
[4.911s] INFO:colcon.colcon_core.shell:Creating package script '/home/hubot/Documents/Github/RobotArmV1/src/install/robot_messages/share/robot_messages/package.zsh'
[4.912s] Level 1:colcon.colcon_core.environment:create_file_with_runtime_dependencies(/home/hubot/Documents/Github/RobotArmV1/src/install/robot_messages/share/colcon-core/packages/robot_messages)
[5.027s] Level 1:colcon.colcon_core.environment:create_environment_scripts_only(robot_messages)
[5.030s] Level 1:colcon.colcon_core.environment:checking '/home/hubot/Documents/Github/RobotArmV1/src/install/robot_messages' for CMake module files
[5.031s] Level 1:colcon.colcon_core.environment:checking '/home/hubot/Documents/Github/RobotArmV1/src/install/robot_messages' for CMake config files
[5.032s] Level 1:colcon.colcon_core.shell:create_environment_hook('robot_messages', 'cmake_prefix_path')
[5.034s] INFO:colcon.colcon_core.shell:Creating environment hook '/home/hubot/Documents/Github/RobotArmV1/src/install/robot_messages/share/robot_messages/hook/cmake_prefix_path.ps1'
[5.035s] INFO:colcon.colcon_core.shell:Creating environment descriptor '/home/hubot/Documents/Github/RobotArmV1/src/install/robot_messages/share/robot_messages/hook/cmake_prefix_path.dsv'
[5.036s] INFO:colcon.colcon_core.shell:Creating environment hook '/home/hubot/Documents/Github/RobotArmV1/src/install/robot_messages/share/robot_messages/hook/cmake_prefix_path.sh'
[5.036s] Level 1:colcon.colcon_core.environment:checking '/home/hubot/Documents/Github/RobotArmV1/src/install/robot_messages/lib'
[5.037s] Level 1:colcon.colcon_core.shell:create_environment_hook('robot_messages', 'ld_library_path_lib')
[5.039s] INFO:colcon.colcon_core.shell:Creating environment hook '/home/hubot/Documents/Github/RobotArmV1/src/install/robot_messages/share/robot_messages/hook/ld_library_path_lib.ps1'
[5.040s] INFO:colcon.colcon_core.shell:Creating environment descriptor '/home/hubot/Documents/Github/RobotArmV1/src/install/robot_messages/share/robot_messages/hook/ld_library_path_lib.dsv'
[5.040s] INFO:colcon.colcon_core.shell:Creating environment hook '/home/hubot/Documents/Github/RobotArmV1/src/install/robot_messages/share/robot_messages/hook/ld_library_path_lib.sh'
[5.041s] Level 1:colcon.colcon_core.environment:checking '/home/hubot/Documents/Github/RobotArmV1/src/install/robot_messages/bin'
[5.041s] Level 1:colcon.colcon_core.environment:checking '/home/hubot/Documents/Github/RobotArmV1/src/install/robot_messages/lib/pkgconfig/robot_messages.pc'
[5.041s] Level 1:colcon.colcon_core.environment:checking '/home/hubot/Documents/Github/RobotArmV1/src/install/robot_messages/lib/python3.10/site-packages'
[5.042s] Level 1:colcon.colcon_core.environment:checking '/home/hubot/Documents/Github/RobotArmV1/src/install/robot_messages/bin'
[5.044s] INFO:colcon.colcon_core.shell:Creating package script '/home/hubot/Documents/Github/RobotArmV1/src/install/robot_messages/share/robot_messages/package.ps1'
[5.046s] INFO:colcon.colcon_core.shell:Creating package descriptor '/home/hubot/Documents/Github/RobotArmV1/src/install/robot_messages/share/robot_messages/package.dsv'
[5.047s] INFO:colcon.colcon_core.shell:Creating package script '/home/hubot/Documents/Github/RobotArmV1/src/install/robot_messages/share/robot_messages/package.sh'
[5.047s] INFO:colcon.colcon_core.shell:Creating package script '/home/hubot/Documents/Github/RobotArmV1/src/install/robot_messages/share/robot_messages/package.bash'
[5.048s] INFO:colcon.colcon_core.shell:Creating package script '/home/hubot/Documents/Github/RobotArmV1/src/install/robot_messages/share/robot_messages/package.zsh'
[5.048s] Level 1:colcon.colcon_core.environment:create_file_with_runtime_dependencies(/home/hubot/Documents/Github/RobotArmV1/src/install/robot_messages/share/colcon-core/packages/robot_messages)
[5.049s] DEBUG:colcon.colcon_parallel_executor.executor.parallel:closing loop
[5.050s] DEBUG:colcon.colcon_parallel_executor.executor.parallel:loop closed
[5.050s] DEBUG:colcon.colcon_parallel_executor.executor.parallel:run_until_complete finished with '0'
[5.050s] DEBUG:colcon.colcon_core.event_reactor:joining thread
[5.059s] INFO:colcon.colcon_core.plugin_system:Skipping extension 'colcon_notification.desktop_notification.terminal_notifier': Not used on non-Darwin systems
[5.059s] INFO:colcon.colcon_core.plugin_system:Skipping extension 'colcon_notification.desktop_notification.win32': Not used on non-Windows systems
[5.059s] INFO:colcon.colcon_notification.desktop_notification:Sending desktop notification using 'notify2'
[5.078s] DEBUG:colcon.colcon_core.event_reactor:joined thread
[5.081s] INFO:colcon.colcon_core.shell:Creating prefix script '/home/hubot/Documents/Github/RobotArmV1/src/install/local_setup.ps1'
[5.085s] INFO:colcon.colcon_core.shell:Creating prefix util module '/home/hubot/Documents/Github/RobotArmV1/src/install/_local_setup_util_ps1.py'
[5.091s] INFO:colcon.colcon_core.shell:Creating prefix chain script '/home/hubot/Documents/Github/RobotArmV1/src/install/setup.ps1'
[5.094s] INFO:colcon.colcon_core.shell:Creating prefix script '/home/hubot/Documents/Github/RobotArmV1/src/install/local_setup.sh'
[5.095s] INFO:colcon.colcon_core.shell:Creating prefix util module '/home/hubot/Documents/Github/RobotArmV1/src/install/_local_setup_util_sh.py'
[5.096s] INFO:colcon.colcon_core.shell:Creating prefix chain script '/home/hubot/Documents/Github/RobotArmV1/src/install/setup.sh'
[5.099s] INFO:colcon.colcon_core.shell:Creating prefix script '/home/hubot/Documents/Github/RobotArmV1/src/install/local_setup.bash'
[5.100s] INFO:colcon.colcon_core.shell:Creating prefix chain script '/home/hubot/Documents/Github/RobotArmV1/src/install/setup.bash'
[5.102s] INFO:colcon.colcon_core.shell:Creating prefix script '/home/hubot/Documents/Github/RobotArmV1/src/install/local_setup.zsh'
[5.104s] INFO:colcon.colcon_core.shell:Creating prefix chain script '/home/hubot/Documents/Github/RobotArmV1/src/install/setup.zsh'
