[1.064s] Invoking command in '/home/hubot/Documents/Github/RobotArmV1/build/robot_controller': PYTHONPATH=/home/hubot/Documents/Github/RobotArmV1/build/robot_controller/prefix_override:/home/hubot/Documents/Github/RobotArmV1/install/robot_controller/lib/python3.10/site-packages:${PYTHONPATH} /usr/bin/python3 setup.py develop --uninstall --editable --build-directory /home/hubot/Documents/Github/RobotArmV1/build/robot_controller/build
[1.461s] running develop
[1.699s] Invoked command in '/home/hubot/Documents/Github/RobotArmV1/build/robot_controller' returned '0': PYTHONPATH=/home/hubot/Documents/Github/RobotArmV1/build/robot_controller/prefix_override:/home/hubot/Documents/Github/RobotArmV1/install/robot_controller/lib/python3.10/site-packages:${PYTHONPATH} /usr/bin/python3 setup.py develop --uninstall --editable --build-directory /home/hubot/Documents/Github/RobotArmV1/build/robot_controller/build
[1.701s] Invoking command in '/home/hubot/Documents/Github/RobotArmV1/src/robot_controller': PYTHONPATH=/home/hubot/Documents/Github/RobotArmV1/build/robot_controller/prefix_override:/home/hubot/Documents/Github/RobotArmV1/install/robot_controller/lib/python3.10/site-packages:${PYTHONPATH} /usr/bin/python3 setup.py egg_info --egg-base ../../build/robot_controller build --build-base /home/hubot/Documents/Github/RobotArmV1/build/robot_controller/build install --record /home/hubot/Documents/Github/RobotArmV1/build/robot_controller/install.log --single-version-externally-managed
[1.988s] running egg_info
[1.989s] writing ../../build/robot_controller/robot_controller.egg-info/PKG-INFO
[1.989s] writing dependency_links to ../../build/robot_controller/robot_controller.egg-info/dependency_links.txt
[1.989s] writing entry points to ../../build/robot_controller/robot_controller.egg-info/entry_points.txt
[1.990s] writing requirements to ../../build/robot_controller/robot_controller.egg-info/requires.txt
[1.990s] writing top-level names to ../../build/robot_controller/robot_controller.egg-info/top_level.txt
[1.992s] reading manifest file '../../build/robot_controller/robot_controller.egg-info/SOURCES.txt'
[1.993s] writing manifest file '../../build/robot_controller/robot_controller.egg-info/SOURCES.txt'
[1.993s] running build
[1.994s] running build_py
[1.994s] copying robot_controller/test_subscriber.py -> /home/hubot/Documents/Github/RobotArmV1/build/robot_controller/build/lib/robot_controller
[1.994s] copying robot_controller/test_publisher.py -> /home/hubot/Documents/Github/RobotArmV1/build/robot_controller/build/lib/robot_controller
[1.994s] running install
[1.995s] running install_lib
[1.995s] copying /home/hubot/Documents/Github/RobotArmV1/build/robot_controller/build/lib/robot_controller/test_subscriber.py -> /home/hubot/Documents/Github/RobotArmV1/install/robot_controller/lib/python3.10/site-packages/robot_controller
[1.996s] copying /home/hubot/Documents/Github/RobotArmV1/build/robot_controller/build/lib/robot_controller/test_publisher.py -> /home/hubot/Documents/Github/RobotArmV1/install/robot_controller/lib/python3.10/site-packages/robot_controller
[1.996s] byte-compiling /home/hubot/Documents/Github/RobotArmV1/install/robot_controller/lib/python3.10/site-packages/robot_controller/test_subscriber.py to test_subscriber.cpython-310.pyc
[1.997s] byte-compiling /home/hubot/Documents/Github/RobotArmV1/install/robot_controller/lib/python3.10/site-packages/robot_controller/test_publisher.py to test_publisher.cpython-310.pyc
[1.997s] running install_data
[1.998s] running install_egg_info
[2.000s] removing '/home/hubot/Documents/Github/RobotArmV1/install/robot_controller/lib/python3.10/site-packages/robot_controller-0.0.0-py3.10.egg-info' (and everything under it)
[2.000s] Copying ../../build/robot_controller/robot_controller.egg-info to /home/hubot/Documents/Github/RobotArmV1/install/robot_controller/lib/python3.10/site-packages/robot_controller-0.0.0-py3.10.egg-info
[2.001s] running install_scripts
[2.022s] Installing test_node script to /home/hubot/Documents/Github/RobotArmV1/install/robot_controller/lib/robot_controller
[2.022s] Installing test_subscriber script to /home/hubot/Documents/Github/RobotArmV1/install/robot_controller/lib/robot_controller
[2.022s] writing list of installed files to '/home/hubot/Documents/Github/RobotArmV1/build/robot_controller/install.log'
[2.066s] Invoked command in '/home/hubot/Documents/Github/RobotArmV1/src/robot_controller' returned '0': PYTHONPATH=/home/hubot/Documents/Github/RobotArmV1/build/robot_controller/prefix_override:/home/hubot/Documents/Github/RobotArmV1/install/robot_controller/lib/python3.10/site-packages:${PYTHONPATH} /usr/bin/python3 setup.py egg_info --egg-base ../../build/robot_controller build --build-base /home/hubot/Documents/Github/RobotArmV1/build/robot_controller/build install --record /home/hubot/Documents/Github/RobotArmV1/build/robot_controller/install.log --single-version-externally-managed
