[1.025s] Invoking command in '/home/hubot/Documents/Github/RobotArmV1/build/robot_controller': PYTHONPATH=/home/hubot/Documents/Github/RobotArmV1/build/robot_controller/prefix_override:/home/hubot/Documents/Github/RobotArmV1/install/robot_controller/lib/python3.10/site-packages:${PYTHONPATH} /usr/bin/python3 setup.py develop --uninstall --editable --build-directory /home/hubot/Documents/Github/RobotArmV1/build/robot_controller/build
[1.443s] running develop
[1.670s] Invoked command in '/home/hubot/Documents/Github/RobotArmV1/build/robot_controller' returned '0': PYTHONPATH=/home/hubot/Documents/Github/RobotArmV1/build/robot_controller/prefix_override:/home/hubot/Documents/Github/RobotArmV1/install/robot_controller/lib/python3.10/site-packages:${PYTHONPATH} /usr/bin/python3 setup.py develop --uninstall --editable --build-directory /home/hubot/Documents/Github/RobotArmV1/build/robot_controller/build
[1.671s] Invoking command in '/home/hubot/Documents/Github/RobotArmV1/src/robot_controller': PYTHONPATH=/home/hubot/Documents/Github/RobotArmV1/build/robot_controller/prefix_override:/home/hubot/Documents/Github/RobotArmV1/install/robot_controller/lib/python3.10/site-packages:${PYTHONPATH} /usr/bin/python3 setup.py egg_info --egg-base ../../build/robot_controller build --build-base /home/hubot/Documents/Github/RobotArmV1/build/robot_controller/build install --record /home/hubot/Documents/Github/RobotArmV1/build/robot_controller/install.log --single-version-externally-managed
[1.953s] running egg_info
[1.953s] writing ../../build/robot_controller/robot_controller.egg-info/PKG-INFO
[1.953s] writing dependency_links to ../../build/robot_controller/robot_controller.egg-info/dependency_links.txt
[1.954s] writing entry points to ../../build/robot_controller/robot_controller.egg-info/entry_points.txt
[1.954s] writing requirements to ../../build/robot_controller/robot_controller.egg-info/requires.txt
[1.954s] writing top-level names to ../../build/robot_controller/robot_controller.egg-info/top_level.txt
[1.956s] reading manifest file '../../build/robot_controller/robot_controller.egg-info/SOURCES.txt'
[1.958s] writing manifest file '../../build/robot_controller/robot_controller.egg-info/SOURCES.txt'
[1.958s] running build
[1.958s] running build_py
[1.958s] running install
[1.959s] running install_lib
[1.960s] running install_data
[1.961s] copying package.xml -> /home/hubot/Documents/Github/RobotArmV1/install/robot_controller/share/robot_controller
[1.961s] running install_egg_info
[1.963s] removing '/home/hubot/Documents/Github/RobotArmV1/install/robot_controller/lib/python3.10/site-packages/robot_controller-0.0.0-py3.10.egg-info' (and everything under it)
[1.963s] Copying ../../build/robot_controller/robot_controller.egg-info to /home/hubot/Documents/Github/RobotArmV1/install/robot_controller/lib/python3.10/site-packages/robot_controller-0.0.0-py3.10.egg-info
[1.964s] running install_scripts
[1.985s] Installing test_node script to /home/hubot/Documents/Github/RobotArmV1/install/robot_controller/lib/robot_controller
[1.985s] Installing test_subscriber = robot_controller.test_subscriber:maintrajectory_planner script to /home/hubot/Documents/Github/RobotArmV1/install/robot_controller/lib/robot_controller
[1.986s] writing list of installed files to '/home/hubot/Documents/Github/RobotArmV1/build/robot_controller/install.log'
[2.021s] Invoked command in '/home/hubot/Documents/Github/RobotArmV1/src/robot_controller' returned '0': PYTHONPATH=/home/hubot/Documents/Github/RobotArmV1/build/robot_controller/prefix_override:/home/hubot/Documents/Github/RobotArmV1/install/robot_controller/lib/python3.10/site-packages:${PYTHONPATH} /usr/bin/python3 setup.py egg_info --egg-base ../../build/robot_controller build --build-base /home/hubot/Documents/Github/RobotArmV1/build/robot_controller/build install --record /home/hubot/Documents/Github/RobotArmV1/build/robot_controller/install.log --single-version-externally-managed
