[0.020s] Invoking command in '/home/hubot/Documents/Github/RobotArmV1/src/build/robot_messages': CMAKE_PREFIX_PATH=${CMAKE_PREFIX_PATH}:/home/hubot/Documents/Github/RobotArmV1/install/robot_controller:/home/hubot/Documents/Github/RobotArmV1/src/install/robot_controller:/opt/ros/humble /usr/bin/cmake --build /home/hubot/Documents/Github/RobotArmV1/src/build/robot_messages -- -j4 -l4
[0.080s] [  2%] Built target robot_messages__cpp
[0.085s] [ 12%] Built target robot_messages__rosidl_generator_c
[0.114s] [ 12%] Built target ament_cmake_python_copy_robot_messages
[0.135s] [ 23%] Built target robot_messages__rosidl_typesupport_cpp
[0.135s] [ 33%] Built target robot_messages__rosidl_typesupport_fastrtps_cpp
[0.139s] [ 43%] Built target robot_messages__rosidl_typesupport_introspection_cpp
[0.162s] [ 53%] Built target robot_messages__rosidl_typesupport_fastrtps_c
[0.169s] [ 64%] Built target robot_messages__rosidl_typesupport_introspection_c
[0.171s] [ 74%] Built target robot_messages__rosidl_typesupport_c
[0.195s] [ 74%] Built target robot_messages
[0.219s] [ 76%] Built target robot_messages__py
[0.259s] [ 84%] Built target robot_messages__rosidl_generator_py
[0.296s] [ 94%] Built target robot_messages__rosidl_typesupport_c__pyext
[0.297s] [ 97%] Built target robot_messages__rosidl_typesupport_introspection_c__pyext
[0.298s] [100%] Built target robot_messages__rosidl_typesupport_fastrtps_c__pyext
[0.531s] running egg_info
[0.533s] writing robot_messages.egg-info/PKG-INFO
[0.534s] writing dependency_links to robot_messages.egg-info/dependency_links.txt
[0.534s] writing top-level names to robot_messages.egg-info/top_level.txt
[0.539s] reading manifest file 'robot_messages.egg-info/SOURCES.txt'
[0.540s] writing manifest file 'robot_messages.egg-info/SOURCES.txt'
[0.583s] [100%] Built target ament_cmake_python_build_robot_messages_egg
[0.596s] Invoked command in '/home/hubot/Documents/Github/RobotArmV1/src/build/robot_messages' returned '0': CMAKE_PREFIX_PATH=${CMAKE_PREFIX_PATH}:/home/hubot/Documents/Github/RobotArmV1/install/robot_controller:/home/hubot/Documents/Github/RobotArmV1/src/install/robot_controller:/opt/ros/humble /usr/bin/cmake --build /home/hubot/Documents/Github/RobotArmV1/src/build/robot_messages -- -j4 -l4
[0.698s] Invoking command in '/home/hubot/Documents/Github/RobotArmV1/src/build/robot_messages': CMAKE_PREFIX_PATH=${CMAKE_PREFIX_PATH}:/home/hubot/Documents/Github/RobotArmV1/install/robot_controller:/home/hubot/Documents/Github/RobotArmV1/src/install/robot_controller:/opt/ros/humble /usr/bin/cmake --install /home/hubot/Documents/Github/RobotArmV1/src/build/robot_messages
[0.707s] -- Install configuration: ""
[0.707s] -- Up-to-date: /home/hubot/Documents/Github/RobotArmV1/src/install/robot_messages/share/ament_index/resource_index/rosidl_interfaces/robot_messages
[0.708s] -- Up-to-date: /home/hubot/Documents/Github/RobotArmV1/src/install/robot_messages/include/robot_messages/robot_messages
[0.708s] -- Up-to-date: /home/hubot/Documents/Github/RobotArmV1/src/install/robot_messages/include/robot_messages/robot_messages/msg
[0.708s] -- Up-to-date: /home/hubot/Documents/Github/RobotArmV1/src/install/robot_messages/include/robot_messages/robot_messages/msg/detail
[0.708s] -- Up-to-date: /home/hubot/Documents/Github/RobotArmV1/src/install/robot_messages/include/robot_messages/robot_messages/msg/detail/targetposition__functions.h
[0.708s] -- Up-to-date: /home/hubot/Documents/Github/RobotArmV1/src/install/robot_messages/include/robot_messages/robot_messages/msg/detail/num__functions.h
[0.708s] -- Up-to-date: /home/hubot/Documents/Github/RobotArmV1/src/install/robot_messages/include/robot_messages/robot_messages/msg/detail/num__functions.c
[0.709s] -- Up-to-date: /home/hubot/Documents/Github/RobotArmV1/src/install/robot_messages/include/robot_messages/robot_messages/msg/detail/num__type_support.h
[0.709s] -- Up-to-date: /home/hubot/Documents/Github/RobotArmV1/src/install/robot_messages/include/robot_messages/robot_messages/msg/detail/target_position__functions.c
[0.709s] -- Up-to-date: /home/hubot/Documents/Github/RobotArmV1/src/install/robot_messages/include/robot_messages/robot_messages/msg/detail/target_position__struct.h
[0.709s] -- Up-to-date: /home/hubot/Documents/Github/RobotArmV1/src/install/robot_messages/include/robot_messages/robot_messages/msg/detail/targetposition__struct.h
[0.709s] -- Up-to-date: /home/hubot/Documents/Github/RobotArmV1/src/install/robot_messages/include/robot_messages/robot_messages/msg/detail/targetposition__type_support.h
[0.709s] -- Up-to-date: /home/hubot/Documents/Github/RobotArmV1/src/install/robot_messages/include/robot_messages/robot_messages/msg/detail/target_position__functions.h
[0.709s] -- Up-to-date: /home/hubot/Documents/Github/RobotArmV1/src/install/robot_messages/include/robot_messages/robot_messages/msg/detail/num__struct.h
[0.710s] -- Up-to-date: /home/hubot/Documents/Github/RobotArmV1/src/install/robot_messages/include/robot_messages/robot_messages/msg/detail/targetposition__functions.c
[0.710s] -- Up-to-date: /home/hubot/Documents/Github/RobotArmV1/src/install/robot_messages/include/robot_messages/robot_messages/msg/detail/target_position__type_support.h
[0.710s] -- Up-to-date: /home/hubot/Documents/Github/RobotArmV1/src/install/robot_messages/include/robot_messages/robot_messages/msg/num.h
[0.710s] -- Up-to-date: /home/hubot/Documents/Github/RobotArmV1/src/install/robot_messages/include/robot_messages/robot_messages/msg/rosidl_generator_c__visibility_control.h
[0.710s] -- Up-to-date: /home/hubot/Documents/Github/RobotArmV1/src/install/robot_messages/include/robot_messages/robot_messages/msg/target_position.h
[0.710s] -- Up-to-date: /home/hubot/Documents/Github/RobotArmV1/src/install/robot_messages/include/robot_messages/robot_messages/msg/targetposition.h
[0.711s] -- Up-to-date: /home/hubot/Documents/Github/RobotArmV1/src/install/robot_messages/share/robot_messages/environment/library_path.sh
[0.711s] -- Up-to-date: /home/hubot/Documents/Github/RobotArmV1/src/install/robot_messages/share/robot_messages/environment/library_path.dsv
[0.711s] -- Up-to-date: /home/hubot/Documents/Github/RobotArmV1/src/install/robot_messages/lib/librobot_messages__rosidl_generator_c.so
[0.711s] -- Up-to-date: /home/hubot/Documents/Github/RobotArmV1/src/install/robot_messages/include/robot_messages/robot_messages
[0.711s] -- Up-to-date: /home/hubot/Documents/Github/RobotArmV1/src/install/robot_messages/include/robot_messages/robot_messages/msg
[0.712s] -- Up-to-date: /home/hubot/Documents/Github/RobotArmV1/src/install/robot_messages/include/robot_messages/robot_messages/msg/detail
[0.712s] -- Up-to-date: /home/hubot/Documents/Github/RobotArmV1/src/install/robot_messages/include/robot_messages/robot_messages/msg/detail/num__rosidl_typesupport_fastrtps_c.h
[0.712s] -- Up-to-date: /home/hubot/Documents/Github/RobotArmV1/src/install/robot_messages/include/robot_messages/robot_messages/msg/detail/targetposition__rosidl_typesupport_fastrtps_c.h
[0.713s] -- Up-to-date: /home/hubot/Documents/Github/RobotArmV1/src/install/robot_messages/include/robot_messages/robot_messages/msg/detail/target_position__rosidl_typesupport_fastrtps_c.h
[0.713s] -- Up-to-date: /home/hubot/Documents/Github/RobotArmV1/src/install/robot_messages/include/robot_messages/robot_messages/msg/rosidl_typesupport_fastrtps_c__visibility_control.h
[0.713s] -- Up-to-date: /home/hubot/Documents/Github/RobotArmV1/src/install/robot_messages/lib/librobot_messages__rosidl_typesupport_fastrtps_c.so
[0.713s] -- Up-to-date: /home/hubot/Documents/Github/RobotArmV1/src/install/robot_messages/include/robot_messages/robot_messages
[0.714s] -- Up-to-date: /home/hubot/Documents/Github/RobotArmV1/src/install/robot_messages/include/robot_messages/robot_messages/msg
[0.714s] -- Up-to-date: /home/hubot/Documents/Github/RobotArmV1/src/install/robot_messages/include/robot_messages/robot_messages/msg/detail
[0.714s] -- Up-to-date: /home/hubot/Documents/Github/RobotArmV1/src/install/robot_messages/include/robot_messages/robot_messages/msg/detail/target_position__type_support.c
[0.714s] -- Up-to-date: /home/hubot/Documents/Github/RobotArmV1/src/install/robot_messages/include/robot_messages/robot_messages/msg/detail/num__rosidl_typesupport_introspection_c.h
[0.714s] -- Up-to-date: /home/hubot/Documents/Github/RobotArmV1/src/install/robot_messages/include/robot_messages/robot_messages/msg/detail/target_position__rosidl_typesupport_introspection_c.h
[0.714s] -- Up-to-date: /home/hubot/Documents/Github/RobotArmV1/src/install/robot_messages/include/robot_messages/robot_messages/msg/detail/targetposition__rosidl_typesupport_introspection_c.h
[0.715s] -- Up-to-date: /home/hubot/Documents/Github/RobotArmV1/src/install/robot_messages/include/robot_messages/robot_messages/msg/detail/targetposition__type_support.c
[0.715s] -- Up-to-date: /home/hubot/Documents/Github/RobotArmV1/src/install/robot_messages/include/robot_messages/robot_messages/msg/detail/num__type_support.c
[0.715s] -- Up-to-date: /home/hubot/Documents/Github/RobotArmV1/src/install/robot_messages/include/robot_messages/robot_messages/msg/rosidl_typesupport_introspection_c__visibility_control.h
[0.715s] -- Up-to-date: /home/hubot/Documents/Github/RobotArmV1/src/install/robot_messages/lib/librobot_messages__rosidl_typesupport_introspection_c.so
[0.715s] -- Up-to-date: /home/hubot/Documents/Github/RobotArmV1/src/install/robot_messages/lib/librobot_messages__rosidl_typesupport_c.so
[0.716s] -- Up-to-date: /home/hubot/Documents/Github/RobotArmV1/src/install/robot_messages/include/robot_messages/robot_messages
[0.716s] -- Up-to-date: /home/hubot/Documents/Github/RobotArmV1/src/install/robot_messages/include/robot_messages/robot_messages/msg
[0.716s] -- Up-to-date: /home/hubot/Documents/Github/RobotArmV1/src/install/robot_messages/include/robot_messages/robot_messages/msg/detail
[0.717s] -- Up-to-date: /home/hubot/Documents/Github/RobotArmV1/src/install/robot_messages/include/robot_messages/robot_messages/msg/detail/target_position__builder.hpp
[0.717s] -- Up-to-date: /home/hubot/Documents/Github/RobotArmV1/src/install/robot_messages/include/robot_messages/robot_messages/msg/detail/num__traits.hpp
[0.717s] -- Up-to-date: /home/hubot/Documents/Github/RobotArmV1/src/install/robot_messages/include/robot_messages/robot_messages/msg/detail/target_position__struct.hpp
[0.717s] -- Up-to-date: /home/hubot/Documents/Github/RobotArmV1/src/install/robot_messages/include/robot_messages/robot_messages/msg/detail/num__struct.hpp
[0.717s] -- Up-to-date: /home/hubot/Documents/Github/RobotArmV1/src/install/robot_messages/include/robot_messages/robot_messages/msg/detail/targetposition__builder.hpp
[0.717s] -- Up-to-date: /home/hubot/Documents/Github/RobotArmV1/src/install/robot_messages/include/robot_messages/robot_messages/msg/detail/num__builder.hpp
[0.718s] -- Up-to-date: /home/hubot/Documents/Github/RobotArmV1/src/install/robot_messages/include/robot_messages/robot_messages/msg/detail/target_position__traits.hpp
[0.718s] -- Up-to-date: /home/hubot/Documents/Github/RobotArmV1/src/install/robot_messages/include/robot_messages/robot_messages/msg/detail/targetposition__traits.hpp
[0.718s] -- Up-to-date: /home/hubot/Documents/Github/RobotArmV1/src/install/robot_messages/include/robot_messages/robot_messages/msg/detail/targetposition__struct.hpp
[0.718s] -- Up-to-date: /home/hubot/Documents/Github/RobotArmV1/src/install/robot_messages/include/robot_messages/robot_messages/msg/targetposition.hpp
[0.718s] -- Up-to-date: /home/hubot/Documents/Github/RobotArmV1/src/install/robot_messages/include/robot_messages/robot_messages/msg/target_position.hpp
[0.718s] -- Up-to-date: /home/hubot/Documents/Github/RobotArmV1/src/install/robot_messages/include/robot_messages/robot_messages/msg/num.hpp
[0.719s] -- Up-to-date: /home/hubot/Documents/Github/RobotArmV1/src/install/robot_messages/include/robot_messages/robot_messages
[0.719s] -- Up-to-date: /home/hubot/Documents/Github/RobotArmV1/src/install/robot_messages/include/robot_messages/robot_messages/msg
[0.719s] -- Up-to-date: /home/hubot/Documents/Github/RobotArmV1/src/install/robot_messages/include/robot_messages/robot_messages/msg/detail
[0.719s] -- Up-to-date: /home/hubot/Documents/Github/RobotArmV1/src/install/robot_messages/include/robot_messages/robot_messages/msg/detail/targetposition__rosidl_typesupport_fastrtps_cpp.hpp
[0.719s] -- Up-to-date: /home/hubot/Documents/Github/RobotArmV1/src/install/robot_messages/include/robot_messages/robot_messages/msg/detail/target_position__rosidl_typesupport_fastrtps_cpp.hpp
[0.719s] -- Up-to-date: /home/hubot/Documents/Github/RobotArmV1/src/install/robot_messages/include/robot_messages/robot_messages/msg/detail/dds_fastrtps
[0.719s] -- Up-to-date: /home/hubot/Documents/Github/RobotArmV1/src/install/robot_messages/include/robot_messages/robot_messages/msg/detail/num__rosidl_typesupport_fastrtps_cpp.hpp
[0.720s] -- Up-to-date: /home/hubot/Documents/Github/RobotArmV1/src/install/robot_messages/include/robot_messages/robot_messages/msg/rosidl_typesupport_fastrtps_cpp__visibility_control.h
[0.720s] -- Up-to-date: /home/hubot/Documents/Github/RobotArmV1/src/install/robot_messages/lib/librobot_messages__rosidl_typesupport_fastrtps_cpp.so
[0.720s] -- Up-to-date: /home/hubot/Documents/Github/RobotArmV1/src/install/robot_messages/include/robot_messages/robot_messages
[0.720s] -- Up-to-date: /home/hubot/Documents/Github/RobotArmV1/src/install/robot_messages/include/robot_messages/robot_messages/msg
[0.720s] -- Up-to-date: /home/hubot/Documents/Github/RobotArmV1/src/install/robot_messages/include/robot_messages/robot_messages/msg/detail
[0.720s] -- Up-to-date: /home/hubot/Documents/Github/RobotArmV1/src/install/robot_messages/include/robot_messages/robot_messages/msg/detail/targetposition__type_support.cpp
[0.720s] -- Up-to-date: /home/hubot/Documents/Github/RobotArmV1/src/install/robot_messages/include/robot_messages/robot_messages/msg/detail/target_position__type_support.cpp
[0.721s] -- Up-to-date: /home/hubot/Documents/Github/RobotArmV1/src/install/robot_messages/include/robot_messages/robot_messages/msg/detail/target_position__rosidl_typesupport_introspection_cpp.hpp
[0.721s] -- Up-to-date: /home/hubot/Documents/Github/RobotArmV1/src/install/robot_messages/include/robot_messages/robot_messages/msg/detail/num__rosidl_typesupport_introspection_cpp.hpp
[0.721s] -- Up-to-date: /home/hubot/Documents/Github/RobotArmV1/src/install/robot_messages/include/robot_messages/robot_messages/msg/detail/targetposition__rosidl_typesupport_introspection_cpp.hpp
[0.721s] -- Up-to-date: /home/hubot/Documents/Github/RobotArmV1/src/install/robot_messages/include/robot_messages/robot_messages/msg/detail/num__type_support.cpp
[0.721s] -- Up-to-date: /home/hubot/Documents/Github/RobotArmV1/src/install/robot_messages/lib/librobot_messages__rosidl_typesupport_introspection_cpp.so
[0.721s] -- Up-to-date: /home/hubot/Documents/Github/RobotArmV1/src/install/robot_messages/lib/librobot_messages__rosidl_typesupport_cpp.so
[0.722s] -- Up-to-date: /home/hubot/Documents/Github/RobotArmV1/src/install/robot_messages/share/robot_messages/environment/pythonpath.sh
[0.722s] -- Up-to-date: /home/hubot/Documents/Github/RobotArmV1/src/install/robot_messages/share/robot_messages/environment/pythonpath.dsv
[0.722s] -- Up-to-date: /home/hubot/Documents/Github/RobotArmV1/src/install/robot_messages/local/lib/python3.10/dist-packages/robot_messages-0.0.0-py3.10.egg-info
[0.722s] -- Installing: /home/hubot/Documents/Github/RobotArmV1/src/install/robot_messages/local/lib/python3.10/dist-packages/robot_messages-0.0.0-py3.10.egg-info/SOURCES.txt
[0.722s] -- Installing: /home/hubot/Documents/Github/RobotArmV1/src/install/robot_messages/local/lib/python3.10/dist-packages/robot_messages-0.0.0-py3.10.egg-info/top_level.txt
[0.722s] -- Installing: /home/hubot/Documents/Github/RobotArmV1/src/install/robot_messages/local/lib/python3.10/dist-packages/robot_messages-0.0.0-py3.10.egg-info/dependency_links.txt
[0.722s] -- Installing: /home/hubot/Documents/Github/RobotArmV1/src/install/robot_messages/local/lib/python3.10/dist-packages/robot_messages-0.0.0-py3.10.egg-info/PKG-INFO
[0.723s] -- Up-to-date: /home/hubot/Documents/Github/RobotArmV1/src/install/robot_messages/local/lib/python3.10/dist-packages/robot_messages
[0.723s] -- Up-to-date: /home/hubot/Documents/Github/RobotArmV1/src/install/robot_messages/local/lib/python3.10/dist-packages/robot_messages/robot_messages_s__rosidl_typesupport_introspection_c.cpython-310-x86_64-linux-gnu.so
[0.723s] -- Up-to-date: /home/hubot/Documents/Github/RobotArmV1/src/install/robot_messages/local/lib/python3.10/dist-packages/robot_messages/_robot_messages_s.ep.rosidl_typesupport_c.c
[0.723s] -- Up-to-date: /home/hubot/Documents/Github/RobotArmV1/src/install/robot_messages/local/lib/python3.10/dist-packages/robot_messages/_robot_messages_s.ep.rosidl_typesupport_introspection_c.c
[0.723s] -- Up-to-date: /home/hubot/Documents/Github/RobotArmV1/src/install/robot_messages/local/lib/python3.10/dist-packages/robot_messages/_robot_messages_s.ep.rosidl_typesupport_fastrtps_c.c
[0.723s] -- Up-to-date: /home/hubot/Documents/Github/RobotArmV1/src/install/robot_messages/local/lib/python3.10/dist-packages/robot_messages/librobot_messages__rosidl_generator_py.so
[0.723s] -- Up-to-date: /home/hubot/Documents/Github/RobotArmV1/src/install/robot_messages/local/lib/python3.10/dist-packages/robot_messages/__init__.py
[0.724s] -- Up-to-date: /home/hubot/Documents/Github/RobotArmV1/src/install/robot_messages/local/lib/python3.10/dist-packages/robot_messages/robot_messages_s__rosidl_typesupport_c.cpython-310-x86_64-linux-gnu.so
[0.724s] -- Up-to-date: /home/hubot/Documents/Github/RobotArmV1/src/install/robot_messages/local/lib/python3.10/dist-packages/robot_messages/robot_messages_s__rosidl_typesupport_fastrtps_c.cpython-310-x86_64-linux-gnu.so
[0.724s] -- Up-to-date: /home/hubot/Documents/Github/RobotArmV1/src/install/robot_messages/local/lib/python3.10/dist-packages/robot_messages/msg
[0.724s] -- Up-to-date: /home/hubot/Documents/Github/RobotArmV1/src/install/robot_messages/local/lib/python3.10/dist-packages/robot_messages/msg/_num_s.c
[0.724s] -- Up-to-date: /home/hubot/Documents/Github/RobotArmV1/src/install/robot_messages/local/lib/python3.10/dist-packages/robot_messages/msg/_num.py
[0.724s] -- Up-to-date: /home/hubot/Documents/Github/RobotArmV1/src/install/robot_messages/local/lib/python3.10/dist-packages/robot_messages/msg/_targetposition.py
[0.724s] -- Up-to-date: /home/hubot/Documents/Github/RobotArmV1/src/install/robot_messages/local/lib/python3.10/dist-packages/robot_messages/msg/_target_position.py
[0.725s] -- Up-to-date: /home/hubot/Documents/Github/RobotArmV1/src/install/robot_messages/local/lib/python3.10/dist-packages/robot_messages/msg/_targetposition_s.c
[0.725s] -- Up-to-date: /home/hubot/Documents/Github/RobotArmV1/src/install/robot_messages/local/lib/python3.10/dist-packages/robot_messages/msg/__init__.py
[0.725s] -- Up-to-date: /home/hubot/Documents/Github/RobotArmV1/src/install/robot_messages/local/lib/python3.10/dist-packages/robot_messages/msg/_target_position_s.c
[0.777s] Listing '/home/hubot/Documents/Github/RobotArmV1/src/install/robot_messages/local/lib/python3.10/dist-packages/robot_messages'...
[0.777s] Listing '/home/hubot/Documents/Github/RobotArmV1/src/install/robot_messages/local/lib/python3.10/dist-packages/robot_messages/msg'...
[0.784s] -- Up-to-date: /home/hubot/Documents/Github/RobotArmV1/src/install/robot_messages/local/lib/python3.10/dist-packages/robot_messages/robot_messages_s__rosidl_typesupport_fastrtps_c.cpython-310-x86_64-linux-gnu.so
[0.785s] -- Up-to-date: /home/hubot/Documents/Github/RobotArmV1/src/install/robot_messages/local/lib/python3.10/dist-packages/robot_messages/robot_messages_s__rosidl_typesupport_introspection_c.cpython-310-x86_64-linux-gnu.so
[0.785s] -- Up-to-date: /home/hubot/Documents/Github/RobotArmV1/src/install/robot_messages/local/lib/python3.10/dist-packages/robot_messages/robot_messages_s__rosidl_typesupport_c.cpython-310-x86_64-linux-gnu.so
[0.786s] -- Up-to-date: /home/hubot/Documents/Github/RobotArmV1/src/install/robot_messages/lib/librobot_messages__rosidl_generator_py.so
[0.786s] -- Up-to-date: /home/hubot/Documents/Github/RobotArmV1/src/install/robot_messages/share/robot_messages/msg/Num.idl
[0.786s] -- Up-to-date: /home/hubot/Documents/Github/RobotArmV1/src/install/robot_messages/share/robot_messages/msg/Targetposition.idl
[0.787s] -- Up-to-date: /home/hubot/Documents/Github/RobotArmV1/src/install/robot_messages/share/robot_messages/msg/Num.msg
[0.787s] -- Up-to-date: /home/hubot/Documents/Github/RobotArmV1/src/install/robot_messages/share/robot_messages/msg/Targetposition.msg
[0.787s] -- Up-to-date: /home/hubot/Documents/Github/RobotArmV1/src/install/robot_messages/share/ament_index/resource_index/package_run_dependencies/robot_messages
[0.787s] -- Up-to-date: /home/hubot/Documents/Github/RobotArmV1/src/install/robot_messages/share/ament_index/resource_index/parent_prefix_path/robot_messages
[0.787s] -- Up-to-date: /home/hubot/Documents/Github/RobotArmV1/src/install/robot_messages/share/robot_messages/environment/ament_prefix_path.sh
[0.788s] -- Up-to-date: /home/hubot/Documents/Github/RobotArmV1/src/install/robot_messages/share/robot_messages/environment/ament_prefix_path.dsv
[0.788s] -- Up-to-date: /home/hubot/Documents/Github/RobotArmV1/src/install/robot_messages/share/robot_messages/environment/path.sh
[0.788s] -- Up-to-date: /home/hubot/Documents/Github/RobotArmV1/src/install/robot_messages/share/robot_messages/environment/path.dsv
[0.788s] -- Up-to-date: /home/hubot/Documents/Github/RobotArmV1/src/install/robot_messages/share/robot_messages/local_setup.bash
[0.789s] -- Up-to-date: /home/hubot/Documents/Github/RobotArmV1/src/install/robot_messages/share/robot_messages/local_setup.sh
[0.789s] -- Up-to-date: /home/hubot/Documents/Github/RobotArmV1/src/install/robot_messages/share/robot_messages/local_setup.zsh
[0.789s] -- Up-to-date: /home/hubot/Documents/Github/RobotArmV1/src/install/robot_messages/share/robot_messages/local_setup.dsv
[0.789s] -- Up-to-date: /home/hubot/Documents/Github/RobotArmV1/src/install/robot_messages/share/robot_messages/package.dsv
[0.790s] -- Up-to-date: /home/hubot/Documents/Github/RobotArmV1/src/install/robot_messages/share/ament_index/resource_index/packages/robot_messages
[0.790s] -- Up-to-date: /home/hubot/Documents/Github/RobotArmV1/src/install/robot_messages/share/robot_messages/cmake/export_robot_messages__rosidl_generator_cExport.cmake
[0.790s] -- Up-to-date: /home/hubot/Documents/Github/RobotArmV1/src/install/robot_messages/share/robot_messages/cmake/export_robot_messages__rosidl_generator_cExport-noconfig.cmake
[0.791s] -- Up-to-date: /home/hubot/Documents/Github/RobotArmV1/src/install/robot_messages/share/robot_messages/cmake/export_robot_messages__rosidl_typesupport_fastrtps_cExport.cmake
[0.791s] -- Up-to-date: /home/hubot/Documents/Github/RobotArmV1/src/install/robot_messages/share/robot_messages/cmake/export_robot_messages__rosidl_typesupport_fastrtps_cExport-noconfig.cmake
[0.791s] -- Up-to-date: /home/hubot/Documents/Github/RobotArmV1/src/install/robot_messages/share/robot_messages/cmake/robot_messages__rosidl_typesupport_introspection_cExport.cmake
[0.791s] -- Up-to-date: /home/hubot/Documents/Github/RobotArmV1/src/install/robot_messages/share/robot_messages/cmake/robot_messages__rosidl_typesupport_introspection_cExport-noconfig.cmake
[0.791s] -- Up-to-date: /home/hubot/Documents/Github/RobotArmV1/src/install/robot_messages/share/robot_messages/cmake/robot_messages__rosidl_typesupport_cExport.cmake
[0.791s] -- Up-to-date: /home/hubot/Documents/Github/RobotArmV1/src/install/robot_messages/share/robot_messages/cmake/robot_messages__rosidl_typesupport_cExport-noconfig.cmake
[0.792s] -- Up-to-date: /home/hubot/Documents/Github/RobotArmV1/src/install/robot_messages/share/robot_messages/cmake/export_robot_messages__rosidl_generator_cppExport.cmake
[0.792s] -- Up-to-date: /home/hubot/Documents/Github/RobotArmV1/src/install/robot_messages/share/robot_messages/cmake/export_robot_messages__rosidl_typesupport_fastrtps_cppExport.cmake
[0.792s] -- Up-to-date: /home/hubot/Documents/Github/RobotArmV1/src/install/robot_messages/share/robot_messages/cmake/export_robot_messages__rosidl_typesupport_fastrtps_cppExport-noconfig.cmake
[0.792s] -- Up-to-date: /home/hubot/Documents/Github/RobotArmV1/src/install/robot_messages/share/robot_messages/cmake/robot_messages__rosidl_typesupport_introspection_cppExport.cmake
[0.792s] -- Up-to-date: /home/hubot/Documents/Github/RobotArmV1/src/install/robot_messages/share/robot_messages/cmake/robot_messages__rosidl_typesupport_introspection_cppExport-noconfig.cmake
[0.792s] -- Up-to-date: /home/hubot/Documents/Github/RobotArmV1/src/install/robot_messages/share/robot_messages/cmake/robot_messages__rosidl_typesupport_cppExport.cmake
[0.792s] -- Up-to-date: /home/hubot/Documents/Github/RobotArmV1/src/install/robot_messages/share/robot_messages/cmake/robot_messages__rosidl_typesupport_cppExport-noconfig.cmake
[0.793s] -- Up-to-date: /home/hubot/Documents/Github/RobotArmV1/src/install/robot_messages/share/robot_messages/cmake/export_robot_messages__rosidl_generator_pyExport.cmake
[0.793s] -- Up-to-date: /home/hubot/Documents/Github/RobotArmV1/src/install/robot_messages/share/robot_messages/cmake/export_robot_messages__rosidl_generator_pyExport-noconfig.cmake
[0.793s] -- Up-to-date: /home/hubot/Documents/Github/RobotArmV1/src/install/robot_messages/share/robot_messages/cmake/rosidl_cmake-extras.cmake
[0.794s] -- Up-to-date: /home/hubot/Documents/Github/RobotArmV1/src/install/robot_messages/share/robot_messages/cmake/ament_cmake_export_include_directories-extras.cmake
[0.795s] -- Up-to-date: /home/hubot/Documents/Github/RobotArmV1/src/install/robot_messages/share/robot_messages/cmake/ament_cmake_export_libraries-extras.cmake
[0.796s] -- Up-to-date: /home/hubot/Documents/Github/RobotArmV1/src/install/robot_messages/share/robot_messages/cmake/ament_cmake_export_targets-extras.cmake
[0.797s] -- Up-to-date: /home/hubot/Documents/Github/RobotArmV1/src/install/robot_messages/share/robot_messages/cmake/rosidl_cmake_export_typesupport_targets-extras.cmake
[0.797s] -- Up-to-date: /home/hubot/Documents/Github/RobotArmV1/src/install/robot_messages/share/robot_messages/cmake/ament_cmake_export_dependencies-extras.cmake
[0.797s] -- Up-to-date: /home/hubot/Documents/Github/RobotArmV1/src/install/robot_messages/share/robot_messages/cmake/rosidl_cmake_export_typesupport_libraries-extras.cmake
[0.798s] -- Up-to-date: /home/hubot/Documents/Github/RobotArmV1/src/install/robot_messages/share/robot_messages/cmake/robot_messagesConfig.cmake
[0.798s] -- Up-to-date: /home/hubot/Documents/Github/RobotArmV1/src/install/robot_messages/share/robot_messages/cmake/robot_messagesConfig-version.cmake
[0.798s] -- Up-to-date: /home/hubot/Documents/Github/RobotArmV1/src/install/robot_messages/share/robot_messages/package.xml
[0.799s] Invoked command in '/home/hubot/Documents/Github/RobotArmV1/src/build/robot_messages' returned '0': CMAKE_PREFIX_PATH=${CMAKE_PREFIX_PATH}:/home/hubot/Documents/Github/RobotArmV1/install/robot_controller:/home/hubot/Documents/Github/RobotArmV1/src/install/robot_controller:/opt/ros/humble /usr/bin/cmake --install /home/hubot/Documents/Github/RobotArmV1/src/build/robot_messages
