[0.373s] DEBUG:colcon:Command line arguments: ['/usr/bin/colcon', 'build']
[0.373s] DEBUG:colcon:Parsed command line arguments: Namespace(log_base=None, log_level=None, verb_name='build', build_base='build', install_base='install', merge_install=False, symlink_install=False, test_result_base=None, continue_on_error=False, executor='parallel', parallel_workers=4, event_handlers=None, ignore_user_meta=False, metas=['./colcon.meta'], base_paths=['.'], packages_ignore=None, packages_ignore_regex=None, paths=None, packages_up_to=None, packages_up_to_regex=None, packages_above=None, packages_above_and_dependencies=None, packages_above_depth=None, packages_select_by_dep=None, packages_skip_by_dep=None, packages_skip_up_to=None, packages_select_build_failed=False, packages_skip_build_finished=False, packages_select_test_failures=False, packages_skip_test_passed=False, packages_select=None, packages_skip=None, packages_select_regex=None, packages_skip_regex=None, packages_start=None, packages_end=None, allow_overriding=[], cmake_args=None, cmake_target=None, cmake_target_skip_unavailable=False, cmake_clean_cache=False, cmake_clean_first=False, cmake_force_configure=False, ament_cmake_args=None, catkin_cmake_args=None, catkin_skip_building_tests=False, verb_parser=<colcon_defaults.argument_parser.defaults.DefaultArgumentsDecorator object at 0x7f5eb67a3910>, verb_extension=<colcon_core.verb.build.BuildVerb object at 0x7f5eb67a33a0>, main=<bound method BuildVerb.main of <colcon_core.verb.build.BuildVerb object at 0x7f5eb67a33a0>>)
[0.399s] Level 1:colcon.colcon_core.package_discovery:discover_packages(colcon_meta) check parameters
[0.399s] Level 1:colcon.colcon_core.package_discovery:discover_packages(recursive) check parameters
[0.399s] Level 1:colcon.colcon_core.package_discovery:discover_packages(ignore) check parameters
[0.399s] Level 1:colcon.colcon_core.package_discovery:discover_packages(path) check parameters
[0.399s] Level 1:colcon.colcon_core.package_discovery:discover_packages(colcon_meta) discover
[0.399s] Level 1:colcon.colcon_core.package_discovery:discover_packages(recursive) discover
[0.399s] INFO:colcon.colcon_core.package_discovery:Crawling recursively for packages in '/home/hubot/Documents/Github/RobotArmV1/src'
[0.399s] Level 1:colcon.colcon_core.package_identification:_identify(.) by extensions ['ignore', 'ignore_ament_install']
[0.399s] Level 1:colcon.colcon_core.package_identification:_identify(.) by extension 'ignore'
[0.400s] Level 1:colcon.colcon_core.package_identification:_identify(.) by extension 'ignore_ament_install'
[0.400s] Level 1:colcon.colcon_core.package_identification:_identify(.) by extensions ['colcon_pkg']
[0.400s] Level 1:colcon.colcon_core.package_identification:_identify(.) by extension 'colcon_pkg'
[0.400s] Level 1:colcon.colcon_core.package_identification:_identify(.) by extensions ['colcon_meta']
[0.400s] Level 1:colcon.colcon_core.package_identification:_identify(.) by extension 'colcon_meta'
[0.400s] Level 1:colcon.colcon_core.package_identification:_identify(.) by extensions ['ros']
[0.400s] Level 1:colcon.colcon_core.package_identification:_identify(.) by extension 'ros'
[0.411s] Level 1:colcon.colcon_core.package_identification:_identify(.) by extensions ['cmake', 'python']
[0.411s] Level 1:colcon.colcon_core.package_identification:_identify(.) by extension 'cmake'
[0.411s] Level 1:colcon.colcon_core.package_identification:_identify(.) by extension 'python'
[0.412s] Level 1:colcon.colcon_core.package_identification:_identify(.) by extensions ['python_setup_py']
[0.412s] Level 1:colcon.colcon_core.package_identification:_identify(.) by extension 'python_setup_py'
[0.412s] Level 1:colcon.colcon_core.package_identification:_identify(build) by extensions ['ignore', 'ignore_ament_install']
[0.412s] Level 1:colcon.colcon_core.package_identification:_identify(build) by extension 'ignore'
[0.412s] Level 1:colcon.colcon_core.package_identification:_identify(build) ignored
[0.412s] Level 1:colcon.colcon_core.package_identification:_identify(install) by extensions ['ignore', 'ignore_ament_install']
[0.412s] Level 1:colcon.colcon_core.package_identification:_identify(install) by extension 'ignore'
[0.412s] Level 1:colcon.colcon_core.package_identification:_identify(install) ignored
[0.412s] Level 1:colcon.colcon_core.package_identification:_identify(log) by extensions ['ignore', 'ignore_ament_install']
[0.412s] Level 1:colcon.colcon_core.package_identification:_identify(log) by extension 'ignore'
[0.413s] Level 1:colcon.colcon_core.package_identification:_identify(log) ignored
[0.413s] Level 1:colcon.colcon_core.package_identification:_identify(robot_controller) by extensions ['ignore', 'ignore_ament_install']
[0.413s] Level 1:colcon.colcon_core.package_identification:_identify(robot_controller) by extension 'ignore'
[0.413s] Level 1:colcon.colcon_core.package_identification:_identify(robot_controller) by extension 'ignore_ament_install'
[0.413s] Level 1:colcon.colcon_core.package_identification:_identify(robot_controller) by extensions ['colcon_pkg']
[0.413s] Level 1:colcon.colcon_core.package_identification:_identify(robot_controller) by extension 'colcon_pkg'
[0.413s] Level 1:colcon.colcon_core.package_identification:_identify(robot_controller) by extensions ['colcon_meta']
[0.413s] Level 1:colcon.colcon_core.package_identification:_identify(robot_controller) by extension 'colcon_meta'
[0.413s] Level 1:colcon.colcon_core.package_identification:_identify(robot_controller) by extensions ['ros']
[0.413s] Level 1:colcon.colcon_core.package_identification:_identify(robot_controller) by extension 'ros'
[0.416s] DEBUG:colcon.colcon_core.package_identification:Package 'robot_controller' with type 'ros.ament_python' and name 'robot_controller'
[0.416s] Level 1:colcon.colcon_core.package_identification:_identify(robot_messages) by extensions ['ignore', 'ignore_ament_install']
[0.416s] Level 1:colcon.colcon_core.package_identification:_identify(robot_messages) by extension 'ignore'
[0.416s] Level 1:colcon.colcon_core.package_identification:_identify(robot_messages) by extension 'ignore_ament_install'
[0.416s] Level 1:colcon.colcon_core.package_identification:_identify(robot_messages) by extensions ['colcon_pkg']
[0.416s] Level 1:colcon.colcon_core.package_identification:_identify(robot_messages) by extension 'colcon_pkg'
[0.416s] Level 1:colcon.colcon_core.package_identification:_identify(robot_messages) by extensions ['colcon_meta']
[0.416s] Level 1:colcon.colcon_core.package_identification:_identify(robot_messages) by extension 'colcon_meta'
[0.416s] Level 1:colcon.colcon_core.package_identification:_identify(robot_messages) by extensions ['ros']
[0.416s] Level 1:colcon.colcon_core.package_identification:_identify(robot_messages) by extension 'ros'
[0.418s] DEBUG:colcon.colcon_core.package_identification:Package 'robot_messages' with type 'ros.ament_cmake' and name 'robot_messages'
[0.418s] Level 1:colcon.colcon_core.package_discovery:discover_packages(recursive) using defaults
[0.418s] Level 1:colcon.colcon_core.package_discovery:discover_packages(ignore) discover
[0.418s] Level 1:colcon.colcon_core.package_discovery:discover_packages(ignore) using defaults
[0.418s] Level 1:colcon.colcon_core.package_discovery:discover_packages(path) discover
[0.418s] Level 1:colcon.colcon_core.package_discovery:discover_packages(path) using defaults
[0.442s] Level 1:colcon.colcon_core.package_discovery:discover_packages(prefix_path) check parameters
[0.442s] Level 1:colcon.colcon_core.package_discovery:discover_packages(prefix_path) discover
[0.445s] DEBUG:colcon.colcon_installed_package_information.package_discovery:Found 2 installed packages in /home/hubot/Documents/Github/RobotArmV1/src/install
[0.446s] DEBUG:colcon.colcon_installed_package_information.package_discovery:Found 2 installed packages in /home/hubot/Documents/Github/RobotArmV1/install
[0.448s] DEBUG:colcon.colcon_installed_package_information.package_discovery:Found 284 installed packages in /opt/ros/humble
[0.450s] Level 1:colcon.colcon_core.package_discovery:discover_packages(prefix_path) using defaults
[0.522s] Level 5:colcon.colcon_core.verb:set package 'robot_controller' build argument 'cmake_args' from command line to 'None'
[0.522s] Level 5:colcon.colcon_core.verb:set package 'robot_controller' build argument 'cmake_target' from command line to 'None'
[0.522s] Level 5:colcon.colcon_core.verb:set package 'robot_controller' build argument 'cmake_target_skip_unavailable' from command line to 'False'
[0.522s] Level 5:colcon.colcon_core.verb:set package 'robot_controller' build argument 'cmake_clean_cache' from command line to 'False'
[0.522s] Level 5:colcon.colcon_core.verb:set package 'robot_controller' build argument 'cmake_clean_first' from command line to 'False'
[0.523s] Level 5:colcon.colcon_core.verb:set package 'robot_controller' build argument 'cmake_force_configure' from command line to 'False'
[0.523s] Level 5:colcon.colcon_core.verb:set package 'robot_controller' build argument 'ament_cmake_args' from command line to 'None'
[0.523s] Level 5:colcon.colcon_core.verb:set package 'robot_controller' build argument 'catkin_cmake_args' from command line to 'None'
[0.523s] Level 5:colcon.colcon_core.verb:set package 'robot_controller' build argument 'catkin_skip_building_tests' from command line to 'False'
[0.523s] DEBUG:colcon.colcon_core.verb:Building package 'robot_controller' with the following arguments: {'ament_cmake_args': None, 'build_base': '/home/hubot/Documents/Github/RobotArmV1/src/build/robot_controller', 'catkin_cmake_args': None, 'catkin_skip_building_tests': False, 'cmake_args': None, 'cmake_clean_cache': False, 'cmake_clean_first': False, 'cmake_force_configure': False, 'cmake_target': None, 'cmake_target_skip_unavailable': False, 'install_base': '/home/hubot/Documents/Github/RobotArmV1/src/install/robot_controller', 'merge_install': False, 'path': '/home/hubot/Documents/Github/RobotArmV1/src/robot_controller', 'symlink_install': False, 'test_result_base': None}
[0.524s] Level 5:colcon.colcon_core.verb:set package 'robot_messages' build argument 'cmake_args' from command line to 'None'
[0.524s] Level 5:colcon.colcon_core.verb:set package 'robot_messages' build argument 'cmake_target' from command line to 'None'
[0.524s] Level 5:colcon.colcon_core.verb:set package 'robot_messages' build argument 'cmake_target_skip_unavailable' from command line to 'False'
[0.524s] Level 5:colcon.colcon_core.verb:set package 'robot_messages' build argument 'cmake_clean_cache' from command line to 'False'
[0.524s] Level 5:colcon.colcon_core.verb:set package 'robot_messages' build argument 'cmake_clean_first' from command line to 'False'
[0.524s] Level 5:colcon.colcon_core.verb:set package 'robot_messages' build argument 'cmake_force_configure' from command line to 'False'
[0.524s] Level 5:colcon.colcon_core.verb:set package 'robot_messages' build argument 'ament_cmake_args' from command line to 'None'
[0.524s] Level 5:colcon.colcon_core.verb:set package 'robot_messages' build argument 'catkin_cmake_args' from command line to 'None'
[0.524s] Level 5:colcon.colcon_core.verb:set package 'robot_messages' build argument 'catkin_skip_building_tests' from command line to 'False'
[0.524s] DEBUG:colcon.colcon_core.verb:Building package 'robot_messages' with the following arguments: {'ament_cmake_args': None, 'build_base': '/home/hubot/Documents/Github/RobotArmV1/src/build/robot_messages', 'catkin_cmake_args': None, 'catkin_skip_building_tests': False, 'cmake_args': None, 'cmake_clean_cache': False, 'cmake_clean_first': False, 'cmake_force_configure': False, 'cmake_target': None, 'cmake_target_skip_unavailable': False, 'install_base': '/home/hubot/Documents/Github/RobotArmV1/src/install/robot_messages', 'merge_install': False, 'path': '/home/hubot/Documents/Github/RobotArmV1/src/robot_messages', 'symlink_install': False, 'test_result_base': None}
[0.525s] INFO:colcon.colcon_core.executor:Executing jobs using 'parallel' executor
[0.528s] DEBUG:colcon.colcon_parallel_executor.executor.parallel:run_until_complete
[0.528s] INFO:colcon.colcon_ros.task.ament_python.build:Building ROS package in '/home/hubot/Documents/Github/RobotArmV1/src/robot_controller' with build type 'ament_python'
[0.528s] Level 1:colcon.colcon_core.shell:create_environment_hook('robot_controller', 'ament_prefix_path')
[0.533s] INFO:colcon.colcon_core.plugin_system:Skipping extension 'colcon_core.shell.bat': Not used on non-Windows systems
[0.533s] INFO:colcon.colcon_core.shell:Creating environment hook '/home/hubot/Documents/Github/RobotArmV1/src/install/robot_controller/share/robot_controller/hook/ament_prefix_path.ps1'
[0.534s] INFO:colcon.colcon_core.shell:Creating environment descriptor '/home/hubot/Documents/Github/RobotArmV1/src/install/robot_controller/share/robot_controller/hook/ament_prefix_path.dsv'
[0.535s] INFO:colcon.colcon_core.shell:Creating environment hook '/home/hubot/Documents/Github/RobotArmV1/src/install/robot_controller/share/robot_controller/hook/ament_prefix_path.sh'
[0.536s] INFO:colcon.colcon_core.shell:Skip shell extension 'powershell' for command environment: Not usable outside of PowerShell
[0.536s] DEBUG:colcon.colcon_core.shell:Skip shell extension 'dsv' for command environment
[0.543s] INFO:colcon.colcon_ros.task.ament_cmake.build:Building ROS package in '/home/hubot/Documents/Github/RobotArmV1/src/robot_messages' with build type 'ament_cmake'
[0.543s] INFO:colcon.colcon_cmake.task.cmake.build:Building CMake package in '/home/hubot/Documents/Github/RobotArmV1/src/robot_messages'
[0.545s] INFO:colcon.colcon_core.shell:Skip shell extension 'powershell' for command environment: Not usable outside of PowerShell
[0.545s] DEBUG:colcon.colcon_core.shell:Skip shell extension 'dsv' for command environment
[0.883s] INFO:colcon.colcon_core.task.python.build:Building Python package in '/home/hubot/Documents/Github/RobotArmV1/src/robot_controller'
[0.885s] INFO:colcon.colcon_core.shell:Skip shell extension 'powershell' for command environment: Not usable outside of PowerShell
[0.885s] DEBUG:colcon.colcon_core.shell:Skip shell extension 'dsv' for command environment
[0.895s] DEBUG:colcon.colcon_core.event_handler.log_command:Invoking command in '/home/hubot/Documents/Github/RobotArmV1/src/build/robot_messages': CMAKE_PREFIX_PATH=${CMAKE_PREFIX_PATH}:/home/hubot/Documents/Github/RobotArmV1/install/robot_controller:/home/hubot/Documents/Github/RobotArmV1/src/install/robot_controller:/opt/ros/humble /usr/bin/cmake --build /home/hubot/Documents/Github/RobotArmV1/src/build/robot_messages -- -j4 -l4
[1.520s] DEBUG:colcon.colcon_core.event_handler.log_command:Invoking command in '/home/hubot/Documents/Github/RobotArmV1/src/robot_controller': PYTHONPATH=/home/hubot/Documents/Github/RobotArmV1/src/build/robot_controller/prefix_override:/home/hubot/Documents/Github/RobotArmV1/src/install/robot_controller/lib/python3.10/site-packages:${PYTHONPATH} /usr/bin/python3 setup.py egg_info --egg-base ../build/robot_controller build --build-base /home/hubot/Documents/Github/RobotArmV1/src/build/robot_controller/build install --record /home/hubot/Documents/Github/RobotArmV1/src/build/robot_controller/install.log --single-version-externally-managed
[1.938s] DEBUG:colcon.colcon_core.event_handler.log_command:Invoked command in '/home/hubot/Documents/Github/RobotArmV1/src/robot_controller' returned '0': PYTHONPATH=/home/hubot/Documents/Github/RobotArmV1/src/build/robot_controller/prefix_override:/home/hubot/Documents/Github/RobotArmV1/src/install/robot_controller/lib/python3.10/site-packages:${PYTHONPATH} /usr/bin/python3 setup.py egg_info --egg-base ../build/robot_controller build --build-base /home/hubot/Documents/Github/RobotArmV1/src/build/robot_controller/build install --record /home/hubot/Documents/Github/RobotArmV1/src/build/robot_controller/install.log --single-version-externally-managed
[1.943s] Level 1:colcon.colcon_core.environment:checking '/home/hubot/Documents/Github/RobotArmV1/src/install/robot_controller' for CMake module files
[1.943s] Level 1:colcon.colcon_core.environment:checking '/home/hubot/Documents/Github/RobotArmV1/src/install/robot_controller' for CMake config files
[1.944s] Level 1:colcon.colcon_core.environment:checking '/home/hubot/Documents/Github/RobotArmV1/src/install/robot_controller/lib'
[1.945s] Level 1:colcon.colcon_core.environment:checking '/home/hubot/Documents/Github/RobotArmV1/src/install/robot_controller/bin'
[1.945s] Level 1:colcon.colcon_core.environment:checking '/home/hubot/Documents/Github/RobotArmV1/src/install/robot_controller/lib/pkgconfig/robot_controller.pc'
[1.945s] Level 1:colcon.colcon_core.environment:checking '/home/hubot/Documents/Github/RobotArmV1/src/install/robot_controller/lib/python3.10/site-packages'
[1.945s] Level 1:colcon.colcon_core.shell:create_environment_hook('robot_controller', 'pythonpath')
[1.947s] INFO:colcon.colcon_core.shell:Creating environment hook '/home/hubot/Documents/Github/RobotArmV1/src/install/robot_controller/share/robot_controller/hook/pythonpath.ps1'
[1.947s] INFO:colcon.colcon_core.shell:Creating environment descriptor '/home/hubot/Documents/Github/RobotArmV1/src/install/robot_controller/share/robot_controller/hook/pythonpath.dsv'
[1.948s] INFO:colcon.colcon_core.shell:Creating environment hook '/home/hubot/Documents/Github/RobotArmV1/src/install/robot_controller/share/robot_controller/hook/pythonpath.sh'
[1.949s] Level 1:colcon.colcon_core.environment:checking '/home/hubot/Documents/Github/RobotArmV1/src/install/robot_controller/bin'
[1.949s] Level 1:colcon.colcon_core.environment:create_environment_scripts_only(robot_controller)
[1.951s] INFO:colcon.colcon_core.shell:Creating package script '/home/hubot/Documents/Github/RobotArmV1/src/install/robot_controller/share/robot_controller/package.ps1'
[1.952s] INFO:colcon.colcon_core.shell:Creating package descriptor '/home/hubot/Documents/Github/RobotArmV1/src/install/robot_controller/share/robot_controller/package.dsv'
[1.952s] INFO:colcon.colcon_core.shell:Creating package script '/home/hubot/Documents/Github/RobotArmV1/src/install/robot_controller/share/robot_controller/package.sh'
[1.953s] INFO:colcon.colcon_core.shell:Creating package script '/home/hubot/Documents/Github/RobotArmV1/src/install/robot_controller/share/robot_controller/package.bash'
[1.954s] INFO:colcon.colcon_core.shell:Creating package script '/home/hubot/Documents/Github/RobotArmV1/src/install/robot_controller/share/robot_controller/package.zsh'
[1.955s] Level 1:colcon.colcon_core.environment:create_file_with_runtime_dependencies(/home/hubot/Documents/Github/RobotArmV1/src/install/robot_controller/share/colcon-core/packages/robot_controller)
[2.956s] DEBUG:colcon.colcon_core.event_handler.log_command:Invoked command in '/home/hubot/Documents/Github/RobotArmV1/src/build/robot_messages' returned '0': CMAKE_PREFIX_PATH=${CMAKE_PREFIX_PATH}:/home/hubot/Documents/Github/RobotArmV1/install/robot_controller:/home/hubot/Documents/Github/RobotArmV1/src/install/robot_controller:/opt/ros/humble /usr/bin/cmake --build /home/hubot/Documents/Github/RobotArmV1/src/build/robot_messages -- -j4 -l4
[3.052s] DEBUG:colcon.colcon_core.event_handler.log_command:Invoking command in '/home/hubot/Documents/Github/RobotArmV1/src/build/robot_messages': CMAKE_PREFIX_PATH=${CMAKE_PREFIX_PATH}:/home/hubot/Documents/Github/RobotArmV1/install/robot_controller:/home/hubot/Documents/Github/RobotArmV1/src/install/robot_controller:/opt/ros/humble /usr/bin/cmake --install /home/hubot/Documents/Github/RobotArmV1/src/build/robot_messages
[3.125s] Level 1:colcon.colcon_core.environment:create_environment_scripts_only(robot_messages)
[3.127s] Level 1:colcon.colcon_core.environment:checking '/home/hubot/Documents/Github/RobotArmV1/src/install/robot_messages' for CMake module files
[3.128s] Level 1:colcon.colcon_core.environment:checking '/home/hubot/Documents/Github/RobotArmV1/src/install/robot_messages' for CMake config files
[3.129s] DEBUG:colcon.colcon_core.event_handler.log_command:Invoked command in '/home/hubot/Documents/Github/RobotArmV1/src/build/robot_messages' returned '0': CMAKE_PREFIX_PATH=${CMAKE_PREFIX_PATH}:/home/hubot/Documents/Github/RobotArmV1/install/robot_controller:/home/hubot/Documents/Github/RobotArmV1/src/install/robot_controller:/opt/ros/humble /usr/bin/cmake --install /home/hubot/Documents/Github/RobotArmV1/src/build/robot_messages
[3.129s] Level 1:colcon.colcon_core.shell:create_environment_hook('robot_messages', 'cmake_prefix_path')
[3.131s] INFO:colcon.colcon_core.shell:Creating environment hook '/home/hubot/Documents/Github/RobotArmV1/src/install/robot_messages/share/robot_messages/hook/cmake_prefix_path.ps1'
[3.131s] INFO:colcon.colcon_core.shell:Creating environment descriptor '/home/hubot/Documents/Github/RobotArmV1/src/install/robot_messages/share/robot_messages/hook/cmake_prefix_path.dsv'
[3.132s] INFO:colcon.colcon_core.shell:Creating environment hook '/home/hubot/Documents/Github/RobotArmV1/src/install/robot_messages/share/robot_messages/hook/cmake_prefix_path.sh'
[3.132s] Level 1:colcon.colcon_core.environment:checking '/home/hubot/Documents/Github/RobotArmV1/src/install/robot_messages/lib'
[3.133s] Level 1:colcon.colcon_core.shell:create_environment_hook('robot_messages', 'ld_library_path_lib')
[3.134s] INFO:colcon.colcon_core.shell:Creating environment hook '/home/hubot/Documents/Github/RobotArmV1/src/install/robot_messages/share/robot_messages/hook/ld_library_path_lib.ps1'
[3.134s] INFO:colcon.colcon_core.shell:Creating environment descriptor '/home/hubot/Documents/Github/RobotArmV1/src/install/robot_messages/share/robot_messages/hook/ld_library_path_lib.dsv'
[3.135s] INFO:colcon.colcon_core.shell:Creating environment hook '/home/hubot/Documents/Github/RobotArmV1/src/install/robot_messages/share/robot_messages/hook/ld_library_path_lib.sh'
[3.135s] Level 1:colcon.colcon_core.environment:checking '/home/hubot/Documents/Github/RobotArmV1/src/install/robot_messages/bin'
[3.136s] Level 1:colcon.colcon_core.environment:checking '/home/hubot/Documents/Github/RobotArmV1/src/install/robot_messages/lib/pkgconfig/robot_messages.pc'
[3.136s] Level 1:colcon.colcon_core.environment:checking '/home/hubot/Documents/Github/RobotArmV1/src/install/robot_messages/lib/python3.10/site-packages'
[3.136s] Level 1:colcon.colcon_core.environment:checking '/home/hubot/Documents/Github/RobotArmV1/src/install/robot_messages/bin'
[3.140s] INFO:colcon.colcon_core.shell:Creating package script '/home/hubot/Documents/Github/RobotArmV1/src/install/robot_messages/share/robot_messages/package.ps1'
[3.141s] INFO:colcon.colcon_core.shell:Creating package descriptor '/home/hubot/Documents/Github/RobotArmV1/src/install/robot_messages/share/robot_messages/package.dsv'
[3.141s] INFO:colcon.colcon_core.shell:Creating package script '/home/hubot/Documents/Github/RobotArmV1/src/install/robot_messages/share/robot_messages/package.sh'
[3.142s] INFO:colcon.colcon_core.shell:Creating package script '/home/hubot/Documents/Github/RobotArmV1/src/install/robot_messages/share/robot_messages/package.bash'
[3.143s] INFO:colcon.colcon_core.shell:Creating package script '/home/hubot/Documents/Github/RobotArmV1/src/install/robot_messages/share/robot_messages/package.zsh'
[3.143s] Level 1:colcon.colcon_core.environment:create_file_with_runtime_dependencies(/home/hubot/Documents/Github/RobotArmV1/src/install/robot_messages/share/colcon-core/packages/robot_messages)
[3.248s] Level 1:colcon.colcon_core.environment:create_environment_scripts_only(robot_messages)
[3.250s] Level 1:colcon.colcon_core.environment:checking '/home/hubot/Documents/Github/RobotArmV1/src/install/robot_messages' for CMake module files
[3.251s] Level 1:colcon.colcon_core.environment:checking '/home/hubot/Documents/Github/RobotArmV1/src/install/robot_messages' for CMake config files
[3.251s] Level 1:colcon.colcon_core.shell:create_environment_hook('robot_messages', 'cmake_prefix_path')
[3.253s] INFO:colcon.colcon_core.shell:Creating environment hook '/home/hubot/Documents/Github/RobotArmV1/src/install/robot_messages/share/robot_messages/hook/cmake_prefix_path.ps1'
[3.253s] INFO:colcon.colcon_core.shell:Creating environment descriptor '/home/hubot/Documents/Github/RobotArmV1/src/install/robot_messages/share/robot_messages/hook/cmake_prefix_path.dsv'
[3.254s] INFO:colcon.colcon_core.shell:Creating environment hook '/home/hubot/Documents/Github/RobotArmV1/src/install/robot_messages/share/robot_messages/hook/cmake_prefix_path.sh'
[3.255s] Level 1:colcon.colcon_core.environment:checking '/home/hubot/Documents/Github/RobotArmV1/src/install/robot_messages/lib'
[3.255s] Level 1:colcon.colcon_core.shell:create_environment_hook('robot_messages', 'ld_library_path_lib')
[3.257s] INFO:colcon.colcon_core.shell:Creating environment hook '/home/hubot/Documents/Github/RobotArmV1/src/install/robot_messages/share/robot_messages/hook/ld_library_path_lib.ps1'
[3.257s] INFO:colcon.colcon_core.shell:Creating environment descriptor '/home/hubot/Documents/Github/RobotArmV1/src/install/robot_messages/share/robot_messages/hook/ld_library_path_lib.dsv'
[3.258s] INFO:colcon.colcon_core.shell:Creating environment hook '/home/hubot/Documents/Github/RobotArmV1/src/install/robot_messages/share/robot_messages/hook/ld_library_path_lib.sh'
[3.258s] Level 1:colcon.colcon_core.environment:checking '/home/hubot/Documents/Github/RobotArmV1/src/install/robot_messages/bin'
[3.258s] Level 1:colcon.colcon_core.environment:checking '/home/hubot/Documents/Github/RobotArmV1/src/install/robot_messages/lib/pkgconfig/robot_messages.pc'
[3.259s] Level 1:colcon.colcon_core.environment:checking '/home/hubot/Documents/Github/RobotArmV1/src/install/robot_messages/lib/python3.10/site-packages'
[3.259s] Level 1:colcon.colcon_core.environment:checking '/home/hubot/Documents/Github/RobotArmV1/src/install/robot_messages/bin'
[3.261s] INFO:colcon.colcon_core.shell:Creating package script '/home/hubot/Documents/Github/RobotArmV1/src/install/robot_messages/share/robot_messages/package.ps1'
[3.261s] INFO:colcon.colcon_core.shell:Creating package descriptor '/home/hubot/Documents/Github/RobotArmV1/src/install/robot_messages/share/robot_messages/package.dsv'
[3.262s] INFO:colcon.colcon_core.shell:Creating package script '/home/hubot/Documents/Github/RobotArmV1/src/install/robot_messages/share/robot_messages/package.sh'
[3.263s] INFO:colcon.colcon_core.shell:Creating package script '/home/hubot/Documents/Github/RobotArmV1/src/install/robot_messages/share/robot_messages/package.bash'
[3.263s] INFO:colcon.colcon_core.shell:Creating package script '/home/hubot/Documents/Github/RobotArmV1/src/install/robot_messages/share/robot_messages/package.zsh'
[3.264s] Level 1:colcon.colcon_core.environment:create_file_with_runtime_dependencies(/home/hubot/Documents/Github/RobotArmV1/src/install/robot_messages/share/colcon-core/packages/robot_messages)
[3.264s] DEBUG:colcon.colcon_parallel_executor.executor.parallel:closing loop
[3.265s] DEBUG:colcon.colcon_parallel_executor.executor.parallel:loop closed
[3.265s] DEBUG:colcon.colcon_parallel_executor.executor.parallel:run_until_complete finished with '0'
[3.265s] DEBUG:colcon.colcon_core.event_reactor:joining thread
[3.279s] INFO:colcon.colcon_core.plugin_system:Skipping extension 'colcon_notification.desktop_notification.terminal_notifier': Not used on non-Darwin systems
[3.279s] INFO:colcon.colcon_core.plugin_system:Skipping extension 'colcon_notification.desktop_notification.win32': Not used on non-Windows systems
[3.279s] INFO:colcon.colcon_notification.desktop_notification:Sending desktop notification using 'notify2'
[3.297s] DEBUG:colcon.colcon_core.event_reactor:joined thread
[3.299s] INFO:colcon.colcon_core.shell:Creating prefix script '/home/hubot/Documents/Github/RobotArmV1/src/install/local_setup.ps1'
[3.300s] INFO:colcon.colcon_core.shell:Creating prefix util module '/home/hubot/Documents/Github/RobotArmV1/src/install/_local_setup_util_ps1.py'
[3.303s] INFO:colcon.colcon_core.shell:Creating prefix chain script '/home/hubot/Documents/Github/RobotArmV1/src/install/setup.ps1'
[3.307s] INFO:colcon.colcon_core.shell:Creating prefix script '/home/hubot/Documents/Github/RobotArmV1/src/install/local_setup.sh'
[3.309s] INFO:colcon.colcon_core.shell:Creating prefix util module '/home/hubot/Documents/Github/RobotArmV1/src/install/_local_setup_util_sh.py'
[3.310s] INFO:colcon.colcon_core.shell:Creating prefix chain script '/home/hubot/Documents/Github/RobotArmV1/src/install/setup.sh'
[3.316s] INFO:colcon.colcon_core.shell:Creating prefix script '/home/hubot/Documents/Github/RobotArmV1/src/install/local_setup.bash'
[3.320s] INFO:colcon.colcon_core.shell:Creating prefix chain script '/home/hubot/Documents/Github/RobotArmV1/src/install/setup.bash'
[3.325s] INFO:colcon.colcon_core.shell:Creating prefix script '/home/hubot/Documents/Github/RobotArmV1/src/install/local_setup.zsh'
[3.326s] INFO:colcon.colcon_core.shell:Creating prefix chain script '/home/hubot/Documents/Github/RobotArmV1/src/install/setup.zsh'
