[0.828s] Invoking command in '/home/hubot/Documents/Github/RobotArmV1/build/robot_controller': PYTHONPATH=/home/hubot/Documents/Github/RobotArmV1/build/robot_controller/prefix_override:/home/hubot/Documents/Github/RobotArmV1/install/robot_controller/lib/python3.10/site-packages:${PYTHONPATH} /usr/bin/python3 setup.py develop --uninstall --editable --build-directory /home/hubot/Documents/Github/RobotArmV1/build/robot_controller/build
[1.167s] running develop
[1.400s] Invoked command in '/home/hubot/Documents/Github/RobotArmV1/build/robot_controller' returned '0': PYTHONPATH=/home/hubot/Documents/Github/RobotArmV1/build/robot_controller/prefix_override:/home/hubot/Documents/Github/RobotArmV1/install/robot_controller/lib/python3.10/site-packages:${PYTHONPATH} /usr/bin/python3 setup.py develop --uninstall --editable --build-directory /home/hubot/Documents/Github/RobotArmV1/build/robot_controller/build
[1.401s] Invoking command in '/home/hubot/Documents/Github/RobotArmV1/src/robot_controller': PYTHONPATH=/home/hubot/Documents/Github/RobotArmV1/build/robot_controller/prefix_override:/home/hubot/Documents/Github/RobotArmV1/install/robot_controller/lib/python3.10/site-packages:${PYTHONPATH} /usr/bin/python3 setup.py egg_info --egg-base ../../build/robot_controller build --build-base /home/hubot/Documents/Github/RobotArmV1/build/robot_controller/build install --record /home/hubot/Documents/Github/RobotArmV1/build/robot_controller/install.log --single-version-externally-managed
[1.695s] running egg_info
[1.695s] writing ../../build/robot_controller/robot_controller.egg-info/PKG-INFO
[1.696s] writing dependency_links to ../../build/robot_controller/robot_controller.egg-info/dependency_links.txt
[1.696s] writing entry points to ../../build/robot_controller/robot_controller.egg-info/entry_points.txt
[1.696s] writing requirements to ../../build/robot_controller/robot_controller.egg-info/requires.txt
[1.696s] writing top-level names to ../../build/robot_controller/robot_controller.egg-info/top_level.txt
[1.698s] reading manifest file '../../build/robot_controller/robot_controller.egg-info/SOURCES.txt'
[1.699s] writing manifest file '../../build/robot_controller/robot_controller.egg-info/SOURCES.txt'
[1.700s] running build
[1.700s] running build_py
[1.700s] copying robot_controller/test_node.py -> /home/hubot/Documents/Github/RobotArmV1/build/robot_controller/build/lib/robot_controller
[1.700s] copying robot_controller/test_subscriber.py -> /home/hubot/Documents/Github/RobotArmV1/build/robot_controller/build/lib/robot_controller
[1.702s] copying robot_controller/test_publisher.py -> /home/hubot/Documents/Github/RobotArmV1/build/robot_controller/build/lib/robot_controller
[1.702s] running install
[1.702s] running install_lib
[1.703s] copying /home/hubot/Documents/Github/RobotArmV1/build/robot_controller/build/lib/robot_controller/test_node.py -> /home/hubot/Documents/Github/RobotArmV1/install/robot_controller/lib/python3.10/site-packages/robot_controller
[1.703s] copying /home/hubot/Documents/Github/RobotArmV1/build/robot_controller/build/lib/robot_controller/test_subscriber.py -> /home/hubot/Documents/Github/RobotArmV1/install/robot_controller/lib/python3.10/site-packages/robot_controller
[1.703s] copying /home/hubot/Documents/Github/RobotArmV1/build/robot_controller/build/lib/robot_controller/test_publisher.py -> /home/hubot/Documents/Github/RobotArmV1/install/robot_controller/lib/python3.10/site-packages/robot_controller
[1.704s] byte-compiling /home/hubot/Documents/Github/RobotArmV1/install/robot_controller/lib/python3.10/site-packages/robot_controller/test_node.py to test_node.cpython-310.pyc
[1.705s] byte-compiling /home/hubot/Documents/Github/RobotArmV1/install/robot_controller/lib/python3.10/site-packages/robot_controller/test_subscriber.py to test_subscriber.cpython-310.pyc
[1.705s] byte-compiling /home/hubot/Documents/Github/RobotArmV1/install/robot_controller/lib/python3.10/site-packages/robot_controller/test_publisher.py to test_publisher.cpython-310.pyc
[1.706s] running install_data
[1.706s] running install_egg_info
[1.708s] removing '/home/hubot/Documents/Github/RobotArmV1/install/robot_controller/lib/python3.10/site-packages/robot_controller-0.0.0-py3.10.egg-info' (and everything under it)
[1.708s] Copying ../../build/robot_controller/robot_controller.egg-info to /home/hubot/Documents/Github/RobotArmV1/install/robot_controller/lib/python3.10/site-packages/robot_controller-0.0.0-py3.10.egg-info
[1.709s] running install_scripts
[1.730s] Installing test_node script to /home/hubot/Documents/Github/RobotArmV1/install/robot_controller/lib/robot_controller
[1.731s] Installing test_subscriber script to /home/hubot/Documents/Github/RobotArmV1/install/robot_controller/lib/robot_controller
[1.731s] writing list of installed files to '/home/hubot/Documents/Github/RobotArmV1/build/robot_controller/install.log'
[1.776s] Invoked command in '/home/hubot/Documents/Github/RobotArmV1/src/robot_controller' returned '0': PYTHONPATH=/home/hubot/Documents/Github/RobotArmV1/build/robot_controller/prefix_override:/home/hubot/Documents/Github/RobotArmV1/install/robot_controller/lib/python3.10/site-packages:${PYTHONPATH} /usr/bin/python3 setup.py egg_info --egg-base ../../build/robot_controller build --build-base /home/hubot/Documents/Github/RobotArmV1/build/robot_controller/build install --record /home/hubot/Documents/Github/RobotArmV1/build/robot_controller/install.log --single-version-externally-managed
