[1.768s] DEBUG:colcon:Command line arguments: ['/usr/bin/colcon', 'list', '-p', '--base-paths', '/home/hubot/Documents/Github/RobotArmV1']
[1.768s] DEBUG:colcon:Parsed command line arguments: Namespace(log_base=None, log_level=None, verb_name='list', build_base='build', ignore_user_meta=False, metas=['./colcon.meta'], base_paths=['/home/hubot/Documents/Github/RobotArmV1'], packages_ignore=None, packages_ignore_regex=None, paths=None, packages_up_to=None, packages_up_to_regex=None, packages_above=None, packages_above_and_dependencies=None, packages_above_depth=None, packages_select_by_dep=None, packages_skip_by_dep=None, packages_skip_up_to=None, packages_select_build_failed=False, packages_skip_build_finished=False, packages_select_test_failures=False, packages_skip_test_passed=False, packages_select=None, packages_skip=None, packages_select_regex=None, packages_skip_regex=None, packages_start=None, packages_end=None, allow_overriding=[], topological_order=False, names_only=False, paths_only=True, topological_graph=False, topological_graph_dot=False, topological_graph_density=False, topological_graph_legend=False, topological_graph_dot_cluster=False, topological_graph_dot_include_skipped=False, verb_parser=<colcon_defaults.argument_parser.defaults.DefaultArgumentsDecorator object at 0x7f6dcd560880>, verb_extension=<colcon_package_information.verb.list.ListVerb object at 0x7f6dcd6cba90>, main=<bound method ListVerb.main of <colcon_package_information.verb.list.ListVerb object at 0x7f6dcd6cba90>>)
[1.974s] Level 1:colcon.colcon_core.package_discovery:discover_packages(colcon_meta) check parameters
[1.974s] Level 1:colcon.colcon_core.package_discovery:discover_packages(recursive) check parameters
[1.974s] Level 1:colcon.colcon_core.package_discovery:discover_packages(ignore) check parameters
[1.974s] Level 1:colcon.colcon_core.package_discovery:discover_packages(path) check parameters
[1.974s] Level 1:colcon.colcon_core.package_discovery:discover_packages(recursive) discover
[1.974s] INFO:colcon.colcon_core.package_discovery:Crawling recursively for packages in '/home/hubot/Documents/Github/RobotArmV1'
[1.984s] Level 1:colcon.colcon_core.package_identification:_identify(/home/hubot/Documents/Github/RobotArmV1) by extensions ['ignore', 'ignore_ament_install']
[1.993s] Level 1:colcon.colcon_core.package_identification:_identify(/home/hubot/Documents/Github/RobotArmV1) by extension 'ignore'
[1.993s] Level 1:colcon.colcon_core.package_identification:_identify(/home/hubot/Documents/Github/RobotArmV1) by extension 'ignore_ament_install'
[1.993s] Level 1:colcon.colcon_core.package_identification:_identify(/home/hubot/Documents/Github/RobotArmV1) by extensions ['colcon_pkg']
[1.993s] Level 1:colcon.colcon_core.package_identification:_identify(/home/hubot/Documents/Github/RobotArmV1) by extension 'colcon_pkg'
[1.993s] Level 1:colcon.colcon_core.package_identification:_identify(/home/hubot/Documents/Github/RobotArmV1) by extensions ['colcon_meta']
[1.994s] Level 1:colcon.colcon_core.package_identification:_identify(/home/hubot/Documents/Github/RobotArmV1) by extension 'colcon_meta'
[1.994s] Level 1:colcon.colcon_core.package_identification:_identify(/home/hubot/Documents/Github/RobotArmV1) by extensions ['ros']
[1.994s] Level 1:colcon.colcon_core.package_identification:_identify(/home/hubot/Documents/Github/RobotArmV1) by extension 'ros'
[2.120s] Level 1:colcon.colcon_core.package_identification:_identify(/home/hubot/Documents/Github/RobotArmV1) by extensions ['cmake', 'python']
[2.120s] Level 1:colcon.colcon_core.package_identification:_identify(/home/hubot/Documents/Github/RobotArmV1) by extension 'cmake'
[2.120s] Level 1:colcon.colcon_core.package_identification:_identify(/home/hubot/Documents/Github/RobotArmV1) by extension 'python'
[2.120s] Level 1:colcon.colcon_core.package_identification:_identify(/home/hubot/Documents/Github/RobotArmV1) by extensions ['python_setup_py']
[2.120s] Level 1:colcon.colcon_core.package_identification:_identify(/home/hubot/Documents/Github/RobotArmV1) by extension 'python_setup_py'
[2.121s] Level 1:colcon.colcon_core.package_identification:_identify(/home/hubot/Documents/Github/RobotArmV1/build) by extensions ['ignore', 'ignore_ament_install']
[2.121s] Level 1:colcon.colcon_core.package_identification:_identify(/home/hubot/Documents/Github/RobotArmV1/build) by extension 'ignore'
[2.121s] Level 1:colcon.colcon_core.package_identification:_identify(/home/hubot/Documents/Github/RobotArmV1/build) ignored
[2.121s] Level 1:colcon.colcon_core.package_identification:_identify(/home/hubot/Documents/Github/RobotArmV1/install) by extensions ['ignore', 'ignore_ament_install']
[2.121s] Level 1:colcon.colcon_core.package_identification:_identify(/home/hubot/Documents/Github/RobotArmV1/install) by extension 'ignore'
[2.121s] Level 1:colcon.colcon_core.package_identification:_identify(/home/hubot/Documents/Github/RobotArmV1/install) ignored
[2.122s] Level 1:colcon.colcon_core.package_identification:_identify(/home/hubot/Documents/Github/RobotArmV1/log) by extensions ['ignore', 'ignore_ament_install']
[2.122s] Level 1:colcon.colcon_core.package_identification:_identify(/home/hubot/Documents/Github/RobotArmV1/log) by extension 'ignore'
[2.122s] Level 1:colcon.colcon_core.package_identification:_identify(/home/hubot/Documents/Github/RobotArmV1/log) ignored
[2.122s] Level 1:colcon.colcon_core.package_identification:_identify(/home/hubot/Documents/Github/RobotArmV1/src) by extensions ['ignore', 'ignore_ament_install']
[2.122s] Level 1:colcon.colcon_core.package_identification:_identify(/home/hubot/Documents/Github/RobotArmV1/src) by extension 'ignore'
[2.122s] Level 1:colcon.colcon_core.package_identification:_identify(/home/hubot/Documents/Github/RobotArmV1/src) by extension 'ignore_ament_install'
[2.122s] Level 1:colcon.colcon_core.package_identification:_identify(/home/hubot/Documents/Github/RobotArmV1/src) by extensions ['colcon_pkg']
[2.122s] Level 1:colcon.colcon_core.package_identification:_identify(/home/hubot/Documents/Github/RobotArmV1/src) by extension 'colcon_pkg'
[2.122s] Level 1:colcon.colcon_core.package_identification:_identify(/home/hubot/Documents/Github/RobotArmV1/src) by extensions ['colcon_meta']
[2.123s] Level 1:colcon.colcon_core.package_identification:_identify(/home/hubot/Documents/Github/RobotArmV1/src) by extension 'colcon_meta'
[2.123s] Level 1:colcon.colcon_core.package_identification:_identify(/home/hubot/Documents/Github/RobotArmV1/src) by extensions ['ros']
[2.123s] Level 1:colcon.colcon_core.package_identification:_identify(/home/hubot/Documents/Github/RobotArmV1/src) by extension 'ros'
[2.123s] Level 1:colcon.colcon_core.package_identification:_identify(/home/hubot/Documents/Github/RobotArmV1/src) by extensions ['cmake', 'python']
[2.123s] Level 1:colcon.colcon_core.package_identification:_identify(/home/hubot/Documents/Github/RobotArmV1/src) by extension 'cmake'
[2.123s] Level 1:colcon.colcon_core.package_identification:_identify(/home/hubot/Documents/Github/RobotArmV1/src) by extension 'python'
[2.123s] Level 1:colcon.colcon_core.package_identification:_identify(/home/hubot/Documents/Github/RobotArmV1/src) by extensions ['python_setup_py']
[2.123s] Level 1:colcon.colcon_core.package_identification:_identify(/home/hubot/Documents/Github/RobotArmV1/src) by extension 'python_setup_py'
[2.123s] Level 1:colcon.colcon_core.package_identification:_identify(/home/hubot/Documents/Github/RobotArmV1/src/robot_controller) by extensions ['ignore', 'ignore_ament_install']
[2.124s] Level 1:colcon.colcon_core.package_identification:_identify(/home/hubot/Documents/Github/RobotArmV1/src/robot_controller) by extension 'ignore'
[2.124s] Level 1:colcon.colcon_core.package_identification:_identify(/home/hubot/Documents/Github/RobotArmV1/src/robot_controller) by extension 'ignore_ament_install'
[2.124s] Level 1:colcon.colcon_core.package_identification:_identify(/home/hubot/Documents/Github/RobotArmV1/src/robot_controller) by extensions ['colcon_pkg']
[2.124s] Level 1:colcon.colcon_core.package_identification:_identify(/home/hubot/Documents/Github/RobotArmV1/src/robot_controller) by extension 'colcon_pkg'
[2.124s] Level 1:colcon.colcon_core.package_identification:_identify(/home/hubot/Documents/Github/RobotArmV1/src/robot_controller) by extensions ['colcon_meta']
[2.124s] Level 1:colcon.colcon_core.package_identification:_identify(/home/hubot/Documents/Github/RobotArmV1/src/robot_controller) by extension 'colcon_meta'
[2.124s] Level 1:colcon.colcon_core.package_identification:_identify(/home/hubot/Documents/Github/RobotArmV1/src/robot_controller) by extensions ['ros']
[2.226s] Level 1:colcon.colcon_core.package_identification:_identify(/home/hubot/Documents/Github/RobotArmV1/src/robot_controller) by extension 'ros'
[2.252s] DEBUG:colcon.colcon_core.package_identification:Package '/home/hubot/Documents/Github/RobotArmV1/src/robot_controller' with type 'ros.ament_python' and name 'robot_controller'
[2.252s] Level 1:colcon.colcon_core.package_discovery:discover_packages(recursive) using defaults
