[0.380s] DEBUG:colcon:Command line arguments: ['/usr/bin/colcon', 'build']
[0.380s] DEBUG:colcon:Parsed command line arguments: Namespace(log_base=None, log_level=None, verb_name='build', build_base='build', install_base='install', merge_install=False, symlink_install=False, test_result_base=None, continue_on_error=False, executor='parallel', parallel_workers=4, event_handlers=None, ignore_user_meta=False, metas=['./colcon.meta'], base_paths=['.'], packages_ignore=None, packages_ignore_regex=None, paths=None, packages_up_to=None, packages_up_to_regex=None, packages_above=None, packages_above_and_dependencies=None, packages_above_depth=None, packages_select_by_dep=None, packages_skip_by_dep=None, packages_skip_up_to=None, packages_select_build_failed=False, packages_skip_build_finished=False, packages_select_test_failures=False, packages_skip_test_passed=False, packages_select=None, packages_skip=None, packages_select_regex=None, packages_skip_regex=None, packages_start=None, packages_end=None, allow_overriding=[], cmake_args=None, cmake_target=None, cmake_target_skip_unavailable=False, cmake_clean_cache=False, cmake_clean_first=False, cmake_force_configure=False, ament_cmake_args=None, catkin_cmake_args=None, catkin_skip_building_tests=False, verb_parser=<colcon_defaults.argument_parser.defaults.DefaultArgumentsDecorator object at 0x7fb3eb3a76d0>, verb_extension=<colcon_core.verb.build.BuildVerb object at 0x7fb3eb3a7160>, main=<bound method BuildVerb.main of <colcon_core.verb.build.BuildVerb object at 0x7fb3eb3a7160>>)
[0.407s] Level 1:colcon.colcon_core.package_discovery:discover_packages(colcon_meta) check parameters
[0.407s] Level 1:colcon.colcon_core.package_discovery:discover_packages(recursive) check parameters
[0.407s] Level 1:colcon.colcon_core.package_discovery:discover_packages(ignore) check parameters
[0.407s] Level 1:colcon.colcon_core.package_discovery:discover_packages(path) check parameters
[0.407s] Level 1:colcon.colcon_core.package_discovery:discover_packages(colcon_meta) discover
[0.407s] Level 1:colcon.colcon_core.package_discovery:discover_packages(recursive) discover
[0.407s] INFO:colcon.colcon_core.package_discovery:Crawling recursively for packages in '/home/hubot/Documents/Github/RobotArmV1/src'
[0.407s] Level 1:colcon.colcon_core.package_identification:_identify(.) by extensions ['ignore', 'ignore_ament_install']
[0.407s] Level 1:colcon.colcon_core.package_identification:_identify(.) by extension 'ignore'
[0.407s] Level 1:colcon.colcon_core.package_identification:_identify(.) by extension 'ignore_ament_install'
[0.407s] Level 1:colcon.colcon_core.package_identification:_identify(.) by extensions ['colcon_pkg']
[0.407s] Level 1:colcon.colcon_core.package_identification:_identify(.) by extension 'colcon_pkg'
[0.407s] Level 1:colcon.colcon_core.package_identification:_identify(.) by extensions ['colcon_meta']
[0.408s] Level 1:colcon.colcon_core.package_identification:_identify(.) by extension 'colcon_meta'
[0.408s] Level 1:colcon.colcon_core.package_identification:_identify(.) by extensions ['ros']
[0.408s] Level 1:colcon.colcon_core.package_identification:_identify(.) by extension 'ros'
[0.419s] Level 1:colcon.colcon_core.package_identification:_identify(.) by extensions ['cmake', 'python']
[0.419s] Level 1:colcon.colcon_core.package_identification:_identify(.) by extension 'cmake'
[0.419s] Level 1:colcon.colcon_core.package_identification:_identify(.) by extension 'python'
[0.419s] Level 1:colcon.colcon_core.package_identification:_identify(.) by extensions ['python_setup_py']
[0.419s] Level 1:colcon.colcon_core.package_identification:_identify(.) by extension 'python_setup_py'
[0.419s] Level 1:colcon.colcon_core.package_identification:_identify(build) by extensions ['ignore', 'ignore_ament_install']
[0.420s] Level 1:colcon.colcon_core.package_identification:_identify(build) by extension 'ignore'
[0.420s] Level 1:colcon.colcon_core.package_identification:_identify(build) ignored
[0.420s] Level 1:colcon.colcon_core.package_identification:_identify(install) by extensions ['ignore', 'ignore_ament_install']
[0.420s] Level 1:colcon.colcon_core.package_identification:_identify(install) by extension 'ignore'
[0.420s] Level 1:colcon.colcon_core.package_identification:_identify(install) ignored
[0.420s] Level 1:colcon.colcon_core.package_identification:_identify(log) by extensions ['ignore', 'ignore_ament_install']
[0.420s] Level 1:colcon.colcon_core.package_identification:_identify(log) by extension 'ignore'
[0.420s] Level 1:colcon.colcon_core.package_identification:_identify(log) ignored
[0.420s] Level 1:colcon.colcon_core.package_identification:_identify(robot_controller) by extensions ['ignore', 'ignore_ament_install']
[0.421s] Level 1:colcon.colcon_core.package_identification:_identify(robot_controller) by extension 'ignore'
[0.421s] Level 1:colcon.colcon_core.package_identification:_identify(robot_controller) by extension 'ignore_ament_install'
[0.421s] Level 1:colcon.colcon_core.package_identification:_identify(robot_controller) by extensions ['colcon_pkg']
[0.421s] Level 1:colcon.colcon_core.package_identification:_identify(robot_controller) by extension 'colcon_pkg'
[0.421s] Level 1:colcon.colcon_core.package_identification:_identify(robot_controller) by extensions ['colcon_meta']
[0.421s] Level 1:colcon.colcon_core.package_identification:_identify(robot_controller) by extension 'colcon_meta'
[0.421s] Level 1:colcon.colcon_core.package_identification:_identify(robot_controller) by extensions ['ros']
[0.421s] Level 1:colcon.colcon_core.package_identification:_identify(robot_controller) by extension 'ros'
[0.423s] DEBUG:colcon.colcon_core.package_identification:Package 'robot_controller' with type 'ros.ament_python' and name 'robot_controller'
[0.424s] Level 1:colcon.colcon_core.package_identification:_identify(robot_messages) by extensions ['ignore', 'ignore_ament_install']
[0.424s] Level 1:colcon.colcon_core.package_identification:_identify(robot_messages) by extension 'ignore'
[0.424s] Level 1:colcon.colcon_core.package_identification:_identify(robot_messages) by extension 'ignore_ament_install'
[0.424s] Level 1:colcon.colcon_core.package_identification:_identify(robot_messages) by extensions ['colcon_pkg']
[0.424s] Level 1:colcon.colcon_core.package_identification:_identify(robot_messages) by extension 'colcon_pkg'
[0.424s] Level 1:colcon.colcon_core.package_identification:_identify(robot_messages) by extensions ['colcon_meta']
[0.424s] Level 1:colcon.colcon_core.package_identification:_identify(robot_messages) by extension 'colcon_meta'
[0.424s] Level 1:colcon.colcon_core.package_identification:_identify(robot_messages) by extensions ['ros']
[0.424s] Level 1:colcon.colcon_core.package_identification:_identify(robot_messages) by extension 'ros'
[0.426s] DEBUG:colcon.colcon_core.package_identification:Package 'robot_messages' with type 'ros.ament_cmake' and name 'robot_messages'
[0.426s] Level 1:colcon.colcon_core.package_discovery:discover_packages(recursive) using defaults
[0.426s] Level 1:colcon.colcon_core.package_discovery:discover_packages(ignore) discover
[0.426s] Level 1:colcon.colcon_core.package_discovery:discover_packages(ignore) using defaults
[0.426s] Level 1:colcon.colcon_core.package_discovery:discover_packages(path) discover
[0.426s] Level 1:colcon.colcon_core.package_discovery:discover_packages(path) using defaults
[0.451s] Level 1:colcon.colcon_core.package_discovery:discover_packages(prefix_path) check parameters
[0.451s] Level 1:colcon.colcon_core.package_discovery:discover_packages(prefix_path) discover
[0.454s] DEBUG:colcon.colcon_installed_package_information.package_discovery:Found 2 installed packages in /home/hubot/Documents/Github/RobotArmV1/src/install
[0.455s] DEBUG:colcon.colcon_installed_package_information.package_discovery:Found 2 installed packages in /home/hubot/Documents/Github/RobotArmV1/install
[0.457s] DEBUG:colcon.colcon_installed_package_information.package_discovery:Found 284 installed packages in /opt/ros/humble
[0.459s] Level 1:colcon.colcon_core.package_discovery:discover_packages(prefix_path) using defaults
[0.536s] Level 5:colcon.colcon_core.verb:set package 'robot_controller' build argument 'cmake_args' from command line to 'None'
[0.537s] Level 5:colcon.colcon_core.verb:set package 'robot_controller' build argument 'cmake_target' from command line to 'None'
[0.537s] Level 5:colcon.colcon_core.verb:set package 'robot_controller' build argument 'cmake_target_skip_unavailable' from command line to 'False'
[0.537s] Level 5:colcon.colcon_core.verb:set package 'robot_controller' build argument 'cmake_clean_cache' from command line to 'False'
[0.537s] Level 5:colcon.colcon_core.verb:set package 'robot_controller' build argument 'cmake_clean_first' from command line to 'False'
[0.537s] Level 5:colcon.colcon_core.verb:set package 'robot_controller' build argument 'cmake_force_configure' from command line to 'False'
[0.537s] Level 5:colcon.colcon_core.verb:set package 'robot_controller' build argument 'ament_cmake_args' from command line to 'None'
[0.537s] Level 5:colcon.colcon_core.verb:set package 'robot_controller' build argument 'catkin_cmake_args' from command line to 'None'
[0.537s] Level 5:colcon.colcon_core.verb:set package 'robot_controller' build argument 'catkin_skip_building_tests' from command line to 'False'
[0.537s] DEBUG:colcon.colcon_core.verb:Building package 'robot_controller' with the following arguments: {'ament_cmake_args': None, 'build_base': '/home/hubot/Documents/Github/RobotArmV1/src/build/robot_controller', 'catkin_cmake_args': None, 'catkin_skip_building_tests': False, 'cmake_args': None, 'cmake_clean_cache': False, 'cmake_clean_first': False, 'cmake_force_configure': False, 'cmake_target': None, 'cmake_target_skip_unavailable': False, 'install_base': '/home/hubot/Documents/Github/RobotArmV1/src/install/robot_controller', 'merge_install': False, 'path': '/home/hubot/Documents/Github/RobotArmV1/src/robot_controller', 'symlink_install': False, 'test_result_base': None}
[0.538s] Level 5:colcon.colcon_core.verb:set package 'robot_messages' build argument 'cmake_args' from command line to 'None'
[0.538s] Level 5:colcon.colcon_core.verb:set package 'robot_messages' build argument 'cmake_target' from command line to 'None'
[0.538s] Level 5:colcon.colcon_core.verb:set package 'robot_messages' build argument 'cmake_target_skip_unavailable' from command line to 'False'
[0.538s] Level 5:colcon.colcon_core.verb:set package 'robot_messages' build argument 'cmake_clean_cache' from command line to 'False'
[0.538s] Level 5:colcon.colcon_core.verb:set package 'robot_messages' build argument 'cmake_clean_first' from command line to 'False'
[0.538s] Level 5:colcon.colcon_core.verb:set package 'robot_messages' build argument 'cmake_force_configure' from command line to 'False'
[0.538s] Level 5:colcon.colcon_core.verb:set package 'robot_messages' build argument 'ament_cmake_args' from command line to 'None'
[0.538s] Level 5:colcon.colcon_core.verb:set package 'robot_messages' build argument 'catkin_cmake_args' from command line to 'None'
[0.538s] Level 5:colcon.colcon_core.verb:set package 'robot_messages' build argument 'catkin_skip_building_tests' from command line to 'False'
[0.538s] DEBUG:colcon.colcon_core.verb:Building package 'robot_messages' with the following arguments: {'ament_cmake_args': None, 'build_base': '/home/hubot/Documents/Github/RobotArmV1/src/build/robot_messages', 'catkin_cmake_args': None, 'catkin_skip_building_tests': False, 'cmake_args': None, 'cmake_clean_cache': False, 'cmake_clean_first': False, 'cmake_force_configure': False, 'cmake_target': None, 'cmake_target_skip_unavailable': False, 'install_base': '/home/hubot/Documents/Github/RobotArmV1/src/install/robot_messages', 'merge_install': False, 'path': '/home/hubot/Documents/Github/RobotArmV1/src/robot_messages', 'symlink_install': False, 'test_result_base': None}
[0.539s] INFO:colcon.colcon_core.executor:Executing jobs using 'parallel' executor
[0.543s] DEBUG:colcon.colcon_parallel_executor.executor.parallel:run_until_complete
[0.543s] INFO:colcon.colcon_ros.task.ament_python.build:Building ROS package in '/home/hubot/Documents/Github/RobotArmV1/src/robot_controller' with build type 'ament_python'
[0.543s] Level 1:colcon.colcon_core.shell:create_environment_hook('robot_controller', 'ament_prefix_path')
[0.548s] INFO:colcon.colcon_core.plugin_system:Skipping extension 'colcon_core.shell.bat': Not used on non-Windows systems
[0.549s] INFO:colcon.colcon_core.shell:Creating environment hook '/home/hubot/Documents/Github/RobotArmV1/src/install/robot_controller/share/robot_controller/hook/ament_prefix_path.ps1'
[0.549s] INFO:colcon.colcon_core.shell:Creating environment descriptor '/home/hubot/Documents/Github/RobotArmV1/src/install/robot_controller/share/robot_controller/hook/ament_prefix_path.dsv'
[0.550s] INFO:colcon.colcon_core.shell:Creating environment hook '/home/hubot/Documents/Github/RobotArmV1/src/install/robot_controller/share/robot_controller/hook/ament_prefix_path.sh'
[0.552s] INFO:colcon.colcon_core.shell:Skip shell extension 'powershell' for command environment: Not usable outside of PowerShell
[0.552s] DEBUG:colcon.colcon_core.shell:Skip shell extension 'dsv' for command environment
[0.559s] INFO:colcon.colcon_ros.task.ament_cmake.build:Building ROS package in '/home/hubot/Documents/Github/RobotArmV1/src/robot_messages' with build type 'ament_cmake'
[0.559s] INFO:colcon.colcon_cmake.task.cmake.build:Building CMake package in '/home/hubot/Documents/Github/RobotArmV1/src/robot_messages'
[0.561s] INFO:colcon.colcon_core.shell:Skip shell extension 'powershell' for command environment: Not usable outside of PowerShell
[0.561s] DEBUG:colcon.colcon_core.shell:Skip shell extension 'dsv' for command environment
[0.887s] INFO:colcon.colcon_core.task.python.build:Building Python package in '/home/hubot/Documents/Github/RobotArmV1/src/robot_controller'
[0.889s] INFO:colcon.colcon_core.shell:Skip shell extension 'powershell' for command environment: Not usable outside of PowerShell
[0.889s] DEBUG:colcon.colcon_core.shell:Skip shell extension 'dsv' for command environment
[0.901s] DEBUG:colcon.colcon_core.event_handler.log_command:Invoking command in '/home/hubot/Documents/Github/RobotArmV1/src/build/robot_messages': CMAKE_PREFIX_PATH=${CMAKE_PREFIX_PATH}:/home/hubot/Documents/Github/RobotArmV1/install/robot_controller:/home/hubot/Documents/Github/RobotArmV1/src/install/robot_controller:/opt/ros/humble /usr/bin/cmake --build /home/hubot/Documents/Github/RobotArmV1/src/build/robot_messages -- -j4 -l4
[1.513s] DEBUG:colcon.colcon_core.event_handler.log_command:Invoking command in '/home/hubot/Documents/Github/RobotArmV1/src/robot_controller': PYTHONPATH=/home/hubot/Documents/Github/RobotArmV1/src/build/robot_controller/prefix_override:/home/hubot/Documents/Github/RobotArmV1/src/install/robot_controller/lib/python3.10/site-packages:${PYTHONPATH} /usr/bin/python3 setup.py egg_info --egg-base ../build/robot_controller build --build-base /home/hubot/Documents/Github/RobotArmV1/src/build/robot_controller/build install --record /home/hubot/Documents/Github/RobotArmV1/src/build/robot_controller/install.log --single-version-externally-managed
[1.948s] DEBUG:colcon.colcon_core.event_handler.log_command:Invoked command in '/home/hubot/Documents/Github/RobotArmV1/src/robot_controller' returned '0': PYTHONPATH=/home/hubot/Documents/Github/RobotArmV1/src/build/robot_controller/prefix_override:/home/hubot/Documents/Github/RobotArmV1/src/install/robot_controller/lib/python3.10/site-packages:${PYTHONPATH} /usr/bin/python3 setup.py egg_info --egg-base ../build/robot_controller build --build-base /home/hubot/Documents/Github/RobotArmV1/src/build/robot_controller/build install --record /home/hubot/Documents/Github/RobotArmV1/src/build/robot_controller/install.log --single-version-externally-managed
[1.956s] Level 1:colcon.colcon_core.environment:checking '/home/hubot/Documents/Github/RobotArmV1/src/install/robot_controller' for CMake module files
[1.956s] Level 1:colcon.colcon_core.environment:checking '/home/hubot/Documents/Github/RobotArmV1/src/install/robot_controller' for CMake config files
[1.957s] Level 1:colcon.colcon_core.environment:checking '/home/hubot/Documents/Github/RobotArmV1/src/install/robot_controller/lib'
[1.957s] Level 1:colcon.colcon_core.environment:checking '/home/hubot/Documents/Github/RobotArmV1/src/install/robot_controller/bin'
[1.958s] Level 1:colcon.colcon_core.environment:checking '/home/hubot/Documents/Github/RobotArmV1/src/install/robot_controller/lib/pkgconfig/robot_controller.pc'
[1.958s] Level 1:colcon.colcon_core.environment:checking '/home/hubot/Documents/Github/RobotArmV1/src/install/robot_controller/lib/python3.10/site-packages'
[1.958s] Level 1:colcon.colcon_core.shell:create_environment_hook('robot_controller', 'pythonpath')
[1.960s] INFO:colcon.colcon_core.shell:Creating environment hook '/home/hubot/Documents/Github/RobotArmV1/src/install/robot_controller/share/robot_controller/hook/pythonpath.ps1'
[1.961s] INFO:colcon.colcon_core.shell:Creating environment descriptor '/home/hubot/Documents/Github/RobotArmV1/src/install/robot_controller/share/robot_controller/hook/pythonpath.dsv'
[1.961s] INFO:colcon.colcon_core.shell:Creating environment hook '/home/hubot/Documents/Github/RobotArmV1/src/install/robot_controller/share/robot_controller/hook/pythonpath.sh'
[1.962s] Level 1:colcon.colcon_core.environment:checking '/home/hubot/Documents/Github/RobotArmV1/src/install/robot_controller/bin'
[1.962s] Level 1:colcon.colcon_core.environment:create_environment_scripts_only(robot_controller)
[1.964s] INFO:colcon.colcon_core.shell:Creating package script '/home/hubot/Documents/Github/RobotArmV1/src/install/robot_controller/share/robot_controller/package.ps1'
[1.965s] INFO:colcon.colcon_core.shell:Creating package descriptor '/home/hubot/Documents/Github/RobotArmV1/src/install/robot_controller/share/robot_controller/package.dsv'
[1.966s] INFO:colcon.colcon_core.shell:Creating package script '/home/hubot/Documents/Github/RobotArmV1/src/install/robot_controller/share/robot_controller/package.sh'
[1.967s] INFO:colcon.colcon_core.shell:Creating package script '/home/hubot/Documents/Github/RobotArmV1/src/install/robot_controller/share/robot_controller/package.bash'
[1.968s] INFO:colcon.colcon_core.shell:Creating package script '/home/hubot/Documents/Github/RobotArmV1/src/install/robot_controller/share/robot_controller/package.zsh'
[1.969s] Level 1:colcon.colcon_core.environment:create_file_with_runtime_dependencies(/home/hubot/Documents/Github/RobotArmV1/src/install/robot_controller/share/colcon-core/packages/robot_controller)
[4.135s] DEBUG:colcon.colcon_core.event_handler.log_command:Invoked command in '/home/hubot/Documents/Github/RobotArmV1/src/build/robot_messages' returned '0': CMAKE_PREFIX_PATH=${CMAKE_PREFIX_PATH}:/home/hubot/Documents/Github/RobotArmV1/install/robot_controller:/home/hubot/Documents/Github/RobotArmV1/src/install/robot_controller:/opt/ros/humble /usr/bin/cmake --build /home/hubot/Documents/Github/RobotArmV1/src/build/robot_messages -- -j4 -l4
[4.251s] DEBUG:colcon.colcon_core.event_handler.log_command:Invoking command in '/home/hubot/Documents/Github/RobotArmV1/src/build/robot_messages': CMAKE_PREFIX_PATH=${CMAKE_PREFIX_PATH}:/home/hubot/Documents/Github/RobotArmV1/install/robot_controller:/home/hubot/Documents/Github/RobotArmV1/src/install/robot_controller:/opt/ros/humble /usr/bin/cmake --install /home/hubot/Documents/Github/RobotArmV1/src/build/robot_messages
[4.369s] Level 1:colcon.colcon_core.environment:create_environment_scripts_only(robot_messages)
[4.372s] Level 1:colcon.colcon_core.environment:checking '/home/hubot/Documents/Github/RobotArmV1/src/install/robot_messages' for CMake module files
[4.372s] DEBUG:colcon.colcon_core.event_handler.log_command:Invoked command in '/home/hubot/Documents/Github/RobotArmV1/src/build/robot_messages' returned '0': CMAKE_PREFIX_PATH=${CMAKE_PREFIX_PATH}:/home/hubot/Documents/Github/RobotArmV1/install/robot_controller:/home/hubot/Documents/Github/RobotArmV1/src/install/robot_controller:/opt/ros/humble /usr/bin/cmake --install /home/hubot/Documents/Github/RobotArmV1/src/build/robot_messages
[4.373s] Level 1:colcon.colcon_core.environment:checking '/home/hubot/Documents/Github/RobotArmV1/src/install/robot_messages' for CMake config files
[4.374s] Level 1:colcon.colcon_core.shell:create_environment_hook('robot_messages', 'cmake_prefix_path')
[4.375s] INFO:colcon.colcon_core.shell:Creating environment hook '/home/hubot/Documents/Github/RobotArmV1/src/install/robot_messages/share/robot_messages/hook/cmake_prefix_path.ps1'
[4.376s] INFO:colcon.colcon_core.shell:Creating environment descriptor '/home/hubot/Documents/Github/RobotArmV1/src/install/robot_messages/share/robot_messages/hook/cmake_prefix_path.dsv'
[4.376s] INFO:colcon.colcon_core.shell:Creating environment hook '/home/hubot/Documents/Github/RobotArmV1/src/install/robot_messages/share/robot_messages/hook/cmake_prefix_path.sh'
[4.377s] Level 1:colcon.colcon_core.environment:checking '/home/hubot/Documents/Github/RobotArmV1/src/install/robot_messages/lib'
[4.377s] Level 1:colcon.colcon_core.shell:create_environment_hook('robot_messages', 'ld_library_path_lib')
[4.378s] INFO:colcon.colcon_core.shell:Creating environment hook '/home/hubot/Documents/Github/RobotArmV1/src/install/robot_messages/share/robot_messages/hook/ld_library_path_lib.ps1'
[4.379s] INFO:colcon.colcon_core.shell:Creating environment descriptor '/home/hubot/Documents/Github/RobotArmV1/src/install/robot_messages/share/robot_messages/hook/ld_library_path_lib.dsv'
[4.379s] INFO:colcon.colcon_core.shell:Creating environment hook '/home/hubot/Documents/Github/RobotArmV1/src/install/robot_messages/share/robot_messages/hook/ld_library_path_lib.sh'
[4.379s] Level 1:colcon.colcon_core.environment:checking '/home/hubot/Documents/Github/RobotArmV1/src/install/robot_messages/bin'
[4.379s] Level 1:colcon.colcon_core.environment:checking '/home/hubot/Documents/Github/RobotArmV1/src/install/robot_messages/lib/pkgconfig/robot_messages.pc'
[4.380s] Level 1:colcon.colcon_core.environment:checking '/home/hubot/Documents/Github/RobotArmV1/src/install/robot_messages/lib/python3.10/site-packages'
[4.380s] Level 1:colcon.colcon_core.environment:checking '/home/hubot/Documents/Github/RobotArmV1/src/install/robot_messages/bin'
[4.382s] INFO:colcon.colcon_core.shell:Creating package script '/home/hubot/Documents/Github/RobotArmV1/src/install/robot_messages/share/robot_messages/package.ps1'
[4.382s] INFO:colcon.colcon_core.shell:Creating package descriptor '/home/hubot/Documents/Github/RobotArmV1/src/install/robot_messages/share/robot_messages/package.dsv'
[4.383s] INFO:colcon.colcon_core.shell:Creating package script '/home/hubot/Documents/Github/RobotArmV1/src/install/robot_messages/share/robot_messages/package.sh'
[4.383s] INFO:colcon.colcon_core.shell:Creating package script '/home/hubot/Documents/Github/RobotArmV1/src/install/robot_messages/share/robot_messages/package.bash'
[4.383s] INFO:colcon.colcon_core.shell:Creating package script '/home/hubot/Documents/Github/RobotArmV1/src/install/robot_messages/share/robot_messages/package.zsh'
[4.384s] Level 1:colcon.colcon_core.environment:create_file_with_runtime_dependencies(/home/hubot/Documents/Github/RobotArmV1/src/install/robot_messages/share/colcon-core/packages/robot_messages)
[4.477s] Level 1:colcon.colcon_core.environment:create_environment_scripts_only(robot_messages)
[4.481s] Level 1:colcon.colcon_core.environment:checking '/home/hubot/Documents/Github/RobotArmV1/src/install/robot_messages' for CMake module files
[4.482s] Level 1:colcon.colcon_core.environment:checking '/home/hubot/Documents/Github/RobotArmV1/src/install/robot_messages' for CMake config files
[4.483s] Level 1:colcon.colcon_core.shell:create_environment_hook('robot_messages', 'cmake_prefix_path')
[4.486s] INFO:colcon.colcon_core.shell:Creating environment hook '/home/hubot/Documents/Github/RobotArmV1/src/install/robot_messages/share/robot_messages/hook/cmake_prefix_path.ps1'
[4.487s] INFO:colcon.colcon_core.shell:Creating environment descriptor '/home/hubot/Documents/Github/RobotArmV1/src/install/robot_messages/share/robot_messages/hook/cmake_prefix_path.dsv'
[4.487s] INFO:colcon.colcon_core.shell:Creating environment hook '/home/hubot/Documents/Github/RobotArmV1/src/install/robot_messages/share/robot_messages/hook/cmake_prefix_path.sh'
[4.488s] Level 1:colcon.colcon_core.environment:checking '/home/hubot/Documents/Github/RobotArmV1/src/install/robot_messages/lib'
[4.488s] Level 1:colcon.colcon_core.shell:create_environment_hook('robot_messages', 'ld_library_path_lib')
[4.494s] INFO:colcon.colcon_core.shell:Creating environment hook '/home/hubot/Documents/Github/RobotArmV1/src/install/robot_messages/share/robot_messages/hook/ld_library_path_lib.ps1'
[4.495s] INFO:colcon.colcon_core.shell:Creating environment descriptor '/home/hubot/Documents/Github/RobotArmV1/src/install/robot_messages/share/robot_messages/hook/ld_library_path_lib.dsv'
[4.496s] INFO:colcon.colcon_core.shell:Creating environment hook '/home/hubot/Documents/Github/RobotArmV1/src/install/robot_messages/share/robot_messages/hook/ld_library_path_lib.sh'
[4.496s] Level 1:colcon.colcon_core.environment:checking '/home/hubot/Documents/Github/RobotArmV1/src/install/robot_messages/bin'
[4.496s] Level 1:colcon.colcon_core.environment:checking '/home/hubot/Documents/Github/RobotArmV1/src/install/robot_messages/lib/pkgconfig/robot_messages.pc'
[4.497s] Level 1:colcon.colcon_core.environment:checking '/home/hubot/Documents/Github/RobotArmV1/src/install/robot_messages/lib/python3.10/site-packages'
[4.497s] Level 1:colcon.colcon_core.environment:checking '/home/hubot/Documents/Github/RobotArmV1/src/install/robot_messages/bin'
[4.501s] INFO:colcon.colcon_core.shell:Creating package script '/home/hubot/Documents/Github/RobotArmV1/src/install/robot_messages/share/robot_messages/package.ps1'
[4.502s] INFO:colcon.colcon_core.shell:Creating package descriptor '/home/hubot/Documents/Github/RobotArmV1/src/install/robot_messages/share/robot_messages/package.dsv'
[4.503s] INFO:colcon.colcon_core.shell:Creating package script '/home/hubot/Documents/Github/RobotArmV1/src/install/robot_messages/share/robot_messages/package.sh'
[4.503s] INFO:colcon.colcon_core.shell:Creating package script '/home/hubot/Documents/Github/RobotArmV1/src/install/robot_messages/share/robot_messages/package.bash'
[4.504s] INFO:colcon.colcon_core.shell:Creating package script '/home/hubot/Documents/Github/RobotArmV1/src/install/robot_messages/share/robot_messages/package.zsh'
[4.504s] Level 1:colcon.colcon_core.environment:create_file_with_runtime_dependencies(/home/hubot/Documents/Github/RobotArmV1/src/install/robot_messages/share/colcon-core/packages/robot_messages)
[4.505s] DEBUG:colcon.colcon_parallel_executor.executor.parallel:closing loop
[4.506s] DEBUG:colcon.colcon_parallel_executor.executor.parallel:loop closed
[4.506s] DEBUG:colcon.colcon_parallel_executor.executor.parallel:run_until_complete finished with '0'
[4.506s] DEBUG:colcon.colcon_core.event_reactor:joining thread
[4.514s] INFO:colcon.colcon_core.plugin_system:Skipping extension 'colcon_notification.desktop_notification.terminal_notifier': Not used on non-Darwin systems
[4.514s] INFO:colcon.colcon_core.plugin_system:Skipping extension 'colcon_notification.desktop_notification.win32': Not used on non-Windows systems
[4.515s] INFO:colcon.colcon_notification.desktop_notification:Sending desktop notification using 'notify2'
[4.533s] DEBUG:colcon.colcon_core.event_reactor:joined thread
[4.536s] INFO:colcon.colcon_core.shell:Creating prefix script '/home/hubot/Documents/Github/RobotArmV1/src/install/local_setup.ps1'
[4.538s] INFO:colcon.colcon_core.shell:Creating prefix util module '/home/hubot/Documents/Github/RobotArmV1/src/install/_local_setup_util_ps1.py'
[4.542s] INFO:colcon.colcon_core.shell:Creating prefix chain script '/home/hubot/Documents/Github/RobotArmV1/src/install/setup.ps1'
[4.547s] INFO:colcon.colcon_core.shell:Creating prefix script '/home/hubot/Documents/Github/RobotArmV1/src/install/local_setup.sh'
[4.548s] INFO:colcon.colcon_core.shell:Creating prefix util module '/home/hubot/Documents/Github/RobotArmV1/src/install/_local_setup_util_sh.py'
[4.548s] INFO:colcon.colcon_core.shell:Creating prefix chain script '/home/hubot/Documents/Github/RobotArmV1/src/install/setup.sh'
[4.551s] INFO:colcon.colcon_core.shell:Creating prefix script '/home/hubot/Documents/Github/RobotArmV1/src/install/local_setup.bash'
[4.553s] INFO:colcon.colcon_core.shell:Creating prefix chain script '/home/hubot/Documents/Github/RobotArmV1/src/install/setup.bash'
[4.558s] INFO:colcon.colcon_core.shell:Creating prefix script '/home/hubot/Documents/Github/RobotArmV1/src/install/local_setup.zsh'
[4.559s] INFO:colcon.colcon_core.shell:Creating prefix chain script '/home/hubot/Documents/Github/RobotArmV1/src/install/setup.zsh'
