[0.344s] Invoking command in '/home/hubot/Documents/Github/RobotArmV1/build/robot_messages': CMAKE_PREFIX_PATH=${CMAKE_PREFIX_PATH}:/home/hubot/Documents/Github/RobotArmV1/install/robot_controller:/home/hubot/Documents/Github/RobotArmV1/src/install/robot_controller:/opt/ros/humble /usr/bin/cmake --build /home/hubot/Documents/Github/RobotArmV1/build/robot_messages -- -j4 -l4
[0.373s] -- Found ament_cmake: 1.3.5 (/opt/ros/humble/share/ament_cmake/cmake)
[0.605s] -- Found rosidl_default_generators: 1.2.0 (/opt/ros/humble/share/rosidl_default_generators/cmake)
[0.607s] -- Using all available rosidl_typesupport_c: rosidl_typesupport_fastrtps_c;rosidl_typesupport_introspection_c
[0.611s] -- Found rosidl_adapter: 3.1.5 (/opt/ros/humble/share/rosidl_adapter/cmake)
[0.650s] -- Using all available rosidl_typesupport_cpp: rosidl_typesupport_fastrtps_cpp;rosidl_typesupport_introspection_cpp
[1.005s] -- Found ament_cmake_ros: 0.10.0 (/opt/ros/humble/share/ament_cmake_ros/cmake)
[1.238s] -- Using all available rosidl_typesupport_c: rosidl_typesupport_fastrtps_c;rosidl_typesupport_introspection_c
[1.538s] -- Using all available rosidl_typesupport_cpp: rosidl_typesupport_fastrtps_cpp;rosidl_typesupport_introspection_cpp
[1.566s] -- Found python_cmake_module: 0.10.0 (/opt/ros/humble/share/python_cmake_module/cmake)
[1.593s] -- Using PYTHON_EXECUTABLE: /usr/bin/python3
[1.593s] -- Using PYTHON_INCLUDE_DIRS: /usr/include/python3.10
[1.593s] -- Using PYTHON_LIBRARIES: /usr/lib/x86_64-linux-gnu/libpython3.10.so
[1.607s] -- Found ament_lint_auto: 0.12.7 (/opt/ros/humble/share/ament_lint_auto/cmake)
[1.629s] -- Added test 'flake8' to check Python code syntax and style conventions
[1.630s] -- Added test 'lint_cmake' to check CMake code style
[1.631s] -- Added test 'pep257' to check Python code against some of the docstring style conventions in PEP 257
[1.636s] -- Added test 'xmllint' to check XML markup files
[1.638s] -- Configuring done
[1.685s] -- Generating done
[1.691s] -- Build files have been written to: /home/hubot/Documents/Github/RobotArmV1/build/robot_messages
[1.736s] [  3%] [34m[1mGenerating C code for ROS interfaces[0m
[1.772s] [  6%] [34m[1mGenerating C++ code for ROS interfaces[0m
[1.778s] [  6%] Built target ament_cmake_python_copy_robot_messages
[2.281s] [  6%] Built target robot_messages__cpp
[2.297s] [ 12%] [34m[1mGenerating C++ introspection for ROS interfaces[0m
[2.298s] [ 12%] [34m[1mGenerating C++ type support for eProsima Fast-RTPS[0m
[2.409s] running egg_info
[2.411s] writing robot_messages.egg-info/PKG-INFO
[2.412s] writing dependency_links to robot_messages.egg-info/dependency_links.txt
[2.413s] writing top-level names to robot_messages.egg-info/top_level.txt
[2.415s] reading manifest file 'robot_messages.egg-info/SOURCES.txt'
[2.416s] writing manifest file 'robot_messages.egg-info/SOURCES.txt'
[2.463s] [35m[1mConsolidate compiler generated dependencies of target robot_messages__rosidl_generator_c[0m
[2.479s] [ 16%] [32mBuilding C object CMakeFiles/robot_messages__rosidl_generator_c.dir/rosidl_generator_c/robot_messages/msg/detail/targetposition__functions.c.o[0m
[2.480s] [ 16%] Built target ament_cmake_python_build_robot_messages_egg
[2.498s] [ 19%] [34m[1mGenerating C++ type support dispatch for ROS interfaces[0m
[2.571s] [ 22%] [32m[1mLinking C shared library librobot_messages__rosidl_generator_c.so[0m
[2.644s] [ 22%] Built target robot_messages__rosidl_generator_c
[2.663s] [ 25%] [34m[1mGenerating C type support for eProsima Fast-RTPS[0m
[2.857s] [35m[1mConsolidate compiler generated dependencies of target robot_messages__rosidl_typesupport_introspection_cpp[0m
[2.876s] [ 29%] [32mBuilding CXX object CMakeFiles/robot_messages__rosidl_typesupport_introspection_cpp.dir/rosidl_typesupport_introspection_cpp/robot_messages/msg/detail/targetposition__type_support.cpp.o[0m
[2.907s] [35m[1mConsolidate compiler generated dependencies of target robot_messages__rosidl_typesupport_fastrtps_cpp[0m
[2.948s] [ 32%] [32mBuilding CXX object CMakeFiles/robot_messages__rosidl_typesupport_fastrtps_cpp.dir/rosidl_typesupport_fastrtps_cpp/robot_messages/msg/detail/dds_fastrtps/targetposition__type_support.cpp.o[0m
[3.002s] [35m[1mConsolidate compiler generated dependencies of target robot_messages__rosidl_typesupport_cpp[0m
[3.052s] [ 35%] [32mBuilding CXX object CMakeFiles/robot_messages__rosidl_typesupport_cpp.dir/rosidl_typesupport_cpp/robot_messages/msg/targetposition__type_support.cpp.o[0m
[3.215s] [35m[1mConsolidate compiler generated dependencies of target robot_messages__rosidl_typesupport_fastrtps_c[0m
[3.252s] [ 38%] [32mBuilding CXX object CMakeFiles/robot_messages__rosidl_typesupport_fastrtps_c.dir/rosidl_typesupport_fastrtps_c/robot_messages/msg/detail/targetposition__type_support_c.cpp.o[0m
[3.821s] [ 41%] [32m[1mLinking CXX shared library librobot_messages__rosidl_typesupport_introspection_cpp.so[0m
[3.846s] [ 45%] [32m[1mLinking CXX shared library librobot_messages__rosidl_typesupport_fastrtps_cpp.so[0m
[3.862s] [ 48%] [32m[1mLinking CXX shared library librobot_messages__rosidl_typesupport_cpp.so[0m
[3.938s] [ 48%] Built target robot_messages__rosidl_typesupport_cpp
[3.964s] [ 51%] [34m[1mGenerating C introspection for ROS interfaces[0m
[3.986s] [ 51%] Built target robot_messages__rosidl_typesupport_introspection_cpp
[4.036s] [ 54%] [34m[1mGenerating C type support dispatch for ROS interfaces[0m
[4.055s] [ 54%] Built target robot_messages__rosidl_typesupport_fastrtps_cpp
[4.126s] [ 58%] [32m[1mLinking CXX shared library librobot_messages__rosidl_typesupport_fastrtps_c.so[0m
[4.303s] [ 58%] Built target robot_messages__rosidl_typesupport_fastrtps_c
[4.483s] [35m[1mConsolidate compiler generated dependencies of target robot_messages__rosidl_typesupport_introspection_c[0m
[4.498s] [ 61%] [32mBuilding C object CMakeFiles/robot_messages__rosidl_typesupport_introspection_c.dir/rosidl_typesupport_introspection_c/robot_messages/msg/detail/targetposition__type_support.c.o[0m
[4.537s] [ 64%] [32m[1mLinking C shared library librobot_messages__rosidl_typesupport_introspection_c.so[0m
[4.541s] [35m[1mConsolidate compiler generated dependencies of target robot_messages__rosidl_typesupport_c[0m
[4.558s] [ 67%] [32mBuilding CXX object CMakeFiles/robot_messages__rosidl_typesupport_c.dir/rosidl_typesupport_c/robot_messages/msg/targetposition__type_support.cpp.o[0m
[4.581s] [ 67%] Built target robot_messages__rosidl_typesupport_introspection_c
[4.605s] [ 70%] [32m[1mLinking CXX shared library librobot_messages__rosidl_typesupport_c.so[0m
[4.651s] [ 70%] Built target robot_messages__rosidl_typesupport_c
[4.685s] [ 70%] Built target robot_messages
[4.733s] [ 74%] [34m[1mGenerating Python code for ROS interfaces[0m
[5.115s] [ 74%] Built target robot_messages__py
[5.126s] [35m[1mConsolidate compiler generated dependencies of target robot_messages__rosidl_generator_py[0m
[5.140s] [ 77%] [32mBuilding C object CMakeFiles/robot_messages__rosidl_generator_py.dir/rosidl_generator_py/robot_messages/msg/_targetposition_s.c.o[0m
[5.248s] [ 80%] [32m[1mLinking C shared library rosidl_generator_py/robot_messages/librobot_messages__rosidl_generator_py.so[0m
[5.295s] [ 80%] Built target robot_messages__rosidl_generator_py
[5.307s] [35m[1mConsolidate compiler generated dependencies of target robot_messages__rosidl_typesupport_introspection_c__pyext[0m
[5.312s] [35m[1mConsolidate compiler generated dependencies of target robot_messages__rosidl_typesupport_c__pyext[0m
[5.313s] [35m[1mConsolidate compiler generated dependencies of target robot_messages__rosidl_typesupport_fastrtps_c__pyext[0m
[5.329s] [ 83%] [32mBuilding C object CMakeFiles/robot_messages__rosidl_typesupport_introspection_c__pyext.dir/rosidl_generator_py/robot_messages/_robot_messages_s.ep.rosidl_typesupport_introspection_c.c.o[0m
[5.334s] [ 90%] [32mBuilding C object CMakeFiles/robot_messages__rosidl_typesupport_fastrtps_c__pyext.dir/rosidl_generator_py/robot_messages/_robot_messages_s.ep.rosidl_typesupport_fastrtps_c.c.o[0m
[5.335s] [ 90%] [32mBuilding C object CMakeFiles/robot_messages__rosidl_typesupport_c__pyext.dir/rosidl_generator_py/robot_messages/_robot_messages_s.ep.rosidl_typesupport_c.c.o[0m
[5.562s] [ 93%] [32m[1mLinking C shared library rosidl_generator_py/robot_messages/robot_messages_s__rosidl_typesupport_c.cpython-310-x86_64-linux-gnu.so[0m
[5.577s] [ 96%] [32m[1mLinking C shared library rosidl_generator_py/robot_messages/robot_messages_s__rosidl_typesupport_fastrtps_c.cpython-310-x86_64-linux-gnu.so[0m
[5.606s] [100%] [32m[1mLinking C shared library rosidl_generator_py/robot_messages/robot_messages_s__rosidl_typesupport_introspection_c.cpython-310-x86_64-linux-gnu.so[0m
[5.641s] [100%] Built target robot_messages__rosidl_typesupport_c__pyext
[5.661s] [100%] Built target robot_messages__rosidl_typesupport_introspection_c__pyext
[5.664s] [100%] Built target robot_messages__rosidl_typesupport_fastrtps_c__pyext
[5.677s] Invoked command in '/home/hubot/Documents/Github/RobotArmV1/build/robot_messages' returned '0': CMAKE_PREFIX_PATH=${CMAKE_PREFIX_PATH}:/home/hubot/Documents/Github/RobotArmV1/install/robot_controller:/home/hubot/Documents/Github/RobotArmV1/src/install/robot_controller:/opt/ros/humble /usr/bin/cmake --build /home/hubot/Documents/Github/RobotArmV1/build/robot_messages -- -j4 -l4
[5.751s] Invoking command in '/home/hubot/Documents/Github/RobotArmV1/build/robot_messages': CMAKE_PREFIX_PATH=${CMAKE_PREFIX_PATH}:/home/hubot/Documents/Github/RobotArmV1/install/robot_controller:/home/hubot/Documents/Github/RobotArmV1/src/install/robot_controller:/opt/ros/humble /usr/bin/cmake --install /home/hubot/Documents/Github/RobotArmV1/build/robot_messages
[5.761s] -- Install configuration: ""
[5.761s] -- Installing: /home/hubot/Documents/Github/RobotArmV1/install/robot_messages/share/ament_index/resource_index/rosidl_interfaces/robot_messages
[5.761s] -- Up-to-date: /home/hubot/Documents/Github/RobotArmV1/install/robot_messages/include/robot_messages/robot_messages
[5.761s] -- Up-to-date: /home/hubot/Documents/Github/RobotArmV1/install/robot_messages/include/robot_messages/robot_messages/msg
[5.762s] -- Up-to-date: /home/hubot/Documents/Github/RobotArmV1/install/robot_messages/include/robot_messages/robot_messages/msg/detail
[5.762s] -- Installing: /home/hubot/Documents/Github/RobotArmV1/install/robot_messages/include/robot_messages/robot_messages/msg/detail/targetposition__functions.h
[5.762s] -- Up-to-date: /home/hubot/Documents/Github/RobotArmV1/install/robot_messages/include/robot_messages/robot_messages/msg/detail/num__functions.h
[5.762s] -- Up-to-date: /home/hubot/Documents/Github/RobotArmV1/install/robot_messages/include/robot_messages/robot_messages/msg/detail/num__functions.c
[5.762s] -- Up-to-date: /home/hubot/Documents/Github/RobotArmV1/install/robot_messages/include/robot_messages/robot_messages/msg/detail/num__type_support.h
[5.762s] -- Installing: /home/hubot/Documents/Github/RobotArmV1/install/robot_messages/include/robot_messages/robot_messages/msg/detail/targetposition__struct.h
[5.763s] -- Installing: /home/hubot/Documents/Github/RobotArmV1/install/robot_messages/include/robot_messages/robot_messages/msg/detail/targetposition__type_support.h
[5.763s] -- Up-to-date: /home/hubot/Documents/Github/RobotArmV1/install/robot_messages/include/robot_messages/robot_messages/msg/detail/num__struct.h
[5.763s] -- Installing: /home/hubot/Documents/Github/RobotArmV1/install/robot_messages/include/robot_messages/robot_messages/msg/detail/targetposition__functions.c
[5.763s] -- Up-to-date: /home/hubot/Documents/Github/RobotArmV1/install/robot_messages/include/robot_messages/robot_messages/msg/num.h
[5.763s] -- Up-to-date: /home/hubot/Documents/Github/RobotArmV1/install/robot_messages/include/robot_messages/robot_messages/msg/rosidl_generator_c__visibility_control.h
[5.764s] -- Installing: /home/hubot/Documents/Github/RobotArmV1/install/robot_messages/include/robot_messages/robot_messages/msg/targetposition.h
[5.764s] -- Up-to-date: /home/hubot/Documents/Github/RobotArmV1/install/robot_messages/share/robot_messages/environment/library_path.sh
[5.764s] -- Installing: /home/hubot/Documents/Github/RobotArmV1/install/robot_messages/share/robot_messages/environment/library_path.dsv
[5.764s] -- Installing: /home/hubot/Documents/Github/RobotArmV1/install/robot_messages/lib/librobot_messages__rosidl_generator_c.so
[5.764s] -- Set runtime path of "/home/hubot/Documents/Github/RobotArmV1/install/robot_messages/lib/librobot_messages__rosidl_generator_c.so" to ""
[5.764s] -- Up-to-date: /home/hubot/Documents/Github/RobotArmV1/install/robot_messages/include/robot_messages/robot_messages
[5.765s] -- Up-to-date: /home/hubot/Documents/Github/RobotArmV1/install/robot_messages/include/robot_messages/robot_messages/msg
[5.765s] -- Up-to-date: /home/hubot/Documents/Github/RobotArmV1/install/robot_messages/include/robot_messages/robot_messages/msg/detail
[5.765s] -- Up-to-date: /home/hubot/Documents/Github/RobotArmV1/install/robot_messages/include/robot_messages/robot_messages/msg/detail/num__rosidl_typesupport_fastrtps_c.h
[5.765s] -- Installing: /home/hubot/Documents/Github/RobotArmV1/install/robot_messages/include/robot_messages/robot_messages/msg/detail/targetposition__rosidl_typesupport_fastrtps_c.h
[5.765s] -- Up-to-date: /home/hubot/Documents/Github/RobotArmV1/install/robot_messages/include/robot_messages/robot_messages/msg/rosidl_typesupport_fastrtps_c__visibility_control.h
[5.766s] -- Installing: /home/hubot/Documents/Github/RobotArmV1/install/robot_messages/lib/librobot_messages__rosidl_typesupport_fastrtps_c.so
[5.766s] -- Set runtime path of "/home/hubot/Documents/Github/RobotArmV1/install/robot_messages/lib/librobot_messages__rosidl_typesupport_fastrtps_c.so" to ""
[5.766s] -- Up-to-date: /home/hubot/Documents/Github/RobotArmV1/install/robot_messages/include/robot_messages/robot_messages
[5.766s] -- Up-to-date: /home/hubot/Documents/Github/RobotArmV1/install/robot_messages/include/robot_messages/robot_messages/msg
[5.766s] -- Up-to-date: /home/hubot/Documents/Github/RobotArmV1/install/robot_messages/include/robot_messages/robot_messages/msg/detail
[5.766s] -- Up-to-date: /home/hubot/Documents/Github/RobotArmV1/install/robot_messages/include/robot_messages/robot_messages/msg/detail/num__rosidl_typesupport_introspection_c.h
[5.766s] -- Installing: /home/hubot/Documents/Github/RobotArmV1/install/robot_messages/include/robot_messages/robot_messages/msg/detail/targetposition__rosidl_typesupport_introspection_c.h
[5.767s] -- Installing: /home/hubot/Documents/Github/RobotArmV1/install/robot_messages/include/robot_messages/robot_messages/msg/detail/targetposition__type_support.c
[5.767s] -- Up-to-date: /home/hubot/Documents/Github/RobotArmV1/install/robot_messages/include/robot_messages/robot_messages/msg/detail/num__type_support.c
[5.767s] -- Up-to-date: /home/hubot/Documents/Github/RobotArmV1/install/robot_messages/include/robot_messages/robot_messages/msg/rosidl_typesupport_introspection_c__visibility_control.h
[5.767s] -- Installing: /home/hubot/Documents/Github/RobotArmV1/install/robot_messages/lib/librobot_messages__rosidl_typesupport_introspection_c.so
[5.767s] -- Set runtime path of "/home/hubot/Documents/Github/RobotArmV1/install/robot_messages/lib/librobot_messages__rosidl_typesupport_introspection_c.so" to ""
[5.767s] -- Installing: /home/hubot/Documents/Github/RobotArmV1/install/robot_messages/lib/librobot_messages__rosidl_typesupport_c.so
[5.768s] -- Set runtime path of "/home/hubot/Documents/Github/RobotArmV1/install/robot_messages/lib/librobot_messages__rosidl_typesupport_c.so" to ""
[5.768s] -- Up-to-date: /home/hubot/Documents/Github/RobotArmV1/install/robot_messages/include/robot_messages/robot_messages
[5.768s] -- Up-to-date: /home/hubot/Documents/Github/RobotArmV1/install/robot_messages/include/robot_messages/robot_messages/msg
[5.768s] -- Up-to-date: /home/hubot/Documents/Github/RobotArmV1/install/robot_messages/include/robot_messages/robot_messages/msg/detail
[5.769s] -- Up-to-date: /home/hubot/Documents/Github/RobotArmV1/install/robot_messages/include/robot_messages/robot_messages/msg/detail/num__traits.hpp
[5.769s] -- Up-to-date: /home/hubot/Documents/Github/RobotArmV1/install/robot_messages/include/robot_messages/robot_messages/msg/detail/num__struct.hpp
[5.769s] -- Installing: /home/hubot/Documents/Github/RobotArmV1/install/robot_messages/include/robot_messages/robot_messages/msg/detail/targetposition__builder.hpp
[5.769s] -- Up-to-date: /home/hubot/Documents/Github/RobotArmV1/install/robot_messages/include/robot_messages/robot_messages/msg/detail/num__builder.hpp
[5.769s] -- Installing: /home/hubot/Documents/Github/RobotArmV1/install/robot_messages/include/robot_messages/robot_messages/msg/detail/targetposition__traits.hpp
[5.770s] -- Installing: /home/hubot/Documents/Github/RobotArmV1/install/robot_messages/include/robot_messages/robot_messages/msg/detail/targetposition__struct.hpp
[5.770s] -- Installing: /home/hubot/Documents/Github/RobotArmV1/install/robot_messages/include/robot_messages/robot_messages/msg/targetposition.hpp
[5.770s] -- Up-to-date: /home/hubot/Documents/Github/RobotArmV1/install/robot_messages/include/robot_messages/robot_messages/msg/num.hpp
[5.770s] -- Up-to-date: /home/hubot/Documents/Github/RobotArmV1/install/robot_messages/include/robot_messages/robot_messages
[5.770s] -- Up-to-date: /home/hubot/Documents/Github/RobotArmV1/install/robot_messages/include/robot_messages/robot_messages/msg
[5.770s] -- Up-to-date: /home/hubot/Documents/Github/RobotArmV1/install/robot_messages/include/robot_messages/robot_messages/msg/detail
[5.771s] -- Installing: /home/hubot/Documents/Github/RobotArmV1/install/robot_messages/include/robot_messages/robot_messages/msg/detail/targetposition__rosidl_typesupport_fastrtps_cpp.hpp
[5.771s] -- Up-to-date: /home/hubot/Documents/Github/RobotArmV1/install/robot_messages/include/robot_messages/robot_messages/msg/detail/dds_fastrtps
[5.771s] -- Up-to-date: /home/hubot/Documents/Github/RobotArmV1/install/robot_messages/include/robot_messages/robot_messages/msg/detail/num__rosidl_typesupport_fastrtps_cpp.hpp
[5.771s] -- Up-to-date: /home/hubot/Documents/Github/RobotArmV1/install/robot_messages/include/robot_messages/robot_messages/msg/rosidl_typesupport_fastrtps_cpp__visibility_control.h
[5.771s] -- Installing: /home/hubot/Documents/Github/RobotArmV1/install/robot_messages/lib/librobot_messages__rosidl_typesupport_fastrtps_cpp.so
[5.771s] -- Set runtime path of "/home/hubot/Documents/Github/RobotArmV1/install/robot_messages/lib/librobot_messages__rosidl_typesupport_fastrtps_cpp.so" to ""
[5.772s] -- Up-to-date: /home/hubot/Documents/Github/RobotArmV1/install/robot_messages/include/robot_messages/robot_messages
[5.772s] -- Up-to-date: /home/hubot/Documents/Github/RobotArmV1/install/robot_messages/include/robot_messages/robot_messages/msg
[5.772s] -- Up-to-date: /home/hubot/Documents/Github/RobotArmV1/install/robot_messages/include/robot_messages/robot_messages/msg/detail
[5.772s] -- Installing: /home/hubot/Documents/Github/RobotArmV1/install/robot_messages/include/robot_messages/robot_messages/msg/detail/targetposition__type_support.cpp
[5.772s] -- Up-to-date: /home/hubot/Documents/Github/RobotArmV1/install/robot_messages/include/robot_messages/robot_messages/msg/detail/num__rosidl_typesupport_introspection_cpp.hpp
[5.772s] -- Installing: /home/hubot/Documents/Github/RobotArmV1/install/robot_messages/include/robot_messages/robot_messages/msg/detail/targetposition__rosidl_typesupport_introspection_cpp.hpp
[5.773s] -- Up-to-date: /home/hubot/Documents/Github/RobotArmV1/install/robot_messages/include/robot_messages/robot_messages/msg/detail/num__type_support.cpp
[5.773s] -- Installing: /home/hubot/Documents/Github/RobotArmV1/install/robot_messages/lib/librobot_messages__rosidl_typesupport_introspection_cpp.so
[5.773s] -- Set runtime path of "/home/hubot/Documents/Github/RobotArmV1/install/robot_messages/lib/librobot_messages__rosidl_typesupport_introspection_cpp.so" to ""
[5.773s] -- Installing: /home/hubot/Documents/Github/RobotArmV1/install/robot_messages/lib/librobot_messages__rosidl_typesupport_cpp.so
[5.773s] -- Set runtime path of "/home/hubot/Documents/Github/RobotArmV1/install/robot_messages/lib/librobot_messages__rosidl_typesupport_cpp.so" to ""
[5.774s] -- Up-to-date: /home/hubot/Documents/Github/RobotArmV1/install/robot_messages/share/robot_messages/environment/pythonpath.sh
[5.774s] -- Installing: /home/hubot/Documents/Github/RobotArmV1/install/robot_messages/share/robot_messages/environment/pythonpath.dsv
[5.774s] -- Up-to-date: /home/hubot/Documents/Github/RobotArmV1/install/robot_messages/local/lib/python3.10/dist-packages/robot_messages-0.0.0-py3.10.egg-info
[5.774s] -- Installing: /home/hubot/Documents/Github/RobotArmV1/install/robot_messages/local/lib/python3.10/dist-packages/robot_messages-0.0.0-py3.10.egg-info/SOURCES.txt
[5.774s] -- Installing: /home/hubot/Documents/Github/RobotArmV1/install/robot_messages/local/lib/python3.10/dist-packages/robot_messages-0.0.0-py3.10.egg-info/top_level.txt
[5.775s] -- Installing: /home/hubot/Documents/Github/RobotArmV1/install/robot_messages/local/lib/python3.10/dist-packages/robot_messages-0.0.0-py3.10.egg-info/dependency_links.txt
[5.775s] -- Installing: /home/hubot/Documents/Github/RobotArmV1/install/robot_messages/local/lib/python3.10/dist-packages/robot_messages-0.0.0-py3.10.egg-info/PKG-INFO
[5.775s] -- Up-to-date: /home/hubot/Documents/Github/RobotArmV1/install/robot_messages/local/lib/python3.10/dist-packages/robot_messages
[5.775s] -- Installing: /home/hubot/Documents/Github/RobotArmV1/install/robot_messages/local/lib/python3.10/dist-packages/robot_messages/robot_messages_s__rosidl_typesupport_introspection_c.cpython-310-x86_64-linux-gnu.so
[5.775s] -- Installing: /home/hubot/Documents/Github/RobotArmV1/install/robot_messages/local/lib/python3.10/dist-packages/robot_messages/_robot_messages_s.ep.rosidl_typesupport_c.c
[5.775s] -- Installing: /home/hubot/Documents/Github/RobotArmV1/install/robot_messages/local/lib/python3.10/dist-packages/robot_messages/_robot_messages_s.ep.rosidl_typesupport_introspection_c.c
[5.776s] -- Installing: /home/hubot/Documents/Github/RobotArmV1/install/robot_messages/local/lib/python3.10/dist-packages/robot_messages/_robot_messages_s.ep.rosidl_typesupport_fastrtps_c.c
[5.776s] -- Installing: /home/hubot/Documents/Github/RobotArmV1/install/robot_messages/local/lib/python3.10/dist-packages/robot_messages/librobot_messages__rosidl_generator_py.so
[5.776s] -- Installing: /home/hubot/Documents/Github/RobotArmV1/install/robot_messages/local/lib/python3.10/dist-packages/robot_messages/__init__.py
[5.776s] -- Installing: /home/hubot/Documents/Github/RobotArmV1/install/robot_messages/local/lib/python3.10/dist-packages/robot_messages/robot_messages_s__rosidl_typesupport_c.cpython-310-x86_64-linux-gnu.so
[5.777s] -- Installing: /home/hubot/Documents/Github/RobotArmV1/install/robot_messages/local/lib/python3.10/dist-packages/robot_messages/robot_messages_s__rosidl_typesupport_fastrtps_c.cpython-310-x86_64-linux-gnu.so
[5.777s] -- Up-to-date: /home/hubot/Documents/Github/RobotArmV1/install/robot_messages/local/lib/python3.10/dist-packages/robot_messages/msg
[5.777s] -- Up-to-date: /home/hubot/Documents/Github/RobotArmV1/install/robot_messages/local/lib/python3.10/dist-packages/robot_messages/msg/_num_s.c
[5.777s] -- Up-to-date: /home/hubot/Documents/Github/RobotArmV1/install/robot_messages/local/lib/python3.10/dist-packages/robot_messages/msg/_num.py
[5.777s] -- Installing: /home/hubot/Documents/Github/RobotArmV1/install/robot_messages/local/lib/python3.10/dist-packages/robot_messages/msg/_targetposition.py
[5.777s] -- Installing: /home/hubot/Documents/Github/RobotArmV1/install/robot_messages/local/lib/python3.10/dist-packages/robot_messages/msg/_targetposition_s.c
[5.778s] -- Installing: /home/hubot/Documents/Github/RobotArmV1/install/robot_messages/local/lib/python3.10/dist-packages/robot_messages/msg/__init__.py
[5.818s] Listing '/home/hubot/Documents/Github/RobotArmV1/install/robot_messages/local/lib/python3.10/dist-packages/robot_messages'...
[5.818s] Compiling '/home/hubot/Documents/Github/RobotArmV1/install/robot_messages/local/lib/python3.10/dist-packages/robot_messages/__init__.py'...
[5.818s] Listing '/home/hubot/Documents/Github/RobotArmV1/install/robot_messages/local/lib/python3.10/dist-packages/robot_messages/msg'...
[5.818s] Compiling '/home/hubot/Documents/Github/RobotArmV1/install/robot_messages/local/lib/python3.10/dist-packages/robot_messages/msg/__init__.py'...
[5.819s] Compiling '/home/hubot/Documents/Github/RobotArmV1/install/robot_messages/local/lib/python3.10/dist-packages/robot_messages/msg/_targetposition.py'...
[5.824s] -- Installing: /home/hubot/Documents/Github/RobotArmV1/install/robot_messages/local/lib/python3.10/dist-packages/robot_messages/robot_messages_s__rosidl_typesupport_fastrtps_c.cpython-310-x86_64-linux-gnu.so
[5.824s] -- Set runtime path of "/home/hubot/Documents/Github/RobotArmV1/install/robot_messages/local/lib/python3.10/dist-packages/robot_messages/robot_messages_s__rosidl_typesupport_fastrtps_c.cpython-310-x86_64-linux-gnu.so" to ""
[5.824s] -- Installing: /home/hubot/Documents/Github/RobotArmV1/install/robot_messages/local/lib/python3.10/dist-packages/robot_messages/robot_messages_s__rosidl_typesupport_introspection_c.cpython-310-x86_64-linux-gnu.so
[5.825s] -- Set runtime path of "/home/hubot/Documents/Github/RobotArmV1/install/robot_messages/local/lib/python3.10/dist-packages/robot_messages/robot_messages_s__rosidl_typesupport_introspection_c.cpython-310-x86_64-linux-gnu.so" to ""
[5.825s] -- Installing: /home/hubot/Documents/Github/RobotArmV1/install/robot_messages/local/lib/python3.10/dist-packages/robot_messages/robot_messages_s__rosidl_typesupport_c.cpython-310-x86_64-linux-gnu.so
[5.825s] -- Set runtime path of "/home/hubot/Documents/Github/RobotArmV1/install/robot_messages/local/lib/python3.10/dist-packages/robot_messages/robot_messages_s__rosidl_typesupport_c.cpython-310-x86_64-linux-gnu.so" to ""
[5.826s] -- Installing: /home/hubot/Documents/Github/RobotArmV1/install/robot_messages/lib/librobot_messages__rosidl_generator_py.so
[5.826s] -- Set runtime path of "/home/hubot/Documents/Github/RobotArmV1/install/robot_messages/lib/librobot_messages__rosidl_generator_py.so" to ""
[5.826s] -- Installing: /home/hubot/Documents/Github/RobotArmV1/install/robot_messages/share/robot_messages/msg/Targetposition.idl
[5.826s] -- Installing: /home/hubot/Documents/Github/RobotArmV1/install/robot_messages/share/robot_messages/msg/Targetposition.msg
[5.827s] -- Up-to-date: /home/hubot/Documents/Github/RobotArmV1/install/robot_messages/share/ament_index/resource_index/package_run_dependencies/robot_messages
[5.827s] -- Up-to-date: /home/hubot/Documents/Github/RobotArmV1/install/robot_messages/share/ament_index/resource_index/parent_prefix_path/robot_messages
[5.827s] -- Up-to-date: /home/hubot/Documents/Github/RobotArmV1/install/robot_messages/share/robot_messages/environment/ament_prefix_path.sh
[5.827s] -- Installing: /home/hubot/Documents/Github/RobotArmV1/install/robot_messages/share/robot_messages/environment/ament_prefix_path.dsv
[5.827s] -- Up-to-date: /home/hubot/Documents/Github/RobotArmV1/install/robot_messages/share/robot_messages/environment/path.sh
[5.827s] -- Installing: /home/hubot/Documents/Github/RobotArmV1/install/robot_messages/share/robot_messages/environment/path.dsv
[5.828s] -- Up-to-date: /home/hubot/Documents/Github/RobotArmV1/install/robot_messages/share/robot_messages/local_setup.bash
[5.828s] -- Up-to-date: /home/hubot/Documents/Github/RobotArmV1/install/robot_messages/share/robot_messages/local_setup.sh
[5.828s] -- Up-to-date: /home/hubot/Documents/Github/RobotArmV1/install/robot_messages/share/robot_messages/local_setup.zsh
[5.828s] -- Installing: /home/hubot/Documents/Github/RobotArmV1/install/robot_messages/share/robot_messages/local_setup.dsv
[5.828s] -- Installing: /home/hubot/Documents/Github/RobotArmV1/install/robot_messages/share/robot_messages/package.dsv
[5.828s] -- Up-to-date: /home/hubot/Documents/Github/RobotArmV1/install/robot_messages/share/ament_index/resource_index/packages/robot_messages
[5.829s] -- Up-to-date: /home/hubot/Documents/Github/RobotArmV1/install/robot_messages/share/robot_messages/cmake/export_robot_messages__rosidl_generator_cExport.cmake
[5.829s] -- Up-to-date: /home/hubot/Documents/Github/RobotArmV1/install/robot_messages/share/robot_messages/cmake/export_robot_messages__rosidl_generator_cExport-noconfig.cmake
[5.829s] -- Up-to-date: /home/hubot/Documents/Github/RobotArmV1/install/robot_messages/share/robot_messages/cmake/export_robot_messages__rosidl_typesupport_fastrtps_cExport.cmake
[5.829s] -- Up-to-date: /home/hubot/Documents/Github/RobotArmV1/install/robot_messages/share/robot_messages/cmake/export_robot_messages__rosidl_typesupport_fastrtps_cExport-noconfig.cmake
[5.829s] -- Up-to-date: /home/hubot/Documents/Github/RobotArmV1/install/robot_messages/share/robot_messages/cmake/robot_messages__rosidl_typesupport_introspection_cExport.cmake
[5.830s] -- Up-to-date: /home/hubot/Documents/Github/RobotArmV1/install/robot_messages/share/robot_messages/cmake/robot_messages__rosidl_typesupport_introspection_cExport-noconfig.cmake
[5.830s] -- Up-to-date: /home/hubot/Documents/Github/RobotArmV1/install/robot_messages/share/robot_messages/cmake/robot_messages__rosidl_typesupport_cExport.cmake
[5.830s] -- Up-to-date: /home/hubot/Documents/Github/RobotArmV1/install/robot_messages/share/robot_messages/cmake/robot_messages__rosidl_typesupport_cExport-noconfig.cmake
[5.830s] -- Up-to-date: /home/hubot/Documents/Github/RobotArmV1/install/robot_messages/share/robot_messages/cmake/export_robot_messages__rosidl_generator_cppExport.cmake
[5.830s] -- Up-to-date: /home/hubot/Documents/Github/RobotArmV1/install/robot_messages/share/robot_messages/cmake/export_robot_messages__rosidl_typesupport_fastrtps_cppExport.cmake
[5.831s] -- Up-to-date: /home/hubot/Documents/Github/RobotArmV1/install/robot_messages/share/robot_messages/cmake/export_robot_messages__rosidl_typesupport_fastrtps_cppExport-noconfig.cmake
[5.831s] -- Up-to-date: /home/hubot/Documents/Github/RobotArmV1/install/robot_messages/share/robot_messages/cmake/robot_messages__rosidl_typesupport_introspection_cppExport.cmake
[5.831s] -- Up-to-date: /home/hubot/Documents/Github/RobotArmV1/install/robot_messages/share/robot_messages/cmake/robot_messages__rosidl_typesupport_introspection_cppExport-noconfig.cmake
[5.831s] -- Up-to-date: /home/hubot/Documents/Github/RobotArmV1/install/robot_messages/share/robot_messages/cmake/robot_messages__rosidl_typesupport_cppExport.cmake
[5.831s] -- Up-to-date: /home/hubot/Documents/Github/RobotArmV1/install/robot_messages/share/robot_messages/cmake/robot_messages__rosidl_typesupport_cppExport-noconfig.cmake
[5.831s] -- Up-to-date: /home/hubot/Documents/Github/RobotArmV1/install/robot_messages/share/robot_messages/cmake/export_robot_messages__rosidl_generator_pyExport.cmake
[5.832s] -- Up-to-date: /home/hubot/Documents/Github/RobotArmV1/install/robot_messages/share/robot_messages/cmake/export_robot_messages__rosidl_generator_pyExport-noconfig.cmake
[5.832s] -- Installing: /home/hubot/Documents/Github/RobotArmV1/install/robot_messages/share/robot_messages/cmake/rosidl_cmake-extras.cmake
[5.832s] -- Up-to-date: /home/hubot/Documents/Github/RobotArmV1/install/robot_messages/share/robot_messages/cmake/ament_cmake_export_include_directories-extras.cmake
[5.832s] -- Up-to-date: /home/hubot/Documents/Github/RobotArmV1/install/robot_messages/share/robot_messages/cmake/ament_cmake_export_libraries-extras.cmake
[5.832s] -- Up-to-date: /home/hubot/Documents/Github/RobotArmV1/install/robot_messages/share/robot_messages/cmake/ament_cmake_export_targets-extras.cmake
[5.832s] -- Up-to-date: /home/hubot/Documents/Github/RobotArmV1/install/robot_messages/share/robot_messages/cmake/rosidl_cmake_export_typesupport_targets-extras.cmake
[5.832s] -- Up-to-date: /home/hubot/Documents/Github/RobotArmV1/install/robot_messages/share/robot_messages/cmake/ament_cmake_export_dependencies-extras.cmake
[5.832s] -- Up-to-date: /home/hubot/Documents/Github/RobotArmV1/install/robot_messages/share/robot_messages/cmake/rosidl_cmake_export_typesupport_libraries-extras.cmake
[5.833s] -- Up-to-date: /home/hubot/Documents/Github/RobotArmV1/install/robot_messages/share/robot_messages/cmake/robot_messagesConfig.cmake
[5.833s] -- Up-to-date: /home/hubot/Documents/Github/RobotArmV1/install/robot_messages/share/robot_messages/cmake/robot_messagesConfig-version.cmake
[5.833s] -- Installing: /home/hubot/Documents/Github/RobotArmV1/install/robot_messages/share/robot_messages/package.xml
[5.836s] Invoked command in '/home/hubot/Documents/Github/RobotArmV1/build/robot_messages' returned '0': CMAKE_PREFIX_PATH=${CMAKE_PREFIX_PATH}:/home/hubot/Documents/Github/RobotArmV1/install/robot_controller:/home/hubot/Documents/Github/RobotArmV1/src/install/robot_controller:/opt/ros/humble /usr/bin/cmake --install /home/hubot/Documents/Github/RobotArmV1/build/robot_messages
