[1.080s] Invoking command in '/home/hubot/Documents/Github/RobotArmV1/build/robot_controller': PYTHONPATH=/home/hubot/Documents/Github/RobotArmV1/build/robot_controller/prefix_override:/home/hubot/Documents/Github/RobotArmV1/install/robot_controller/lib/python3.10/site-packages:${PYTHONPATH} /usr/bin/python3 setup.py develop --uninstall --editable --build-directory /home/hubot/Documents/Github/RobotArmV1/build/robot_controller/build
[1.482s] running develop
[1.708s] Invoked command in '/home/hubot/Documents/Github/RobotArmV1/build/robot_controller' returned '0': PYTHONPATH=/home/hubot/Documents/Github/RobotArmV1/build/robot_controller/prefix_override:/home/hubot/Documents/Github/RobotArmV1/install/robot_controller/lib/python3.10/site-packages:${PYTHONPATH} /usr/bin/python3 setup.py develop --uninstall --editable --build-directory /home/hubot/Documents/Github/RobotArmV1/build/robot_controller/build
[1.710s] Invoking command in '/home/hubot/Documents/Github/RobotArmV1/src/robot_controller': PYTHONPATH=/home/hubot/Documents/Github/RobotArmV1/build/robot_controller/prefix_override:/home/hubot/Documents/Github/RobotArmV1/install/robot_controller/lib/python3.10/site-packages:${PYTHONPATH} /usr/bin/python3 setup.py egg_info --egg-base ../../build/robot_controller build --build-base /home/hubot/Documents/Github/RobotArmV1/build/robot_controller/build install --record /home/hubot/Documents/Github/RobotArmV1/build/robot_controller/install.log --single-version-externally-managed
[1.995s] running egg_info
[1.996s] writing ../../build/robot_controller/robot_controller.egg-info/PKG-INFO
[1.996s] writing dependency_links to ../../build/robot_controller/robot_controller.egg-info/dependency_links.txt
[1.996s] writing entry points to ../../build/robot_controller/robot_controller.egg-info/entry_points.txt
[1.997s] writing requirements to ../../build/robot_controller/robot_controller.egg-info/requires.txt
[1.997s] writing top-level names to ../../build/robot_controller/robot_controller.egg-info/top_level.txt
[2.000s] reading manifest file '../../build/robot_controller/robot_controller.egg-info/SOURCES.txt'
[2.001s] writing manifest file '../../build/robot_controller/robot_controller.egg-info/SOURCES.txt'
[2.002s] running build
[2.002s] running build_py
[2.002s] running install
[2.003s] running install_lib
[2.004s] running install_data
[2.005s] running install_egg_info
[2.007s] removing '/home/hubot/Documents/Github/RobotArmV1/install/robot_controller/lib/python3.10/site-packages/robot_controller-0.0.0-py3.10.egg-info' (and everything under it)
[2.008s] Copying ../../build/robot_controller/robot_controller.egg-info to /home/hubot/Documents/Github/RobotArmV1/install/robot_controller/lib/python3.10/site-packages/robot_controller-0.0.0-py3.10.egg-info
[2.009s] running install_scripts
[2.032s] Installing test_node script to /home/hubot/Documents/Github/RobotArmV1/install/robot_controller/lib/robot_controller
[2.032s] Installing test_subscriber script to /home/hubot/Documents/Github/RobotArmV1/install/robot_controller/lib/robot_controller
[2.033s] writing list of installed files to '/home/hubot/Documents/Github/RobotArmV1/build/robot_controller/install.log'
[2.072s] Invoked command in '/home/hubot/Documents/Github/RobotArmV1/src/robot_controller' returned '0': PYTHONPATH=/home/hubot/Documents/Github/RobotArmV1/build/robot_controller/prefix_override:/home/hubot/Documents/Github/RobotArmV1/install/robot_controller/lib/python3.10/site-packages:${PYTHONPATH} /usr/bin/python3 setup.py egg_info --egg-base ../../build/robot_controller build --build-base /home/hubot/Documents/Github/RobotArmV1/build/robot_controller/build install --record /home/hubot/Documents/Github/RobotArmV1/build/robot_controller/install.log --single-version-externally-managed
