[1.053s] Invoking command in '/home/hubot/Documents/Github/RobotArmV1/build/robot_controller': PYTHONPATH=/home/hubot/Documents/Github/RobotArmV1/build/robot_controller/prefix_override:/home/hubot/Documents/Github/RobotArmV1/install/robot_controller/lib/python3.10/site-packages:${PYTHONPATH} /usr/bin/python3 setup.py develop --uninstall --editable --build-directory /home/hubot/Documents/Github/RobotArmV1/build/robot_controller/build
[1.458s] running develop
[1.683s] Invoked command in '/home/hubot/Documents/Github/RobotArmV1/build/robot_controller' returned '0': PYTHONPATH=/home/hubot/Documents/Github/RobotArmV1/build/robot_controller/prefix_override:/home/hubot/Documents/Github/RobotArmV1/install/robot_controller/lib/python3.10/site-packages:${PYTHONPATH} /usr/bin/python3 setup.py develop --uninstall --editable --build-directory /home/hubot/Documents/Github/RobotArmV1/build/robot_controller/build
[1.685s] Invoking command in '/home/hubot/Documents/Github/RobotArmV1/src/robot_controller': PYTHONPATH=/home/hubot/Documents/Github/RobotArmV1/build/robot_controller/prefix_override:/home/hubot/Documents/Github/RobotArmV1/install/robot_controller/lib/python3.10/site-packages:${PYTHONPATH} /usr/bin/python3 setup.py egg_info --egg-base ../../build/robot_controller build --build-base /home/hubot/Documents/Github/RobotArmV1/build/robot_controller/build install --record /home/hubot/Documents/Github/RobotArmV1/build/robot_controller/install.log --single-version-externally-managed
[1.960s] running egg_info
[1.961s] writing ../../build/robot_controller/robot_controller.egg-info/PKG-INFO
[1.961s] writing dependency_links to ../../build/robot_controller/robot_controller.egg-info/dependency_links.txt
[1.962s] writing entry points to ../../build/robot_controller/robot_controller.egg-info/entry_points.txt
[1.962s] writing requirements to ../../build/robot_controller/robot_controller.egg-info/requires.txt
[1.962s] writing top-level names to ../../build/robot_controller/robot_controller.egg-info/top_level.txt
[1.964s] reading manifest file '../../build/robot_controller/robot_controller.egg-info/SOURCES.txt'
[1.966s] writing manifest file '../../build/robot_controller/robot_controller.egg-info/SOURCES.txt'
[1.966s] running build
[1.966s] running build_py
[1.966s] copying robot_controller/trajectory_planner.py -> /home/hubot/Documents/Github/RobotArmV1/build/robot_controller/build/lib/robot_controller
[1.966s] running install
[1.967s] running install_lib
[1.968s] copying /home/hubot/Documents/Github/RobotArmV1/build/robot_controller/build/lib/robot_controller/trajectory_planner.py -> /home/hubot/Documents/Github/RobotArmV1/install/robot_controller/lib/python3.10/site-packages/robot_controller
[1.968s] byte-compiling /home/hubot/Documents/Github/RobotArmV1/install/robot_controller/lib/python3.10/site-packages/robot_controller/trajectory_planner.py to trajectory_planner.cpython-310.pyc
[1.969s] running install_data
[1.970s] running install_egg_info
[1.972s] removing '/home/hubot/Documents/Github/RobotArmV1/install/robot_controller/lib/python3.10/site-packages/robot_controller-0.0.0-py3.10.egg-info' (and everything under it)
[1.972s] Copying ../../build/robot_controller/robot_controller.egg-info to /home/hubot/Documents/Github/RobotArmV1/install/robot_controller/lib/python3.10/site-packages/robot_controller-0.0.0-py3.10.egg-info
[1.973s] running install_scripts
[1.993s] Installing test_node script to /home/hubot/Documents/Github/RobotArmV1/install/robot_controller/lib/robot_controller
[1.993s] Installing test_subscriber script to /home/hubot/Documents/Github/RobotArmV1/install/robot_controller/lib/robot_controller
[1.994s] Installing trajectory_planner script to /home/hubot/Documents/Github/RobotArmV1/install/robot_controller/lib/robot_controller
[1.994s] writing list of installed files to '/home/hubot/Documents/Github/RobotArmV1/build/robot_controller/install.log'
[2.030s] Invoked command in '/home/hubot/Documents/Github/RobotArmV1/src/robot_controller' returned '0': PYTHONPATH=/home/hubot/Documents/Github/RobotArmV1/build/robot_controller/prefix_override:/home/hubot/Documents/Github/RobotArmV1/install/robot_controller/lib/python3.10/site-packages:${PYTHONPATH} /usr/bin/python3 setup.py egg_info --egg-base ../../build/robot_controller build --build-base /home/hubot/Documents/Github/RobotArmV1/build/robot_controller/build install --record /home/hubot/Documents/Github/RobotArmV1/build/robot_controller/install.log --single-version-externally-managed
