[0.348s] Invoking command in '/home/hubot/Documents/Github/RobotArmV1/src/build/robot_messages': CMAKE_PREFIX_PATH=${CMAKE_PREFIX_PATH}:/home/hubot/Documents/Github/RobotArmV1/src/install/robot_controller:/home/hubot/Documents/Github/RobotArmV1/install/robot_controller:/opt/ros/humble /usr/bin/cmake /home/hubot/Documents/Github/RobotArmV1/src/robot_messages -DCMAKE_INSTALL_PREFIX=/home/hubot/Documents/Github/RobotArmV1/src/install/robot_messages
[0.443s] -- The C compiler identification is GNU 11.4.0
[0.537s] -- The CXX compiler identification is GNU 11.4.0
[0.549s] -- Detecting C compiler ABI info
[0.652s] -- Detecting C compiler ABI info - done
[0.670s] -- Check for working C compiler: /usr/bin/cc - skipped
[0.671s] -- Detecting C compile features
[0.671s] -- Detecting C compile features - done
[0.676s] -- Detecting CXX compiler ABI info
[0.775s] -- Detecting CXX compiler ABI info - done
[0.787s] -- Check for working CXX compiler: /usr/bin/c++ - skipped
[0.787s] -- Detecting CXX compile features
[0.788s] -- Detecting CXX compile features - done
[0.791s] -- Found ament_cmake: 1.3.5 (/opt/ros/humble/share/ament_cmake/cmake)
[1.032s] -- Found Python3: /usr/bin/python3.10 (found version "3.10.12") found components: Interpreter 
[1.152s] -- Found rosidl_default_generators: 1.2.0 (/opt/ros/humble/share/rosidl_default_generators/cmake)
[1.157s] -- Using all available rosidl_typesupport_c: rosidl_typesupport_fastrtps_c;rosidl_typesupport_introspection_c
[1.166s] -- Found rosidl_adapter: 3.1.5 (/opt/ros/humble/share/rosidl_adapter/cmake)
[1.217s] -- Using all available rosidl_typesupport_cpp: rosidl_typesupport_fastrtps_cpp;rosidl_typesupport_introspection_cpp
[1.596s] -- Found ament_cmake_ros: 0.10.0 (/opt/ros/humble/share/ament_cmake_ros/cmake)
[1.826s] -- Using all available rosidl_typesupport_c: rosidl_typesupport_fastrtps_c;rosidl_typesupport_introspection_c
[2.099s] -- Using all available rosidl_typesupport_cpp: rosidl_typesupport_fastrtps_cpp;rosidl_typesupport_introspection_cpp
[2.130s] -- Found PythonInterp: /usr/bin/python3 (found suitable version "3.10.12", minimum required is "3.6") 
[2.131s] -- Found python_cmake_module: 0.10.0 (/opt/ros/humble/share/python_cmake_module/cmake)
[2.160s] -- Found PythonLibs: /usr/lib/x86_64-linux-gnu/libpython3.10.so (found suitable version "3.10.12", minimum required is "3.5") 
[2.160s] -- Using PYTHON_EXECUTABLE: /usr/bin/python3
[2.160s] -- Using PYTHON_INCLUDE_DIRS: /usr/include/python3.10
[2.160s] -- Using PYTHON_LIBRARIES: /usr/lib/x86_64-linux-gnu/libpython3.10.so
[2.184s] -- Found PythonExtra: .so  
[2.229s] -- Found ament_lint_auto: 0.12.7 (/opt/ros/humble/share/ament_lint_auto/cmake)
[2.248s] -- Added test 'flake8' to check Python code syntax and style conventions
[2.249s] -- Added test 'lint_cmake' to check CMake code style
[2.250s] -- Added test 'pep257' to check Python code against some of the docstring style conventions in PEP 257
[2.253s] -- Added test 'xmllint' to check XML markup files
[2.256s] -- Configuring done
[2.288s] -- Generating done
[2.291s] -- Build files have been written to: /home/hubot/Documents/Github/RobotArmV1/src/build/robot_messages
[2.299s] Invoked command in '/home/hubot/Documents/Github/RobotArmV1/src/build/robot_messages' returned '0': CMAKE_PREFIX_PATH=${CMAKE_PREFIX_PATH}:/home/hubot/Documents/Github/RobotArmV1/src/install/robot_controller:/home/hubot/Documents/Github/RobotArmV1/install/robot_controller:/opt/ros/humble /usr/bin/cmake /home/hubot/Documents/Github/RobotArmV1/src/robot_messages -DCMAKE_INSTALL_PREFIX=/home/hubot/Documents/Github/RobotArmV1/src/install/robot_messages
[2.301s] Invoking command in '/home/hubot/Documents/Github/RobotArmV1/src/build/robot_messages': CMAKE_PREFIX_PATH=${CMAKE_PREFIX_PATH}:/home/hubot/Documents/Github/RobotArmV1/src/install/robot_controller:/home/hubot/Documents/Github/RobotArmV1/install/robot_controller:/opt/ros/humble /usr/bin/cmake --build /home/hubot/Documents/Github/RobotArmV1/src/build/robot_messages -- -j4 -l4
[2.356s] [  3%] [34m[1mGenerating C code for ROS interfaces[0m
[2.371s] [  6%] [34m[1mGenerating C++ code for ROS interfaces[0m
[2.386s] [  6%] Built target ament_cmake_python_copy_robot_messages
[2.870s] [  9%] [32mBuilding C object CMakeFiles/robot_messages__rosidl_generator_c.dir/rosidl_generator_c/robot_messages/msg/detail/target_position__functions.c.o[0m
[2.908s] [  9%] Built target robot_messages__cpp
[2.931s] [ 12%] [34m[1mGenerating C++ type support for eProsima Fast-RTPS[0m
[2.937s] [ 16%] [34m[1mGenerating C++ type support dispatch for ROS interfaces[0m
[2.954s] [ 19%] [32m[1mLinking C shared library librobot_messages__rosidl_generator_c.so[0m
[2.978s] running egg_info
[2.980s] creating robot_messages.egg-info
[2.981s] writing robot_messages.egg-info/PKG-INFO
[2.982s] writing dependency_links to robot_messages.egg-info/dependency_links.txt
[2.983s] writing top-level names to robot_messages.egg-info/top_level.txt
[2.983s] writing manifest file 'robot_messages.egg-info/SOURCES.txt'
[2.989s] reading manifest file 'robot_messages.egg-info/SOURCES.txt'
[2.991s] writing manifest file 'robot_messages.egg-info/SOURCES.txt'
[3.021s] [ 19%] Built target robot_messages__rosidl_generator_c
[3.051s] [ 22%] [34m[1mGenerating C++ introspection for ROS interfaces[0m
[3.076s] [ 22%] Built target ament_cmake_python_build_robot_messages_egg
[3.098s] [ 25%] [34m[1mGenerating C type support for eProsima Fast-RTPS[0m
[3.703s] [ 29%] [32mBuilding CXX object CMakeFiles/robot_messages__rosidl_typesupport_cpp.dir/rosidl_typesupport_cpp/robot_messages/msg/target_position__type_support.cpp.o[0m
[3.737s] [ 32%] [32mBuilding CXX object CMakeFiles/robot_messages__rosidl_typesupport_fastrtps_cpp.dir/rosidl_typesupport_fastrtps_cpp/robot_messages/msg/detail/dds_fastrtps/target_position__type_support.cpp.o[0m
[3.750s] [ 35%] [32mBuilding CXX object CMakeFiles/robot_messages__rosidl_typesupport_fastrtps_c.dir/rosidl_typesupport_fastrtps_c/robot_messages/msg/detail/target_position__type_support_c.cpp.o[0m
[3.756s] [ 38%] [32mBuilding CXX object CMakeFiles/robot_messages__rosidl_typesupport_introspection_cpp.dir/rosidl_typesupport_introspection_cpp/robot_messages/msg/detail/target_position__type_support.cpp.o[0m
[4.577s] [ 41%] [32m[1mLinking CXX shared library librobot_messages__rosidl_typesupport_cpp.so[0m
[4.610s] [ 45%] [32m[1mLinking CXX shared library librobot_messages__rosidl_typesupport_introspection_cpp.so[0m
[4.637s] [ 48%] [32m[1mLinking CXX shared library librobot_messages__rosidl_typesupport_fastrtps_c.so[0m
[4.730s] [ 48%] Built target robot_messages__rosidl_typesupport_cpp
[4.752s] [ 51%] [34m[1mGenerating C introspection for ROS interfaces[0m
[4.762s] [ 51%] Built target robot_messages__rosidl_typesupport_introspection_cpp
[4.839s] [ 54%] [34m[1mGenerating C type support dispatch for ROS interfaces[0m
[4.878s] [ 54%] Built target robot_messages__rosidl_typesupport_fastrtps_c
[5.019s] [ 58%] [32m[1mLinking CXX shared library librobot_messages__rosidl_typesupport_fastrtps_cpp.so[0m
[5.199s] [ 58%] Built target robot_messages__rosidl_typesupport_fastrtps_cpp
[5.297s] [ 61%] [32mBuilding CXX object CMakeFiles/robot_messages__rosidl_typesupport_c.dir/rosidl_typesupport_c/robot_messages/msg/target_position__type_support.cpp.o[0m
[5.332s] [ 64%] [32mBuilding C object CMakeFiles/robot_messages__rosidl_typesupport_introspection_c.dir/rosidl_typesupport_introspection_c/robot_messages/msg/detail/target_position__type_support.c.o[0m
[5.353s] [ 67%] [32m[1mLinking CXX shared library librobot_messages__rosidl_typesupport_c.so[0m
[5.393s] [ 70%] [32m[1mLinking C shared library librobot_messages__rosidl_typesupport_introspection_c.so[0m
[5.420s] [ 70%] Built target robot_messages__rosidl_typesupport_c
[5.440s] [ 70%] Built target robot_messages__rosidl_typesupport_introspection_c
[5.467s] [ 70%] Built target robot_messages
[5.489s] [ 74%] [34m[1mGenerating Python code for ROS interfaces[0m
[5.868s] [ 74%] Built target robot_messages__py
[5.889s] [ 77%] [32mBuilding C object CMakeFiles/robot_messages__rosidl_generator_py.dir/rosidl_generator_py/robot_messages/msg/_target_position_s.c.o[0m
[6.008s] [ 80%] [32m[1mLinking C shared library rosidl_generator_py/robot_messages/librobot_messages__rosidl_generator_py.so[0m
[6.063s] [ 80%] Built target robot_messages__rosidl_generator_py
[6.096s] [ 90%] [32mBuilding C object CMakeFiles/robot_messages__rosidl_typesupport_c__pyext.dir/rosidl_generator_py/robot_messages/_robot_messages_s.ep.rosidl_typesupport_c.c.o[0m
[6.096s] [ 90%] [32mBuilding C object CMakeFiles/robot_messages__rosidl_typesupport_introspection_c__pyext.dir/rosidl_generator_py/robot_messages/_robot_messages_s.ep.rosidl_typesupport_introspection_c.c.o[0m
[6.096s] [ 90%] [32mBuilding C object CMakeFiles/robot_messages__rosidl_typesupport_fastrtps_c__pyext.dir/rosidl_generator_py/robot_messages/_robot_messages_s.ep.rosidl_typesupport_fastrtps_c.c.o[0m
[6.287s] [ 93%] [32m[1mLinking C shared library rosidl_generator_py/robot_messages/robot_messages_s__rosidl_typesupport_introspection_c.cpython-310-x86_64-linux-gnu.so[0m
[6.292s] [ 96%] [32m[1mLinking C shared library rosidl_generator_py/robot_messages/robot_messages_s__rosidl_typesupport_c.cpython-310-x86_64-linux-gnu.so[0m
[6.324s] [100%] [32m[1mLinking C shared library rosidl_generator_py/robot_messages/robot_messages_s__rosidl_typesupport_fastrtps_c.cpython-310-x86_64-linux-gnu.so[0m
[6.358s] [100%] Built target robot_messages__rosidl_typesupport_c__pyext
[6.361s] [100%] Built target robot_messages__rosidl_typesupport_introspection_c__pyext
[6.383s] [100%] Built target robot_messages__rosidl_typesupport_fastrtps_c__pyext
[6.397s] Invoked command in '/home/hubot/Documents/Github/RobotArmV1/src/build/robot_messages' returned '0': CMAKE_PREFIX_PATH=${CMAKE_PREFIX_PATH}:/home/hubot/Documents/Github/RobotArmV1/src/install/robot_controller:/home/hubot/Documents/Github/RobotArmV1/install/robot_controller:/opt/ros/humble /usr/bin/cmake --build /home/hubot/Documents/Github/RobotArmV1/src/build/robot_messages -- -j4 -l4
[6.477s] Invoking command in '/home/hubot/Documents/Github/RobotArmV1/src/build/robot_messages': CMAKE_PREFIX_PATH=${CMAKE_PREFIX_PATH}:/home/hubot/Documents/Github/RobotArmV1/src/install/robot_controller:/home/hubot/Documents/Github/RobotArmV1/install/robot_controller:/opt/ros/humble /usr/bin/cmake --install /home/hubot/Documents/Github/RobotArmV1/src/build/robot_messages
[6.486s] -- Install configuration: ""
[6.486s] -- Installing: /home/hubot/Documents/Github/RobotArmV1/src/install/robot_messages/share/ament_index/resource_index/rosidl_interfaces/robot_messages
[6.486s] -- Installing: /home/hubot/Documents/Github/RobotArmV1/src/install/robot_messages/include/robot_messages/robot_messages
[6.487s] -- Installing: /home/hubot/Documents/Github/RobotArmV1/src/install/robot_messages/include/robot_messages/robot_messages/msg
[6.487s] -- Installing: /home/hubot/Documents/Github/RobotArmV1/src/install/robot_messages/include/robot_messages/robot_messages/msg/detail
[6.487s] -- Installing: /home/hubot/Documents/Github/RobotArmV1/src/install/robot_messages/include/robot_messages/robot_messages/msg/detail/target_position__functions.c
[6.487s] -- Installing: /home/hubot/Documents/Github/RobotArmV1/src/install/robot_messages/include/robot_messages/robot_messages/msg/detail/target_position__struct.h
[6.487s] -- Installing: /home/hubot/Documents/Github/RobotArmV1/src/install/robot_messages/include/robot_messages/robot_messages/msg/detail/target_position__functions.h
[6.488s] -- Installing: /home/hubot/Documents/Github/RobotArmV1/src/install/robot_messages/include/robot_messages/robot_messages/msg/detail/target_position__type_support.h
[6.488s] -- Installing: /home/hubot/Documents/Github/RobotArmV1/src/install/robot_messages/include/robot_messages/robot_messages/msg/rosidl_generator_c__visibility_control.h
[6.488s] -- Installing: /home/hubot/Documents/Github/RobotArmV1/src/install/robot_messages/include/robot_messages/robot_messages/msg/target_position.h
[6.488s] -- Installing: /home/hubot/Documents/Github/RobotArmV1/src/install/robot_messages/share/robot_messages/environment/library_path.sh
[6.489s] -- Installing: /home/hubot/Documents/Github/RobotArmV1/src/install/robot_messages/share/robot_messages/environment/library_path.dsv
[6.490s] -- Installing: /home/hubot/Documents/Github/RobotArmV1/src/install/robot_messages/lib/librobot_messages__rosidl_generator_c.so
[6.490s] -- Set runtime path of "/home/hubot/Documents/Github/RobotArmV1/src/install/robot_messages/lib/librobot_messages__rosidl_generator_c.so" to ""
[6.490s] -- Up-to-date: /home/hubot/Documents/Github/RobotArmV1/src/install/robot_messages/include/robot_messages/robot_messages
[6.490s] -- Up-to-date: /home/hubot/Documents/Github/RobotArmV1/src/install/robot_messages/include/robot_messages/robot_messages/msg
[6.490s] -- Up-to-date: /home/hubot/Documents/Github/RobotArmV1/src/install/robot_messages/include/robot_messages/robot_messages/msg/detail
[6.491s] -- Installing: /home/hubot/Documents/Github/RobotArmV1/src/install/robot_messages/include/robot_messages/robot_messages/msg/detail/target_position__rosidl_typesupport_fastrtps_c.h
[6.491s] -- Installing: /home/hubot/Documents/Github/RobotArmV1/src/install/robot_messages/include/robot_messages/robot_messages/msg/rosidl_typesupport_fastrtps_c__visibility_control.h
[6.491s] -- Installing: /home/hubot/Documents/Github/RobotArmV1/src/install/robot_messages/lib/librobot_messages__rosidl_typesupport_fastrtps_c.so
[6.491s] -- Set runtime path of "/home/hubot/Documents/Github/RobotArmV1/src/install/robot_messages/lib/librobot_messages__rosidl_typesupport_fastrtps_c.so" to ""
[6.491s] -- Up-to-date: /home/hubot/Documents/Github/RobotArmV1/src/install/robot_messages/include/robot_messages/robot_messages
[6.491s] -- Up-to-date: /home/hubot/Documents/Github/RobotArmV1/src/install/robot_messages/include/robot_messages/robot_messages/msg
[6.492s] -- Up-to-date: /home/hubot/Documents/Github/RobotArmV1/src/install/robot_messages/include/robot_messages/robot_messages/msg/detail
[6.492s] -- Installing: /home/hubot/Documents/Github/RobotArmV1/src/install/robot_messages/include/robot_messages/robot_messages/msg/detail/target_position__type_support.c
[6.492s] -- Installing: /home/hubot/Documents/Github/RobotArmV1/src/install/robot_messages/include/robot_messages/robot_messages/msg/detail/target_position__rosidl_typesupport_introspection_c.h
[6.492s] -- Installing: /home/hubot/Documents/Github/RobotArmV1/src/install/robot_messages/include/robot_messages/robot_messages/msg/rosidl_typesupport_introspection_c__visibility_control.h
[6.492s] -- Installing: /home/hubot/Documents/Github/RobotArmV1/src/install/robot_messages/lib/librobot_messages__rosidl_typesupport_introspection_c.so
[6.492s] -- Set runtime path of "/home/hubot/Documents/Github/RobotArmV1/src/install/robot_messages/lib/librobot_messages__rosidl_typesupport_introspection_c.so" to ""
[6.493s] -- Installing: /home/hubot/Documents/Github/RobotArmV1/src/install/robot_messages/lib/librobot_messages__rosidl_typesupport_c.so
[6.493s] -- Set runtime path of "/home/hubot/Documents/Github/RobotArmV1/src/install/robot_messages/lib/librobot_messages__rosidl_typesupport_c.so" to ""
[6.493s] -- Up-to-date: /home/hubot/Documents/Github/RobotArmV1/src/install/robot_messages/include/robot_messages/robot_messages
[6.493s] -- Up-to-date: /home/hubot/Documents/Github/RobotArmV1/src/install/robot_messages/include/robot_messages/robot_messages/msg
[6.494s] -- Up-to-date: /home/hubot/Documents/Github/RobotArmV1/src/install/robot_messages/include/robot_messages/robot_messages/msg/detail
[6.494s] -- Installing: /home/hubot/Documents/Github/RobotArmV1/src/install/robot_messages/include/robot_messages/robot_messages/msg/detail/target_position__builder.hpp
[6.494s] -- Installing: /home/hubot/Documents/Github/RobotArmV1/src/install/robot_messages/include/robot_messages/robot_messages/msg/detail/target_position__struct.hpp
[6.494s] -- Installing: /home/hubot/Documents/Github/RobotArmV1/src/install/robot_messages/include/robot_messages/robot_messages/msg/detail/target_position__traits.hpp
[6.494s] -- Installing: /home/hubot/Documents/Github/RobotArmV1/src/install/robot_messages/include/robot_messages/robot_messages/msg/target_position.hpp
[6.495s] -- Up-to-date: /home/hubot/Documents/Github/RobotArmV1/src/install/robot_messages/include/robot_messages/robot_messages
[6.495s] -- Up-to-date: /home/hubot/Documents/Github/RobotArmV1/src/install/robot_messages/include/robot_messages/robot_messages/msg
[6.495s] -- Up-to-date: /home/hubot/Documents/Github/RobotArmV1/src/install/robot_messages/include/robot_messages/robot_messages/msg/detail
[6.495s] -- Installing: /home/hubot/Documents/Github/RobotArmV1/src/install/robot_messages/include/robot_messages/robot_messages/msg/detail/target_position__rosidl_typesupport_fastrtps_cpp.hpp
[6.495s] -- Installing: /home/hubot/Documents/Github/RobotArmV1/src/install/robot_messages/include/robot_messages/robot_messages/msg/detail/dds_fastrtps
[6.496s] -- Installing: /home/hubot/Documents/Github/RobotArmV1/src/install/robot_messages/include/robot_messages/robot_messages/msg/rosidl_typesupport_fastrtps_cpp__visibility_control.h
[6.496s] -- Installing: /home/hubot/Documents/Github/RobotArmV1/src/install/robot_messages/lib/librobot_messages__rosidl_typesupport_fastrtps_cpp.so
[6.496s] -- Set runtime path of "/home/hubot/Documents/Github/RobotArmV1/src/install/robot_messages/lib/librobot_messages__rosidl_typesupport_fastrtps_cpp.so" to ""
[6.496s] -- Up-to-date: /home/hubot/Documents/Github/RobotArmV1/src/install/robot_messages/include/robot_messages/robot_messages
[6.496s] -- Up-to-date: /home/hubot/Documents/Github/RobotArmV1/src/install/robot_messages/include/robot_messages/robot_messages/msg
[6.496s] -- Up-to-date: /home/hubot/Documents/Github/RobotArmV1/src/install/robot_messages/include/robot_messages/robot_messages/msg/detail
[6.496s] -- Installing: /home/hubot/Documents/Github/RobotArmV1/src/install/robot_messages/include/robot_messages/robot_messages/msg/detail/target_position__type_support.cpp
[6.497s] -- Installing: /home/hubot/Documents/Github/RobotArmV1/src/install/robot_messages/include/robot_messages/robot_messages/msg/detail/target_position__rosidl_typesupport_introspection_cpp.hpp
[6.497s] -- Installing: /home/hubot/Documents/Github/RobotArmV1/src/install/robot_messages/lib/librobot_messages__rosidl_typesupport_introspection_cpp.so
[6.497s] -- Set runtime path of "/home/hubot/Documents/Github/RobotArmV1/src/install/robot_messages/lib/librobot_messages__rosidl_typesupport_introspection_cpp.so" to ""
[6.497s] -- Installing: /home/hubot/Documents/Github/RobotArmV1/src/install/robot_messages/lib/librobot_messages__rosidl_typesupport_cpp.so
[6.497s] -- Set runtime path of "/home/hubot/Documents/Github/RobotArmV1/src/install/robot_messages/lib/librobot_messages__rosidl_typesupport_cpp.so" to ""
[6.498s] -- Installing: /home/hubot/Documents/Github/RobotArmV1/src/install/robot_messages/share/robot_messages/environment/pythonpath.sh
[6.498s] -- Installing: /home/hubot/Documents/Github/RobotArmV1/src/install/robot_messages/share/robot_messages/environment/pythonpath.dsv
[6.498s] -- Installing: /home/hubot/Documents/Github/RobotArmV1/src/install/robot_messages/local/lib/python3.10/dist-packages/robot_messages-0.0.0-py3.10.egg-info
[6.498s] -- Installing: /home/hubot/Documents/Github/RobotArmV1/src/install/robot_messages/local/lib/python3.10/dist-packages/robot_messages-0.0.0-py3.10.egg-info/SOURCES.txt
[6.498s] -- Installing: /home/hubot/Documents/Github/RobotArmV1/src/install/robot_messages/local/lib/python3.10/dist-packages/robot_messages-0.0.0-py3.10.egg-info/top_level.txt
[6.498s] -- Installing: /home/hubot/Documents/Github/RobotArmV1/src/install/robot_messages/local/lib/python3.10/dist-packages/robot_messages-0.0.0-py3.10.egg-info/dependency_links.txt
[6.499s] -- Installing: /home/hubot/Documents/Github/RobotArmV1/src/install/robot_messages/local/lib/python3.10/dist-packages/robot_messages-0.0.0-py3.10.egg-info/PKG-INFO
[6.499s] -- Installing: /home/hubot/Documents/Github/RobotArmV1/src/install/robot_messages/local/lib/python3.10/dist-packages/robot_messages
[6.499s] -- Installing: /home/hubot/Documents/Github/RobotArmV1/src/install/robot_messages/local/lib/python3.10/dist-packages/robot_messages/robot_messages_s__rosidl_typesupport_introspection_c.cpython-310-x86_64-linux-gnu.so
[6.499s] -- Installing: /home/hubot/Documents/Github/RobotArmV1/src/install/robot_messages/local/lib/python3.10/dist-packages/robot_messages/_robot_messages_s.ep.rosidl_typesupport_c.c
[6.500s] -- Installing: /home/hubot/Documents/Github/RobotArmV1/src/install/robot_messages/local/lib/python3.10/dist-packages/robot_messages/_robot_messages_s.ep.rosidl_typesupport_introspection_c.c
[6.500s] -- Installing: /home/hubot/Documents/Github/RobotArmV1/src/install/robot_messages/local/lib/python3.10/dist-packages/robot_messages/_robot_messages_s.ep.rosidl_typesupport_fastrtps_c.c
[6.500s] -- Installing: /home/hubot/Documents/Github/RobotArmV1/src/install/robot_messages/local/lib/python3.10/dist-packages/robot_messages/librobot_messages__rosidl_generator_py.so
[6.500s] -- Installing: /home/hubot/Documents/Github/RobotArmV1/src/install/robot_messages/local/lib/python3.10/dist-packages/robot_messages/__init__.py
[6.500s] -- Installing: /home/hubot/Documents/Github/RobotArmV1/src/install/robot_messages/local/lib/python3.10/dist-packages/robot_messages/robot_messages_s__rosidl_typesupport_c.cpython-310-x86_64-linux-gnu.so
[6.500s] -- Installing: /home/hubot/Documents/Github/RobotArmV1/src/install/robot_messages/local/lib/python3.10/dist-packages/robot_messages/robot_messages_s__rosidl_typesupport_fastrtps_c.cpython-310-x86_64-linux-gnu.so
[6.501s] -- Installing: /home/hubot/Documents/Github/RobotArmV1/src/install/robot_messages/local/lib/python3.10/dist-packages/robot_messages/msg
[6.501s] -- Installing: /home/hubot/Documents/Github/RobotArmV1/src/install/robot_messages/local/lib/python3.10/dist-packages/robot_messages/msg/_target_position.py
[6.501s] -- Installing: /home/hubot/Documents/Github/RobotArmV1/src/install/robot_messages/local/lib/python3.10/dist-packages/robot_messages/msg/__init__.py
[6.501s] -- Installing: /home/hubot/Documents/Github/RobotArmV1/src/install/robot_messages/local/lib/python3.10/dist-packages/robot_messages/msg/_target_position_s.c
[6.552s] Listing '/home/hubot/Documents/Github/RobotArmV1/src/install/robot_messages/local/lib/python3.10/dist-packages/robot_messages'...
[6.552s] Compiling '/home/hubot/Documents/Github/RobotArmV1/src/install/robot_messages/local/lib/python3.10/dist-packages/robot_messages/__init__.py'...
[6.552s] Listing '/home/hubot/Documents/Github/RobotArmV1/src/install/robot_messages/local/lib/python3.10/dist-packages/robot_messages/msg'...
[6.552s] Compiling '/home/hubot/Documents/Github/RobotArmV1/src/install/robot_messages/local/lib/python3.10/dist-packages/robot_messages/msg/__init__.py'...
[6.552s] Compiling '/home/hubot/Documents/Github/RobotArmV1/src/install/robot_messages/local/lib/python3.10/dist-packages/robot_messages/msg/_target_position.py'...
[6.558s] -- Installing: /home/hubot/Documents/Github/RobotArmV1/src/install/robot_messages/local/lib/python3.10/dist-packages/robot_messages/robot_messages_s__rosidl_typesupport_fastrtps_c.cpython-310-x86_64-linux-gnu.so
[6.558s] -- Set runtime path of "/home/hubot/Documents/Github/RobotArmV1/src/install/robot_messages/local/lib/python3.10/dist-packages/robot_messages/robot_messages_s__rosidl_typesupport_fastrtps_c.cpython-310-x86_64-linux-gnu.so" to ""
[6.558s] -- Installing: /home/hubot/Documents/Github/RobotArmV1/src/install/robot_messages/local/lib/python3.10/dist-packages/robot_messages/robot_messages_s__rosidl_typesupport_introspection_c.cpython-310-x86_64-linux-gnu.so
[6.559s] -- Set runtime path of "/home/hubot/Documents/Github/RobotArmV1/src/install/robot_messages/local/lib/python3.10/dist-packages/robot_messages/robot_messages_s__rosidl_typesupport_introspection_c.cpython-310-x86_64-linux-gnu.so" to ""
[6.559s] -- Installing: /home/hubot/Documents/Github/RobotArmV1/src/install/robot_messages/local/lib/python3.10/dist-packages/robot_messages/robot_messages_s__rosidl_typesupport_c.cpython-310-x86_64-linux-gnu.so
[6.559s] -- Set runtime path of "/home/hubot/Documents/Github/RobotArmV1/src/install/robot_messages/local/lib/python3.10/dist-packages/robot_messages/robot_messages_s__rosidl_typesupport_c.cpython-310-x86_64-linux-gnu.so" to ""
[6.560s] -- Installing: /home/hubot/Documents/Github/RobotArmV1/src/install/robot_messages/lib/librobot_messages__rosidl_generator_py.so
[6.560s] -- Set runtime path of "/home/hubot/Documents/Github/RobotArmV1/src/install/robot_messages/lib/librobot_messages__rosidl_generator_py.so" to ""
[6.560s] -- Installing: /home/hubot/Documents/Github/RobotArmV1/src/install/robot_messages/share/robot_messages/msg/TargetPosition.idl
[6.560s] -- Installing: /home/hubot/Documents/Github/RobotArmV1/src/install/robot_messages/share/robot_messages/msg/TargetPosition.msg
[6.561s] -- Installing: /home/hubot/Documents/Github/RobotArmV1/src/install/robot_messages/share/ament_index/resource_index/package_run_dependencies/robot_messages
[6.561s] -- Installing: /home/hubot/Documents/Github/RobotArmV1/src/install/robot_messages/share/ament_index/resource_index/parent_prefix_path/robot_messages
[6.561s] -- Installing: /home/hubot/Documents/Github/RobotArmV1/src/install/robot_messages/share/robot_messages/environment/ament_prefix_path.sh
[6.561s] -- Installing: /home/hubot/Documents/Github/RobotArmV1/src/install/robot_messages/share/robot_messages/environment/ament_prefix_path.dsv
[6.562s] -- Installing: /home/hubot/Documents/Github/RobotArmV1/src/install/robot_messages/share/robot_messages/environment/path.sh
[6.562s] -- Installing: /home/hubot/Documents/Github/RobotArmV1/src/install/robot_messages/share/robot_messages/environment/path.dsv
[6.562s] -- Installing: /home/hubot/Documents/Github/RobotArmV1/src/install/robot_messages/share/robot_messages/local_setup.bash
[6.562s] -- Installing: /home/hubot/Documents/Github/RobotArmV1/src/install/robot_messages/share/robot_messages/local_setup.sh
[6.562s] -- Installing: /home/hubot/Documents/Github/RobotArmV1/src/install/robot_messages/share/robot_messages/local_setup.zsh
[6.563s] -- Installing: /home/hubot/Documents/Github/RobotArmV1/src/install/robot_messages/share/robot_messages/local_setup.dsv
[6.563s] -- Installing: /home/hubot/Documents/Github/RobotArmV1/src/install/robot_messages/share/robot_messages/package.dsv
[6.563s] -- Installing: /home/hubot/Documents/Github/RobotArmV1/src/install/robot_messages/share/ament_index/resource_index/packages/robot_messages
[6.563s] -- Installing: /home/hubot/Documents/Github/RobotArmV1/src/install/robot_messages/share/robot_messages/cmake/export_robot_messages__rosidl_generator_cExport.cmake
[6.563s] -- Installing: /home/hubot/Documents/Github/RobotArmV1/src/install/robot_messages/share/robot_messages/cmake/export_robot_messages__rosidl_generator_cExport-noconfig.cmake
[6.563s] -- Installing: /home/hubot/Documents/Github/RobotArmV1/src/install/robot_messages/share/robot_messages/cmake/export_robot_messages__rosidl_typesupport_fastrtps_cExport.cmake
[6.564s] -- Installing: /home/hubot/Documents/Github/RobotArmV1/src/install/robot_messages/share/robot_messages/cmake/export_robot_messages__rosidl_typesupport_fastrtps_cExport-noconfig.cmake
[6.564s] -- Installing: /home/hubot/Documents/Github/RobotArmV1/src/install/robot_messages/share/robot_messages/cmake/robot_messages__rosidl_typesupport_introspection_cExport.cmake
[6.564s] -- Installing: /home/hubot/Documents/Github/RobotArmV1/src/install/robot_messages/share/robot_messages/cmake/robot_messages__rosidl_typesupport_introspection_cExport-noconfig.cmake
[6.564s] -- Installing: /home/hubot/Documents/Github/RobotArmV1/src/install/robot_messages/share/robot_messages/cmake/robot_messages__rosidl_typesupport_cExport.cmake
[6.564s] -- Installing: /home/hubot/Documents/Github/RobotArmV1/src/install/robot_messages/share/robot_messages/cmake/robot_messages__rosidl_typesupport_cExport-noconfig.cmake
[6.564s] -- Installing: /home/hubot/Documents/Github/RobotArmV1/src/install/robot_messages/share/robot_messages/cmake/export_robot_messages__rosidl_generator_cppExport.cmake
[6.565s] -- Installing: /home/hubot/Documents/Github/RobotArmV1/src/install/robot_messages/share/robot_messages/cmake/export_robot_messages__rosidl_typesupport_fastrtps_cppExport.cmake
[6.565s] -- Installing: /home/hubot/Documents/Github/RobotArmV1/src/install/robot_messages/share/robot_messages/cmake/export_robot_messages__rosidl_typesupport_fastrtps_cppExport-noconfig.cmake
[6.565s] -- Installing: /home/hubot/Documents/Github/RobotArmV1/src/install/robot_messages/share/robot_messages/cmake/robot_messages__rosidl_typesupport_introspection_cppExport.cmake
[6.565s] -- Installing: /home/hubot/Documents/Github/RobotArmV1/src/install/robot_messages/share/robot_messages/cmake/robot_messages__rosidl_typesupport_introspection_cppExport-noconfig.cmake
[6.565s] -- Installing: /home/hubot/Documents/Github/RobotArmV1/src/install/robot_messages/share/robot_messages/cmake/robot_messages__rosidl_typesupport_cppExport.cmake
[6.565s] -- Installing: /home/hubot/Documents/Github/RobotArmV1/src/install/robot_messages/share/robot_messages/cmake/robot_messages__rosidl_typesupport_cppExport-noconfig.cmake
[6.566s] -- Installing: /home/hubot/Documents/Github/RobotArmV1/src/install/robot_messages/share/robot_messages/cmake/export_robot_messages__rosidl_generator_pyExport.cmake
[6.566s] -- Installing: /home/hubot/Documents/Github/RobotArmV1/src/install/robot_messages/share/robot_messages/cmake/export_robot_messages__rosidl_generator_pyExport-noconfig.cmake
[6.566s] -- Installing: /home/hubot/Documents/Github/RobotArmV1/src/install/robot_messages/share/robot_messages/cmake/rosidl_cmake-extras.cmake
[6.566s] -- Installing: /home/hubot/Documents/Github/RobotArmV1/src/install/robot_messages/share/robot_messages/cmake/ament_cmake_export_include_directories-extras.cmake
[6.566s] -- Installing: /home/hubot/Documents/Github/RobotArmV1/src/install/robot_messages/share/robot_messages/cmake/ament_cmake_export_libraries-extras.cmake
[6.567s] -- Installing: /home/hubot/Documents/Github/RobotArmV1/src/install/robot_messages/share/robot_messages/cmake/ament_cmake_export_targets-extras.cmake
[6.567s] -- Installing: /home/hubot/Documents/Github/RobotArmV1/src/install/robot_messages/share/robot_messages/cmake/rosidl_cmake_export_typesupport_targets-extras.cmake
[6.567s] -- Installing: /home/hubot/Documents/Github/RobotArmV1/src/install/robot_messages/share/robot_messages/cmake/ament_cmake_export_dependencies-extras.cmake
[6.567s] -- Installing: /home/hubot/Documents/Github/RobotArmV1/src/install/robot_messages/share/robot_messages/cmake/rosidl_cmake_export_typesupport_libraries-extras.cmake
[6.567s] -- Installing: /home/hubot/Documents/Github/RobotArmV1/src/install/robot_messages/share/robot_messages/cmake/robot_messagesConfig.cmake
[6.567s] -- Installing: /home/hubot/Documents/Github/RobotArmV1/src/install/robot_messages/share/robot_messages/cmake/robot_messagesConfig-version.cmake
[6.568s] -- Installing: /home/hubot/Documents/Github/RobotArmV1/src/install/robot_messages/share/robot_messages/package.xml
[6.574s] Invoked command in '/home/hubot/Documents/Github/RobotArmV1/src/build/robot_messages' returned '0': CMAKE_PREFIX_PATH=${CMAKE_PREFIX_PATH}:/home/hubot/Documents/Github/RobotArmV1/src/install/robot_controller:/home/hubot/Documents/Github/RobotArmV1/install/robot_controller:/opt/ros/humble /usr/bin/cmake --install /home/hubot/Documents/Github/RobotArmV1/src/build/robot_messages
